[4.657s] Invoking command in '/home/csd/CSD-Project/src/smart_arm': PYTHONPATH=/home/csd/CSD-Project/build/smart_arm/prefix_override:/home/csd/CSD-Project/install/smart_arm/lib/python3.10/site-packages:${PYTHONPATH} /usr/bin/python3 setup.py egg_info --egg-base ../../build/smart_arm build --build-base /home/csd/CSD-Project/build/smart_arm/build install --record /home/csd/CSD-Project/build/smart_arm/install.log --single-version-externally-managed
[5.753s] running egg_info
[5.756s] writing ../../build/smart_arm/smart_arm.egg-info/PKG-INFO
[5.757s] writing dependency_links to ../../build/smart_arm/smart_arm.egg-info/dependency_links.txt
[5.758s] writing entry points to ../../build/smart_arm/smart_arm.egg-info/entry_points.txt
[5.759s] writing requirements to ../../build/smart_arm/smart_arm.egg-info/requires.txt
[5.760s] writing top-level names to ../../build/smart_arm/smart_arm.egg-info/top_level.txt
[5.770s] reading manifest file '../../build/smart_arm/smart_arm.egg-info/SOURCES.txt'
[5.772s] adding license file 'LICENSE'
[5.774s] writing manifest file '../../build/smart_arm/smart_arm.egg-info/SOURCES.txt'
[5.775s] running build
[5.776s] running build_py
[5.776s] copying smart_arm/publisher_node.py -> /home/csd/CSD-Project/build/smart_arm/build/lib/smart_arm
[5.780s] running install
[5.781s] /usr/lib/python3/dist-packages/setuptools/command/install.py:34: SetuptoolsDeprecationWarning: setup.py install is deprecated. Use build and pip and other standards-based tools.
[5.782s]   warnings.warn(
[5.782s] running install_lib
[5.786s] copying /home/csd/CSD-Project/build/smart_arm/build/lib/smart_arm/publisher_node.py -> /home/csd/CSD-Project/install/smart_arm/lib/python3.10/site-packages/smart_arm
[5.790s] byte-compiling /home/csd/CSD-Project/install/smart_arm/lib/python3.10/site-packages/smart_arm/publisher_node.py to publisher_node.cpython-310.pyc
[5.794s] running install_data
[5.796s] running install_egg_info
[5.804s] removing '/home/csd/CSD-Project/install/smart_arm/lib/python3.10/site-packages/smart_arm-0.0.0-py3.10.egg-info' (and everything under it)
[5.806s] Copying ../../build/smart_arm/smart_arm.egg-info to /home/csd/CSD-Project/install/smart_arm/lib/python3.10/site-packages/smart_arm-0.0.0-py3.10.egg-info
[5.813s] running install_scripts
[5.916s] Installing car_arm_communication script to /home/csd/CSD-Project/install/smart_arm/lib/smart_arm
[5.917s] Installing claw_motor script to /home/csd/CSD-Project/install/smart_arm/lib/smart_arm
[5.919s] Installing listener script to /home/csd/CSD-Project/install/smart_arm/lib/smart_arm
[5.919s] Installing movement script to /home/csd/CSD-Project/install/smart_arm/lib/smart_arm
[5.921s] Installing publisher_node script to /home/csd/CSD-Project/install/smart_arm/lib/smart_arm
[5.922s] Installing servo_handler script to /home/csd/CSD-Project/install/smart_arm/lib/smart_arm
[5.923s] Installing talker script to /home/csd/CSD-Project/install/smart_arm/lib/smart_arm
[5.926s] writing list of installed files to '/home/csd/CSD-Project/build/smart_arm/install.log'
[6.303s] Invoked command in '/home/csd/CSD-Project/src/smart_arm' returned '0': PYTHONPATH=/home/csd/CSD-Project/build/smart_arm/prefix_override:/home/csd/CSD-Project/install/smart_arm/lib/python3.10/site-packages:${PYTHONPATH} /usr/bin/python3 setup.py egg_info --egg-base ../../build/smart_arm build --build-base /home/csd/CSD-Project/build/smart_arm/build install --record /home/csd/CSD-Project/build/smart_arm/install.log --single-version-externally-managed
