[4.910s] Invoking command in '/home/csd/CSD-Project/src/picar_pro': PYTHONPATH=/home/csd/CSD-Project/build/picar_pro/prefix_override:/home/csd/CSD-Project/install/picar_pro/lib/python3.10/site-packages:${PYTHONPATH} /usr/bin/python3 setup.py egg_info --egg-base ../../build/picar_pro build --build-base /home/csd/CSD-Project/build/picar_pro/build install --record /home/csd/CSD-Project/build/picar_pro/install.log --single-version-externally-managed
[6.006s] running egg_info
[6.009s] writing ../../build/picar_pro/picar_pro.egg-info/PKG-INFO
[6.010s] writing dependency_links to ../../build/picar_pro/picar_pro.egg-info/dependency_links.txt
[6.011s] writing entry points to ../../build/picar_pro/picar_pro.egg-info/entry_points.txt
[6.012s] writing requirements to ../../build/picar_pro/picar_pro.egg-info/requires.txt
[6.013s] writing top-level names to ../../build/picar_pro/picar_pro.egg-info/top_level.txt
[6.023s] reading manifest file '../../build/picar_pro/picar_pro.egg-info/SOURCES.txt'
[6.025s] adding license file 'LICENSE'
[6.028s] writing manifest file '../../build/picar_pro/picar_pro.egg-info/SOURCES.txt'
[6.029s] running build
[6.029s] running build_py
[6.031s] running install
[6.033s] /usr/lib/python3/dist-packages/setuptools/command/install.py:34: SetuptoolsDeprecationWarning: setup.py install is deprecated. Use build and pip and other standards-based tools.
[6.033s]   warnings.warn(
[6.034s] running install_lib
[6.041s] running install_data
[6.043s] running install_egg_info
[6.052s] removing '/home/csd/CSD-Project/install/picar_pro/lib/python3.10/site-packages/picar_pro-0.0.0-py3.10.egg-info' (and everything under it)
[6.053s] Copying ../../build/picar_pro/picar_pro.egg-info to /home/csd/CSD-Project/install/picar_pro/lib/python3.10/site-packages/picar_pro-0.0.0-py3.10.egg-info
[6.059s] running install_scripts
[6.149s] Installing listener script to /home/csd/CSD-Project/install/picar_pro/lib/picar_pro
[6.151s] Installing movement script to /home/csd/CSD-Project/install/picar_pro/lib/picar_pro
[6.152s] Installing talker script to /home/csd/CSD-Project/install/picar_pro/lib/picar_pro
[6.154s] writing list of installed files to '/home/csd/CSD-Project/build/picar_pro/install.log'
[6.334s] Invoked command in '/home/csd/CSD-Project/src/picar_pro' returned '0': PYTHONPATH=/home/csd/CSD-Project/build/picar_pro/prefix_override:/home/csd/CSD-Project/install/picar_pro/lib/python3.10/site-packages:${PYTHONPATH} /usr/bin/python3 setup.py egg_info --egg-base ../../build/picar_pro build --build-base /home/csd/CSD-Project/build/picar_pro/build install --record /home/csd/CSD-Project/build/picar_pro/install.log --single-version-externally-managed
