[3.629s] Invoking command in '/home/csd/CSD-Project/src/picar_pro': PYTHONPATH=/home/csd/CSD-Project/build/picar_pro/prefix_override:/home/csd/CSD-Project/install/picar_pro/lib/python3.10/site-packages:${PYTHONPATH} /usr/bin/python3 setup.py egg_info --egg-base ../../build/picar_pro build --build-base /home/csd/CSD-Project/build/picar_pro/build install --record /home/csd/CSD-Project/build/picar_pro/install.log --single-version-externally-managed
[4.568s] running egg_info
[4.570s] writing ../../build/picar_pro/picar_pro.egg-info/PKG-INFO
[4.575s] writing dependency_links to ../../build/picar_pro/picar_pro.egg-info/dependency_links.txt
[4.576s] writing entry points to ../../build/picar_pro/picar_pro.egg-info/entry_points.txt
[4.576s] writing requirements to ../../build/picar_pro/picar_pro.egg-info/requires.txt
[4.577s] writing top-level names to ../../build/picar_pro/picar_pro.egg-info/top_level.txt
[4.586s] reading manifest file '../../build/picar_pro/picar_pro.egg-info/SOURCES.txt'
[4.590s] adding license file 'LICENSE'
[4.594s] writing manifest file '../../build/picar_pro/picar_pro.egg-info/SOURCES.txt'
[4.595s] running build
[4.595s] running build_py
[4.604s] running install
[4.605s] /usr/lib/python3/dist-packages/setuptools/command/install.py:34: SetuptoolsDeprecationWarning: setup.py install is deprecated. Use build and pip and other standards-based tools.
[4.606s]   warnings.warn(
[4.607s] running install_lib
[4.625s] running install_data
[4.628s] running install_egg_info
[4.634s] removing '/home/csd/CSD-Project/install/picar_pro/lib/python3.10/site-packages/picar_pro-0.0.0-py3.10.egg-info' (and everything under it)
[4.636s] Copying ../../build/picar_pro/picar_pro.egg-info to /home/csd/CSD-Project/install/picar_pro/lib/python3.10/site-packages/picar_pro-0.0.0-py3.10.egg-info
[4.644s] running install_scripts
[4.722s] Installing analysis_handler script to /home/csd/CSD-Project/install/picar_pro/lib/picar_pro
[4.725s] Installing camera_handler script to /home/csd/CSD-Project/install/picar_pro/lib/picar_pro
[4.726s] Installing comm_handler script to /home/csd/CSD-Project/install/picar_pro/lib/picar_pro
[4.727s] Installing picar_handler script to /home/csd/CSD-Project/install/picar_pro/lib/picar_pro
[4.728s] Installing servo_handler script to /home/csd/CSD-Project/install/picar_pro/lib/picar_pro
[4.729s] Installing wheels_handler script to /home/csd/CSD-Project/install/picar_pro/lib/picar_pro
[4.731s] writing list of installed files to '/home/csd/CSD-Project/build/picar_pro/install.log'
[4.845s] Invoked command in '/home/csd/CSD-Project/src/picar_pro' returned '0': PYTHONPATH=/home/csd/CSD-Project/build/picar_pro/prefix_override:/home/csd/CSD-Project/install/picar_pro/lib/python3.10/site-packages:${PYTHONPATH} /usr/bin/python3 setup.py egg_info --egg-base ../../build/picar_pro build --build-base /home/csd/CSD-Project/build/picar_pro/build install --record /home/csd/CSD-Project/build/picar_pro/install.log --single-version-externally-managed
