[3.055s] Invoking command in '/home/csd/CSD-Project/src/smart_arm': PYTHONPATH=/home/csd/CSD-Project/build/smart_arm/prefix_override:/home/csd/CSD-Project/install/smart_arm/lib/python3.10/site-packages:${PYTHONPATH} /usr/bin/python3 setup.py egg_info --egg-base ../../build/smart_arm build --build-base /home/csd/CSD-Project/build/smart_arm/build install --record /home/csd/CSD-Project/build/smart_arm/install.log --single-version-externally-managed
[4.019s] running egg_info
[4.022s] writing ../../build/smart_arm/smart_arm.egg-info/PKG-INFO
[4.023s] writing dependency_links to ../../build/smart_arm/smart_arm.egg-info/dependency_links.txt
[4.024s] writing entry points to ../../build/smart_arm/smart_arm.egg-info/entry_points.txt
[4.025s] writing requirements to ../../build/smart_arm/smart_arm.egg-info/requires.txt
[4.026s] writing top-level names to ../../build/smart_arm/smart_arm.egg-info/top_level.txt
[4.034s] reading manifest file '../../build/smart_arm/smart_arm.egg-info/SOURCES.txt'
[4.035s] adding license file 'LICENSE'
[4.038s] writing manifest file '../../build/smart_arm/smart_arm.egg-info/SOURCES.txt'
[4.039s] running build
[4.039s] running build_py
[4.040s] copying smart_arm/ServoController.py -> /home/csd/CSD-Project/build/smart_arm/build/lib/smart_arm
[4.042s] running install
[4.043s] /usr/lib/python3/dist-packages/setuptools/command/install.py:34: SetuptoolsDeprecationWarning: setup.py install is deprecated. Use build and pip and other standards-based tools.
[4.043s]   warnings.warn(
[4.044s] running install_lib
[4.047s] copying /home/csd/CSD-Project/build/smart_arm/build/lib/smart_arm/ServoController.py -> /home/csd/CSD-Project/install/smart_arm/lib/python3.10/site-packages/smart_arm
[4.051s] byte-compiling /home/csd/CSD-Project/install/smart_arm/lib/python3.10/site-packages/smart_arm/ServoController.py to ServoController.cpython-310.pyc
[4.053s] running install_data
[4.056s] running install_egg_info
[4.062s] removing '/home/csd/CSD-Project/install/smart_arm/lib/python3.10/site-packages/smart_arm-0.0.0-py3.10.egg-info' (and everything under it)
[4.064s] Copying ../../build/smart_arm/smart_arm.egg-info to /home/csd/CSD-Project/install/smart_arm/lib/python3.10/site-packages/smart_arm-0.0.0-py3.10.egg-info
[4.069s] running install_scripts
[4.147s] Installing car_arm_communication script to /home/csd/CSD-Project/install/smart_arm/lib/smart_arm
[4.147s] Installing claw_motor script to /home/csd/CSD-Project/install/smart_arm/lib/smart_arm
[4.148s] Installing movement script to /home/csd/CSD-Project/install/smart_arm/lib/smart_arm
[4.149s] Installing servo_handler script to /home/csd/CSD-Project/install/smart_arm/lib/smart_arm
[4.151s] writing list of installed files to '/home/csd/CSD-Project/build/smart_arm/install.log'
[4.268s] Invoked command in '/home/csd/CSD-Project/src/smart_arm' returned '0': PYTHONPATH=/home/csd/CSD-Project/build/smart_arm/prefix_override:/home/csd/CSD-Project/install/smart_arm/lib/python3.10/site-packages:${PYTHONPATH} /usr/bin/python3 setup.py egg_info --egg-base ../../build/smart_arm build --build-base /home/csd/CSD-Project/build/smart_arm/build install --record /home/csd/CSD-Project/build/smart_arm/install.log --single-version-externally-managed
