[3.028s] Invoking command in '/home/csd/CSD-Project/src/picar_pro': PYTHONPATH=/home/csd/CSD-Project/build/picar_pro/prefix_override:/home/csd/CSD-Project/install/picar_pro/lib/python3.10/site-packages:${PYTHONPATH} /usr/bin/python3 setup.py egg_info --egg-base ../../build/picar_pro build --build-base /home/csd/CSD-Project/build/picar_pro/build install --record /home/csd/CSD-Project/build/picar_pro/install.log --single-version-externally-managed
[3.984s] running egg_info
[3.987s] writing ../../build/picar_pro/picar_pro.egg-info/PKG-INFO
[3.988s] writing dependency_links to ../../build/picar_pro/picar_pro.egg-info/dependency_links.txt
[3.989s] writing entry points to ../../build/picar_pro/picar_pro.egg-info/entry_points.txt
[3.989s] writing requirements to ../../build/picar_pro/picar_pro.egg-info/requires.txt
[3.990s] writing top-level names to ../../build/picar_pro/picar_pro.egg-info/top_level.txt
[3.998s] reading manifest file '../../build/picar_pro/picar_pro.egg-info/SOURCES.txt'
[3.999s] adding license file 'LICENSE'
[4.002s] writing manifest file '../../build/picar_pro/picar_pro.egg-info/SOURCES.txt'
[4.003s] running build
[4.003s] running build_py
[4.006s] running install
[4.006s] /usr/lib/python3/dist-packages/setuptools/command/install.py:34: SetuptoolsDeprecationWarning: setup.py install is deprecated. Use build and pip and other standards-based tools.
[4.007s]   warnings.warn(
[4.007s] running install_lib
[4.014s] running install_data
[4.016s] running install_egg_info
[4.023s] removing '/home/csd/CSD-Project/install/picar_pro/lib/python3.10/site-packages/picar_pro-0.0.0-py3.10.egg-info' (and everything under it)
[4.024s] Copying ../../build/picar_pro/picar_pro.egg-info to /home/csd/CSD-Project/install/picar_pro/lib/python3.10/site-packages/picar_pro-0.0.0-py3.10.egg-info
[4.029s] running install_scripts
[4.107s] Installing listener script to /home/csd/CSD-Project/install/picar_pro/lib/picar_pro
[4.108s] Installing talker script to /home/csd/CSD-Project/install/picar_pro/lib/picar_pro
[4.109s] writing list of installed files to '/home/csd/CSD-Project/build/picar_pro/install.log'
[4.224s] Invoked command in '/home/csd/CSD-Project/src/picar_pro' returned '0': PYTHONPATH=/home/csd/CSD-Project/build/picar_pro/prefix_override:/home/csd/CSD-Project/install/picar_pro/lib/python3.10/site-packages:${PYTHONPATH} /usr/bin/python3 setup.py egg_info --egg-base ../../build/picar_pro build --build-base /home/csd/CSD-Project/build/picar_pro/build install --record /home/csd/CSD-Project/build/picar_pro/install.log --single-version-externally-managed
