[3.900s] Invoking command in '/home/csd/CSD-Project/src/smart_arm': PYTHONPATH=/home/csd/CSD-Project/build/smart_arm/prefix_override:/home/csd/CSD-Project/install/smart_arm/lib/python3.10/site-packages:${PYTHONPATH} /usr/bin/python3 setup.py egg_info --egg-base ../../build/smart_arm build --build-base /home/csd/CSD-Project/build/smart_arm/build install --record /home/csd/CSD-Project/build/smart_arm/install.log --single-version-externally-managed
[4.890s] running egg_info
[4.893s] writing ../../build/smart_arm/smart_arm.egg-info/PKG-INFO
[4.894s] writing dependency_links to ../../build/smart_arm/smart_arm.egg-info/dependency_links.txt
[4.895s] writing entry points to ../../build/smart_arm/smart_arm.egg-info/entry_points.txt
[4.895s] writing requirements to ../../build/smart_arm/smart_arm.egg-info/requires.txt
[4.896s] writing top-level names to ../../build/smart_arm/smart_arm.egg-info/top_level.txt
[4.904s] reading manifest file '../../build/smart_arm/smart_arm.egg-info/SOURCES.txt'
[4.907s] adding license file 'LICENSE'
[4.910s] writing manifest file '../../build/smart_arm/smart_arm.egg-info/SOURCES.txt'
[4.911s] running build
[4.911s] running build_py
[4.913s] copying smart_arm/servo_handler.py -> /home/csd/CSD-Project/build/smart_arm/build/lib/smart_arm
[4.916s] running install
[4.917s] /usr/lib/python3/dist-packages/setuptools/command/install.py:34: SetuptoolsDeprecationWarning: setup.py install is deprecated. Use build and pip and other standards-based tools.
[4.918s]   warnings.warn(
[4.919s] running install_lib
[4.922s] copying /home/csd/CSD-Project/build/smart_arm/build/lib/smart_arm/servo_handler.py -> /home/csd/CSD-Project/install/smart_arm/lib/python3.10/site-packages/smart_arm
[4.938s] byte-compiling /home/csd/CSD-Project/install/smart_arm/lib/python3.10/site-packages/smart_arm/servo_handler.py to servo_handler.cpython-310.pyc
[4.943s] running install_data
[4.947s] running install_egg_info
[4.958s] removing '/home/csd/CSD-Project/install/smart_arm/lib/python3.10/site-packages/smart_arm-0.0.0-py3.10.egg-info' (and everything under it)
[4.960s] Copying ../../build/smart_arm/smart_arm.egg-info to /home/csd/CSD-Project/install/smart_arm/lib/python3.10/site-packages/smart_arm-0.0.0-py3.10.egg-info
[4.969s] running install_scripts
[5.056s] Installing arm_handler script to /home/csd/CSD-Project/install/smart_arm/lib/smart_arm
[5.057s] Installing comm_handler script to /home/csd/CSD-Project/install/smart_arm/lib/smart_arm
[5.058s] Installing publisher_node script to /home/csd/CSD-Project/install/smart_arm/lib/smart_arm
[5.067s] Installing servo_handler script to /home/csd/CSD-Project/install/smart_arm/lib/smart_arm
[5.070s] writing list of installed files to '/home/csd/CSD-Project/build/smart_arm/install.log'
[5.185s] Invoked command in '/home/csd/CSD-Project/src/smart_arm' returned '0': PYTHONPATH=/home/csd/CSD-Project/build/smart_arm/prefix_override:/home/csd/CSD-Project/install/smart_arm/lib/python3.10/site-packages:${PYTHONPATH} /usr/bin/python3 setup.py egg_info --egg-base ../../build/smart_arm build --build-base /home/csd/CSD-Project/build/smart_arm/build install --record /home/csd/CSD-Project/build/smart_arm/install.log --single-version-externally-managed
