[5.675s] Invoking command in '/home/csd/CSD-Project/src/picar_pro': PYTHONPATH=/home/csd/CSD-Project/build/picar_pro/prefix_override:/home/csd/CSD-Project/install/picar_pro/lib/python3.10/site-packages:${PYTHONPATH} /usr/bin/python3 setup.py egg_info --egg-base ../../build/picar_pro build --build-base /home/csd/CSD-Project/build/picar_pro/build install --record /home/csd/CSD-Project/build/picar_pro/install.log --single-version-externally-managed
[6.849s] running egg_info
[6.852s] writing ../../build/picar_pro/picar_pro.egg-info/PKG-INFO
[6.853s] writing dependency_links to ../../build/picar_pro/picar_pro.egg-info/dependency_links.txt
[6.855s] writing entry points to ../../build/picar_pro/picar_pro.egg-info/entry_points.txt
[6.855s] writing requirements to ../../build/picar_pro/picar_pro.egg-info/requires.txt
[6.856s] writing top-level names to ../../build/picar_pro/picar_pro.egg-info/top_level.txt
[6.866s] reading manifest file '../../build/picar_pro/picar_pro.egg-info/SOURCES.txt'
[6.868s] adding license file 'LICENSE'
[6.870s] writing manifest file '../../build/picar_pro/picar_pro.egg-info/SOURCES.txt'
[6.871s] running build
[6.871s] running build_py
[6.874s] running install
[6.875s] /usr/lib/python3/dist-packages/setuptools/command/install.py:34: SetuptoolsDeprecationWarning: setup.py install is deprecated. Use build and pip and other standards-based tools.
[6.876s]   warnings.warn(
[6.877s] running install_lib
[6.884s] running install_data
[6.887s] running install_egg_info
[6.895s] removing '/home/csd/CSD-Project/install/picar_pro/lib/python3.10/site-packages/picar_pro-0.0.0-py3.10.egg-info' (and everything under it)
[6.897s] Copying ../../build/picar_pro/picar_pro.egg-info to /home/csd/CSD-Project/install/picar_pro/lib/python3.10/site-packages/picar_pro-0.0.0-py3.10.egg-info
[6.904s] running install_scripts
[7.010s] Installing listener script to /home/csd/CSD-Project/install/picar_pro/lib/picar_pro
[7.011s] Installing movement script to /home/csd/CSD-Project/install/picar_pro/lib/picar_pro
[7.013s] Installing publisher_node script to /home/csd/CSD-Project/install/picar_pro/lib/picar_pro
[7.015s] Installing talker script to /home/csd/CSD-Project/install/picar_pro/lib/picar_pro
[7.020s] writing list of installed files to '/home/csd/CSD-Project/build/picar_pro/install.log'
