[3.907s] DEBUG:colcon:Command line arguments: ['/usr/bin/colcon', 'build']
[3.907s] DEBUG:colcon:Parsed command line arguments: Namespace(log_base=None, log_level=None, verb_name='build', build_base='build', install_base='install', merge_install=False, symlink_install=False, test_result_base=None, continue_on_error=False, executor='parallel', parallel_workers=4, event_handlers=None, ignore_user_meta=False, metas=['./colcon.meta'], base_paths=['.'], packages_ignore=None, packages_ignore_regex=None, paths=None, packages_up_to=None, packages_up_to_regex=None, packages_above=None, packages_above_and_dependencies=None, packages_above_depth=None, packages_select_by_dep=None, packages_skip_by_dep=None, packages_skip_up_to=None, packages_select_build_failed=False, packages_skip_build_finished=False, packages_select_test_failures=False, packages_skip_test_passed=False, packages_select=None, packages_skip=None, packages_select_regex=None, packages_skip_regex=None, packages_start=None, packages_end=None, allow_overriding=[], cmake_args=None, cmake_target=None, cmake_target_skip_unavailable=False, cmake_clean_cache=False, cmake_clean_first=False, cmake_force_configure=False, ament_cmake_args=None, catkin_cmake_args=None, catkin_skip_building_tests=False, verb_parser=<colcon_defaults.argument_parser.defaults.DefaultArgumentsDecorator object at 0xffffa6b7e050>, verb_extension=<colcon_core.verb.build.BuildVerb object at 0xffffa6e7ee00>, main=<bound method BuildVerb.main of <colcon_core.verb.build.BuildVerb object at 0xffffa6e7ee00>>)
[4.093s] Level 1:colcon.colcon_core.package_discovery:discover_packages(colcon_meta) check parameters
[4.093s] Level 1:colcon.colcon_core.package_discovery:discover_packages(recursive) check parameters
[4.093s] Level 1:colcon.colcon_core.package_discovery:discover_packages(ignore) check parameters
[4.094s] Level 1:colcon.colcon_core.package_discovery:discover_packages(path) check parameters
[4.094s] Level 1:colcon.colcon_core.package_discovery:discover_packages(colcon_meta) discover
[4.094s] Level 1:colcon.colcon_core.package_discovery:discover_packages(recursive) discover
[4.094s] INFO:colcon.colcon_core.package_discovery:Crawling recursively for packages in '/home/csd/CSD-Project'
[4.095s] Level 1:colcon.colcon_core.package_identification:_identify(.) by extensions ['ignore', 'ignore_ament_install']
[4.095s] Level 1:colcon.colcon_core.package_identification:_identify(.) by extension 'ignore'
[4.095s] Level 1:colcon.colcon_core.package_identification:_identify(.) by extension 'ignore_ament_install'
[4.095s] Level 1:colcon.colcon_core.package_identification:_identify(.) by extensions ['colcon_pkg']
[4.096s] Level 1:colcon.colcon_core.package_identification:_identify(.) by extension 'colcon_pkg'
[4.096s] Level 1:colcon.colcon_core.package_identification:_identify(.) by extensions ['colcon_meta']
[4.096s] Level 1:colcon.colcon_core.package_identification:_identify(.) by extension 'colcon_meta'
[4.096s] Level 1:colcon.colcon_core.package_identification:_identify(.) by extensions ['ros']
[4.096s] Level 1:colcon.colcon_core.package_identification:_identify(.) by extension 'ros'
[4.142s] Level 1:colcon.colcon_core.package_identification:_identify(.) by extensions ['cmake', 'python']
[4.142s] Level 1:colcon.colcon_core.package_identification:_identify(.) by extension 'cmake'
[4.142s] Level 1:colcon.colcon_core.package_identification:_identify(.) by extension 'python'
[4.143s] Level 1:colcon.colcon_core.package_identification:_identify(.) by extensions ['python_setup_py']
[4.143s] Level 1:colcon.colcon_core.package_identification:_identify(.) by extension 'python_setup_py'
[4.143s] Level 1:colcon.colcon_core.package_identification:_identify(build) by extensions ['ignore', 'ignore_ament_install']
[4.144s] Level 1:colcon.colcon_core.package_identification:_identify(build) by extension 'ignore'
[4.144s] Level 1:colcon.colcon_core.package_identification:_identify(build) ignored
[4.144s] Level 1:colcon.colcon_core.package_identification:_identify(install) by extensions ['ignore', 'ignore_ament_install']
[4.145s] Level 1:colcon.colcon_core.package_identification:_identify(install) by extension 'ignore'
[4.145s] Level 1:colcon.colcon_core.package_identification:_identify(install) ignored
[4.147s] Level 1:colcon.colcon_core.package_identification:_identify(log) by extensions ['ignore', 'ignore_ament_install']
[4.147s] Level 1:colcon.colcon_core.package_identification:_identify(log) by extension 'ignore'
[4.147s] Level 1:colcon.colcon_core.package_identification:_identify(log) ignored
[4.147s] Level 1:colcon.colcon_core.package_identification:_identify(src) by extensions ['ignore', 'ignore_ament_install']
[4.148s] Level 1:colcon.colcon_core.package_identification:_identify(src) by extension 'ignore'
[4.148s] Level 1:colcon.colcon_core.package_identification:_identify(src) by extension 'ignore_ament_install'
[4.148s] Level 1:colcon.colcon_core.package_identification:_identify(src) by extensions ['colcon_pkg']
[4.148s] Level 1:colcon.colcon_core.package_identification:_identify(src) by extension 'colcon_pkg'
[4.148s] Level 1:colcon.colcon_core.package_identification:_identify(src) by extensions ['colcon_meta']
[4.148s] Level 1:colcon.colcon_core.package_identification:_identify(src) by extension 'colcon_meta'
[4.149s] Level 1:colcon.colcon_core.package_identification:_identify(src) by extensions ['ros']
[4.149s] Level 1:colcon.colcon_core.package_identification:_identify(src) by extension 'ros'
[4.149s] Level 1:colcon.colcon_core.package_identification:_identify(src) by extensions ['cmake', 'python']
[4.149s] Level 1:colcon.colcon_core.package_identification:_identify(src) by extension 'cmake'
[4.149s] Level 1:colcon.colcon_core.package_identification:_identify(src) by extension 'python'
[4.149s] Level 1:colcon.colcon_core.package_identification:_identify(src) by extensions ['python_setup_py']
[4.150s] Level 1:colcon.colcon_core.package_identification:_identify(src) by extension 'python_setup_py'
[4.150s] Level 1:colcon.colcon_core.package_identification:_identify(src/picar_pro) by extensions ['ignore', 'ignore_ament_install']
[4.150s] Level 1:colcon.colcon_core.package_identification:_identify(src/picar_pro) by extension 'ignore'
[4.151s] Level 1:colcon.colcon_core.package_identification:_identify(src/picar_pro) by extension 'ignore_ament_install'
[4.151s] Level 1:colcon.colcon_core.package_identification:_identify(src/picar_pro) by extensions ['colcon_pkg']
[4.151s] Level 1:colcon.colcon_core.package_identification:_identify(src/picar_pro) by extension 'colcon_pkg'
[4.151s] Level 1:colcon.colcon_core.package_identification:_identify(src/picar_pro) by extensions ['colcon_meta']
[4.151s] Level 1:colcon.colcon_core.package_identification:_identify(src/picar_pro) by extension 'colcon_meta'
[4.151s] Level 1:colcon.colcon_core.package_identification:_identify(src/picar_pro) by extensions ['ros']
[4.152s] Level 1:colcon.colcon_core.package_identification:_identify(src/picar_pro) by extension 'ros'
[4.160s] DEBUG:colcon.colcon_core.package_identification:Package 'src/picar_pro' with type 'ros.ament_python' and name 'picar_pro'
[4.160s] Level 1:colcon.colcon_core.package_discovery:discover_packages(recursive) using defaults
[4.160s] Level 1:colcon.colcon_core.package_discovery:discover_packages(ignore) discover
[4.161s] Level 1:colcon.colcon_core.package_discovery:discover_packages(ignore) using defaults
[4.161s] Level 1:colcon.colcon_core.package_discovery:discover_packages(path) discover
[4.161s] Level 1:colcon.colcon_core.package_discovery:discover_packages(path) using defaults
[4.510s] Level 1:colcon.colcon_core.package_discovery:discover_packages(prefix_path) check parameters
[4.510s] Level 1:colcon.colcon_core.package_discovery:discover_packages(prefix_path) discover
[4.626s] DEBUG:colcon.colcon_installed_package_information.package_discovery:Found 1 installed packages in /home/csd/CSD-Project/install
[4.689s] DEBUG:colcon.colcon_installed_package_information.package_discovery:Found 192 installed packages in /opt/ros/iron
[4.693s] Level 1:colcon.colcon_core.package_discovery:discover_packages(prefix_path) using defaults
[4.945s] Level 5:colcon.colcon_core.verb:set package 'picar_pro' build argument 'cmake_args' from command line to 'None'
[4.946s] Level 5:colcon.colcon_core.verb:set package 'picar_pro' build argument 'cmake_target' from command line to 'None'
[4.946s] Level 5:colcon.colcon_core.verb:set package 'picar_pro' build argument 'cmake_target_skip_unavailable' from command line to 'False'
[4.946s] Level 5:colcon.colcon_core.verb:set package 'picar_pro' build argument 'cmake_clean_cache' from command line to 'False'
[4.946s] Level 5:colcon.colcon_core.verb:set package 'picar_pro' build argument 'cmake_clean_first' from command line to 'False'
[4.946s] Level 5:colcon.colcon_core.verb:set package 'picar_pro' build argument 'cmake_force_configure' from command line to 'False'
[4.946s] Level 5:colcon.colcon_core.verb:set package 'picar_pro' build argument 'ament_cmake_args' from command line to 'None'
[4.946s] Level 5:colcon.colcon_core.verb:set package 'picar_pro' build argument 'catkin_cmake_args' from command line to 'None'
[4.947s] Level 5:colcon.colcon_core.verb:set package 'picar_pro' build argument 'catkin_skip_building_tests' from command line to 'False'
[4.947s] DEBUG:colcon.colcon_core.verb:Building package 'picar_pro' with the following arguments: {'ament_cmake_args': None, 'build_base': '/home/csd/CSD-Project/build/picar_pro', 'catkin_cmake_args': None, 'catkin_skip_building_tests': False, 'cmake_args': None, 'cmake_clean_cache': False, 'cmake_clean_first': False, 'cmake_force_configure': False, 'cmake_target': None, 'cmake_target_skip_unavailable': False, 'install_base': '/home/csd/CSD-Project/install/picar_pro', 'merge_install': False, 'path': '/home/csd/CSD-Project/src/picar_pro', 'symlink_install': False, 'test_result_base': None}
[5.002s] INFO:colcon.colcon_core.executor:Executing jobs using 'parallel' executor
[5.060s] DEBUG:colcon.colcon_parallel_executor.executor.parallel:run_until_complete
[5.061s] INFO:colcon.colcon_ros.task.ament_python.build:Building ROS package in '/home/csd/CSD-Project/src/picar_pro' with build type 'ament_python'
[5.061s] Level 1:colcon.colcon_core.shell:create_environment_hook('picar_pro', 'ament_prefix_path')
[5.125s] INFO:colcon.colcon_core.plugin_system:Skipping extension 'colcon_core.shell.bat': Not used on non-Windows systems
[5.126s] INFO:colcon.colcon_core.shell:Creating environment hook '/home/csd/CSD-Project/install/picar_pro/share/picar_pro/hook/ament_prefix_path.ps1'
[5.128s] INFO:colcon.colcon_core.shell:Creating environment descriptor '/home/csd/CSD-Project/install/picar_pro/share/picar_pro/hook/ament_prefix_path.dsv'
[5.130s] INFO:colcon.colcon_core.shell:Creating environment hook '/home/csd/CSD-Project/install/picar_pro/share/picar_pro/hook/ament_prefix_path.sh'
[5.190s] INFO:colcon.colcon_core.shell:Skip shell extension 'powershell' for command environment: Not usable outside of PowerShell
[5.190s] DEBUG:colcon.colcon_core.shell:Skip shell extension 'dsv' for command environment
[6.411s] INFO:colcon.colcon_core.task.python.build:Building Python package in '/home/csd/CSD-Project/src/picar_pro'
[6.467s] INFO:colcon.colcon_core.shell:Skip shell extension 'powershell' for command environment: Not usable outside of PowerShell
[6.468s] DEBUG:colcon.colcon_core.shell:Skip shell extension 'dsv' for command environment
[8.105s] DEBUG:colcon.colcon_core.event_handler.log_command:Invoking command in '/home/csd/CSD-Project/src/picar_pro': PYTHONPATH=/home/csd/CSD-Project/build/picar_pro/prefix_override:/home/csd/CSD-Project/install/picar_pro/lib/python3.10/site-packages:${PYTHONPATH} /usr/bin/python3 setup.py egg_info --egg-base ../../build/picar_pro build --build-base /home/csd/CSD-Project/build/picar_pro/build install --record /home/csd/CSD-Project/build/picar_pro/install.log --single-version-externally-managed
[9.307s] DEBUG:colcon.colcon_core.event_handler.log_command:Invoked command in '/home/csd/CSD-Project/src/picar_pro' returned '0': PYTHONPATH=/home/csd/CSD-Project/build/picar_pro/prefix_override:/home/csd/CSD-Project/install/picar_pro/lib/python3.10/site-packages:${PYTHONPATH} /usr/bin/python3 setup.py egg_info --egg-base ../../build/picar_pro build --build-base /home/csd/CSD-Project/build/picar_pro/build install --record /home/csd/CSD-Project/build/picar_pro/install.log --single-version-externally-managed
[9.375s] Level 1:colcon.colcon_core.environment:checking '/home/csd/CSD-Project/install/picar_pro' for CMake module files
[9.377s] Level 1:colcon.colcon_core.environment:checking '/home/csd/CSD-Project/install/picar_pro' for CMake config files
[9.381s] Level 1:colcon.colcon_core.environment:checking '/home/csd/CSD-Project/install/picar_pro/lib'
[9.382s] Level 1:colcon.colcon_core.environment:checking '/home/csd/CSD-Project/install/picar_pro/bin'
[9.383s] Level 1:colcon.colcon_core.environment:checking '/home/csd/CSD-Project/install/picar_pro/lib/pkgconfig/picar_pro.pc'
[9.383s] Level 1:colcon.colcon_core.environment:checking '/home/csd/CSD-Project/install/picar_pro/lib/python3.10/site-packages'
[9.384s] Level 1:colcon.colcon_core.shell:create_environment_hook('picar_pro', 'pythonpath')
[9.441s] INFO:colcon.colcon_core.shell:Creating environment hook '/home/csd/CSD-Project/install/picar_pro/share/picar_pro/hook/pythonpath.ps1'
[9.443s] INFO:colcon.colcon_core.shell:Creating environment descriptor '/home/csd/CSD-Project/install/picar_pro/share/picar_pro/hook/pythonpath.dsv'
[9.444s] INFO:colcon.colcon_core.shell:Creating environment hook '/home/csd/CSD-Project/install/picar_pro/share/picar_pro/hook/pythonpath.sh'
[9.447s] Level 1:colcon.colcon_core.environment:checking '/home/csd/CSD-Project/install/picar_pro/bin'
[9.447s] Level 1:colcon.colcon_core.environment:create_environment_scripts_only(picar_pro)
[9.505s] INFO:colcon.colcon_core.shell:Creating package script '/home/csd/CSD-Project/install/picar_pro/share/picar_pro/package.ps1'
[9.508s] INFO:colcon.colcon_core.shell:Creating package descriptor '/home/csd/CSD-Project/install/picar_pro/share/picar_pro/package.dsv'
[9.510s] INFO:colcon.colcon_core.shell:Creating package script '/home/csd/CSD-Project/install/picar_pro/share/picar_pro/package.sh'
[9.514s] INFO:colcon.colcon_core.shell:Creating package script '/home/csd/CSD-Project/install/picar_pro/share/picar_pro/package.bash'
[9.517s] INFO:colcon.colcon_core.shell:Creating package script '/home/csd/CSD-Project/install/picar_pro/share/picar_pro/package.zsh'
[9.519s] Level 1:colcon.colcon_core.environment:create_file_with_runtime_dependencies(/home/csd/CSD-Project/install/picar_pro/share/colcon-core/packages/picar_pro)
[9.521s] DEBUG:colcon.colcon_parallel_executor.executor.parallel:closing loop
[9.522s] DEBUG:colcon.colcon_parallel_executor.executor.parallel:loop closed
[9.522s] DEBUG:colcon.colcon_parallel_executor.executor.parallel:run_until_complete finished with '0'
[9.523s] DEBUG:colcon.colcon_core.event_reactor:joining thread
[9.601s] INFO:colcon.colcon_core.plugin_system:Skipping extension 'colcon_notification.desktop_notification.notify_send': Could not find 'notify-send'
[9.601s] INFO:colcon.colcon_core.plugin_system:Skipping extension 'colcon_notification.desktop_notification.terminal_notifier': Not used on non-Darwin systems
[9.601s] INFO:colcon.colcon_core.plugin_system:Skipping extension 'colcon_notification.desktop_notification.win32': Not used on non-Windows systems
[9.602s] INFO:colcon.colcon_notification.desktop_notification:Sending desktop notification using 'notify2'
[9.604s] DEBUG:colcon.colcon_notification.desktop_notification.notify2:Failed to initialize notify2: org.freedesktop.DBus.Error.ServiceUnknown: The name org.freedesktop.Notifications was not provided by any .service files
[9.605s] DEBUG:colcon.colcon_core.event_reactor:joined thread
[9.664s] INFO:colcon.colcon_core.shell:Creating prefix script '/home/csd/CSD-Project/install/local_setup.ps1'
[9.668s] INFO:colcon.colcon_core.shell:Creating prefix util module '/home/csd/CSD-Project/install/_local_setup_util_ps1.py'
[9.673s] INFO:colcon.colcon_core.shell:Creating prefix chain script '/home/csd/CSD-Project/install/setup.ps1'
[9.732s] INFO:colcon.colcon_core.shell:Creating prefix script '/home/csd/CSD-Project/install/local_setup.sh'
[9.735s] INFO:colcon.colcon_core.shell:Creating prefix util module '/home/csd/CSD-Project/install/_local_setup_util_sh.py'
[9.737s] INFO:colcon.colcon_core.shell:Creating prefix chain script '/home/csd/CSD-Project/install/setup.sh'
[9.796s] INFO:colcon.colcon_core.shell:Creating prefix script '/home/csd/CSD-Project/install/local_setup.bash'
[9.798s] INFO:colcon.colcon_core.shell:Creating prefix chain script '/home/csd/CSD-Project/install/setup.bash'
[9.858s] INFO:colcon.colcon_core.shell:Creating prefix script '/home/csd/CSD-Project/install/local_setup.zsh'
[9.860s] INFO:colcon.colcon_core.shell:Creating prefix chain script '/home/csd/CSD-Project/install/setup.zsh'
