[3.006s] Invoking command in '/home/csd/CSD-Project/src/smart_arm': PYTHONPATH=/home/csd/CSD-Project/build/smart_arm/prefix_override:/home/csd/CSD-Project/install/smart_arm/lib/python3.10/site-packages:${PYTHONPATH} /usr/bin/python3 setup.py egg_info --egg-base ../../build/smart_arm build --build-base /home/csd/CSD-Project/build/smart_arm/build install --record /home/csd/CSD-Project/build/smart_arm/install.log --single-version-externally-managed
[3.955s] running egg_info
[3.957s] writing ../../build/smart_arm/smart_arm.egg-info/PKG-INFO
[3.958s] writing dependency_links to ../../build/smart_arm/smart_arm.egg-info/dependency_links.txt
[3.959s] writing entry points to ../../build/smart_arm/smart_arm.egg-info/entry_points.txt
[3.960s] writing requirements to ../../build/smart_arm/smart_arm.egg-info/requires.txt
[3.961s] writing top-level names to ../../build/smart_arm/smart_arm.egg-info/top_level.txt
[3.969s] reading manifest file '../../build/smart_arm/smart_arm.egg-info/SOURCES.txt'
[3.970s] adding license file 'LICENSE'
[3.973s] writing manifest file '../../build/smart_arm/smart_arm.egg-info/SOURCES.txt'
[3.973s] running build
[3.974s] running build_py
[3.975s] copying smart_arm/comm_handler.py -> /home/csd/CSD-Project/build/smart_arm/build/lib/smart_arm
[3.977s] running install
[3.978s] /usr/lib/python3/dist-packages/setuptools/command/install.py:34: SetuptoolsDeprecationWarning: setup.py install is deprecated. Use build and pip and other standards-based tools.
[3.978s]   warnings.warn(
[3.979s] running install_lib
[3.983s] copying /home/csd/CSD-Project/build/smart_arm/build/lib/smart_arm/comm_handler.py -> /home/csd/CSD-Project/install/smart_arm/lib/python3.10/site-packages/smart_arm
[3.986s] byte-compiling /home/csd/CSD-Project/install/smart_arm/lib/python3.10/site-packages/smart_arm/comm_handler.py to comm_handler.cpython-310.pyc
[3.989s] running install_data
[3.991s] running install_egg_info
[3.997s] removing '/home/csd/CSD-Project/install/smart_arm/lib/python3.10/site-packages/smart_arm-0.0.0-py3.10.egg-info' (and everything under it)
[3.999s] Copying ../../build/smart_arm/smart_arm.egg-info to /home/csd/CSD-Project/install/smart_arm/lib/python3.10/site-packages/smart_arm-0.0.0-py3.10.egg-info
[4.004s] running install_scripts
[4.080s] Installing arm_handler script to /home/csd/CSD-Project/install/smart_arm/lib/smart_arm
[4.081s] Installing comm_handler script to /home/csd/CSD-Project/install/smart_arm/lib/smart_arm
[4.082s] Installing publisher_node script to /home/csd/CSD-Project/install/smart_arm/lib/smart_arm
[4.082s] Installing servo_handler script to /home/csd/CSD-Project/install/smart_arm/lib/smart_arm
[4.084s] writing list of installed files to '/home/csd/CSD-Project/build/smart_arm/install.log'
[4.198s] Invoked command in '/home/csd/CSD-Project/src/smart_arm' returned '0': PYTHONPATH=/home/csd/CSD-Project/build/smart_arm/prefix_override:/home/csd/CSD-Project/install/smart_arm/lib/python3.10/site-packages:${PYTHONPATH} /usr/bin/python3 setup.py egg_info --egg-base ../../build/smart_arm build --build-base /home/csd/CSD-Project/build/smart_arm/build install --record /home/csd/CSD-Project/build/smart_arm/install.log --single-version-externally-managed
