[3.594s] Invoking command in '/home/csd/CSD-Project/src/picar_pro': PYTHONPATH=/home/csd/CSD-Project/build/picar_pro/prefix_override:/home/csd/CSD-Project/install/picar_pro/lib/python3.10/site-packages:${PYTHONPATH} /usr/bin/python3 setup.py egg_info --egg-base ../../build/picar_pro build --build-base /home/csd/CSD-Project/build/picar_pro/build install --record /home/csd/CSD-Project/build/picar_pro/install.log --single-version-externally-managed
[4.543s] running egg_info
[4.545s] writing ../../build/picar_pro/picar_pro.egg-info/PKG-INFO
[4.549s] writing dependency_links to ../../build/picar_pro/picar_pro.egg-info/dependency_links.txt
[4.550s] writing entry points to ../../build/picar_pro/picar_pro.egg-info/entry_points.txt
[4.551s] writing requirements to ../../build/picar_pro/picar_pro.egg-info/requires.txt
[4.552s] writing top-level names to ../../build/picar_pro/picar_pro.egg-info/top_level.txt
[4.560s] reading manifest file '../../build/picar_pro/picar_pro.egg-info/SOURCES.txt'
[4.563s] adding license file 'LICENSE'
[4.566s] writing manifest file '../../build/picar_pro/picar_pro.egg-info/SOURCES.txt'
[4.567s] running build
[4.567s] running build_py
[4.569s] copying picar_pro/car_arm_communication.py -> /home/csd/CSD-Project/build/picar_pro/build/lib/picar_pro
[4.570s] copying picar_pro/claw_motor_car.py -> /home/csd/CSD-Project/build/picar_pro/build/lib/picar_pro
[4.572s] copying picar_pro/publisher.py -> /home/csd/CSD-Project/build/picar_pro/build/lib/picar_pro
[4.572s] copying picar_pro/wheels_motor.py -> /home/csd/CSD-Project/build/picar_pro/build/lib/picar_pro
[4.574s] running install
[4.575s] /usr/lib/python3/dist-packages/setuptools/command/install.py:34: SetuptoolsDeprecationWarning: setup.py install is deprecated. Use build and pip and other standards-based tools.
[4.576s]   warnings.warn(
[4.577s] running install_lib
[4.581s] copying /home/csd/CSD-Project/build/picar_pro/build/lib/picar_pro/car_arm_communication.py -> /home/csd/CSD-Project/install/picar_pro/lib/python3.10/site-packages/picar_pro
[4.582s] copying /home/csd/CSD-Project/build/picar_pro/build/lib/picar_pro/claw_motor_car.py -> /home/csd/CSD-Project/install/picar_pro/lib/python3.10/site-packages/picar_pro
[4.584s] copying /home/csd/CSD-Project/build/picar_pro/build/lib/picar_pro/publisher.py -> /home/csd/CSD-Project/install/picar_pro/lib/python3.10/site-packages/picar_pro
[4.585s] copying /home/csd/CSD-Project/build/picar_pro/build/lib/picar_pro/wheels_motor.py -> /home/csd/CSD-Project/install/picar_pro/lib/python3.10/site-packages/picar_pro
[4.588s] byte-compiling /home/csd/CSD-Project/install/picar_pro/lib/python3.10/site-packages/picar_pro/car_arm_communication.py to car_arm_communication.cpython-310.pyc
[4.591s] byte-compiling /home/csd/CSD-Project/install/picar_pro/lib/python3.10/site-packages/picar_pro/claw_motor_car.py to claw_motor_car.cpython-310.pyc
[4.594s] byte-compiling /home/csd/CSD-Project/install/picar_pro/lib/python3.10/site-packages/picar_pro/publisher.py to publisher.cpython-310.pyc
[4.597s] byte-compiling /home/csd/CSD-Project/install/picar_pro/lib/python3.10/site-packages/picar_pro/wheels_motor.py to wheels_motor.cpython-310.pyc
[4.599s] running install_data
[4.602s] running install_egg_info
[4.609s] removing '/home/csd/CSD-Project/install/picar_pro/lib/python3.10/site-packages/picar_pro-0.0.0-py3.10.egg-info' (and everything under it)
[4.610s] Copying ../../build/picar_pro/picar_pro.egg-info to /home/csd/CSD-Project/install/picar_pro/lib/python3.10/site-packages/picar_pro-0.0.0-py3.10.egg-info
[4.618s] running install_scripts
[4.696s] Installing car_arm_communication script to /home/csd/CSD-Project/install/picar_pro/lib/picar_pro
[4.700s] Installing claw_motor_car script to /home/csd/CSD-Project/install/picar_pro/lib/picar_pro
[4.700s] Installing publisher_node script to /home/csd/CSD-Project/install/picar_pro/lib/picar_pro
[4.701s] Installing servo_handler_car script to /home/csd/CSD-Project/install/picar_pro/lib/picar_pro
[4.702s] Installing wheels_motor script to /home/csd/CSD-Project/install/picar_pro/lib/picar_pro
[4.704s] writing list of installed files to '/home/csd/CSD-Project/build/picar_pro/install.log'
[4.818s] Invoked command in '/home/csd/CSD-Project/src/picar_pro' returned '0': PYTHONPATH=/home/csd/CSD-Project/build/picar_pro/prefix_override:/home/csd/CSD-Project/install/picar_pro/lib/python3.10/site-packages:${PYTHONPATH} /usr/bin/python3 setup.py egg_info --egg-base ../../build/picar_pro build --build-base /home/csd/CSD-Project/build/picar_pro/build install --record /home/csd/CSD-Project/build/picar_pro/install.log --single-version-externally-managed
