[3.102s] Invoking command in '/home/csd/CSD-Project/src/smart_arm': PYTHONPATH=/home/csd/CSD-Project/build/smart_arm/prefix_override:/home/csd/CSD-Project/install/smart_arm/lib/python3.10/site-packages:${PYTHONPATH} /usr/bin/python3 setup.py egg_info --egg-base ../../build/smart_arm build --build-base /home/csd/CSD-Project/build/smart_arm/build install --record /home/csd/CSD-Project/build/smart_arm/install.log --single-version-externally-managed
[4.084s] running egg_info
[4.086s] writing ../../build/smart_arm/smart_arm.egg-info/PKG-INFO
[4.087s] writing dependency_links to ../../build/smart_arm/smart_arm.egg-info/dependency_links.txt
[4.088s] writing entry points to ../../build/smart_arm/smart_arm.egg-info/entry_points.txt
[4.089s] writing requirements to ../../build/smart_arm/smart_arm.egg-info/requires.txt
[4.090s] writing top-level names to ../../build/smart_arm/smart_arm.egg-info/top_level.txt
[4.098s] reading manifest file '../../build/smart_arm/smart_arm.egg-info/SOURCES.txt'
[4.099s] adding license file 'LICENSE'
[4.102s] writing manifest file '../../build/smart_arm/smart_arm.egg-info/SOURCES.txt'
[4.102s] running build
[4.103s] running build_py
[4.103s] copying smart_arm/servo_handler.py -> /home/csd/CSD-Project/build/smart_arm/build/lib/smart_arm
[4.105s] copying smart_arm/comm_handler.py -> /home/csd/CSD-Project/build/smart_arm/build/lib/smart_arm
[4.107s] running install
[4.107s] /usr/lib/python3/dist-packages/setuptools/command/install.py:34: SetuptoolsDeprecationWarning: setup.py install is deprecated. Use build and pip and other standards-based tools.
[4.108s]   warnings.warn(
[4.108s] running install_lib
[4.112s] copying /home/csd/CSD-Project/build/smart_arm/build/lib/smart_arm/servo_handler.py -> /home/csd/CSD-Project/install/smart_arm/lib/python3.10/site-packages/smart_arm
[4.113s] copying /home/csd/CSD-Project/build/smart_arm/build/lib/smart_arm/comm_handler.py -> /home/csd/CSD-Project/install/smart_arm/lib/python3.10/site-packages/smart_arm
[4.116s] byte-compiling /home/csd/CSD-Project/install/smart_arm/lib/python3.10/site-packages/smart_arm/servo_handler.py to servo_handler.cpython-310.pyc
[4.119s] byte-compiling /home/csd/CSD-Project/install/smart_arm/lib/python3.10/site-packages/smart_arm/comm_handler.py to comm_handler.cpython-310.pyc
[4.121s] running install_data
[4.124s] running install_egg_info
[4.130s] removing '/home/csd/CSD-Project/install/smart_arm/lib/python3.10/site-packages/smart_arm-0.0.0-py3.10.egg-info' (and everything under it)
[4.132s] Copying ../../build/smart_arm/smart_arm.egg-info to /home/csd/CSD-Project/install/smart_arm/lib/python3.10/site-packages/smart_arm-0.0.0-py3.10.egg-info
[4.137s] running install_scripts
[4.213s] Installing arm_handler script to /home/csd/CSD-Project/install/smart_arm/lib/smart_arm
[4.214s] Installing comm_handler script to /home/csd/CSD-Project/install/smart_arm/lib/smart_arm
[4.215s] Installing servo_handler script to /home/csd/CSD-Project/install/smart_arm/lib/smart_arm
[4.216s] writing list of installed files to '/home/csd/CSD-Project/build/smart_arm/install.log'
[4.330s] Invoked command in '/home/csd/CSD-Project/src/smart_arm' returned '0': PYTHONPATH=/home/csd/CSD-Project/build/smart_arm/prefix_override:/home/csd/CSD-Project/install/smart_arm/lib/python3.10/site-packages:${PYTHONPATH} /usr/bin/python3 setup.py egg_info --egg-base ../../build/smart_arm build --build-base /home/csd/CSD-Project/build/smart_arm/build install --record /home/csd/CSD-Project/build/smart_arm/install.log --single-version-externally-managed
