[4.569s] Invoking command in '/home/csd/CSD-Project/src/smart_arm': PYTHONPATH=/home/csd/CSD-Project/build/smart_arm/prefix_override:/home/csd/CSD-Project/install/smart_arm/lib/python3.10/site-packages:${PYTHONPATH} /usr/bin/python3 setup.py egg_info --egg-base ../../build/smart_arm build --build-base /home/csd/CSD-Project/build/smart_arm/build install --record /home/csd/CSD-Project/build/smart_arm/install.log --single-version-externally-managed
[5.655s] running egg_info
[5.658s] writing ../../build/smart_arm/smart_arm.egg-info/PKG-INFO
[5.660s] writing dependency_links to ../../build/smart_arm/smart_arm.egg-info/dependency_links.txt
[5.660s] writing entry points to ../../build/smart_arm/smart_arm.egg-info/entry_points.txt
[5.661s] writing requirements to ../../build/smart_arm/smart_arm.egg-info/requires.txt
[5.662s] writing top-level names to ../../build/smart_arm/smart_arm.egg-info/top_level.txt
[5.671s] reading manifest file '../../build/smart_arm/smart_arm.egg-info/SOURCES.txt'
[5.672s] adding license file 'LICENSE'
[5.677s] writing manifest file '../../build/smart_arm/smart_arm.egg-info/SOURCES.txt'
[5.678s] running build
[5.679s] running build_py
[5.680s] copying smart_arm/ServoController.py -> /home/csd/CSD-Project/build/smart_arm/build/lib/smart_arm
[5.681s] running install
[5.682s] /usr/lib/python3/dist-packages/setuptools/command/install.py:34: SetuptoolsDeprecationWarning: setup.py install is deprecated. Use build and pip and other standards-based tools.
[5.682s]   warnings.warn(
[5.683s] running install_lib
[5.685s] copying /home/csd/CSD-Project/build/smart_arm/build/lib/smart_arm/ServoController.py -> /home/csd/CSD-Project/install/smart_arm/lib/python3.10/site-packages/smart_arm
[5.688s] byte-compiling /home/csd/CSD-Project/install/smart_arm/lib/python3.10/site-packages/smart_arm/ServoController.py to ServoController.cpython-310.pyc
[5.690s] running install_data
[5.693s] running install_egg_info
[5.701s] removing '/home/csd/CSD-Project/install/smart_arm/lib/python3.10/site-packages/smart_arm-0.0.0-py3.10.egg-info' (and everything under it)
[5.702s] Copying ../../build/smart_arm/smart_arm.egg-info to /home/csd/CSD-Project/install/smart_arm/lib/python3.10/site-packages/smart_arm-0.0.0-py3.10.egg-info
[5.708s] running install_scripts
[5.799s] Installing movement script to /home/csd/CSD-Project/install/smart_arm/lib/smart_arm
[5.801s] writing list of installed files to '/home/csd/CSD-Project/build/smart_arm/install.log'
[5.978s] Invoked command in '/home/csd/CSD-Project/src/smart_arm' returned '0': PYTHONPATH=/home/csd/CSD-Project/build/smart_arm/prefix_override:/home/csd/CSD-Project/install/smart_arm/lib/python3.10/site-packages:${PYTHONPATH} /usr/bin/python3 setup.py egg_info --egg-base ../../build/smart_arm build --build-base /home/csd/CSD-Project/build/smart_arm/build install --record /home/csd/CSD-Project/build/smart_arm/install.log --single-version-externally-managed
