[3.116s] Invoking command in '/home/csd/CSD-Project/src/smart_arm': PYTHONPATH=/home/csd/CSD-Project/build/smart_arm/prefix_override:/home/csd/CSD-Project/install/smart_arm/lib/python3.10/site-packages:${PYTHONPATH} /usr/bin/python3 setup.py egg_info --egg-base ../../build/smart_arm build --build-base /home/csd/CSD-Project/build/smart_arm/build install --record /home/csd/CSD-Project/build/smart_arm/install.log --single-version-externally-managed
[4.103s] running egg_info
[4.106s] writing ../../build/smart_arm/smart_arm.egg-info/PKG-INFO
[4.107s] writing dependency_links to ../../build/smart_arm/smart_arm.egg-info/dependency_links.txt
[4.108s] writing entry points to ../../build/smart_arm/smart_arm.egg-info/entry_points.txt
[4.109s] writing requirements to ../../build/smart_arm/smart_arm.egg-info/requires.txt
[4.109s] writing top-level names to ../../build/smart_arm/smart_arm.egg-info/top_level.txt
[4.118s] reading manifest file '../../build/smart_arm/smart_arm.egg-info/SOURCES.txt'
[4.119s] adding license file 'LICENSE'
[4.122s] writing manifest file '../../build/smart_arm/smart_arm.egg-info/SOURCES.txt'
[4.122s] running build
[4.123s] running build_py
[4.124s] copying smart_arm/comm_handler.py -> /home/csd/CSD-Project/build/smart_arm/build/lib/smart_arm
[4.125s] copying smart_arm/arm_handler.py -> /home/csd/CSD-Project/build/smart_arm/build/lib/smart_arm
[4.127s] running install
[4.127s] /usr/lib/python3/dist-packages/setuptools/command/install.py:34: SetuptoolsDeprecationWarning: setup.py install is deprecated. Use build and pip and other standards-based tools.
[4.128s]   warnings.warn(
[4.128s] running install_lib
[4.132s] copying /home/csd/CSD-Project/build/smart_arm/build/lib/smart_arm/comm_handler.py -> /home/csd/CSD-Project/install/smart_arm/lib/python3.10/site-packages/smart_arm
[4.133s] copying /home/csd/CSD-Project/build/smart_arm/build/lib/smart_arm/arm_handler.py -> /home/csd/CSD-Project/install/smart_arm/lib/python3.10/site-packages/smart_arm
[4.136s] byte-compiling /home/csd/CSD-Project/install/smart_arm/lib/python3.10/site-packages/smart_arm/comm_handler.py to comm_handler.cpython-310.pyc
[4.139s] byte-compiling /home/csd/CSD-Project/install/smart_arm/lib/python3.10/site-packages/smart_arm/arm_handler.py to arm_handler.cpython-310.pyc
[4.141s] running install_data
[4.144s] running install_egg_info
[4.150s] removing '/home/csd/CSD-Project/install/smart_arm/lib/python3.10/site-packages/smart_arm-0.0.0-py3.10.egg-info' (and everything under it)
[4.152s] Copying ../../build/smart_arm/smart_arm.egg-info to /home/csd/CSD-Project/install/smart_arm/lib/python3.10/site-packages/smart_arm-0.0.0-py3.10.egg-info
[4.158s] running install_scripts
[4.234s] Installing arm_handler script to /home/csd/CSD-Project/install/smart_arm/lib/smart_arm
[4.235s] Installing comm_handler script to /home/csd/CSD-Project/install/smart_arm/lib/smart_arm
[4.236s] Installing servo_handler script to /home/csd/CSD-Project/install/smart_arm/lib/smart_arm
[4.238s] writing list of installed files to '/home/csd/CSD-Project/build/smart_arm/install.log'
[4.352s] Invoked command in '/home/csd/CSD-Project/src/smart_arm' returned '0': PYTHONPATH=/home/csd/CSD-Project/build/smart_arm/prefix_override:/home/csd/CSD-Project/install/smart_arm/lib/python3.10/site-packages:${PYTHONPATH} /usr/bin/python3 setup.py egg_info --egg-base ../../build/smart_arm build --build-base /home/csd/CSD-Project/build/smart_arm/build install --record /home/csd/CSD-Project/build/smart_arm/install.log --single-version-externally-managed
