[4.935s] Invoking command in '/home/csd/CSD-Project/src/picar_pro': PYTHONPATH=/home/csd/CSD-Project/build/picar_pro/prefix_override:/home/csd/CSD-Project/install/picar_pro/lib/python3.10/site-packages:${PYTHONPATH} /usr/bin/python3 setup.py egg_info --egg-base ../../build/picar_pro build --build-base /home/csd/CSD-Project/build/picar_pro/build install --record /home/csd/CSD-Project/build/picar_pro/install.log --single-version-externally-managed
[6.039s] running egg_info
[6.042s] writing ../../build/picar_pro/picar_pro.egg-info/PKG-INFO
[6.044s] writing dependency_links to ../../build/picar_pro/picar_pro.egg-info/dependency_links.txt
[6.045s] writing entry points to ../../build/picar_pro/picar_pro.egg-info/entry_points.txt
[6.046s] writing requirements to ../../build/picar_pro/picar_pro.egg-info/requires.txt
[6.047s] writing top-level names to ../../build/picar_pro/picar_pro.egg-info/top_level.txt
[6.057s] reading manifest file '../../build/picar_pro/picar_pro.egg-info/SOURCES.txt'
[6.058s] adding license file 'LICENSE'
[6.061s] writing manifest file '../../build/picar_pro/picar_pro.egg-info/SOURCES.txt'
[6.062s] running build
[6.063s] running build_py
[6.065s] running install
[6.066s] /usr/lib/python3/dist-packages/setuptools/command/install.py:34: SetuptoolsDeprecationWarning: setup.py install is deprecated. Use build and pip and other standards-based tools.
[6.067s]   warnings.warn(
[6.067s] running install_lib
[6.074s] running install_data
[6.077s] running install_egg_info
[6.084s] removing '/home/csd/CSD-Project/install/picar_pro/lib/python3.10/site-packages/picar_pro-0.0.0-py3.10.egg-info' (and everything under it)
[6.086s] Copying ../../build/picar_pro/picar_pro.egg-info to /home/csd/CSD-Project/install/picar_pro/lib/python3.10/site-packages/picar_pro-0.0.0-py3.10.egg-info
[6.092s] running install_scripts
[6.184s] Installing listener script to /home/csd/CSD-Project/install/picar_pro/lib/picar_pro
[6.184s] Installing movement script to /home/csd/CSD-Project/install/picar_pro/lib/picar_pro
[6.185s] Installing talker script to /home/csd/CSD-Project/install/picar_pro/lib/picar_pro
[6.188s] writing list of installed files to '/home/csd/CSD-Project/build/picar_pro/install.log'
[6.370s] Invoked command in '/home/csd/CSD-Project/src/picar_pro' returned '0': PYTHONPATH=/home/csd/CSD-Project/build/picar_pro/prefix_override:/home/csd/CSD-Project/install/picar_pro/lib/python3.10/site-packages:${PYTHONPATH} /usr/bin/python3 setup.py egg_info --egg-base ../../build/picar_pro build --build-base /home/csd/CSD-Project/build/picar_pro/build install --record /home/csd/CSD-Project/build/picar_pro/install.log --single-version-externally-managed
