[4.640s] Invoking command in '/home/csd/CSD-Project/src/smart_arm': PYTHONPATH=/home/csd/CSD-Project/build/smart_arm/prefix_override:/home/csd/CSD-Project/install/smart_arm/lib/python3.10/site-packages:${PYTHONPATH} /usr/bin/python3 setup.py egg_info --egg-base ../../build/smart_arm build --build-base /home/csd/CSD-Project/build/smart_arm/build install --record /home/csd/CSD-Project/build/smart_arm/install.log --single-version-externally-managed
[5.879s] running egg_info
[5.882s] writing ../../build/smart_arm/smart_arm.egg-info/PKG-INFO
[5.883s] writing dependency_links to ../../build/smart_arm/smart_arm.egg-info/dependency_links.txt
[5.884s] writing entry points to ../../build/smart_arm/smart_arm.egg-info/entry_points.txt
[5.885s] writing requirements to ../../build/smart_arm/smart_arm.egg-info/requires.txt
[5.886s] writing top-level names to ../../build/smart_arm/smart_arm.egg-info/top_level.txt
[5.896s] reading manifest file '../../build/smart_arm/smart_arm.egg-info/SOURCES.txt'
[5.898s] adding license file 'LICENSE'
[5.902s] writing manifest file '../../build/smart_arm/smart_arm.egg-info/SOURCES.txt'
[5.902s] running build
[5.903s] running build_py
[5.903s] copying smart_arm/publisher_node.py -> /home/csd/CSD-Project/build/smart_arm/build/lib/smart_arm
[5.906s] running install
[5.907s] /usr/lib/python3/dist-packages/setuptools/command/install.py:34: SetuptoolsDeprecationWarning: setup.py install is deprecated. Use build and pip and other standards-based tools.
[5.907s]   warnings.warn(
[5.908s] running install_lib
[5.911s] copying /home/csd/CSD-Project/build/smart_arm/build/lib/smart_arm/publisher_node.py -> /home/csd/CSD-Project/install/smart_arm/lib/python3.10/site-packages/smart_arm
[5.916s] byte-compiling /home/csd/CSD-Project/install/smart_arm/lib/python3.10/site-packages/smart_arm/publisher_node.py to publisher_node.cpython-310.pyc
[5.919s] running install_data
[5.922s] running install_egg_info
[5.930s] removing '/home/csd/CSD-Project/install/smart_arm/lib/python3.10/site-packages/smart_arm-0.0.0-py3.10.egg-info' (and everything under it)
[5.931s] Copying ../../build/smart_arm/smart_arm.egg-info to /home/csd/CSD-Project/install/smart_arm/lib/python3.10/site-packages/smart_arm-0.0.0-py3.10.egg-info
[5.937s] running install_scripts
[6.026s] Installing car_arm_communication script to /home/csd/CSD-Project/install/smart_arm/lib/smart_arm
[6.027s] Installing claw_motor script to /home/csd/CSD-Project/install/smart_arm/lib/smart_arm
[6.028s] Installing listener script to /home/csd/CSD-Project/install/smart_arm/lib/smart_arm
[6.031s] Installing movement script to /home/csd/CSD-Project/install/smart_arm/lib/smart_arm
[6.032s] Installing publisher_node script to /home/csd/CSD-Project/install/smart_arm/lib/smart_arm
[6.032s] Installing servo_handler script to /home/csd/CSD-Project/install/smart_arm/lib/smart_arm
[6.032s] Installing talker script to /home/csd/CSD-Project/install/smart_arm/lib/smart_arm
[6.034s] writing list of installed files to '/home/csd/CSD-Project/build/smart_arm/install.log'
[6.174s] Invoked command in '/home/csd/CSD-Project/src/smart_arm' returned '0': PYTHONPATH=/home/csd/CSD-Project/build/smart_arm/prefix_override:/home/csd/CSD-Project/install/smart_arm/lib/python3.10/site-packages:${PYTHONPATH} /usr/bin/python3 setup.py egg_info --egg-base ../../build/smart_arm build --build-base /home/csd/CSD-Project/build/smart_arm/build install --record /home/csd/CSD-Project/build/smart_arm/install.log --single-version-externally-managed
