[3.031s] Invoking command in '/home/csd/CSD-Project/src/picar_pro': PYTHONPATH=/home/csd/CSD-Project/build/picar_pro/prefix_override:/home/csd/CSD-Project/install/picar_pro/lib/python3.10/site-packages:${PYTHONPATH} /usr/bin/python3 setup.py egg_info --egg-base ../../build/picar_pro build --build-base /home/csd/CSD-Project/build/picar_pro/build install --record /home/csd/CSD-Project/build/picar_pro/install.log --single-version-externally-managed
[3.984s] running egg_info
[3.987s] writing ../../build/picar_pro/picar_pro.egg-info/PKG-INFO
[3.988s] writing dependency_links to ../../build/picar_pro/picar_pro.egg-info/dependency_links.txt
[3.989s] writing entry points to ../../build/picar_pro/picar_pro.egg-info/entry_points.txt
[3.989s] writing requirements to ../../build/picar_pro/picar_pro.egg-info/requires.txt
[3.990s] writing top-level names to ../../build/picar_pro/picar_pro.egg-info/top_level.txt
[3.998s] reading manifest file '../../build/picar_pro/picar_pro.egg-info/SOURCES.txt'
[4.000s] adding license file 'LICENSE'
[4.003s] writing manifest file '../../build/picar_pro/picar_pro.egg-info/SOURCES.txt'
[4.003s] running build
[4.003s] running build_py
[4.005s] copying picar_pro/picar_handler.py -> /home/csd/CSD-Project/build/picar_pro/build/lib/picar_pro
[4.008s] running install
[4.008s] /usr/lib/python3/dist-packages/setuptools/command/install.py:34: SetuptoolsDeprecationWarning: setup.py install is deprecated. Use build and pip and other standards-based tools.
[4.009s]   warnings.warn(
[4.009s] running install_lib
[4.013s] copying /home/csd/CSD-Project/build/picar_pro/build/lib/picar_pro/picar_handler.py -> /home/csd/CSD-Project/install/picar_pro/lib/python3.10/site-packages/picar_pro
[4.019s] byte-compiling /home/csd/CSD-Project/install/picar_pro/lib/python3.10/site-packages/picar_pro/picar_handler.py to picar_handler.cpython-310.pyc
[4.023s] running install_data
[4.026s] running install_egg_info
[4.032s] removing '/home/csd/CSD-Project/install/picar_pro/lib/python3.10/site-packages/picar_pro-0.0.0-py3.10.egg-info' (and everything under it)
[4.034s] Copying ../../build/picar_pro/picar_pro.egg-info to /home/csd/CSD-Project/install/picar_pro/lib/python3.10/site-packages/picar_pro-0.0.0-py3.10.egg-info
[4.038s] running install_scripts
[4.115s] Installing analysis_handler script to /home/csd/CSD-Project/install/picar_pro/lib/picar_pro
[4.115s] Installing comm_handler script to /home/csd/CSD-Project/install/picar_pro/lib/picar_pro
[4.116s] Installing picar_handler script to /home/csd/CSD-Project/install/picar_pro/lib/picar_pro
[4.117s] Installing servo_handler script to /home/csd/CSD-Project/install/picar_pro/lib/picar_pro
[4.118s] Installing wheels_handler script to /home/csd/CSD-Project/install/picar_pro/lib/picar_pro
[4.120s] writing list of installed files to '/home/csd/CSD-Project/build/picar_pro/install.log'
[4.234s] Invoked command in '/home/csd/CSD-Project/src/picar_pro' returned '0': PYTHONPATH=/home/csd/CSD-Project/build/picar_pro/prefix_override:/home/csd/CSD-Project/install/picar_pro/lib/python3.10/site-packages:${PYTHONPATH} /usr/bin/python3 setup.py egg_info --egg-base ../../build/picar_pro build --build-base /home/csd/CSD-Project/build/picar_pro/build install --record /home/csd/CSD-Project/build/picar_pro/install.log --single-version-externally-managed
