[3.620s] Invoking command in '/home/csd/CSD-Project/src/picar_pro': PYTHONPATH=/home/csd/CSD-Project/build/picar_pro/prefix_override:/home/csd/CSD-Project/install/picar_pro/lib/python3.10/site-packages:${PYTHONPATH} /usr/bin/python3 setup.py egg_info --egg-base ../../build/picar_pro build --build-base /home/csd/CSD-Project/build/picar_pro/build install --record /home/csd/CSD-Project/build/picar_pro/install.log --single-version-externally-managed
[4.587s] running egg_info
[4.590s] writing ../../build/picar_pro/picar_pro.egg-info/PKG-INFO
[4.591s] writing dependency_links to ../../build/picar_pro/picar_pro.egg-info/dependency_links.txt
[4.592s] writing entry points to ../../build/picar_pro/picar_pro.egg-info/entry_points.txt
[4.592s] writing requirements to ../../build/picar_pro/picar_pro.egg-info/requires.txt
[4.593s] writing top-level names to ../../build/picar_pro/picar_pro.egg-info/top_level.txt
[4.601s] reading manifest file '../../build/picar_pro/picar_pro.egg-info/SOURCES.txt'
[4.604s] adding license file 'LICENSE'
[4.608s] writing manifest file '../../build/picar_pro/picar_pro.egg-info/SOURCES.txt'
[4.608s] running build
[4.609s] running build_py
[4.610s] copying picar_pro/picar_handler.py -> /home/csd/CSD-Project/build/picar_pro/build/lib/picar_pro
[4.612s] copying picar_pro/analysis_handler.py -> /home/csd/CSD-Project/build/picar_pro/build/lib/picar_pro
[4.614s] copying picar_pro/ObjectAnalysis.py -> /home/csd/CSD-Project/build/picar_pro/build/lib/picar_pro
[4.616s] running install
[4.617s] /usr/lib/python3/dist-packages/setuptools/command/install.py:34: SetuptoolsDeprecationWarning: setup.py install is deprecated. Use build and pip and other standards-based tools.
[4.617s]   warnings.warn(
[4.618s] running install_lib
[4.623s] copying /home/csd/CSD-Project/build/picar_pro/build/lib/picar_pro/picar_handler.py -> /home/csd/CSD-Project/install/picar_pro/lib/python3.10/site-packages/picar_pro
[4.624s] copying /home/csd/CSD-Project/build/picar_pro/build/lib/picar_pro/analysis_handler.py -> /home/csd/CSD-Project/install/picar_pro/lib/python3.10/site-packages/picar_pro
[4.626s] copying /home/csd/CSD-Project/build/picar_pro/build/lib/picar_pro/ObjectAnalysis.py -> /home/csd/CSD-Project/install/picar_pro/lib/python3.10/site-packages/picar_pro
[4.629s] byte-compiling /home/csd/CSD-Project/install/picar_pro/lib/python3.10/site-packages/picar_pro/picar_handler.py to picar_handler.cpython-310.pyc
[4.633s] byte-compiling /home/csd/CSD-Project/install/picar_pro/lib/python3.10/site-packages/picar_pro/analysis_handler.py to analysis_handler.cpython-310.pyc
[4.636s] byte-compiling /home/csd/CSD-Project/install/picar_pro/lib/python3.10/site-packages/picar_pro/ObjectAnalysis.py to ObjectAnalysis.cpython-310.pyc
[4.638s] running install_data
[4.641s] running install_egg_info
[4.647s] removing '/home/csd/CSD-Project/install/picar_pro/lib/python3.10/site-packages/picar_pro-0.0.0-py3.10.egg-info' (and everything under it)
[4.652s] Copying ../../build/picar_pro/picar_pro.egg-info to /home/csd/CSD-Project/install/picar_pro/lib/python3.10/site-packages/picar_pro-0.0.0-py3.10.egg-info
[4.658s] running install_scripts
[4.736s] Installing analysis_handler script to /home/csd/CSD-Project/install/picar_pro/lib/picar_pro
[4.737s] Installing camera_handler script to /home/csd/CSD-Project/install/picar_pro/lib/picar_pro
[4.738s] Installing comm_handler script to /home/csd/CSD-Project/install/picar_pro/lib/picar_pro
[4.739s] Installing picar_handler script to /home/csd/CSD-Project/install/picar_pro/lib/picar_pro
[4.739s] Installing servo_handler script to /home/csd/CSD-Project/install/picar_pro/lib/picar_pro
[4.740s] Installing wheels_handler script to /home/csd/CSD-Project/install/picar_pro/lib/picar_pro
[4.742s] writing list of installed files to '/home/csd/CSD-Project/build/picar_pro/install.log'
[4.855s] Invoked command in '/home/csd/CSD-Project/src/picar_pro' returned '0': PYTHONPATH=/home/csd/CSD-Project/build/picar_pro/prefix_override:/home/csd/CSD-Project/install/picar_pro/lib/python3.10/site-packages:${PYTHONPATH} /usr/bin/python3 setup.py egg_info --egg-base ../../build/picar_pro build --build-base /home/csd/CSD-Project/build/picar_pro/build install --record /home/csd/CSD-Project/build/picar_pro/install.log --single-version-externally-managed
