running egg_info
creating ../../build/picar_pro/picar_pro.egg-info
writing ../../build/picar_pro/picar_pro.egg-info/PKG-INFO
writing dependency_links to ../../build/picar_pro/picar_pro.egg-info/dependency_links.txt
writing entry points to ../../build/picar_pro/picar_pro.egg-info/entry_points.txt
writing requirements to ../../build/picar_pro/picar_pro.egg-info/requires.txt
writing top-level names to ../../build/picar_pro/picar_pro.egg-info/top_level.txt
writing manifest file '../../build/picar_pro/picar_pro.egg-info/SOURCES.txt'
reading manifest file '../../build/picar_pro/picar_pro.egg-info/SOURCES.txt'
adding license file 'LICENSE'
writing manifest file '../../build/picar_pro/picar_pro.egg-info/SOURCES.txt'
running build
running build_py
creating /home/csd/CSD-Project/build/picar_pro/build
creating /home/csd/CSD-Project/build/picar_pro/build/lib
creating /home/csd/CSD-Project/build/picar_pro/build/lib/picar_pro
copying picar_pro/ServoController.py -> /home/csd/CSD-Project/build/picar_pro/build/lib/picar_pro
copying picar_pro/WheelController.py -> /home/csd/CSD-Project/build/picar_pro/build/lib/picar_pro
copying picar_pro/CarMovement.py -> /home/csd/CSD-Project/build/picar_pro/build/lib/picar_pro
copying picar_pro/Subscriber.py -> /home/csd/CSD-Project/build/picar_pro/build/lib/picar_pro
copying picar_pro/__init__.py -> /home/csd/CSD-Project/build/picar_pro/build/lib/picar_pro
copying picar_pro/Publisher.py -> /home/csd/CSD-Project/build/picar_pro/build/lib/picar_pro
running install
/usr/lib/python3/dist-packages/setuptools/command/install.py:34: SetuptoolsDeprecationWarning: setup.py install is deprecated. Use build and pip and other standards-based tools.
  warnings.warn(
running install_lib
creating /home/csd/CSD-Project/install/picar_pro/lib/python3.10/site-packages/picar_pro
copying /home/csd/CSD-Project/build/picar_pro/build/lib/picar_pro/ServoController.py -> /home/csd/CSD-Project/install/picar_pro/lib/python3.10/site-packages/picar_pro
copying /home/csd/CSD-Project/build/picar_pro/build/lib/picar_pro/WheelController.py -> /home/csd/CSD-Project/install/picar_pro/lib/python3.10/site-packages/picar_pro
copying /home/csd/CSD-Project/build/picar_pro/build/lib/picar_pro/CarMovement.py -> /home/csd/CSD-Project/install/picar_pro/lib/python3.10/site-packages/picar_pro
copying /home/csd/CSD-Project/build/picar_pro/build/lib/picar_pro/Subscriber.py -> /home/csd/CSD-Project/install/picar_pro/lib/python3.10/site-packages/picar_pro
copying /home/csd/CSD-Project/build/picar_pro/build/lib/picar_pro/__init__.py -> /home/csd/CSD-Project/install/picar_pro/lib/python3.10/site-packages/picar_pro
copying /home/csd/CSD-Project/build/picar_pro/build/lib/picar_pro/Publisher.py -> /home/csd/CSD-Project/install/picar_pro/lib/python3.10/site-packages/picar_pro
byte-compiling /home/csd/CSD-Project/install/picar_pro/lib/python3.10/site-packages/picar_pro/ServoController.py to ServoController.cpython-310.pyc
byte-compiling /home/csd/CSD-Project/install/picar_pro/lib/python3.10/site-packages/picar_pro/WheelController.py to WheelController.cpython-310.pyc
byte-compiling /home/csd/CSD-Project/install/picar_pro/lib/python3.10/site-packages/picar_pro/CarMovement.py to CarMovement.cpython-310.pyc
byte-compiling /home/csd/CSD-Project/install/picar_pro/lib/python3.10/site-packages/picar_pro/Subscriber.py to Subscriber.cpython-310.pyc
byte-compiling /home/csd/CSD-Project/install/picar_pro/lib/python3.10/site-packages/picar_pro/__init__.py to __init__.cpython-310.pyc
byte-compiling /home/csd/CSD-Project/install/picar_pro/lib/python3.10/site-packages/picar_pro/Publisher.py to Publisher.cpython-310.pyc
running install_data
creating /home/csd/CSD-Project/install/picar_pro/share/ament_index
creating /home/csd/CSD-Project/install/picar_pro/share/ament_index/resource_index
creating /home/csd/CSD-Project/install/picar_pro/share/ament_index/resource_index/packages
copying resource/picar_pro -> /home/csd/CSD-Project/install/picar_pro/share/ament_index/resource_index/packages
copying package.xml -> /home/csd/CSD-Project/install/picar_pro/share/picar_pro
running install_egg_info
Copying ../../build/picar_pro/picar_pro.egg-info to /home/csd/CSD-Project/install/picar_pro/lib/python3.10/site-packages/picar_pro-0.0.0-py3.10.egg-info
running install_scripts
Installing listener script to /home/csd/CSD-Project/install/picar_pro/lib/picar_pro
Installing talker script to /home/csd/CSD-Project/install/picar_pro/lib/picar_pro
writing list of installed files to '/home/csd/CSD-Project/build/picar_pro/install.log'
