[4.665s] Invoking command in '/home/csd/CSD-Project/src/smart_arm': PYTHONPATH=/home/csd/CSD-Project/build/smart_arm/prefix_override:/home/csd/CSD-Project/install/smart_arm/lib/python3.10/site-packages:${PYTHONPATH} /usr/bin/python3 setup.py egg_info --egg-base ../../build/smart_arm build --build-base /home/csd/CSD-Project/build/smart_arm/build install --record /home/csd/CSD-Project/build/smart_arm/install.log --single-version-externally-managed
[5.758s] running egg_info
[5.761s] writing ../../build/smart_arm/smart_arm.egg-info/PKG-INFO
[5.762s] writing dependency_links to ../../build/smart_arm/smart_arm.egg-info/dependency_links.txt
[5.765s] writing entry points to ../../build/smart_arm/smart_arm.egg-info/entry_points.txt
[5.765s] writing requirements to ../../build/smart_arm/smart_arm.egg-info/requires.txt
[5.766s] writing top-level names to ../../build/smart_arm/smart_arm.egg-info/top_level.txt
[5.773s] reading manifest file '../../build/smart_arm/smart_arm.egg-info/SOURCES.txt'
[5.776s] adding license file 'LICENSE'
[5.779s] writing manifest file '../../build/smart_arm/smart_arm.egg-info/SOURCES.txt'
[5.780s] running build
[5.780s] running build_py
[5.782s] copying smart_arm/claw_motor.py -> /home/csd/CSD-Project/build/smart_arm/build/lib/smart_arm
[5.787s] running install
[5.787s] /usr/lib/python3/dist-packages/setuptools/command/install.py:34: SetuptoolsDeprecationWarning: setup.py install is deprecated. Use build and pip and other standards-based tools.
[5.788s]   warnings.warn(
[5.789s] running install_lib
[5.791s] copying /home/csd/CSD-Project/build/smart_arm/build/lib/smart_arm/claw_motor.py -> /home/csd/CSD-Project/install/smart_arm/lib/python3.10/site-packages/smart_arm
[5.795s] byte-compiling /home/csd/CSD-Project/install/smart_arm/lib/python3.10/site-packages/smart_arm/claw_motor.py to claw_motor.cpython-310.pyc
[5.799s] running install_data
[5.802s] running install_egg_info
[5.810s] removing '/home/csd/CSD-Project/install/smart_arm/lib/python3.10/site-packages/smart_arm-0.0.0-py3.10.egg-info' (and everything under it)
[5.812s] Copying ../../build/smart_arm/smart_arm.egg-info to /home/csd/CSD-Project/install/smart_arm/lib/python3.10/site-packages/smart_arm-0.0.0-py3.10.egg-info
[5.818s] running install_scripts
[5.909s] Installing car_arm_communication script to /home/csd/CSD-Project/install/smart_arm/lib/smart_arm
[5.911s] Installing claw_motor script to /home/csd/CSD-Project/install/smart_arm/lib/smart_arm
[5.912s] Installing listener script to /home/csd/CSD-Project/install/smart_arm/lib/smart_arm
[5.914s] Installing movement script to /home/csd/CSD-Project/install/smart_arm/lib/smart_arm
[5.916s] Installing publisher_node script to /home/csd/CSD-Project/install/smart_arm/lib/smart_arm
[5.918s] Installing servo_handler script to /home/csd/CSD-Project/install/smart_arm/lib/smart_arm
[5.920s] Installing talker script to /home/csd/CSD-Project/install/smart_arm/lib/smart_arm
[5.924s] writing list of installed files to '/home/csd/CSD-Project/build/smart_arm/install.log'
[6.318s] Invoked command in '/home/csd/CSD-Project/src/smart_arm' returned '0': PYTHONPATH=/home/csd/CSD-Project/build/smart_arm/prefix_override:/home/csd/CSD-Project/install/smart_arm/lib/python3.10/site-packages:${PYTHONPATH} /usr/bin/python3 setup.py egg_info --egg-base ../../build/smart_arm build --build-base /home/csd/CSD-Project/build/smart_arm/build install --record /home/csd/CSD-Project/build/smart_arm/install.log --single-version-externally-managed
