[4.031s] DEBUG:colcon:Command line arguments: ['/usr/bin/colcon', 'build']
[4.031s] DEBUG:colcon:Parsed command line arguments: Namespace(log_base=None, log_level=None, verb_name='build', build_base='build', install_base='install', merge_install=False, symlink_install=False, test_result_base=None, continue_on_error=False, executor='parallel', parallel_workers=4, event_handlers=None, ignore_user_meta=False, metas=['./colcon.meta'], base_paths=['.'], packages_ignore=None, packages_ignore_regex=None, paths=None, packages_up_to=None, packages_up_to_regex=None, packages_above=None, packages_above_and_dependencies=None, packages_above_depth=None, packages_select_by_dep=None, packages_skip_by_dep=None, packages_skip_up_to=None, packages_select_build_failed=False, packages_skip_build_finished=False, packages_select_test_failures=False, packages_skip_test_passed=False, packages_select=None, packages_skip=None, packages_select_regex=None, packages_skip_regex=None, packages_start=None, packages_end=None, allow_overriding=[], cmake_args=None, cmake_target=None, cmake_target_skip_unavailable=False, cmake_clean_cache=False, cmake_clean_first=False, cmake_force_configure=False, ament_cmake_args=None, catkin_cmake_args=None, catkin_skip_building_tests=False, verb_parser=<colcon_defaults.argument_parser.defaults.DefaultArgumentsDecorator object at 0xffff7eb27df0>, verb_extension=<colcon_core.verb.build.BuildVerb object at 0xffff7eb41f00>, main=<bound method BuildVerb.main of <colcon_core.verb.build.BuildVerb object at 0xffff7eb41f00>>)
[4.285s] Level 1:colcon.colcon_core.package_discovery:discover_packages(colcon_meta) check parameters
[4.286s] Level 1:colcon.colcon_core.package_discovery:discover_packages(recursive) check parameters
[4.286s] Level 1:colcon.colcon_core.package_discovery:discover_packages(ignore) check parameters
[4.286s] Level 1:colcon.colcon_core.package_discovery:discover_packages(path) check parameters
[4.286s] Level 1:colcon.colcon_core.package_discovery:discover_packages(colcon_meta) discover
[4.286s] Level 1:colcon.colcon_core.package_discovery:discover_packages(recursive) discover
[4.287s] INFO:colcon.colcon_core.package_discovery:Crawling recursively for packages in '/home/csd/CSD-Project'
[4.287s] Level 1:colcon.colcon_core.package_identification:_identify(.) by extensions ['ignore', 'ignore_ament_install']
[4.288s] Level 1:colcon.colcon_core.package_identification:_identify(.) by extension 'ignore'
[4.288s] Level 1:colcon.colcon_core.package_identification:_identify(.) by extension 'ignore_ament_install'
[4.288s] Level 1:colcon.colcon_core.package_identification:_identify(.) by extensions ['colcon_pkg']
[4.289s] Level 1:colcon.colcon_core.package_identification:_identify(.) by extension 'colcon_pkg'
[4.289s] Level 1:colcon.colcon_core.package_identification:_identify(.) by extensions ['colcon_meta']
[4.289s] Level 1:colcon.colcon_core.package_identification:_identify(.) by extension 'colcon_meta'
[4.289s] Level 1:colcon.colcon_core.package_identification:_identify(.) by extensions ['ros']
[4.289s] Level 1:colcon.colcon_core.package_identification:_identify(.) by extension 'ros'
[4.343s] Level 1:colcon.colcon_core.package_identification:_identify(.) by extensions ['cmake', 'python']
[4.343s] Level 1:colcon.colcon_core.package_identification:_identify(.) by extension 'cmake'
[4.343s] Level 1:colcon.colcon_core.package_identification:_identify(.) by extension 'python'
[4.343s] Level 1:colcon.colcon_core.package_identification:_identify(.) by extensions ['python_setup_py']
[4.343s] Level 1:colcon.colcon_core.package_identification:_identify(.) by extension 'python_setup_py'
[4.344s] Level 1:colcon.colcon_core.package_identification:_identify(build) by extensions ['ignore', 'ignore_ament_install']
[4.344s] Level 1:colcon.colcon_core.package_identification:_identify(build) by extension 'ignore'
[4.344s] Level 1:colcon.colcon_core.package_identification:_identify(build) ignored
[4.345s] Level 1:colcon.colcon_core.package_identification:_identify(install) by extensions ['ignore', 'ignore_ament_install']
[4.345s] Level 1:colcon.colcon_core.package_identification:_identify(install) by extension 'ignore'
[4.346s] Level 1:colcon.colcon_core.package_identification:_identify(install) ignored
[4.347s] Level 1:colcon.colcon_core.package_identification:_identify(log) by extensions ['ignore', 'ignore_ament_install']
[4.347s] Level 1:colcon.colcon_core.package_identification:_identify(log) by extension 'ignore'
[4.347s] Level 1:colcon.colcon_core.package_identification:_identify(log) ignored
[4.348s] Level 1:colcon.colcon_core.package_identification:_identify(src) by extensions ['ignore', 'ignore_ament_install']
[4.348s] Level 1:colcon.colcon_core.package_identification:_identify(src) by extension 'ignore'
[4.348s] Level 1:colcon.colcon_core.package_identification:_identify(src) by extension 'ignore_ament_install'
[4.348s] Level 1:colcon.colcon_core.package_identification:_identify(src) by extensions ['colcon_pkg']
[4.348s] Level 1:colcon.colcon_core.package_identification:_identify(src) by extension 'colcon_pkg'
[4.349s] Level 1:colcon.colcon_core.package_identification:_identify(src) by extensions ['colcon_meta']
[4.349s] Level 1:colcon.colcon_core.package_identification:_identify(src) by extension 'colcon_meta'
[4.349s] Level 1:colcon.colcon_core.package_identification:_identify(src) by extensions ['ros']
[4.349s] Level 1:colcon.colcon_core.package_identification:_identify(src) by extension 'ros'
[4.349s] Level 1:colcon.colcon_core.package_identification:_identify(src) by extensions ['cmake', 'python']
[4.349s] Level 1:colcon.colcon_core.package_identification:_identify(src) by extension 'cmake'
[4.350s] Level 1:colcon.colcon_core.package_identification:_identify(src) by extension 'python'
[4.350s] Level 1:colcon.colcon_core.package_identification:_identify(src) by extensions ['python_setup_py']
[4.350s] Level 1:colcon.colcon_core.package_identification:_identify(src) by extension 'python_setup_py'
[4.350s] Level 1:colcon.colcon_core.package_identification:_identify(src/picar_pro) by extensions ['ignore', 'ignore_ament_install']
[4.351s] Level 1:colcon.colcon_core.package_identification:_identify(src/picar_pro) by extension 'ignore'
[4.351s] Level 1:colcon.colcon_core.package_identification:_identify(src/picar_pro) by extension 'ignore_ament_install'
[4.351s] Level 1:colcon.colcon_core.package_identification:_identify(src/picar_pro) by extensions ['colcon_pkg']
[4.351s] Level 1:colcon.colcon_core.package_identification:_identify(src/picar_pro) by extension 'colcon_pkg'
[4.351s] Level 1:colcon.colcon_core.package_identification:_identify(src/picar_pro) by extensions ['colcon_meta']
[4.351s] Level 1:colcon.colcon_core.package_identification:_identify(src/picar_pro) by extension 'colcon_meta'
[4.352s] Level 1:colcon.colcon_core.package_identification:_identify(src/picar_pro) by extensions ['ros']
[4.352s] Level 1:colcon.colcon_core.package_identification:_identify(src/picar_pro) by extension 'ros'
[4.360s] DEBUG:colcon.colcon_core.package_identification:Package 'src/picar_pro' with type 'ros.ament_python' and name 'picar_pro'
[4.361s] Level 1:colcon.colcon_core.package_identification:_identify(src/smart_arm) by extensions ['ignore', 'ignore_ament_install']
[4.361s] Level 1:colcon.colcon_core.package_identification:_identify(src/smart_arm) by extension 'ignore'
[4.362s] Level 1:colcon.colcon_core.package_identification:_identify(src/smart_arm) by extension 'ignore_ament_install'
[4.362s] Level 1:colcon.colcon_core.package_identification:_identify(src/smart_arm) by extensions ['colcon_pkg']
[4.362s] Level 1:colcon.colcon_core.package_identification:_identify(src/smart_arm) by extension 'colcon_pkg'
[4.362s] Level 1:colcon.colcon_core.package_identification:_identify(src/smart_arm) by extensions ['colcon_meta']
[4.362s] Level 1:colcon.colcon_core.package_identification:_identify(src/smart_arm) by extension 'colcon_meta'
[4.362s] Level 1:colcon.colcon_core.package_identification:_identify(src/smart_arm) by extensions ['ros']
[4.363s] Level 1:colcon.colcon_core.package_identification:_identify(src/smart_arm) by extension 'ros'
[4.364s] DEBUG:colcon.colcon_core.package_identification:Package 'src/smart_arm' with type 'ros.ament_python' and name 'smart_arm'
[4.365s] Level 1:colcon.colcon_core.package_discovery:discover_packages(recursive) using defaults
[4.365s] Level 1:colcon.colcon_core.package_discovery:discover_packages(ignore) discover
[4.365s] Level 1:colcon.colcon_core.package_discovery:discover_packages(ignore) using defaults
[4.365s] Level 1:colcon.colcon_core.package_discovery:discover_packages(path) discover
[4.365s] Level 1:colcon.colcon_core.package_discovery:discover_packages(path) using defaults
[4.717s] Level 1:colcon.colcon_core.package_discovery:discover_packages(prefix_path) check parameters
[4.717s] Level 1:colcon.colcon_core.package_discovery:discover_packages(prefix_path) discover
[4.834s] DEBUG:colcon.colcon_installed_package_information.package_discovery:Found 2 installed packages in /home/csd/CSD-Project/install
[4.896s] DEBUG:colcon.colcon_installed_package_information.package_discovery:Found 192 installed packages in /opt/ros/iron
[4.901s] Level 1:colcon.colcon_core.package_discovery:discover_packages(prefix_path) using defaults
[5.155s] Level 5:colcon.colcon_core.verb:set package 'picar_pro' build argument 'cmake_args' from command line to 'None'
[5.155s] Level 5:colcon.colcon_core.verb:set package 'picar_pro' build argument 'cmake_target' from command line to 'None'
[5.156s] Level 5:colcon.colcon_core.verb:set package 'picar_pro' build argument 'cmake_target_skip_unavailable' from command line to 'False'
[5.156s] Level 5:colcon.colcon_core.verb:set package 'picar_pro' build argument 'cmake_clean_cache' from command line to 'False'
[5.156s] Level 5:colcon.colcon_core.verb:set package 'picar_pro' build argument 'cmake_clean_first' from command line to 'False'
[5.156s] Level 5:colcon.colcon_core.verb:set package 'picar_pro' build argument 'cmake_force_configure' from command line to 'False'
[5.156s] Level 5:colcon.colcon_core.verb:set package 'picar_pro' build argument 'ament_cmake_args' from command line to 'None'
[5.156s] Level 5:colcon.colcon_core.verb:set package 'picar_pro' build argument 'catkin_cmake_args' from command line to 'None'
[5.156s] Level 5:colcon.colcon_core.verb:set package 'picar_pro' build argument 'catkin_skip_building_tests' from command line to 'False'
[5.156s] DEBUG:colcon.colcon_core.verb:Building package 'picar_pro' with the following arguments: {'ament_cmake_args': None, 'build_base': '/home/csd/CSD-Project/build/picar_pro', 'catkin_cmake_args': None, 'catkin_skip_building_tests': False, 'cmake_args': None, 'cmake_clean_cache': False, 'cmake_clean_first': False, 'cmake_force_configure': False, 'cmake_target': None, 'cmake_target_skip_unavailable': False, 'install_base': '/home/csd/CSD-Project/install/picar_pro', 'merge_install': False, 'path': '/home/csd/CSD-Project/src/picar_pro', 'symlink_install': False, 'test_result_base': None}
[5.212s] Level 5:colcon.colcon_core.verb:set package 'smart_arm' build argument 'cmake_args' from command line to 'None'
[5.212s] Level 5:colcon.colcon_core.verb:set package 'smart_arm' build argument 'cmake_target' from command line to 'None'
[5.212s] Level 5:colcon.colcon_core.verb:set package 'smart_arm' build argument 'cmake_target_skip_unavailable' from command line to 'False'
[5.213s] Level 5:colcon.colcon_core.verb:set package 'smart_arm' build argument 'cmake_clean_cache' from command line to 'False'
[5.213s] Level 5:colcon.colcon_core.verb:set package 'smart_arm' build argument 'cmake_clean_first' from command line to 'False'
[5.213s] Level 5:colcon.colcon_core.verb:set package 'smart_arm' build argument 'cmake_force_configure' from command line to 'False'
[5.213s] Level 5:colcon.colcon_core.verb:set package 'smart_arm' build argument 'ament_cmake_args' from command line to 'None'
[5.213s] Level 5:colcon.colcon_core.verb:set package 'smart_arm' build argument 'catkin_cmake_args' from command line to 'None'
[5.213s] Level 5:colcon.colcon_core.verb:set package 'smart_arm' build argument 'catkin_skip_building_tests' from command line to 'False'
[5.213s] DEBUG:colcon.colcon_core.verb:Building package 'smart_arm' with the following arguments: {'ament_cmake_args': None, 'build_base': '/home/csd/CSD-Project/build/smart_arm', 'catkin_cmake_args': None, 'catkin_skip_building_tests': False, 'cmake_args': None, 'cmake_clean_cache': False, 'cmake_clean_first': False, 'cmake_force_configure': False, 'cmake_target': None, 'cmake_target_skip_unavailable': False, 'install_base': '/home/csd/CSD-Project/install/smart_arm', 'merge_install': False, 'path': '/home/csd/CSD-Project/src/smart_arm', 'symlink_install': False, 'test_result_base': None}
[5.267s] INFO:colcon.colcon_core.executor:Executing jobs using 'parallel' executor
[5.326s] DEBUG:colcon.colcon_parallel_executor.executor.parallel:run_until_complete
[5.326s] INFO:colcon.colcon_ros.task.ament_python.build:Building ROS package in '/home/csd/CSD-Project/src/picar_pro' with build type 'ament_python'
[5.327s] Level 1:colcon.colcon_core.shell:create_environment_hook('picar_pro', 'ament_prefix_path')
[5.391s] INFO:colcon.colcon_core.plugin_system:Skipping extension 'colcon_core.shell.bat': Not used on non-Windows systems
[5.391s] INFO:colcon.colcon_core.shell:Creating environment hook '/home/csd/CSD-Project/install/picar_pro/share/picar_pro/hook/ament_prefix_path.ps1'
[5.394s] INFO:colcon.colcon_core.shell:Creating environment descriptor '/home/csd/CSD-Project/install/picar_pro/share/picar_pro/hook/ament_prefix_path.dsv'
[5.396s] INFO:colcon.colcon_core.shell:Creating environment hook '/home/csd/CSD-Project/install/picar_pro/share/picar_pro/hook/ament_prefix_path.sh'
[5.455s] INFO:colcon.colcon_core.shell:Skip shell extension 'powershell' for command environment: Not usable outside of PowerShell
[5.455s] DEBUG:colcon.colcon_core.shell:Skip shell extension 'dsv' for command environment
[5.635s] INFO:colcon.colcon_ros.task.ament_python.build:Building ROS package in '/home/csd/CSD-Project/src/smart_arm' with build type 'ament_python'
[5.636s] Level 1:colcon.colcon_core.shell:create_environment_hook('smart_arm', 'ament_prefix_path')
[5.695s] INFO:colcon.colcon_core.shell:Creating environment hook '/home/csd/CSD-Project/install/smart_arm/share/smart_arm/hook/ament_prefix_path.ps1'
[5.696s] INFO:colcon.colcon_core.shell:Creating environment descriptor '/home/csd/CSD-Project/install/smart_arm/share/smart_arm/hook/ament_prefix_path.dsv'
[5.698s] INFO:colcon.colcon_core.shell:Creating environment hook '/home/csd/CSD-Project/install/smart_arm/share/smart_arm/hook/ament_prefix_path.sh'
[5.756s] INFO:colcon.colcon_core.shell:Skip shell extension 'powershell' for command environment: Not usable outside of PowerShell
[5.757s] DEBUG:colcon.colcon_core.shell:Skip shell extension 'dsv' for command environment
[6.994s] INFO:colcon.colcon_core.task.python.build:Building Python package in '/home/csd/CSD-Project/src/picar_pro'
[7.055s] INFO:colcon.colcon_core.shell:Skip shell extension 'powershell' for command environment: Not usable outside of PowerShell
[7.056s] DEBUG:colcon.colcon_core.shell:Skip shell extension 'dsv' for command environment
[8.286s] INFO:colcon.colcon_core.task.python.build:Building Python package in '/home/csd/CSD-Project/src/smart_arm'
[8.345s] INFO:colcon.colcon_core.shell:Skip shell extension 'powershell' for command environment: Not usable outside of PowerShell
[8.345s] DEBUG:colcon.colcon_core.shell:Skip shell extension 'dsv' for command environment
[10.277s] DEBUG:colcon.colcon_core.event_handler.log_command:Invoking command in '/home/csd/CSD-Project/src/smart_arm': PYTHONPATH=/home/csd/CSD-Project/build/smart_arm/prefix_override:/home/csd/CSD-Project/install/smart_arm/lib/python3.10/site-packages:${PYTHONPATH} /usr/bin/python3 setup.py egg_info --egg-base ../../build/smart_arm build --build-base /home/csd/CSD-Project/build/smart_arm/build install --record /home/csd/CSD-Project/build/smart_arm/install.log --single-version-externally-managed
[10.293s] DEBUG:colcon.colcon_core.event_handler.log_command:Invoking command in '/home/csd/CSD-Project/src/picar_pro': PYTHONPATH=/home/csd/CSD-Project/build/picar_pro/prefix_override:/home/csd/CSD-Project/install/picar_pro/lib/python3.10/site-packages:${PYTHONPATH} /usr/bin/python3 setup.py egg_info --egg-base ../../build/picar_pro build --build-base /home/csd/CSD-Project/build/picar_pro/build install --record /home/csd/CSD-Project/build/picar_pro/install.log --single-version-externally-managed
[11.810s] DEBUG:colcon.colcon_core.event_handler.log_command:Invoked command in '/home/csd/CSD-Project/src/smart_arm' returned '0': PYTHONPATH=/home/csd/CSD-Project/build/smart_arm/prefix_override:/home/csd/CSD-Project/install/smart_arm/lib/python3.10/site-packages:${PYTHONPATH} /usr/bin/python3 setup.py egg_info --egg-base ../../build/smart_arm build --build-base /home/csd/CSD-Project/build/smart_arm/build install --record /home/csd/CSD-Project/build/smart_arm/install.log --single-version-externally-managed
[11.985s] Level 1:colcon.colcon_core.environment:checking '/home/csd/CSD-Project/install/smart_arm' for CMake module files
[11.989s] Level 1:colcon.colcon_core.environment:checking '/home/csd/CSD-Project/install/smart_arm' for CMake config files
[11.994s] Level 1:colcon.colcon_core.environment:checking '/home/csd/CSD-Project/install/smart_arm/lib'
[11.996s] Level 1:colcon.colcon_core.environment:checking '/home/csd/CSD-Project/install/smart_arm/bin'
[11.996s] Level 1:colcon.colcon_core.environment:checking '/home/csd/CSD-Project/install/smart_arm/lib/pkgconfig/smart_arm.pc'
[11.998s] Level 1:colcon.colcon_core.environment:checking '/home/csd/CSD-Project/install/smart_arm/lib/python3.10/site-packages'
[12.000s] Level 1:colcon.colcon_core.shell:create_environment_hook('smart_arm', 'pythonpath')
[12.088s] INFO:colcon.colcon_core.shell:Creating environment hook '/home/csd/CSD-Project/install/smart_arm/share/smart_arm/hook/pythonpath.ps1'
[12.090s] INFO:colcon.colcon_core.shell:Creating environment descriptor '/home/csd/CSD-Project/install/smart_arm/share/smart_arm/hook/pythonpath.dsv'
[12.092s] INFO:colcon.colcon_core.shell:Creating environment hook '/home/csd/CSD-Project/install/smart_arm/share/smart_arm/hook/pythonpath.sh'
[12.094s] Level 1:colcon.colcon_core.environment:checking '/home/csd/CSD-Project/install/smart_arm/bin'
[12.095s] Level 1:colcon.colcon_core.environment:create_environment_scripts_only(smart_arm)
[12.174s] INFO:colcon.colcon_core.shell:Creating package script '/home/csd/CSD-Project/install/smart_arm/share/smart_arm/package.ps1'
[12.179s] INFO:colcon.colcon_core.shell:Creating package descriptor '/home/csd/CSD-Project/install/smart_arm/share/smart_arm/package.dsv'
[12.182s] INFO:colcon.colcon_core.shell:Creating package script '/home/csd/CSD-Project/install/smart_arm/share/smart_arm/package.sh'
[12.186s] INFO:colcon.colcon_core.shell:Creating package script '/home/csd/CSD-Project/install/smart_arm/share/smart_arm/package.bash'
[12.189s] INFO:colcon.colcon_core.shell:Creating package script '/home/csd/CSD-Project/install/smart_arm/share/smart_arm/package.zsh'
[12.192s] Level 1:colcon.colcon_core.environment:create_file_with_runtime_dependencies(/home/csd/CSD-Project/install/smart_arm/share/colcon-core/packages/smart_arm)
[12.198s] DEBUG:colcon.colcon_core.event_handler.log_command:Invoked command in '/home/csd/CSD-Project/src/picar_pro' returned '0': PYTHONPATH=/home/csd/CSD-Project/build/picar_pro/prefix_override:/home/csd/CSD-Project/install/picar_pro/lib/python3.10/site-packages:${PYTHONPATH} /usr/bin/python3 setup.py egg_info --egg-base ../../build/picar_pro build --build-base /home/csd/CSD-Project/build/picar_pro/build install --record /home/csd/CSD-Project/build/picar_pro/install.log --single-version-externally-managed
[12.256s] Level 1:colcon.colcon_core.environment:checking '/home/csd/CSD-Project/install/picar_pro' for CMake module files
[12.259s] Level 1:colcon.colcon_core.environment:checking '/home/csd/CSD-Project/install/picar_pro' for CMake config files
[12.262s] Level 1:colcon.colcon_core.environment:checking '/home/csd/CSD-Project/install/picar_pro/lib'
[12.263s] Level 1:colcon.colcon_core.environment:checking '/home/csd/CSD-Project/install/picar_pro/bin'
[12.263s] Level 1:colcon.colcon_core.environment:checking '/home/csd/CSD-Project/install/picar_pro/lib/pkgconfig/picar_pro.pc'
[12.264s] Level 1:colcon.colcon_core.environment:checking '/home/csd/CSD-Project/install/picar_pro/lib/python3.10/site-packages'
[12.264s] Level 1:colcon.colcon_core.shell:create_environment_hook('picar_pro', 'pythonpath')
[12.320s] INFO:colcon.colcon_core.shell:Creating environment hook '/home/csd/CSD-Project/install/picar_pro/share/picar_pro/hook/pythonpath.ps1'
[12.322s] INFO:colcon.colcon_core.shell:Creating environment descriptor '/home/csd/CSD-Project/install/picar_pro/share/picar_pro/hook/pythonpath.dsv'
[12.324s] INFO:colcon.colcon_core.shell:Creating environment hook '/home/csd/CSD-Project/install/picar_pro/share/picar_pro/hook/pythonpath.sh'
[12.326s] Level 1:colcon.colcon_core.environment:checking '/home/csd/CSD-Project/install/picar_pro/bin'
[12.327s] Level 1:colcon.colcon_core.environment:create_environment_scripts_only(picar_pro)
[12.394s] INFO:colcon.colcon_core.shell:Creating package script '/home/csd/CSD-Project/install/picar_pro/share/picar_pro/package.ps1'
[12.397s] INFO:colcon.colcon_core.shell:Creating package descriptor '/home/csd/CSD-Project/install/picar_pro/share/picar_pro/package.dsv'
[12.400s] INFO:colcon.colcon_core.shell:Creating package script '/home/csd/CSD-Project/install/picar_pro/share/picar_pro/package.sh'
[12.403s] INFO:colcon.colcon_core.shell:Creating package script '/home/csd/CSD-Project/install/picar_pro/share/picar_pro/package.bash'
[12.405s] INFO:colcon.colcon_core.shell:Creating package script '/home/csd/CSD-Project/install/picar_pro/share/picar_pro/package.zsh'
[12.408s] Level 1:colcon.colcon_core.environment:create_file_with_runtime_dependencies(/home/csd/CSD-Project/install/picar_pro/share/colcon-core/packages/picar_pro)
[12.409s] DEBUG:colcon.colcon_parallel_executor.executor.parallel:closing loop
[12.411s] DEBUG:colcon.colcon_parallel_executor.executor.parallel:loop closed
[12.411s] DEBUG:colcon.colcon_parallel_executor.executor.parallel:run_until_complete finished with '0'
[12.412s] DEBUG:colcon.colcon_core.event_reactor:joining thread
[12.493s] INFO:colcon.colcon_core.plugin_system:Skipping extension 'colcon_notification.desktop_notification.notify_send': Could not find 'notify-send'
[12.494s] INFO:colcon.colcon_core.plugin_system:Skipping extension 'colcon_notification.desktop_notification.terminal_notifier': Not used on non-Darwin systems
[12.494s] INFO:colcon.colcon_core.plugin_system:Skipping extension 'colcon_notification.desktop_notification.win32': Not used on non-Windows systems
[12.494s] INFO:colcon.colcon_notification.desktop_notification:Sending desktop notification using 'notify2'
[12.497s] DEBUG:colcon.colcon_notification.desktop_notification.notify2:Failed to initialize notify2: org.freedesktop.DBus.Error.ServiceUnknown: The name org.freedesktop.Notifications was not provided by any .service files
[12.497s] DEBUG:colcon.colcon_core.event_reactor:joined thread
[12.572s] INFO:colcon.colcon_core.shell:Creating prefix script '/home/csd/CSD-Project/install/local_setup.ps1'
[12.576s] INFO:colcon.colcon_core.shell:Creating prefix util module '/home/csd/CSD-Project/install/_local_setup_util_ps1.py'
[12.582s] INFO:colcon.colcon_core.shell:Creating prefix chain script '/home/csd/CSD-Project/install/setup.ps1'
[12.649s] INFO:colcon.colcon_core.shell:Creating prefix script '/home/csd/CSD-Project/install/local_setup.sh'
[12.651s] INFO:colcon.colcon_core.shell:Creating prefix util module '/home/csd/CSD-Project/install/_local_setup_util_sh.py'
[12.654s] INFO:colcon.colcon_core.shell:Creating prefix chain script '/home/csd/CSD-Project/install/setup.sh'
[12.715s] INFO:colcon.colcon_core.shell:Creating prefix script '/home/csd/CSD-Project/install/local_setup.bash'
[12.718s] INFO:colcon.colcon_core.shell:Creating prefix chain script '/home/csd/CSD-Project/install/setup.bash'
[12.800s] INFO:colcon.colcon_core.shell:Creating prefix script '/home/csd/CSD-Project/install/local_setup.zsh'
[12.803s] INFO:colcon.colcon_core.shell:Creating prefix chain script '/home/csd/CSD-Project/install/setup.zsh'
