[4.835s] Invoking command in '/home/csd/CSD-Project/src/picar_pro': PYTHONPATH=/home/csd/CSD-Project/build/picar_pro/prefix_override:/home/csd/CSD-Project/install/picar_pro/lib/python3.10/site-packages:${PYTHONPATH} /usr/bin/python3 setup.py egg_info --egg-base ../../build/picar_pro build --build-base /home/csd/CSD-Project/build/picar_pro/build install --record /home/csd/CSD-Project/build/picar_pro/install.log --single-version-externally-managed
[5.923s] running egg_info
[5.926s] writing ../../build/picar_pro/picar_pro.egg-info/PKG-INFO
[5.927s] writing dependency_links to ../../build/picar_pro/picar_pro.egg-info/dependency_links.txt
[5.928s] writing entry points to ../../build/picar_pro/picar_pro.egg-info/entry_points.txt
[5.929s] writing requirements to ../../build/picar_pro/picar_pro.egg-info/requires.txt
[5.930s] writing top-level names to ../../build/picar_pro/picar_pro.egg-info/top_level.txt
[5.939s] reading manifest file '../../build/picar_pro/picar_pro.egg-info/SOURCES.txt'
[5.941s] adding license file 'LICENSE'
[5.945s] writing manifest file '../../build/picar_pro/picar_pro.egg-info/SOURCES.txt'
[5.945s] running build
[5.946s] running build_py
[5.949s] /usr/lib/python3/dist-packages/setuptools/command/install.py:34: SetuptoolsDeprecationWarning: setup.py install is deprecated. Use build and pip and other standards-based tools.
[5.949s]   warnings.warn(
[5.950s] running install
[5.951s] running install_lib
[5.957s] running install_data
[5.959s] running install_egg_info
[5.968s] removing '/home/csd/CSD-Project/install/picar_pro/lib/python3.10/site-packages/picar_pro-0.0.0-py3.10.egg-info' (and everything under it)
[5.969s] Copying ../../build/picar_pro/picar_pro.egg-info to /home/csd/CSD-Project/install/picar_pro/lib/python3.10/site-packages/picar_pro-0.0.0-py3.10.egg-info
[5.974s] running install_scripts
[6.064s] Installing listener script to /home/csd/CSD-Project/install/picar_pro/lib/picar_pro
[6.065s] Installing movement script to /home/csd/CSD-Project/install/picar_pro/lib/picar_pro
[6.066s] Installing talker script to /home/csd/CSD-Project/install/picar_pro/lib/picar_pro
[6.069s] writing list of installed files to '/home/csd/CSD-Project/build/picar_pro/install.log'
[6.244s] Invoked command in '/home/csd/CSD-Project/src/picar_pro' returned '0': PYTHONPATH=/home/csd/CSD-Project/build/picar_pro/prefix_override:/home/csd/CSD-Project/install/picar_pro/lib/python3.10/site-packages:${PYTHONPATH} /usr/bin/python3 setup.py egg_info --egg-base ../../build/picar_pro build --build-base /home/csd/CSD-Project/build/picar_pro/build install --record /home/csd/CSD-Project/build/picar_pro/install.log --single-version-externally-managed
