[6.738s] Invoking command in '/home/csd/CSD-Project/src/py_package': PYTHONPATH=/home/csd/CSD-Project/build/py_package/prefix_override:/home/csd/CSD-Project/install/py_package/lib/python3.10/site-packages:${PYTHONPATH} /usr/bin/python3 setup.py egg_info --egg-base ../../build/py_package build --build-base /home/csd/CSD-Project/build/py_package/build install --record /home/csd/CSD-Project/build/py_package/install.log --single-version-externally-managed
[7.972s] running egg_info
[7.977s] writing ../../build/py_package/py_package.egg-info/PKG-INFO
[7.980s] writing dependency_links to ../../build/py_package/py_package.egg-info/dependency_links.txt
[7.980s] writing entry points to ../../build/py_package/py_package.egg-info/entry_points.txt
[7.981s] writing requirements to ../../build/py_package/py_package.egg-info/requires.txt
[7.982s] writing top-level names to ../../build/py_package/py_package.egg-info/top_level.txt
[7.993s] reading manifest file '../../build/py_package/py_package.egg-info/SOURCES.txt'
[7.996s] adding license file 'LICENSE'
[8.000s] writing manifest file '../../build/py_package/py_package.egg-info/SOURCES.txt'
[8.001s] running build
[8.001s] running build_py
[8.008s] running install
[8.008s] /usr/lib/python3/dist-packages/setuptools/command/install.py:34: SetuptoolsDeprecationWarning: setup.py install is deprecated. Use build and pip and other standards-based tools.
[8.009s]   warnings.warn(
[8.010s] running install_lib
[8.016s] running install_data
[8.022s] running install_egg_info
[8.031s] removing '/home/csd/CSD-Project/install/py_package/lib/python3.10/site-packages/py_package-0.0.0-py3.10.egg-info' (and everything under it)
[8.033s] Copying ../../build/py_package/py_package.egg-info to /home/csd/CSD-Project/install/py_package/lib/python3.10/site-packages/py_package-0.0.0-py3.10.egg-info
[8.040s] running install_scripts
[8.150s] Installing test script to /home/csd/CSD-Project/install/py_package/lib/py_package
[8.157s] writing list of installed files to '/home/csd/CSD-Project/build/py_package/install.log'
[8.654s] Invoked command in '/home/csd/CSD-Project/src/py_package' returned '0': PYTHONPATH=/home/csd/CSD-Project/build/py_package/prefix_override:/home/csd/CSD-Project/install/py_package/lib/python3.10/site-packages:${PYTHONPATH} /usr/bin/python3 setup.py egg_info --egg-base ../../build/py_package build --build-base /home/csd/CSD-Project/build/py_package/build install --record /home/csd/CSD-Project/build/py_package/install.log --single-version-externally-managed
