[4.869s] Invoking command in '/home/csd/CSD-Project/src/picar_pro': PYTHONPATH=/home/csd/CSD-Project/build/picar_pro/prefix_override:/home/csd/CSD-Project/install/picar_pro/lib/python3.10/site-packages:${PYTHONPATH} /usr/bin/python3 setup.py egg_info --egg-base ../../build/picar_pro build --build-base /home/csd/CSD-Project/build/picar_pro/build install --record /home/csd/CSD-Project/build/picar_pro/install.log --single-version-externally-managed
[5.961s] running egg_info
[5.964s] writing ../../build/picar_pro/picar_pro.egg-info/PKG-INFO
[5.966s] writing dependency_links to ../../build/picar_pro/picar_pro.egg-info/dependency_links.txt
[5.967s] writing entry points to ../../build/picar_pro/picar_pro.egg-info/entry_points.txt
[5.968s] writing requirements to ../../build/picar_pro/picar_pro.egg-info/requires.txt
[5.968s] writing top-level names to ../../build/picar_pro/picar_pro.egg-info/top_level.txt
[5.978s] reading manifest file '../../build/picar_pro/picar_pro.egg-info/SOURCES.txt'
[5.980s] adding license file 'LICENSE'
[5.983s] writing manifest file '../../build/picar_pro/picar_pro.egg-info/SOURCES.txt'
[5.983s] running build
[5.984s] running build_py
[5.985s] copying picar_pro/Publisher.py -> /home/csd/CSD-Project/build/picar_pro/build/lib/picar_pro
[5.987s] running install
[5.988s] /usr/lib/python3/dist-packages/setuptools/command/install.py:34: SetuptoolsDeprecationWarning: setup.py install is deprecated. Use build and pip and other standards-based tools.
[5.988s]   warnings.warn(
[5.990s] running install_lib
[5.994s] copying /home/csd/CSD-Project/build/picar_pro/build/lib/picar_pro/Publisher.py -> /home/csd/CSD-Project/install/picar_pro/lib/python3.10/site-packages/picar_pro
[5.998s] byte-compiling /home/csd/CSD-Project/install/picar_pro/lib/python3.10/site-packages/picar_pro/Publisher.py to Publisher.cpython-310.pyc
[6.000s] running install_data
[6.003s] running install_egg_info
[6.010s] removing '/home/csd/CSD-Project/install/picar_pro/lib/python3.10/site-packages/picar_pro-0.0.0-py3.10.egg-info' (and everything under it)
[6.012s] Copying ../../build/picar_pro/picar_pro.egg-info to /home/csd/CSD-Project/install/picar_pro/lib/python3.10/site-packages/picar_pro-0.0.0-py3.10.egg-info
[6.018s] running install_scripts
[6.108s] Installing listener script to /home/csd/CSD-Project/install/picar_pro/lib/picar_pro
[6.109s] Installing movement script to /home/csd/CSD-Project/install/picar_pro/lib/picar_pro
[6.109s] Installing talker script to /home/csd/CSD-Project/install/picar_pro/lib/picar_pro
[6.113s] writing list of installed files to '/home/csd/CSD-Project/build/picar_pro/install.log'
[6.294s] Invoked command in '/home/csd/CSD-Project/src/picar_pro' returned '0': PYTHONPATH=/home/csd/CSD-Project/build/picar_pro/prefix_override:/home/csd/CSD-Project/install/picar_pro/lib/python3.10/site-packages:${PYTHONPATH} /usr/bin/python3 setup.py egg_info --egg-base ../../build/picar_pro build --build-base /home/csd/CSD-Project/build/picar_pro/build install --record /home/csd/CSD-Project/build/picar_pro/install.log --single-version-externally-managed
