[4.951s] Invoking command in '/home/csd/CSD-Project/src/picar_pro': PYTHONPATH=/home/csd/CSD-Project/build/picar_pro/prefix_override:/home/csd/CSD-Project/install/picar_pro/lib/python3.10/site-packages:${PYTHONPATH} /usr/bin/python3 setup.py egg_info --egg-base ../../build/picar_pro build --build-base /home/csd/CSD-Project/build/picar_pro/build install --record /home/csd/CSD-Project/build/picar_pro/install.log --single-version-externally-managed
[6.064s] running egg_info
[6.068s] writing ../../build/picar_pro/picar_pro.egg-info/PKG-INFO
[6.069s] writing dependency_links to ../../build/picar_pro/picar_pro.egg-info/dependency_links.txt
[6.071s] writing entry points to ../../build/picar_pro/picar_pro.egg-info/entry_points.txt
[6.072s] writing requirements to ../../build/picar_pro/picar_pro.egg-info/requires.txt
[6.073s] writing top-level names to ../../build/picar_pro/picar_pro.egg-info/top_level.txt
[6.083s] reading manifest file '../../build/picar_pro/picar_pro.egg-info/SOURCES.txt'
[6.084s] adding license file 'LICENSE'
[6.087s] writing manifest file '../../build/picar_pro/picar_pro.egg-info/SOURCES.txt'
[6.088s] running build
[6.088s] running build_py
[6.089s] copying picar_pro/publisher_node.py -> /home/csd/CSD-Project/build/picar_pro/build/lib/picar_pro
[6.091s] running install
[6.092s] /usr/lib/python3/dist-packages/setuptools/command/install.py:34: SetuptoolsDeprecationWarning: setup.py install is deprecated. Use build and pip and other standards-based tools.
[6.093s]   warnings.warn(
[6.094s] running install_lib
[6.097s] copying /home/csd/CSD-Project/build/picar_pro/build/lib/picar_pro/publisher_node.py -> /home/csd/CSD-Project/install/picar_pro/lib/python3.10/site-packages/picar_pro
[6.101s] byte-compiling /home/csd/CSD-Project/install/picar_pro/lib/python3.10/site-packages/picar_pro/publisher_node.py to publisher_node.cpython-310.pyc
[6.104s] running install_data
[6.107s] running install_egg_info
[6.114s] removing '/home/csd/CSD-Project/install/picar_pro/lib/python3.10/site-packages/picar_pro-0.0.0-py3.10.egg-info' (and everything under it)
[6.116s] Copying ../../build/picar_pro/picar_pro.egg-info to /home/csd/CSD-Project/install/picar_pro/lib/python3.10/site-packages/picar_pro-0.0.0-py3.10.egg-info
[6.122s] running install_scripts
[6.212s] Installing listener script to /home/csd/CSD-Project/install/picar_pro/lib/picar_pro
[6.213s] Installing movement script to /home/csd/CSD-Project/install/picar_pro/lib/picar_pro
[6.214s] Installing publisher_node script to /home/csd/CSD-Project/install/picar_pro/lib/picar_pro
[6.215s] Installing talker script to /home/csd/CSD-Project/install/picar_pro/lib/picar_pro
[6.218s] writing list of installed files to '/home/csd/CSD-Project/build/picar_pro/install.log'
[6.398s] Invoked command in '/home/csd/CSD-Project/src/picar_pro' returned '0': PYTHONPATH=/home/csd/CSD-Project/build/picar_pro/prefix_override:/home/csd/CSD-Project/install/picar_pro/lib/python3.10/site-packages:${PYTHONPATH} /usr/bin/python3 setup.py egg_info --egg-base ../../build/picar_pro build --build-base /home/csd/CSD-Project/build/picar_pro/build install --record /home/csd/CSD-Project/build/picar_pro/install.log --single-version-externally-managed
