[4.949s] Invoking command in '/home/csd/CSD-Project/src/picar_pro': PYTHONPATH=/home/csd/CSD-Project/build/picar_pro/prefix_override:/home/csd/CSD-Project/install/picar_pro/lib/python3.10/site-packages:${PYTHONPATH} /usr/bin/python3 setup.py egg_info --egg-base ../../build/picar_pro build --build-base /home/csd/CSD-Project/build/picar_pro/build install --record /home/csd/CSD-Project/build/picar_pro/install.log --single-version-externally-managed
[6.062s] running egg_info
[6.065s] writing ../../build/picar_pro/picar_pro.egg-info/PKG-INFO
[6.066s] writing dependency_links to ../../build/picar_pro/picar_pro.egg-info/dependency_links.txt
[6.067s] writing entry points to ../../build/picar_pro/picar_pro.egg-info/entry_points.txt
[6.068s] writing requirements to ../../build/picar_pro/picar_pro.egg-info/requires.txt
[6.069s] writing top-level names to ../../build/picar_pro/picar_pro.egg-info/top_level.txt
[6.079s] reading manifest file '../../build/picar_pro/picar_pro.egg-info/SOURCES.txt'
[6.080s] adding license file 'LICENSE'
[6.083s] writing manifest file '../../build/picar_pro/picar_pro.egg-info/SOURCES.txt'
[6.084s] running build
[6.084s] running build_py
[6.087s] running install
[6.088s] /usr/lib/python3/dist-packages/setuptools/command/install.py:34: SetuptoolsDeprecationWarning: setup.py install is deprecated. Use build and pip and other standards-based tools.
[6.088s]   warnings.warn(
[6.089s] running install_lib
[6.096s] running install_data
[6.099s] running install_egg_info
[6.106s] removing '/home/csd/CSD-Project/install/picar_pro/lib/python3.10/site-packages/picar_pro-0.0.0-py3.10.egg-info' (and everything under it)
[6.108s] Copying ../../build/picar_pro/picar_pro.egg-info to /home/csd/CSD-Project/install/picar_pro/lib/python3.10/site-packages/picar_pro-0.0.0-py3.10.egg-info
[6.114s] running install_scripts
[6.205s] Installing listener script to /home/csd/CSD-Project/install/picar_pro/lib/picar_pro
[6.206s] Installing movement script to /home/csd/CSD-Project/install/picar_pro/lib/picar_pro
[6.207s] Installing talker script to /home/csd/CSD-Project/install/picar_pro/lib/picar_pro
[6.210s] writing list of installed files to '/home/csd/CSD-Project/build/picar_pro/install.log'
[6.388s] Invoked command in '/home/csd/CSD-Project/src/picar_pro' returned '0': PYTHONPATH=/home/csd/CSD-Project/build/picar_pro/prefix_override:/home/csd/CSD-Project/install/picar_pro/lib/python3.10/site-packages:${PYTHONPATH} /usr/bin/python3 setup.py egg_info --egg-base ../../build/picar_pro build --build-base /home/csd/CSD-Project/build/picar_pro/build install --record /home/csd/CSD-Project/build/picar_pro/install.log --single-version-externally-managed
