[3.539s] Invoking command in '/home/csd/CSD-Project/src/pyPackage': PYTHONPATH=/home/csd/CSD-Project/build/pyPackage/prefix_override:/home/csd/CSD-Project/install/pyPackage/lib/python3.10/site-packages:${PYTHONPATH} /usr/bin/python3 setup.py egg_info --egg-base ../../build/pyPackage build --build-base /home/csd/CSD-Project/build/pyPackage/build install --record /home/csd/CSD-Project/build/pyPackage/install.log --single-version-externally-managed
[4.465s] running egg_info
[4.467s] creating ../../build/pyPackage/pyPackage.egg-info
[4.468s] writing ../../build/pyPackage/pyPackage.egg-info/PKG-INFO
[4.469s] writing dependency_links to ../../build/pyPackage/pyPackage.egg-info/dependency_links.txt
[4.469s] writing entry points to ../../build/pyPackage/pyPackage.egg-info/entry_points.txt
[4.470s] writing requirements to ../../build/pyPackage/pyPackage.egg-info/requires.txt
[4.470s] writing top-level names to ../../build/pyPackage/pyPackage.egg-info/top_level.txt
[4.471s] writing manifest file '../../build/pyPackage/pyPackage.egg-info/SOURCES.txt'
[4.478s] reading manifest file '../../build/pyPackage/pyPackage.egg-info/SOURCES.txt'
[4.479s] adding license file 'LICENSE'
[4.481s] writing manifest file '../../build/pyPackage/pyPackage.egg-info/SOURCES.txt'
[4.482s] running build
[4.482s] running build_py
[4.483s] creating /home/csd/CSD-Project/build/pyPackage/build
[4.483s] creating /home/csd/CSD-Project/build/pyPackage/build/lib
[4.484s] creating /home/csd/CSD-Project/build/pyPackage/build/lib/pyPackage
[4.484s] copying pyPackage/test.py -> /home/csd/CSD-Project/build/pyPackage/build/lib/pyPackage
[4.485s] copying pyPackage/__init__.py -> /home/csd/CSD-Project/build/pyPackage/build/lib/pyPackage
[4.485s] running install
[4.488s] /usr/lib/python3/dist-packages/setuptools/command/install.py:34: SetuptoolsDeprecationWarning: setup.py install is deprecated. Use build and pip and other standards-based tools.
[4.488s]   warnings.warn(
[4.489s] running install_lib
[4.492s] creating /home/csd/CSD-Project/install/pyPackage/lib/python3.10/site-packages/pyPackage
[4.493s] copying /home/csd/CSD-Project/build/pyPackage/build/lib/pyPackage/test.py -> /home/csd/CSD-Project/install/pyPackage/lib/python3.10/site-packages/pyPackage
[4.493s] copying /home/csd/CSD-Project/build/pyPackage/build/lib/pyPackage/__init__.py -> /home/csd/CSD-Project/install/pyPackage/lib/python3.10/site-packages/pyPackage
[4.496s] byte-compiling /home/csd/CSD-Project/install/pyPackage/lib/python3.10/site-packages/pyPackage/test.py to test.cpython-310.pyc
[4.498s] byte-compiling /home/csd/CSD-Project/install/pyPackage/lib/python3.10/site-packages/pyPackage/__init__.py to __init__.cpython-310.pyc
[4.499s] running install_data
[4.502s] creating /home/csd/CSD-Project/install/pyPackage/share/ament_index
[4.503s] creating /home/csd/CSD-Project/install/pyPackage/share/ament_index/resource_index
[4.503s] creating /home/csd/CSD-Project/install/pyPackage/share/ament_index/resource_index/packages
[4.504s] copying resource/pyPackage -> /home/csd/CSD-Project/install/pyPackage/share/ament_index/resource_index/packages
[4.504s] copying package.xml -> /home/csd/CSD-Project/install/pyPackage/share/pyPackage
[4.504s] running install_egg_info
[4.511s] Copying ../../build/pyPackage/pyPackage.egg-info to /home/csd/CSD-Project/install/pyPackage/lib/python3.10/site-packages/pyPackage-0.0.0-py3.10.egg-info
[4.516s] running install_scripts
[4.592s] Installing test script to /home/csd/CSD-Project/install/pyPackage/lib/pyPackage
[4.594s] writing list of installed files to '/home/csd/CSD-Project/build/pyPackage/install.log'
[4.709s] Invoked command in '/home/csd/CSD-Project/src/pyPackage' returned '0': PYTHONPATH=/home/csd/CSD-Project/build/pyPackage/prefix_override:/home/csd/CSD-Project/install/pyPackage/lib/python3.10/site-packages:${PYTHONPATH} /usr/bin/python3 setup.py egg_info --egg-base ../../build/pyPackage build --build-base /home/csd/CSD-Project/build/pyPackage/build install --record /home/csd/CSD-Project/build/pyPackage/install.log --single-version-externally-managed
