/home/csd/CSD-Project/install/picar_pro/lib/python3.10/site-packages/picar_pro/servo_handler.py
/home/csd/CSD-Project/install/picar_pro/lib/python3.10/site-packages/picar_pro/wheels_handler.py
/home/csd/CSD-Project/install/picar_pro/lib/python3.10/site-packages/picar_pro/ServoController.py
/home/csd/CSD-Project/install/picar_pro/lib/python3.10/site-packages/picar_pro/picar_handler.py
/home/csd/CSD-Project/install/picar_pro/lib/python3.10/site-packages/picar_pro/WheelController.py
/home/csd/CSD-Project/install/picar_pro/lib/python3.10/site-packages/picar_pro/analysis_handler.py
/home/csd/CSD-Project/install/picar_pro/lib/python3.10/site-packages/picar_pro/__init__.py
/home/csd/CSD-Project/install/picar_pro/lib/python3.10/site-packages/picar_pro/comm_handler.py
/home/csd/CSD-Project/install/picar_pro/lib/python3.10/site-packages/picar_pro/ObjectAnalysis.py
/home/csd/CSD-Project/install/picar_pro/lib/python3.10/site-packages/picar_pro/__pycache__/servo_handler.cpython-310.pyc
/home/csd/CSD-Project/install/picar_pro/lib/python3.10/site-packages/picar_pro/__pycache__/wheels_handler.cpython-310.pyc
/home/csd/CSD-Project/install/picar_pro/lib/python3.10/site-packages/picar_pro/__pycache__/ServoController.cpython-310.pyc
/home/csd/CSD-Project/install/picar_pro/lib/python3.10/site-packages/picar_pro/__pycache__/picar_handler.cpython-310.pyc
/home/csd/CSD-Project/install/picar_pro/lib/python3.10/site-packages/picar_pro/__pycache__/WheelController.cpython-310.pyc
/home/csd/CSD-Project/install/picar_pro/lib/python3.10/site-packages/picar_pro/__pycache__/analysis_handler.cpython-310.pyc
/home/csd/CSD-Project/install/picar_pro/lib/python3.10/site-packages/picar_pro/__pycache__/__init__.cpython-310.pyc
/home/csd/CSD-Project/install/picar_pro/lib/python3.10/site-packages/picar_pro/__pycache__/comm_handler.cpython-310.pyc
/home/csd/CSD-Project/install/picar_pro/lib/python3.10/site-packages/picar_pro/__pycache__/ObjectAnalysis.cpython-310.pyc
/home/csd/CSD-Project/install/picar_pro/share/ament_index/resource_index/packages/picar_pro
/home/csd/CSD-Project/install/picar_pro/share/picar_pro/package.xml
/home/csd/CSD-Project/install/picar_pro/share/picar_pro/Car_launch.py
/home/csd/CSD-Project/install/picar_pro/lib/python3.10/site-packages/picar_pro-0.0.0-py3.10.egg-info/entry_points.txt
/home/csd/CSD-Project/install/picar_pro/lib/python3.10/site-packages/picar_pro-0.0.0-py3.10.egg-info/SOURCES.txt
/home/csd/CSD-Project/install/picar_pro/lib/python3.10/site-packages/picar_pro-0.0.0-py3.10.egg-info/dependency_links.txt
/home/csd/CSD-Project/install/picar_pro/lib/python3.10/site-packages/picar_pro-0.0.0-py3.10.egg-info/PKG-INFO
/home/csd/CSD-Project/install/picar_pro/lib/python3.10/site-packages/picar_pro-0.0.0-py3.10.egg-info/zip-safe
/home/csd/CSD-Project/install/picar_pro/lib/python3.10/site-packages/picar_pro-0.0.0-py3.10.egg-info/requires.txt
/home/csd/CSD-Project/install/picar_pro/lib/python3.10/site-packages/picar_pro-0.0.0-py3.10.egg-info/top_level.txt
/home/csd/CSD-Project/install/picar_pro/lib/picar_pro/analysis_handler
/home/csd/CSD-Project/install/picar_pro/lib/picar_pro/comm_handler
/home/csd/CSD-Project/install/picar_pro/lib/picar_pro/picar_handler
/home/csd/CSD-Project/install/picar_pro/lib/picar_pro/servo_handler
/home/csd/CSD-Project/install/picar_pro/lib/picar_pro/wheels_handler
