running egg_info
writing ../../build/picar_pro/picar_pro.egg-info/PKG-INFO
writing dependency_links to ../../build/picar_pro/picar_pro.egg-info/dependency_links.txt
writing entry points to ../../build/picar_pro/picar_pro.egg-info/entry_points.txt
writing requirements to ../../build/picar_pro/picar_pro.egg-info/requires.txt
writing top-level names to ../../build/picar_pro/picar_pro.egg-info/top_level.txt
reading manifest file '../../build/picar_pro/picar_pro.egg-info/SOURCES.txt'
adding license file 'LICENSE'
writing manifest file '../../build/picar_pro/picar_pro.egg-info/SOURCES.txt'
running build
running build_py
copying picar_pro/claw_motor_car.py -> /home/csd/CSD-Project/build/picar_pro/build/lib/picar_pro
copying picar_pro/wheels_motor.py -> /home/csd/CSD-Project/build/picar_pro/build/lib/picar_pro
running install
running install_lib
copying /home/csd/CSD-Project/build/picar_pro/build/lib/picar_pro/claw_motor_car.py -> /home/csd/CSD-Project/install/picar_pro/lib/python3.10/site-packages/picar_pro
copying /home/csd/CSD-Project/build/picar_pro/build/lib/picar_pro/wheels_motor.py -> /home/csd/CSD-Project/install/picar_pro/lib/python3.10/site-packages/picar_pro
byte-compiling /home/csd/CSD-Project/install/picar_pro/lib/python3.10/site-packages/picar_pro/claw_motor_car.py to claw_motor_car.cpython-310.pyc
byte-compiling /home/csd/CSD-Project/install/picar_pro/lib/python3.10/site-packages/picar_pro/wheels_motor.py to wheels_motor.cpython-310.pyc
running install_data
running install_egg_info
removing '/home/csd/CSD-Project/install/picar_pro/lib/python3.10/site-packages/picar_pro-0.0.0-py3.10.egg-info' (and everything under it)
Copying ../../build/picar_pro/picar_pro.egg-info to /home/csd/CSD-Project/install/picar_pro/lib/python3.10/site-packages/picar_pro-0.0.0-py3.10.egg-info
running install_scripts
Installing car_arm_communication script to /home/csd/CSD-Project/install/picar_pro/lib/picar_pro
Installing claw_motor script to /home/csd/CSD-Project/install/picar_pro/lib/picar_pro
Installing publisher_node script to /home/csd/CSD-Project/install/picar_pro/lib/picar_pro
Installing servo_handler_car script to /home/csd/CSD-Project/install/picar_pro/lib/picar_pro
Installing wheels_motor script to /home/csd/CSD-Project/install/picar_pro/lib/picar_pro
writing list of installed files to '/home/csd/CSD-Project/build/picar_pro/install.log'
