[3.616s] Invoking command in '/home/csd/CSD-Project/src/picar_pro': PYTHONPATH=/home/csd/CSD-Project/build/picar_pro/prefix_override:/home/csd/CSD-Project/install/picar_pro/lib/python3.10/site-packages:${PYTHONPATH} /usr/bin/python3 setup.py egg_info --egg-base ../../build/picar_pro build --build-base /home/csd/CSD-Project/build/picar_pro/build install --record /home/csd/CSD-Project/build/picar_pro/install.log --single-version-externally-managed
[4.556s] running egg_info
[4.559s] writing ../../build/picar_pro/picar_pro.egg-info/PKG-INFO
[4.562s] writing dependency_links to ../../build/picar_pro/picar_pro.egg-info/dependency_links.txt
[4.563s] writing entry points to ../../build/picar_pro/picar_pro.egg-info/entry_points.txt
[4.564s] writing requirements to ../../build/picar_pro/picar_pro.egg-info/requires.txt
[4.565s] writing top-level names to ../../build/picar_pro/picar_pro.egg-info/top_level.txt
[4.573s] reading manifest file '../../build/picar_pro/picar_pro.egg-info/SOURCES.txt'
[4.576s] adding license file 'LICENSE'
[4.579s] writing manifest file '../../build/picar_pro/picar_pro.egg-info/SOURCES.txt'
[4.580s] running build
[4.580s] running build_py
[4.583s] copying picar_pro/claw_motor_car.py -> /home/csd/CSD-Project/build/picar_pro/build/lib/picar_pro
[4.584s] copying picar_pro/wheels_motor.py -> /home/csd/CSD-Project/build/picar_pro/build/lib/picar_pro
[4.586s] running install
[4.587s] /usr/lib/python3/dist-packages/setuptools/command/install.py:34: SetuptoolsDeprecationWarning: setup.py install is deprecated. Use build and pip and other standards-based tools.
[4.588s]   warnings.warn(
[4.589s] running install_lib
[4.594s] copying /home/csd/CSD-Project/build/picar_pro/build/lib/picar_pro/claw_motor_car.py -> /home/csd/CSD-Project/install/picar_pro/lib/python3.10/site-packages/picar_pro
[4.595s] copying /home/csd/CSD-Project/build/picar_pro/build/lib/picar_pro/wheels_motor.py -> /home/csd/CSD-Project/install/picar_pro/lib/python3.10/site-packages/picar_pro
[4.599s] byte-compiling /home/csd/CSD-Project/install/picar_pro/lib/python3.10/site-packages/picar_pro/claw_motor_car.py to claw_motor_car.cpython-310.pyc
[4.602s] byte-compiling /home/csd/CSD-Project/install/picar_pro/lib/python3.10/site-packages/picar_pro/wheels_motor.py to wheels_motor.cpython-310.pyc
[4.605s] running install_data
[4.608s] running install_egg_info
[4.614s] removing '/home/csd/CSD-Project/install/picar_pro/lib/python3.10/site-packages/picar_pro-0.0.0-py3.10.egg-info' (and everything under it)
[4.616s] Copying ../../build/picar_pro/picar_pro.egg-info to /home/csd/CSD-Project/install/picar_pro/lib/python3.10/site-packages/picar_pro-0.0.0-py3.10.egg-info
[4.624s] running install_scripts
[4.702s] Installing car_arm_communication script to /home/csd/CSD-Project/install/picar_pro/lib/picar_pro
[4.706s] Installing claw_motor script to /home/csd/CSD-Project/install/picar_pro/lib/picar_pro
[4.707s] Installing publisher_node script to /home/csd/CSD-Project/install/picar_pro/lib/picar_pro
[4.708s] Installing servo_handler_car script to /home/csd/CSD-Project/install/picar_pro/lib/picar_pro
[4.708s] Installing wheels_motor script to /home/csd/CSD-Project/install/picar_pro/lib/picar_pro
[4.711s] writing list of installed files to '/home/csd/CSD-Project/build/picar_pro/install.log'
[4.827s] Invoked command in '/home/csd/CSD-Project/src/picar_pro' returned '0': PYTHONPATH=/home/csd/CSD-Project/build/picar_pro/prefix_override:/home/csd/CSD-Project/install/picar_pro/lib/python3.10/site-packages:${PYTHONPATH} /usr/bin/python3 setup.py egg_info --egg-base ../../build/picar_pro build --build-base /home/csd/CSD-Project/build/picar_pro/build install --record /home/csd/CSD-Project/build/picar_pro/install.log --single-version-externally-managed
