[3.064s] Invoking command in '/home/csd/CSD-Project/src/smart_arm': PYTHONPATH=/home/csd/CSD-Project/build/smart_arm/prefix_override:/home/csd/CSD-Project/install/smart_arm/lib/python3.10/site-packages:${PYTHONPATH} /usr/bin/python3 setup.py egg_info --egg-base ../../build/smart_arm build --build-base /home/csd/CSD-Project/build/smart_arm/build install --record /home/csd/CSD-Project/build/smart_arm/install.log --single-version-externally-managed
[4.034s] running egg_info
[4.037s] writing ../../build/smart_arm/smart_arm.egg-info/PKG-INFO
[4.038s] writing dependency_links to ../../build/smart_arm/smart_arm.egg-info/dependency_links.txt
[4.039s] writing entry points to ../../build/smart_arm/smart_arm.egg-info/entry_points.txt
[4.040s] writing requirements to ../../build/smart_arm/smart_arm.egg-info/requires.txt
[4.040s] writing top-level names to ../../build/smart_arm/smart_arm.egg-info/top_level.txt
[4.049s] reading manifest file '../../build/smart_arm/smart_arm.egg-info/SOURCES.txt'
[4.050s] adding license file 'LICENSE'
[4.053s] writing manifest file '../../build/smart_arm/smart_arm.egg-info/SOURCES.txt'
[4.053s] running build
[4.054s] running build_py
[4.054s] copying smart_arm/ServoController.py -> /home/csd/CSD-Project/build/smart_arm/build/lib/smart_arm
[4.057s] running install
[4.058s] /usr/lib/python3/dist-packages/setuptools/command/install.py:34: SetuptoolsDeprecationWarning: setup.py install is deprecated. Use build and pip and other standards-based tools.
[4.058s]   warnings.warn(
[4.059s] running install_lib
[4.062s] copying /home/csd/CSD-Project/build/smart_arm/build/lib/smart_arm/ServoController.py -> /home/csd/CSD-Project/install/smart_arm/lib/python3.10/site-packages/smart_arm
[4.066s] byte-compiling /home/csd/CSD-Project/install/smart_arm/lib/python3.10/site-packages/smart_arm/ServoController.py to ServoController.cpython-310.pyc
[4.068s] running install_data
[4.071s] running install_egg_info
[4.077s] removing '/home/csd/CSD-Project/install/smart_arm/lib/python3.10/site-packages/smart_arm-0.0.0-py3.10.egg-info' (and everything under it)
[4.079s] Copying ../../build/smart_arm/smart_arm.egg-info to /home/csd/CSD-Project/install/smart_arm/lib/python3.10/site-packages/smart_arm-0.0.0-py3.10.egg-info
[4.084s] running install_scripts
[4.163s] Installing car_arm_communication script to /home/csd/CSD-Project/install/smart_arm/lib/smart_arm
[4.164s] Installing claw_motor script to /home/csd/CSD-Project/install/smart_arm/lib/smart_arm
[4.164s] Installing movement script to /home/csd/CSD-Project/install/smart_arm/lib/smart_arm
[4.165s] Installing servo_handler script to /home/csd/CSD-Project/install/smart_arm/lib/smart_arm
[4.167s] writing list of installed files to '/home/csd/CSD-Project/build/smart_arm/install.log'
[4.285s] Invoked command in '/home/csd/CSD-Project/src/smart_arm' returned '0': PYTHONPATH=/home/csd/CSD-Project/build/smart_arm/prefix_override:/home/csd/CSD-Project/install/smart_arm/lib/python3.10/site-packages:${PYTHONPATH} /usr/bin/python3 setup.py egg_info --egg-base ../../build/smart_arm build --build-base /home/csd/CSD-Project/build/smart_arm/build install --record /home/csd/CSD-Project/build/smart_arm/install.log --single-version-externally-managed
