[5.188s] Invoking command in '/home/csd/CSD-Project/src/smart_arm': PYTHONPATH=/home/csd/CSD-Project/build/smart_arm/prefix_override:/home/csd/CSD-Project/install/smart_arm/lib/python3.10/site-packages:${PYTHONPATH} /usr/bin/python3 setup.py egg_info --egg-base ../../build/smart_arm build --build-base /home/csd/CSD-Project/build/smart_arm/build install --record /home/csd/CSD-Project/build/smart_arm/install.log --single-version-externally-managed
[6.272s] running egg_info
[6.275s] writing ../../build/smart_arm/smart_arm.egg-info/PKG-INFO
[6.276s] writing dependency_links to ../../build/smart_arm/smart_arm.egg-info/dependency_links.txt
[6.278s] writing entry points to ../../build/smart_arm/smart_arm.egg-info/entry_points.txt
[6.279s] writing requirements to ../../build/smart_arm/smart_arm.egg-info/requires.txt
[6.279s] writing top-level names to ../../build/smart_arm/smart_arm.egg-info/top_level.txt
[6.287s] reading manifest file '../../build/smart_arm/smart_arm.egg-info/SOURCES.txt'
[6.289s] adding license file 'LICENSE'
[6.293s] writing manifest file '../../build/smart_arm/smart_arm.egg-info/SOURCES.txt'
[6.295s] running build
[6.295s] running build_py
[6.296s] copying smart_arm/Movement.py -> /home/csd/CSD-Project/build/smart_arm/build/lib/smart_arm
[6.296s] running install
[6.300s] /usr/lib/python3/dist-packages/setuptools/command/install.py:34: SetuptoolsDeprecationWarning: setup.py install is deprecated. Use build and pip and other standards-based tools.
[6.300s]   warnings.warn(
[6.301s] running install_lib
[6.303s] copying /home/csd/CSD-Project/build/smart_arm/build/lib/smart_arm/Movement.py -> /home/csd/CSD-Project/install/smart_arm/lib/python3.10/site-packages/smart_arm
[6.306s] byte-compiling /home/csd/CSD-Project/install/smart_arm/lib/python3.10/site-packages/smart_arm/Movement.py to Movement.cpython-310.pyc
[6.309s] running install_data
[6.311s] running install_egg_info
[6.319s] removing '/home/csd/CSD-Project/install/smart_arm/lib/python3.10/site-packages/smart_arm-0.0.0-py3.10.egg-info' (and everything under it)
[6.321s] Copying ../../build/smart_arm/smart_arm.egg-info to /home/csd/CSD-Project/install/smart_arm/lib/python3.10/site-packages/smart_arm-0.0.0-py3.10.egg-info
[6.329s] running install_scripts
[6.421s] Installing movement script to /home/csd/CSD-Project/install/smart_arm/lib/smart_arm
[6.423s] writing list of installed files to '/home/csd/CSD-Project/build/smart_arm/install.log'
[6.603s] Invoked command in '/home/csd/CSD-Project/src/smart_arm' returned '0': PYTHONPATH=/home/csd/CSD-Project/build/smart_arm/prefix_override:/home/csd/CSD-Project/install/smart_arm/lib/python3.10/site-packages:${PYTHONPATH} /usr/bin/python3 setup.py egg_info --egg-base ../../build/smart_arm build --build-base /home/csd/CSD-Project/build/smart_arm/build install --record /home/csd/CSD-Project/build/smart_arm/install.log --single-version-externally-managed
