[3.006s] Invoking command in '/home/csd/CSD-Project/src/smart_arm': PYTHONPATH=/home/csd/CSD-Project/build/smart_arm/prefix_override:/home/csd/CSD-Project/install/smart_arm/lib/python3.10/site-packages:${PYTHONPATH} /usr/bin/python3 setup.py egg_info --egg-base ../../build/smart_arm build --build-base /home/csd/CSD-Project/build/smart_arm/build install --record /home/csd/CSD-Project/build/smart_arm/install.log --single-version-externally-managed
[3.957s] running egg_info
[3.960s] writing ../../build/smart_arm/smart_arm.egg-info/PKG-INFO
[3.961s] writing dependency_links to ../../build/smart_arm/smart_arm.egg-info/dependency_links.txt
[3.962s] writing entry points to ../../build/smart_arm/smart_arm.egg-info/entry_points.txt
[3.962s] writing requirements to ../../build/smart_arm/smart_arm.egg-info/requires.txt
[3.963s] writing top-level names to ../../build/smart_arm/smart_arm.egg-info/top_level.txt
[3.971s] reading manifest file '../../build/smart_arm/smart_arm.egg-info/SOURCES.txt'
[3.973s] adding license file 'LICENSE'
[3.975s] writing manifest file '../../build/smart_arm/smart_arm.egg-info/SOURCES.txt'
[3.976s] running build
[3.976s] running build_py
[3.977s] copying smart_arm/servo_handler.py -> /home/csd/CSD-Project/build/smart_arm/build/lib/smart_arm
[3.980s] running install
[3.980s] /usr/lib/python3/dist-packages/setuptools/command/install.py:34: SetuptoolsDeprecationWarning: setup.py install is deprecated. Use build and pip and other standards-based tools.
[3.981s]   warnings.warn(
[3.981s] running install_lib
[3.984s] copying /home/csd/CSD-Project/build/smart_arm/build/lib/smart_arm/servo_handler.py -> /home/csd/CSD-Project/install/smart_arm/lib/python3.10/site-packages/smart_arm
[3.988s] byte-compiling /home/csd/CSD-Project/install/smart_arm/lib/python3.10/site-packages/smart_arm/servo_handler.py to servo_handler.cpython-310.pyc
[3.992s] running install_data
[3.995s] running install_egg_info
[4.001s] removing '/home/csd/CSD-Project/install/smart_arm/lib/python3.10/site-packages/smart_arm-0.0.0-py3.10.egg-info' (and everything under it)
[4.002s] Copying ../../build/smart_arm/smart_arm.egg-info to /home/csd/CSD-Project/install/smart_arm/lib/python3.10/site-packages/smart_arm-0.0.0-py3.10.egg-info
[4.007s] running install_scripts
[4.084s] Installing arm_handler script to /home/csd/CSD-Project/install/smart_arm/lib/smart_arm
[4.085s] Installing comm_handler script to /home/csd/CSD-Project/install/smart_arm/lib/smart_arm
[4.085s] Installing publisher_node script to /home/csd/CSD-Project/install/smart_arm/lib/smart_arm
[4.086s] Installing servo_handler script to /home/csd/CSD-Project/install/smart_arm/lib/smart_arm
[4.088s] writing list of installed files to '/home/csd/CSD-Project/build/smart_arm/install.log'
[4.201s] Invoked command in '/home/csd/CSD-Project/src/smart_arm' returned '0': PYTHONPATH=/home/csd/CSD-Project/build/smart_arm/prefix_override:/home/csd/CSD-Project/install/smart_arm/lib/python3.10/site-packages:${PYTHONPATH} /usr/bin/python3 setup.py egg_info --egg-base ../../build/smart_arm build --build-base /home/csd/CSD-Project/build/smart_arm/build install --record /home/csd/CSD-Project/build/smart_arm/install.log --single-version-externally-managed
