[4.608s] Invoking command in '/home/csd/CSD-Project/src/smart_arm': PYTHONPATH=/home/csd/CSD-Project/build/smart_arm/prefix_override:/home/csd/CSD-Project/install/smart_arm/lib/python3.10/site-packages:${PYTHONPATH} /usr/bin/python3 setup.py egg_info --egg-base ../../build/smart_arm build --build-base /home/csd/CSD-Project/build/smart_arm/build install --record /home/csd/CSD-Project/build/smart_arm/install.log --single-version-externally-managed
[5.707s] running egg_info
[5.710s] writing ../../build/smart_arm/smart_arm.egg-info/PKG-INFO
[5.711s] writing dependency_links to ../../build/smart_arm/smart_arm.egg-info/dependency_links.txt
[5.712s] writing entry points to ../../build/smart_arm/smart_arm.egg-info/entry_points.txt
[5.713s] writing requirements to ../../build/smart_arm/smart_arm.egg-info/requires.txt
[5.714s] writing top-level names to ../../build/smart_arm/smart_arm.egg-info/top_level.txt
[5.724s] reading manifest file '../../build/smart_arm/smart_arm.egg-info/SOURCES.txt'
[5.726s] adding license file 'LICENSE'
[5.729s] writing manifest file '../../build/smart_arm/smart_arm.egg-info/SOURCES.txt'
[5.730s] running build
[5.730s] running build_py
[5.732s] copying smart_arm/car_arm_communication.py -> /home/csd/CSD-Project/build/smart_arm/build/lib/smart_arm
[5.734s] running install
[5.735s] /usr/lib/python3/dist-packages/setuptools/command/install.py:34: SetuptoolsDeprecationWarning: setup.py install is deprecated. Use build and pip and other standards-based tools.
[5.735s]   warnings.warn(
[5.736s] running install_lib
[5.741s] copying /home/csd/CSD-Project/build/smart_arm/build/lib/smart_arm/car_arm_communication.py -> /home/csd/CSD-Project/install/smart_arm/lib/python3.10/site-packages/smart_arm
[5.745s] byte-compiling /home/csd/CSD-Project/install/smart_arm/lib/python3.10/site-packages/smart_arm/car_arm_communication.py to car_arm_communication.cpython-310.pyc
[5.749s] running install_data
[5.751s] running install_egg_info
[5.758s] removing '/home/csd/CSD-Project/install/smart_arm/lib/python3.10/site-packages/smart_arm-0.0.0-py3.10.egg-info' (and everything under it)
[5.760s] Copying ../../build/smart_arm/smart_arm.egg-info to /home/csd/CSD-Project/install/smart_arm/lib/python3.10/site-packages/smart_arm-0.0.0-py3.10.egg-info
[5.767s] running install_scripts
[5.858s] Installing car_arm_communication script to /home/csd/CSD-Project/install/smart_arm/lib/smart_arm
[5.859s] Installing claw_motor script to /home/csd/CSD-Project/install/smart_arm/lib/smart_arm
[5.860s] Installing movement script to /home/csd/CSD-Project/install/smart_arm/lib/smart_arm
[5.861s] Installing publisher_node script to /home/csd/CSD-Project/install/smart_arm/lib/smart_arm
[5.862s] Installing servo_handler script to /home/csd/CSD-Project/install/smart_arm/lib/smart_arm
[5.865s] writing list of installed files to '/home/csd/CSD-Project/build/smart_arm/install.log'
[6.046s] Invoked command in '/home/csd/CSD-Project/src/smart_arm' returned '0': PYTHONPATH=/home/csd/CSD-Project/build/smart_arm/prefix_override:/home/csd/CSD-Project/install/smart_arm/lib/python3.10/site-packages:${PYTHONPATH} /usr/bin/python3 setup.py egg_info --egg-base ../../build/smart_arm build --build-base /home/csd/CSD-Project/build/smart_arm/build install --record /home/csd/CSD-Project/build/smart_arm/install.log --single-version-externally-managed
