[3.637s] Invoking command in '/home/csd/CSD-Project/src/picar_pro': PYTHONPATH=/home/csd/CSD-Project/build/picar_pro/prefix_override:/home/csd/CSD-Project/install/picar_pro/lib/python3.10/site-packages:${PYTHONPATH} /usr/bin/python3 setup.py egg_info --egg-base ../../build/picar_pro build --build-base /home/csd/CSD-Project/build/picar_pro/build install --record /home/csd/CSD-Project/build/picar_pro/install.log --single-version-externally-managed
[4.592s] running egg_info
[4.594s] writing ../../build/picar_pro/picar_pro.egg-info/PKG-INFO
[4.598s] writing dependency_links to ../../build/picar_pro/picar_pro.egg-info/dependency_links.txt
[4.600s] writing entry points to ../../build/picar_pro/picar_pro.egg-info/entry_points.txt
[4.600s] writing requirements to ../../build/picar_pro/picar_pro.egg-info/requires.txt
[4.601s] writing top-level names to ../../build/picar_pro/picar_pro.egg-info/top_level.txt
[4.610s] reading manifest file '../../build/picar_pro/picar_pro.egg-info/SOURCES.txt'
[4.615s] adding license file 'LICENSE'
[4.618s] writing manifest file '../../build/picar_pro/picar_pro.egg-info/SOURCES.txt'
[4.618s] running build
[4.619s] running build_py
[4.621s] copying picar_pro/ServoController.py -> /home/csd/CSD-Project/build/picar_pro/build/lib/picar_pro
[4.624s] running install
[4.626s] /usr/lib/python3/dist-packages/setuptools/command/install.py:34: SetuptoolsDeprecationWarning: setup.py install is deprecated. Use build and pip and other standards-based tools.
[4.626s]   warnings.warn(
[4.627s] running install_lib
[4.632s] copying /home/csd/CSD-Project/build/picar_pro/build/lib/picar_pro/ServoController.py -> /home/csd/CSD-Project/install/picar_pro/lib/python3.10/site-packages/picar_pro
[4.637s] byte-compiling /home/csd/CSD-Project/install/picar_pro/lib/python3.10/site-packages/picar_pro/ServoController.py to ServoController.cpython-310.pyc
[4.639s] running install_data
[4.642s] running install_egg_info
[4.649s] removing '/home/csd/CSD-Project/install/picar_pro/lib/python3.10/site-packages/picar_pro-0.0.0-py3.10.egg-info' (and everything under it)
[4.651s] Copying ../../build/picar_pro/picar_pro.egg-info to /home/csd/CSD-Project/install/picar_pro/lib/python3.10/site-packages/picar_pro-0.0.0-py3.10.egg-info
[4.659s] running install_scripts
[4.737s] Installing car_arm_communication script to /home/csd/CSD-Project/install/picar_pro/lib/picar_pro
[4.741s] Installing claw_motor script to /home/csd/CSD-Project/install/picar_pro/lib/picar_pro
[4.742s] Installing publisher_node = picar_pro.publisher_node:mainservo_handler_car script to /home/csd/CSD-Project/install/picar_pro/lib/picar_pro
[4.743s] Installing wheels_motor script to /home/csd/CSD-Project/install/picar_pro/lib/picar_pro
[4.745s] writing list of installed files to '/home/csd/CSD-Project/build/picar_pro/install.log'
[4.862s] Invoked command in '/home/csd/CSD-Project/src/picar_pro' returned '0': PYTHONPATH=/home/csd/CSD-Project/build/picar_pro/prefix_override:/home/csd/CSD-Project/install/picar_pro/lib/python3.10/site-packages:${PYTHONPATH} /usr/bin/python3 setup.py egg_info --egg-base ../../build/picar_pro build --build-base /home/csd/CSD-Project/build/picar_pro/build install --record /home/csd/CSD-Project/build/picar_pro/install.log --single-version-externally-managed
