[3.048s] Invoking command in '/home/csd/CSD-Project/src/picar_pro': PYTHONPATH=/home/csd/CSD-Project/build/picar_pro/prefix_override:/home/csd/CSD-Project/install/picar_pro/lib/python3.10/site-packages:${PYTHONPATH} /usr/bin/python3 setup.py egg_info --egg-base ../../build/picar_pro build --build-base /home/csd/CSD-Project/build/picar_pro/build install --record /home/csd/CSD-Project/build/picar_pro/install.log --single-version-externally-managed
[4.008s] running egg_info
[4.010s] writing ../../build/picar_pro/picar_pro.egg-info/PKG-INFO
[4.011s] writing dependency_links to ../../build/picar_pro/picar_pro.egg-info/dependency_links.txt
[4.012s] writing entry points to ../../build/picar_pro/picar_pro.egg-info/entry_points.txt
[4.013s] writing requirements to ../../build/picar_pro/picar_pro.egg-info/requires.txt
[4.014s] writing top-level names to ../../build/picar_pro/picar_pro.egg-info/top_level.txt
[4.021s] reading manifest file '../../build/picar_pro/picar_pro.egg-info/SOURCES.txt'
[4.023s] adding license file 'LICENSE'
[4.026s] writing manifest file '../../build/picar_pro/picar_pro.egg-info/SOURCES.txt'
[4.026s] running build
[4.027s] running build_py
[4.029s] running install
[4.030s] /usr/lib/python3/dist-packages/setuptools/command/install.py:34: SetuptoolsDeprecationWarning: setup.py install is deprecated. Use build and pip and other standards-based tools.
[4.030s]   warnings.warn(
[4.031s] running install_lib
[4.038s] running install_data
[4.040s] running install_egg_info
[4.047s] removing '/home/csd/CSD-Project/install/picar_pro/lib/python3.10/site-packages/picar_pro-0.0.0-py3.10.egg-info' (and everything under it)
[4.048s] Copying ../../build/picar_pro/picar_pro.egg-info to /home/csd/CSD-Project/install/picar_pro/lib/python3.10/site-packages/picar_pro-0.0.0-py3.10.egg-info
[4.053s] running install_scripts
[4.130s] Installing car_arm_communication script to /home/csd/CSD-Project/install/picar_pro/lib/picar_pro
[4.131s] Installing claw_motor script to /home/csd/CSD-Project/install/picar_pro/lib/picar_pro
[4.132s] Installing publisher_node script to /home/csd/CSD-Project/install/picar_pro/lib/picar_pro
[4.133s] Installing servo_handler_car script to /home/csd/CSD-Project/install/picar_pro/lib/picar_pro
[4.134s] Installing wheels_motor script to /home/csd/CSD-Project/install/picar_pro/lib/picar_pro
[4.136s] writing list of installed files to '/home/csd/CSD-Project/build/picar_pro/install.log'
[4.255s] Invoked command in '/home/csd/CSD-Project/src/picar_pro' returned '0': PYTHONPATH=/home/csd/CSD-Project/build/picar_pro/prefix_override:/home/csd/CSD-Project/install/picar_pro/lib/python3.10/site-packages:${PYTHONPATH} /usr/bin/python3 setup.py egg_info --egg-base ../../build/picar_pro build --build-base /home/csd/CSD-Project/build/picar_pro/build install --record /home/csd/CSD-Project/build/picar_pro/install.log --single-version-externally-managed
