[6.362s] DEBUG:colcon:Command line arguments: ['/usr/bin/colcon', 'build']
[6.371s] DEBUG:colcon:Parsed command line arguments: Namespace(log_base=None, log_level=None, verb_name='build', build_base='build', install_base='install', merge_install=False, symlink_install=False, test_result_base=None, continue_on_error=False, executor='parallel', parallel_workers=4, event_handlers=None, ignore_user_meta=False, metas=['./colcon.meta'], base_paths=['.'], packages_ignore=None, packages_ignore_regex=None, paths=None, packages_up_to=None, packages_up_to_regex=None, packages_above=None, packages_above_and_dependencies=None, packages_above_depth=None, packages_select_by_dep=None, packages_skip_by_dep=None, packages_skip_up_to=None, packages_select_build_failed=False, packages_skip_build_finished=False, packages_select_test_failures=False, packages_skip_test_passed=False, packages_select=None, packages_skip=None, packages_select_regex=None, packages_skip_regex=None, packages_start=None, packages_end=None, allow_overriding=[], cmake_args=None, cmake_target=None, cmake_target_skip_unavailable=False, cmake_clean_cache=False, cmake_clean_first=False, cmake_force_configure=False, ament_cmake_args=None, catkin_cmake_args=None, catkin_skip_building_tests=False, verb_parser=<colcon_defaults.argument_parser.defaults.DefaultArgumentsDecorator object at 0xffff951e2320>, verb_extension=<colcon_core.verb.build.BuildVerb object at 0xffff95656f50>, main=<bound method BuildVerb.main of <colcon_core.verb.build.BuildVerb object at 0xffff95656f50>>)
[6.773s] Level 1:colcon.colcon_core.package_discovery:discover_packages(colcon_meta) check parameters
[6.774s] Level 1:colcon.colcon_core.package_discovery:discover_packages(recursive) check parameters
[6.774s] Level 1:colcon.colcon_core.package_discovery:discover_packages(ignore) check parameters
[6.774s] Level 1:colcon.colcon_core.package_discovery:discover_packages(path) check parameters
[6.774s] Level 1:colcon.colcon_core.package_discovery:discover_packages(colcon_meta) discover
[6.774s] Level 1:colcon.colcon_core.package_discovery:discover_packages(recursive) discover
[6.775s] INFO:colcon.colcon_core.package_discovery:Crawling recursively for packages in '/home/csd/CSD-Project'
[6.775s] Level 1:colcon.colcon_core.package_identification:_identify(.) by extensions ['ignore', 'ignore_ament_install']
[6.775s] Level 1:colcon.colcon_core.package_identification:_identify(.) by extension 'ignore'
[6.776s] Level 1:colcon.colcon_core.package_identification:_identify(.) by extension 'ignore_ament_install'
[6.776s] Level 1:colcon.colcon_core.package_identification:_identify(.) by extensions ['colcon_pkg']
[6.776s] Level 1:colcon.colcon_core.package_identification:_identify(.) by extension 'colcon_pkg'
[6.776s] Level 1:colcon.colcon_core.package_identification:_identify(.) by extensions ['colcon_meta']
[6.776s] Level 1:colcon.colcon_core.package_identification:_identify(.) by extension 'colcon_meta'
[6.776s] Level 1:colcon.colcon_core.package_identification:_identify(.) by extensions ['ros']
[6.776s] Level 1:colcon.colcon_core.package_identification:_identify(.) by extension 'ros'
[6.866s] Level 1:colcon.colcon_core.package_identification:_identify(.) by extensions ['cmake', 'python']
[6.867s] Level 1:colcon.colcon_core.package_identification:_identify(.) by extension 'cmake'
[6.867s] Level 1:colcon.colcon_core.package_identification:_identify(.) by extension 'python'
[6.867s] Level 1:colcon.colcon_core.package_identification:_identify(.) by extensions ['python_setup_py']
[6.867s] Level 1:colcon.colcon_core.package_identification:_identify(.) by extension 'python_setup_py'
[6.868s] Level 1:colcon.colcon_core.package_identification:_identify(build) by extensions ['ignore', 'ignore_ament_install']
[6.868s] Level 1:colcon.colcon_core.package_identification:_identify(build) by extension 'ignore'
[6.868s] Level 1:colcon.colcon_core.package_identification:_identify(build) ignored
[6.869s] Level 1:colcon.colcon_core.package_identification:_identify(install) by extensions ['ignore', 'ignore_ament_install']
[6.869s] Level 1:colcon.colcon_core.package_identification:_identify(install) by extension 'ignore'
[6.870s] Level 1:colcon.colcon_core.package_identification:_identify(install) ignored
[6.874s] Level 1:colcon.colcon_core.package_identification:_identify(log) by extensions ['ignore', 'ignore_ament_install']
[6.875s] Level 1:colcon.colcon_core.package_identification:_identify(log) by extension 'ignore'
[6.875s] Level 1:colcon.colcon_core.package_identification:_identify(log) ignored
[6.876s] Level 1:colcon.colcon_core.package_identification:_identify(src) by extensions ['ignore', 'ignore_ament_install']
[6.877s] Level 1:colcon.colcon_core.package_identification:_identify(src) by extension 'ignore'
[6.877s] Level 1:colcon.colcon_core.package_identification:_identify(src) by extension 'ignore_ament_install'
[6.877s] Level 1:colcon.colcon_core.package_identification:_identify(src) by extensions ['colcon_pkg']
[6.877s] Level 1:colcon.colcon_core.package_identification:_identify(src) by extension 'colcon_pkg'
[6.877s] Level 1:colcon.colcon_core.package_identification:_identify(src) by extensions ['colcon_meta']
[6.878s] Level 1:colcon.colcon_core.package_identification:_identify(src) by extension 'colcon_meta'
[6.878s] Level 1:colcon.colcon_core.package_identification:_identify(src) by extensions ['ros']
[6.878s] Level 1:colcon.colcon_core.package_identification:_identify(src) by extension 'ros'
[6.878s] Level 1:colcon.colcon_core.package_identification:_identify(src) by extensions ['cmake', 'python']
[6.878s] Level 1:colcon.colcon_core.package_identification:_identify(src) by extension 'cmake'
[6.878s] Level 1:colcon.colcon_core.package_identification:_identify(src) by extension 'python'
[6.879s] Level 1:colcon.colcon_core.package_identification:_identify(src) by extensions ['python_setup_py']
[6.879s] Level 1:colcon.colcon_core.package_identification:_identify(src) by extension 'python_setup_py'
[6.884s] Level 1:colcon.colcon_core.package_identification:_identify(src/picar_pro) by extensions ['ignore', 'ignore_ament_install']
[6.885s] Level 1:colcon.colcon_core.package_identification:_identify(src/picar_pro) by extension 'ignore'
[6.885s] Level 1:colcon.colcon_core.package_identification:_identify(src/picar_pro) by extension 'ignore_ament_install'
[6.885s] Level 1:colcon.colcon_core.package_identification:_identify(src/picar_pro) by extensions ['colcon_pkg']
[6.886s] Level 1:colcon.colcon_core.package_identification:_identify(src/picar_pro) by extension 'colcon_pkg'
[6.886s] Level 1:colcon.colcon_core.package_identification:_identify(src/picar_pro) by extensions ['colcon_meta']
[6.886s] Level 1:colcon.colcon_core.package_identification:_identify(src/picar_pro) by extension 'colcon_meta'
[6.886s] Level 1:colcon.colcon_core.package_identification:_identify(src/picar_pro) by extensions ['ros']
[6.886s] Level 1:colcon.colcon_core.package_identification:_identify(src/picar_pro) by extension 'ros'
[6.906s] DEBUG:colcon.colcon_core.package_identification:Package 'src/picar_pro' with type 'ros.ament_python' and name 'picar_pro'
[6.907s] Level 1:colcon.colcon_core.package_discovery:discover_packages(recursive) using defaults
[6.907s] Level 1:colcon.colcon_core.package_discovery:discover_packages(ignore) discover
[6.907s] Level 1:colcon.colcon_core.package_discovery:discover_packages(ignore) using defaults
[6.907s] Level 1:colcon.colcon_core.package_discovery:discover_packages(path) discover
[6.907s] Level 1:colcon.colcon_core.package_discovery:discover_packages(path) using defaults
[7.515s] Level 1:colcon.colcon_core.package_discovery:discover_packages(prefix_path) check parameters
[7.515s] Level 1:colcon.colcon_core.package_discovery:discover_packages(prefix_path) discover
[7.654s] DEBUG:colcon.colcon_installed_package_information.package_discovery:Found 1 installed packages in /home/csd/CSD-Project/install
[7.731s] DEBUG:colcon.colcon_installed_package_information.package_discovery:Found 192 installed packages in /opt/ros/iron
[7.737s] Level 1:colcon.colcon_core.package_discovery:discover_packages(prefix_path) using defaults
[8.656s] Level 5:colcon.colcon_core.verb:set package 'picar_pro' build argument 'cmake_args' from command line to 'None'
[8.657s] Level 5:colcon.colcon_core.verb:set package 'picar_pro' build argument 'cmake_target' from command line to 'None'
[8.662s] Level 5:colcon.colcon_core.verb:set package 'picar_pro' build argument 'cmake_target_skip_unavailable' from command line to 'False'
[8.663s] Level 5:colcon.colcon_core.verb:set package 'picar_pro' build argument 'cmake_clean_cache' from command line to 'False'
[8.663s] Level 5:colcon.colcon_core.verb:set package 'picar_pro' build argument 'cmake_clean_first' from command line to 'False'
[8.663s] Level 5:colcon.colcon_core.verb:set package 'picar_pro' build argument 'cmake_force_configure' from command line to 'False'
[8.663s] Level 5:colcon.colcon_core.verb:set package 'picar_pro' build argument 'ament_cmake_args' from command line to 'None'
[8.663s] Level 5:colcon.colcon_core.verb:set package 'picar_pro' build argument 'catkin_cmake_args' from command line to 'None'
[8.663s] Level 5:colcon.colcon_core.verb:set package 'picar_pro' build argument 'catkin_skip_building_tests' from command line to 'False'
[8.663s] DEBUG:colcon.colcon_core.verb:Building package 'picar_pro' with the following arguments: {'ament_cmake_args': None, 'build_base': '/home/csd/CSD-Project/build/picar_pro', 'catkin_cmake_args': None, 'catkin_skip_building_tests': False, 'cmake_args': None, 'cmake_clean_cache': False, 'cmake_clean_first': False, 'cmake_force_configure': False, 'cmake_target': None, 'cmake_target_skip_unavailable': False, 'install_base': '/home/csd/CSD-Project/install/picar_pro', 'merge_install': False, 'path': '/home/csd/CSD-Project/src/picar_pro', 'symlink_install': False, 'test_result_base': None}
[8.721s] INFO:colcon.colcon_core.executor:Executing jobs using 'parallel' executor
[8.827s] DEBUG:colcon.colcon_parallel_executor.executor.parallel:run_until_complete
[8.828s] INFO:colcon.colcon_ros.task.ament_python.build:Building ROS package in '/home/csd/CSD-Project/src/picar_pro' with build type 'ament_python'
[8.829s] Level 1:colcon.colcon_core.shell:create_environment_hook('picar_pro', 'ament_prefix_path')
[8.924s] INFO:colcon.colcon_core.plugin_system:Skipping extension 'colcon_core.shell.bat': Not used on non-Windows systems
[8.925s] INFO:colcon.colcon_core.shell:Creating environment hook '/home/csd/CSD-Project/install/picar_pro/share/picar_pro/hook/ament_prefix_path.ps1'
[8.940s] INFO:colcon.colcon_core.shell:Creating environment descriptor '/home/csd/CSD-Project/install/picar_pro/share/picar_pro/hook/ament_prefix_path.dsv'
[8.948s] INFO:colcon.colcon_core.shell:Creating environment hook '/home/csd/CSD-Project/install/picar_pro/share/picar_pro/hook/ament_prefix_path.sh'
[9.013s] INFO:colcon.colcon_core.shell:Skip shell extension 'powershell' for command environment: Not usable outside of PowerShell
[9.013s] DEBUG:colcon.colcon_core.shell:Skip shell extension 'dsv' for command environment
