[4.624s] Invoking command in '/home/csd/CSD-Project/src/smart_arm': PYTHONPATH=/home/csd/CSD-Project/build/smart_arm/prefix_override:/home/csd/CSD-Project/install/smart_arm/lib/python3.10/site-packages:${PYTHONPATH} /usr/bin/python3 setup.py egg_info --egg-base ../../build/smart_arm build --build-base /home/csd/CSD-Project/build/smart_arm/build install --record /home/csd/CSD-Project/build/smart_arm/install.log --single-version-externally-managed
[5.731s] running egg_info
[5.734s] writing ../../build/smart_arm/smart_arm.egg-info/PKG-INFO
[5.735s] writing dependency_links to ../../build/smart_arm/smart_arm.egg-info/dependency_links.txt
[5.736s] writing entry points to ../../build/smart_arm/smart_arm.egg-info/entry_points.txt
[5.737s] writing requirements to ../../build/smart_arm/smart_arm.egg-info/requires.txt
[5.738s] writing top-level names to ../../build/smart_arm/smart_arm.egg-info/top_level.txt
[5.748s] reading manifest file '../../build/smart_arm/smart_arm.egg-info/SOURCES.txt'
[5.750s] adding license file 'LICENSE'
[5.753s] writing manifest file '../../build/smart_arm/smart_arm.egg-info/SOURCES.txt'
[5.754s] running build
[5.755s] running build_py
[5.756s] copying smart_arm/claw_motor.py -> /home/csd/CSD-Project/build/smart_arm/build/lib/smart_arm
[5.759s] running install
[5.760s] /usr/lib/python3/dist-packages/setuptools/command/install.py:34: SetuptoolsDeprecationWarning: setup.py install is deprecated. Use build and pip and other standards-based tools.
[5.760s]   warnings.warn(
[5.761s] running install_lib
[5.765s] copying /home/csd/CSD-Project/build/smart_arm/build/lib/smart_arm/claw_motor.py -> /home/csd/CSD-Project/install/smart_arm/lib/python3.10/site-packages/smart_arm
[5.770s] byte-compiling /home/csd/CSD-Project/install/smart_arm/lib/python3.10/site-packages/smart_arm/claw_motor.py to claw_motor.cpython-310.pyc
[5.774s] running install_data
[5.776s] running install_egg_info
[5.784s] removing '/home/csd/CSD-Project/install/smart_arm/lib/python3.10/site-packages/smart_arm-0.0.0-py3.10.egg-info' (and everything under it)
[5.786s] Copying ../../build/smart_arm/smart_arm.egg-info to /home/csd/CSD-Project/install/smart_arm/lib/python3.10/site-packages/smart_arm-0.0.0-py3.10.egg-info
[5.792s] running install_scripts
[5.882s] Installing car_arm_communication script to /home/csd/CSD-Project/install/smart_arm/lib/smart_arm
[5.883s] Installing claw_motor script to /home/csd/CSD-Project/install/smart_arm/lib/smart_arm
[5.884s] Installing listener script to /home/csd/CSD-Project/install/smart_arm/lib/smart_arm
[5.885s] Installing movement script to /home/csd/CSD-Project/install/smart_arm/lib/smart_arm
[5.886s] Installing publisher_node script to /home/csd/CSD-Project/install/smart_arm/lib/smart_arm
[5.888s] Installing servo_handler script to /home/csd/CSD-Project/install/smart_arm/lib/smart_arm
[5.889s] Installing talker script to /home/csd/CSD-Project/install/smart_arm/lib/smart_arm
[5.893s] writing list of installed files to '/home/csd/CSD-Project/build/smart_arm/install.log'
[6.289s] Invoked command in '/home/csd/CSD-Project/src/smart_arm' returned '0': PYTHONPATH=/home/csd/CSD-Project/build/smart_arm/prefix_override:/home/csd/CSD-Project/install/smart_arm/lib/python3.10/site-packages:${PYTHONPATH} /usr/bin/python3 setup.py egg_info --egg-base ../../build/smart_arm build --build-base /home/csd/CSD-Project/build/smart_arm/build install --record /home/csd/CSD-Project/build/smart_arm/install.log --single-version-externally-managed
