[3.064s] Invoking command in '/home/csd/CSD-Project/src/smart_arm': PYTHONPATH=/home/csd/CSD-Project/build/smart_arm/prefix_override:/home/csd/CSD-Project/install/smart_arm/lib/python3.10/site-packages:${PYTHONPATH} /usr/bin/python3 setup.py egg_info --egg-base ../../build/smart_arm build --build-base /home/csd/CSD-Project/build/smart_arm/build install --record /home/csd/CSD-Project/build/smart_arm/install.log --single-version-externally-managed
[4.025s] running egg_info
[4.028s] writing ../../build/smart_arm/smart_arm.egg-info/PKG-INFO
[4.029s] writing dependency_links to ../../build/smart_arm/smart_arm.egg-info/dependency_links.txt
[4.030s] writing entry points to ../../build/smart_arm/smart_arm.egg-info/entry_points.txt
[4.031s] writing requirements to ../../build/smart_arm/smart_arm.egg-info/requires.txt
[4.031s] writing top-level names to ../../build/smart_arm/smart_arm.egg-info/top_level.txt
[4.039s] reading manifest file '../../build/smart_arm/smart_arm.egg-info/SOURCES.txt'
[4.041s] adding license file 'LICENSE'
[4.043s] writing manifest file '../../build/smart_arm/smart_arm.egg-info/SOURCES.txt'
[4.044s] running build
[4.044s] running build_py
[4.045s] copying smart_arm/servo_handler.py -> /home/csd/CSD-Project/build/smart_arm/build/lib/smart_arm
[4.046s] copying smart_arm/claw_motor.py -> /home/csd/CSD-Project/build/smart_arm/build/lib/smart_arm
[4.048s] running install
[4.049s] /usr/lib/python3/dist-packages/setuptools/command/install.py:34: SetuptoolsDeprecationWarning: setup.py install is deprecated. Use build and pip and other standards-based tools.
[4.049s]   warnings.warn(
[4.050s] running install_lib
[4.053s] copying /home/csd/CSD-Project/build/smart_arm/build/lib/smart_arm/servo_handler.py -> /home/csd/CSD-Project/install/smart_arm/lib/python3.10/site-packages/smart_arm
[4.055s] copying /home/csd/CSD-Project/build/smart_arm/build/lib/smart_arm/claw_motor.py -> /home/csd/CSD-Project/install/smart_arm/lib/python3.10/site-packages/smart_arm
[4.058s] byte-compiling /home/csd/CSD-Project/install/smart_arm/lib/python3.10/site-packages/smart_arm/servo_handler.py to servo_handler.cpython-310.pyc
[4.061s] byte-compiling /home/csd/CSD-Project/install/smart_arm/lib/python3.10/site-packages/smart_arm/claw_motor.py to claw_motor.cpython-310.pyc
[4.065s] running install_data
[4.067s] copying package.xml -> /home/csd/CSD-Project/install/smart_arm/share/smart_arm
[4.068s] running install_egg_info
[4.074s] removing '/home/csd/CSD-Project/install/smart_arm/lib/python3.10/site-packages/smart_arm-0.0.0-py3.10.egg-info' (and everything under it)
[4.076s] Copying ../../build/smart_arm/smart_arm.egg-info to /home/csd/CSD-Project/install/smart_arm/lib/python3.10/site-packages/smart_arm-0.0.0-py3.10.egg-info
[4.081s] running install_scripts
[4.158s] Installing car_arm_communication script to /home/csd/CSD-Project/install/smart_arm/lib/smart_arm
[4.159s] Installing claw_motor script to /home/csd/CSD-Project/install/smart_arm/lib/smart_arm
[4.160s] Installing movement script to /home/csd/CSD-Project/install/smart_arm/lib/smart_arm
[4.161s] Installing publisher_node script to /home/csd/CSD-Project/install/smart_arm/lib/smart_arm
[4.161s] Installing servo_handler script to /home/csd/CSD-Project/install/smart_arm/lib/smart_arm
[4.163s] writing list of installed files to '/home/csd/CSD-Project/build/smart_arm/install.log'
[4.280s] Invoked command in '/home/csd/CSD-Project/src/smart_arm' returned '0': PYTHONPATH=/home/csd/CSD-Project/build/smart_arm/prefix_override:/home/csd/CSD-Project/install/smart_arm/lib/python3.10/site-packages:${PYTHONPATH} /usr/bin/python3 setup.py egg_info --egg-base ../../build/smart_arm build --build-base /home/csd/CSD-Project/build/smart_arm/build install --record /home/csd/CSD-Project/build/smart_arm/install.log --single-version-externally-managed
