[3.886s] DEBUG:colcon:Command line arguments: ['/usr/bin/colcon', 'build']
[3.886s] DEBUG:colcon:Parsed command line arguments: Namespace(log_base=None, log_level=None, verb_name='build', build_base='build', install_base='install', merge_install=False, symlink_install=False, test_result_base=None, continue_on_error=False, executor='parallel', parallel_workers=4, event_handlers=None, ignore_user_meta=False, metas=['./colcon.meta'], base_paths=['.'], packages_ignore=None, packages_ignore_regex=None, paths=None, packages_up_to=None, packages_up_to_regex=None, packages_above=None, packages_above_and_dependencies=None, packages_above_depth=None, packages_select_by_dep=None, packages_skip_by_dep=None, packages_skip_up_to=None, packages_select_build_failed=False, packages_skip_build_finished=False, packages_select_test_failures=False, packages_skip_test_passed=False, packages_select=None, packages_skip=None, packages_select_regex=None, packages_skip_regex=None, packages_start=None, packages_end=None, allow_overriding=[], cmake_args=None, cmake_target=None, cmake_target_skip_unavailable=False, cmake_clean_cache=False, cmake_clean_first=False, cmake_force_configure=False, ament_cmake_args=None, catkin_cmake_args=None, catkin_skip_building_tests=False, verb_parser=<colcon_defaults.argument_parser.defaults.DefaultArgumentsDecorator object at 0xffff8dc9a860>, verb_extension=<colcon_core.verb.build.BuildVerb object at 0xffff8dcb45e0>, main=<bound method BuildVerb.main of <colcon_core.verb.build.BuildVerb object at 0xffff8dcb45e0>>)
[4.073s] Level 1:colcon.colcon_core.package_discovery:discover_packages(colcon_meta) check parameters
[4.073s] Level 1:colcon.colcon_core.package_discovery:discover_packages(recursive) check parameters
[4.073s] Level 1:colcon.colcon_core.package_discovery:discover_packages(ignore) check parameters
[4.073s] Level 1:colcon.colcon_core.package_discovery:discover_packages(path) check parameters
[4.073s] Level 1:colcon.colcon_core.package_discovery:discover_packages(colcon_meta) discover
[4.074s] Level 1:colcon.colcon_core.package_discovery:discover_packages(recursive) discover
[4.074s] INFO:colcon.colcon_core.package_discovery:Crawling recursively for packages in '/home/csd/CSD-Project'
[4.074s] Level 1:colcon.colcon_core.package_identification:_identify(.) by extensions ['ignore', 'ignore_ament_install']
[4.075s] Level 1:colcon.colcon_core.package_identification:_identify(.) by extension 'ignore'
[4.075s] Level 1:colcon.colcon_core.package_identification:_identify(.) by extension 'ignore_ament_install'
[4.075s] Level 1:colcon.colcon_core.package_identification:_identify(.) by extensions ['colcon_pkg']
[4.075s] Level 1:colcon.colcon_core.package_identification:_identify(.) by extension 'colcon_pkg'
[4.075s] Level 1:colcon.colcon_core.package_identification:_identify(.) by extensions ['colcon_meta']
[4.076s] Level 1:colcon.colcon_core.package_identification:_identify(.) by extension 'colcon_meta'
[4.076s] Level 1:colcon.colcon_core.package_identification:_identify(.) by extensions ['ros']
[4.076s] Level 1:colcon.colcon_core.package_identification:_identify(.) by extension 'ros'
[4.123s] Level 1:colcon.colcon_core.package_identification:_identify(.) by extensions ['cmake', 'python']
[4.123s] Level 1:colcon.colcon_core.package_identification:_identify(.) by extension 'cmake'
[4.124s] Level 1:colcon.colcon_core.package_identification:_identify(.) by extension 'python'
[4.124s] Level 1:colcon.colcon_core.package_identification:_identify(.) by extensions ['python_setup_py']
[4.124s] Level 1:colcon.colcon_core.package_identification:_identify(.) by extension 'python_setup_py'
[4.124s] Level 1:colcon.colcon_core.package_identification:_identify(build) by extensions ['ignore', 'ignore_ament_install']
[4.125s] Level 1:colcon.colcon_core.package_identification:_identify(build) by extension 'ignore'
[4.125s] Level 1:colcon.colcon_core.package_identification:_identify(build) ignored
[4.126s] Level 1:colcon.colcon_core.package_identification:_identify(install) by extensions ['ignore', 'ignore_ament_install']
[4.126s] Level 1:colcon.colcon_core.package_identification:_identify(install) by extension 'ignore'
[4.126s] Level 1:colcon.colcon_core.package_identification:_identify(install) ignored
[4.127s] Level 1:colcon.colcon_core.package_identification:_identify(log) by extensions ['ignore', 'ignore_ament_install']
[4.127s] Level 1:colcon.colcon_core.package_identification:_identify(log) by extension 'ignore'
[4.127s] Level 1:colcon.colcon_core.package_identification:_identify(log) ignored
[4.128s] Level 1:colcon.colcon_core.package_identification:_identify(src) by extensions ['ignore', 'ignore_ament_install']
[4.128s] Level 1:colcon.colcon_core.package_identification:_identify(src) by extension 'ignore'
[4.128s] Level 1:colcon.colcon_core.package_identification:_identify(src) by extension 'ignore_ament_install'
[4.128s] Level 1:colcon.colcon_core.package_identification:_identify(src) by extensions ['colcon_pkg']
[4.128s] Level 1:colcon.colcon_core.package_identification:_identify(src) by extension 'colcon_pkg'
[4.129s] Level 1:colcon.colcon_core.package_identification:_identify(src) by extensions ['colcon_meta']
[4.129s] Level 1:colcon.colcon_core.package_identification:_identify(src) by extension 'colcon_meta'
[4.129s] Level 1:colcon.colcon_core.package_identification:_identify(src) by extensions ['ros']
[4.129s] Level 1:colcon.colcon_core.package_identification:_identify(src) by extension 'ros'
[4.129s] Level 1:colcon.colcon_core.package_identification:_identify(src) by extensions ['cmake', 'python']
[4.129s] Level 1:colcon.colcon_core.package_identification:_identify(src) by extension 'cmake'
[4.130s] Level 1:colcon.colcon_core.package_identification:_identify(src) by extension 'python'
[4.130s] Level 1:colcon.colcon_core.package_identification:_identify(src) by extensions ['python_setup_py']
[4.130s] Level 1:colcon.colcon_core.package_identification:_identify(src) by extension 'python_setup_py'
[4.130s] Level 1:colcon.colcon_core.package_identification:_identify(src/picar_pro) by extensions ['ignore', 'ignore_ament_install']
[4.131s] Level 1:colcon.colcon_core.package_identification:_identify(src/picar_pro) by extension 'ignore'
[4.131s] Level 1:colcon.colcon_core.package_identification:_identify(src/picar_pro) by extension 'ignore_ament_install'
[4.131s] Level 1:colcon.colcon_core.package_identification:_identify(src/picar_pro) by extensions ['colcon_pkg']
[4.131s] Level 1:colcon.colcon_core.package_identification:_identify(src/picar_pro) by extension 'colcon_pkg'
[4.131s] Level 1:colcon.colcon_core.package_identification:_identify(src/picar_pro) by extensions ['colcon_meta']
[4.131s] Level 1:colcon.colcon_core.package_identification:_identify(src/picar_pro) by extension 'colcon_meta'
[4.132s] Level 1:colcon.colcon_core.package_identification:_identify(src/picar_pro) by extensions ['ros']
[4.132s] Level 1:colcon.colcon_core.package_identification:_identify(src/picar_pro) by extension 'ros'
[4.140s] DEBUG:colcon.colcon_core.package_identification:Package 'src/picar_pro' with type 'ros.ament_python' and name 'picar_pro'
[4.141s] Level 1:colcon.colcon_core.package_identification:_identify(src/smart_arm) by extensions ['ignore', 'ignore_ament_install']
[4.141s] Level 1:colcon.colcon_core.package_identification:_identify(src/smart_arm) by extension 'ignore'
[4.141s] Level 1:colcon.colcon_core.package_identification:_identify(src/smart_arm) by extension 'ignore_ament_install'
[4.142s] Level 1:colcon.colcon_core.package_identification:_identify(src/smart_arm) by extensions ['colcon_pkg']
[4.142s] Level 1:colcon.colcon_core.package_identification:_identify(src/smart_arm) by extension 'colcon_pkg'
[4.142s] Level 1:colcon.colcon_core.package_identification:_identify(src/smart_arm) by extensions ['colcon_meta']
[4.142s] Level 1:colcon.colcon_core.package_identification:_identify(src/smart_arm) by extension 'colcon_meta'
[4.142s] Level 1:colcon.colcon_core.package_identification:_identify(src/smart_arm) by extensions ['ros']
[4.142s] Level 1:colcon.colcon_core.package_identification:_identify(src/smart_arm) by extension 'ros'
[4.144s] DEBUG:colcon.colcon_core.package_identification:Package 'src/smart_arm' with type 'ros.ament_python' and name 'smart_arm'
[4.144s] Level 1:colcon.colcon_core.package_discovery:discover_packages(recursive) using defaults
[4.145s] Level 1:colcon.colcon_core.package_discovery:discover_packages(ignore) discover
[4.145s] Level 1:colcon.colcon_core.package_discovery:discover_packages(ignore) using defaults
[4.145s] Level 1:colcon.colcon_core.package_discovery:discover_packages(path) discover
[4.145s] Level 1:colcon.colcon_core.package_discovery:discover_packages(path) using defaults
[4.491s] Level 1:colcon.colcon_core.package_discovery:discover_packages(prefix_path) check parameters
[4.491s] Level 1:colcon.colcon_core.package_discovery:discover_packages(prefix_path) discover
[4.549s] WARNING:colcon.colcon_ros.prefix_path.ament:The path '/home/csd/CSD-Project/install/py_package' in the environment variable AMENT_PREFIX_PATH doesn't exist
[4.550s] WARNING:colcon.colcon_ros.prefix_path.ament:The path '/home/csd/CSD-Project/install/pyPackage' in the environment variable AMENT_PREFIX_PATH doesn't exist
[4.609s] DEBUG:colcon.colcon_installed_package_information.package_discovery:Found 2 installed packages in /home/csd/CSD-Project/install
[4.671s] DEBUG:colcon.colcon_installed_package_information.package_discovery:Found 192 installed packages in /opt/ros/iron
[4.675s] Level 1:colcon.colcon_core.package_discovery:discover_packages(prefix_path) using defaults
[4.926s] Level 5:colcon.colcon_core.verb:set package 'picar_pro' build argument 'cmake_args' from command line to 'None'
[4.927s] Level 5:colcon.colcon_core.verb:set package 'picar_pro' build argument 'cmake_target' from command line to 'None'
[4.927s] Level 5:colcon.colcon_core.verb:set package 'picar_pro' build argument 'cmake_target_skip_unavailable' from command line to 'False'
[4.927s] Level 5:colcon.colcon_core.verb:set package 'picar_pro' build argument 'cmake_clean_cache' from command line to 'False'
[4.927s] Level 5:colcon.colcon_core.verb:set package 'picar_pro' build argument 'cmake_clean_first' from command line to 'False'
[4.927s] Level 5:colcon.colcon_core.verb:set package 'picar_pro' build argument 'cmake_force_configure' from command line to 'False'
[4.927s] Level 5:colcon.colcon_core.verb:set package 'picar_pro' build argument 'ament_cmake_args' from command line to 'None'
[4.927s] Level 5:colcon.colcon_core.verb:set package 'picar_pro' build argument 'catkin_cmake_args' from command line to 'None'
[4.927s] Level 5:colcon.colcon_core.verb:set package 'picar_pro' build argument 'catkin_skip_building_tests' from command line to 'False'
[4.928s] DEBUG:colcon.colcon_core.verb:Building package 'picar_pro' with the following arguments: {'ament_cmake_args': None, 'build_base': '/home/csd/CSD-Project/build/picar_pro', 'catkin_cmake_args': None, 'catkin_skip_building_tests': False, 'cmake_args': None, 'cmake_clean_cache': False, 'cmake_clean_first': False, 'cmake_force_configure': False, 'cmake_target': None, 'cmake_target_skip_unavailable': False, 'install_base': '/home/csd/CSD-Project/install/picar_pro', 'merge_install': False, 'path': '/home/csd/CSD-Project/src/picar_pro', 'symlink_install': False, 'test_result_base': None}
[4.983s] Level 5:colcon.colcon_core.verb:set package 'smart_arm' build argument 'cmake_args' from command line to 'None'
[4.983s] Level 5:colcon.colcon_core.verb:set package 'smart_arm' build argument 'cmake_target' from command line to 'None'
[4.983s] Level 5:colcon.colcon_core.verb:set package 'smart_arm' build argument 'cmake_target_skip_unavailable' from command line to 'False'
[4.983s] Level 5:colcon.colcon_core.verb:set package 'smart_arm' build argument 'cmake_clean_cache' from command line to 'False'
[4.983s] Level 5:colcon.colcon_core.verb:set package 'smart_arm' build argument 'cmake_clean_first' from command line to 'False'
[4.983s] Level 5:colcon.colcon_core.verb:set package 'smart_arm' build argument 'cmake_force_configure' from command line to 'False'
[4.984s] Level 5:colcon.colcon_core.verb:set package 'smart_arm' build argument 'ament_cmake_args' from command line to 'None'
[4.984s] Level 5:colcon.colcon_core.verb:set package 'smart_arm' build argument 'catkin_cmake_args' from command line to 'None'
[4.984s] Level 5:colcon.colcon_core.verb:set package 'smart_arm' build argument 'catkin_skip_building_tests' from command line to 'False'
[4.984s] DEBUG:colcon.colcon_core.verb:Building package 'smart_arm' with the following arguments: {'ament_cmake_args': None, 'build_base': '/home/csd/CSD-Project/build/smart_arm', 'catkin_cmake_args': None, 'catkin_skip_building_tests': False, 'cmake_args': None, 'cmake_clean_cache': False, 'cmake_clean_first': False, 'cmake_force_configure': False, 'cmake_target': None, 'cmake_target_skip_unavailable': False, 'install_base': '/home/csd/CSD-Project/install/smart_arm', 'merge_install': False, 'path': '/home/csd/CSD-Project/src/smart_arm', 'symlink_install': False, 'test_result_base': None}
[5.038s] INFO:colcon.colcon_core.executor:Executing jobs using 'parallel' executor
[5.095s] DEBUG:colcon.colcon_parallel_executor.executor.parallel:run_until_complete
[5.096s] INFO:colcon.colcon_ros.task.ament_python.build:Building ROS package in '/home/csd/CSD-Project/src/picar_pro' with build type 'ament_python'
[5.097s] Level 1:colcon.colcon_core.shell:create_environment_hook('picar_pro', 'ament_prefix_path')
[5.161s] INFO:colcon.colcon_core.plugin_system:Skipping extension 'colcon_core.shell.bat': Not used on non-Windows systems
[5.162s] INFO:colcon.colcon_core.shell:Creating environment hook '/home/csd/CSD-Project/install/picar_pro/share/picar_pro/hook/ament_prefix_path.ps1'
[5.164s] INFO:colcon.colcon_core.shell:Creating environment descriptor '/home/csd/CSD-Project/install/picar_pro/share/picar_pro/hook/ament_prefix_path.dsv'
[5.166s] INFO:colcon.colcon_core.shell:Creating environment hook '/home/csd/CSD-Project/install/picar_pro/share/picar_pro/hook/ament_prefix_path.sh'
[5.225s] INFO:colcon.colcon_core.shell:Skip shell extension 'powershell' for command environment: Not usable outside of PowerShell
[5.225s] DEBUG:colcon.colcon_core.shell:Skip shell extension 'dsv' for command environment
[5.405s] INFO:colcon.colcon_ros.task.ament_python.build:Building ROS package in '/home/csd/CSD-Project/src/smart_arm' with build type 'ament_python'
[5.405s] Level 1:colcon.colcon_core.shell:create_environment_hook('smart_arm', 'ament_prefix_path')
[5.464s] INFO:colcon.colcon_core.shell:Creating environment hook '/home/csd/CSD-Project/install/smart_arm/share/smart_arm/hook/ament_prefix_path.ps1'
[5.466s] INFO:colcon.colcon_core.shell:Creating environment descriptor '/home/csd/CSD-Project/install/smart_arm/share/smart_arm/hook/ament_prefix_path.dsv'
[5.467s] INFO:colcon.colcon_core.shell:Creating environment hook '/home/csd/CSD-Project/install/smart_arm/share/smart_arm/hook/ament_prefix_path.sh'
[5.525s] INFO:colcon.colcon_core.shell:Skip shell extension 'powershell' for command environment: Not usable outside of PowerShell
[5.525s] DEBUG:colcon.colcon_core.shell:Skip shell extension 'dsv' for command environment
[6.741s] INFO:colcon.colcon_core.task.python.build:Building Python package in '/home/csd/CSD-Project/src/picar_pro'
[6.800s] INFO:colcon.colcon_core.shell:Skip shell extension 'powershell' for command environment: Not usable outside of PowerShell
[6.800s] DEBUG:colcon.colcon_core.shell:Skip shell extension 'dsv' for command environment
[8.015s] INFO:colcon.colcon_core.task.python.build:Building Python package in '/home/csd/CSD-Project/src/smart_arm'
[8.076s] INFO:colcon.colcon_core.shell:Skip shell extension 'powershell' for command environment: Not usable outside of PowerShell
[8.076s] DEBUG:colcon.colcon_core.shell:Skip shell extension 'dsv' for command environment
[9.977s] DEBUG:colcon.colcon_core.event_handler.log_command:Invoking command in '/home/csd/CSD-Project/src/picar_pro': PYTHONPATH=/home/csd/CSD-Project/build/picar_pro/prefix_override:/home/csd/CSD-Project/install/picar_pro/lib/python3.10/site-packages:${PYTHONPATH} /usr/bin/python3 setup.py egg_info --egg-base ../../build/picar_pro build --build-base /home/csd/CSD-Project/build/picar_pro/build install --record /home/csd/CSD-Project/build/picar_pro/install.log --single-version-externally-managed
[9.995s] DEBUG:colcon.colcon_core.event_handler.log_command:Invoking command in '/home/csd/CSD-Project/src/smart_arm': PYTHONPATH=/home/csd/CSD-Project/build/smart_arm/prefix_override:/home/csd/CSD-Project/install/smart_arm/lib/python3.10/site-packages:${PYTHONPATH} /usr/bin/python3 setup.py egg_info --egg-base ../../build/smart_arm build --build-base /home/csd/CSD-Project/build/smart_arm/build install --record /home/csd/CSD-Project/build/smart_arm/install.log --single-version-externally-managed
[11.384s] DEBUG:colcon.colcon_core.event_handler.log_command:Invoked command in '/home/csd/CSD-Project/src/picar_pro' returned '0': PYTHONPATH=/home/csd/CSD-Project/build/picar_pro/prefix_override:/home/csd/CSD-Project/install/picar_pro/lib/python3.10/site-packages:${PYTHONPATH} /usr/bin/python3 setup.py egg_info --egg-base ../../build/picar_pro build --build-base /home/csd/CSD-Project/build/picar_pro/build install --record /home/csd/CSD-Project/build/picar_pro/install.log --single-version-externally-managed
[11.458s] Level 1:colcon.colcon_core.environment:checking '/home/csd/CSD-Project/install/picar_pro' for CMake module files
[11.461s] Level 1:colcon.colcon_core.environment:checking '/home/csd/CSD-Project/install/picar_pro' for CMake config files
[11.465s] Level 1:colcon.colcon_core.environment:checking '/home/csd/CSD-Project/install/picar_pro/lib'
[11.465s] Level 1:colcon.colcon_core.environment:checking '/home/csd/CSD-Project/install/picar_pro/bin'
[11.466s] Level 1:colcon.colcon_core.environment:checking '/home/csd/CSD-Project/install/picar_pro/lib/pkgconfig/picar_pro.pc'
[11.466s] Level 1:colcon.colcon_core.environment:checking '/home/csd/CSD-Project/install/picar_pro/lib/python3.10/site-packages'
[11.467s] Level 1:colcon.colcon_core.shell:create_environment_hook('picar_pro', 'pythonpath')
[11.522s] INFO:colcon.colcon_core.shell:Creating environment hook '/home/csd/CSD-Project/install/picar_pro/share/picar_pro/hook/pythonpath.ps1'
[11.524s] INFO:colcon.colcon_core.shell:Creating environment descriptor '/home/csd/CSD-Project/install/picar_pro/share/picar_pro/hook/pythonpath.dsv'
[11.526s] INFO:colcon.colcon_core.shell:Creating environment hook '/home/csd/CSD-Project/install/picar_pro/share/picar_pro/hook/pythonpath.sh'
[11.528s] Level 1:colcon.colcon_core.environment:checking '/home/csd/CSD-Project/install/picar_pro/bin'
[11.529s] Level 1:colcon.colcon_core.environment:create_environment_scripts_only(picar_pro)
[11.585s] INFO:colcon.colcon_core.shell:Creating package script '/home/csd/CSD-Project/install/picar_pro/share/picar_pro/package.ps1'
[11.589s] INFO:colcon.colcon_core.shell:Creating package descriptor '/home/csd/CSD-Project/install/picar_pro/share/picar_pro/package.dsv'
[11.591s] INFO:colcon.colcon_core.shell:Creating package script '/home/csd/CSD-Project/install/picar_pro/share/picar_pro/package.sh'
[11.595s] INFO:colcon.colcon_core.shell:Creating package script '/home/csd/CSD-Project/install/picar_pro/share/picar_pro/package.bash'
[11.598s] INFO:colcon.colcon_core.shell:Creating package script '/home/csd/CSD-Project/install/picar_pro/share/picar_pro/package.zsh'
[11.601s] Level 1:colcon.colcon_core.environment:create_file_with_runtime_dependencies(/home/csd/CSD-Project/install/picar_pro/share/colcon-core/packages/picar_pro)
[11.614s] DEBUG:colcon.colcon_core.event_handler.log_command:Invoked command in '/home/csd/CSD-Project/src/smart_arm' returned '0': PYTHONPATH=/home/csd/CSD-Project/build/smart_arm/prefix_override:/home/csd/CSD-Project/install/smart_arm/lib/python3.10/site-packages:${PYTHONPATH} /usr/bin/python3 setup.py egg_info --egg-base ../../build/smart_arm build --build-base /home/csd/CSD-Project/build/smart_arm/build install --record /home/csd/CSD-Project/build/smart_arm/install.log --single-version-externally-managed
[11.666s] Level 1:colcon.colcon_core.environment:checking '/home/csd/CSD-Project/install/smart_arm' for CMake module files
[11.668s] Level 1:colcon.colcon_core.environment:checking '/home/csd/CSD-Project/install/smart_arm' for CMake config files
[11.671s] Level 1:colcon.colcon_core.environment:checking '/home/csd/CSD-Project/install/smart_arm/lib'
[11.671s] Level 1:colcon.colcon_core.environment:checking '/home/csd/CSD-Project/install/smart_arm/bin'
[11.671s] Level 1:colcon.colcon_core.environment:checking '/home/csd/CSD-Project/install/smart_arm/lib/pkgconfig/smart_arm.pc'
[11.672s] Level 1:colcon.colcon_core.environment:checking '/home/csd/CSD-Project/install/smart_arm/lib/python3.10/site-packages'
[11.673s] Level 1:colcon.colcon_core.shell:create_environment_hook('smart_arm', 'pythonpath')
[11.728s] INFO:colcon.colcon_core.shell:Creating environment hook '/home/csd/CSD-Project/install/smart_arm/share/smart_arm/hook/pythonpath.ps1'
[11.730s] INFO:colcon.colcon_core.shell:Creating environment descriptor '/home/csd/CSD-Project/install/smart_arm/share/smart_arm/hook/pythonpath.dsv'
[11.731s] INFO:colcon.colcon_core.shell:Creating environment hook '/home/csd/CSD-Project/install/smart_arm/share/smart_arm/hook/pythonpath.sh'
[11.734s] Level 1:colcon.colcon_core.environment:checking '/home/csd/CSD-Project/install/smart_arm/bin'
[11.734s] Level 1:colcon.colcon_core.environment:create_environment_scripts_only(smart_arm)
[11.791s] INFO:colcon.colcon_core.shell:Creating package script '/home/csd/CSD-Project/install/smart_arm/share/smart_arm/package.ps1'
[11.793s] INFO:colcon.colcon_core.shell:Creating package descriptor '/home/csd/CSD-Project/install/smart_arm/share/smart_arm/package.dsv'
[11.795s] INFO:colcon.colcon_core.shell:Creating package script '/home/csd/CSD-Project/install/smart_arm/share/smart_arm/package.sh'
[11.797s] INFO:colcon.colcon_core.shell:Creating package script '/home/csd/CSD-Project/install/smart_arm/share/smart_arm/package.bash'
[11.799s] INFO:colcon.colcon_core.shell:Creating package script '/home/csd/CSD-Project/install/smart_arm/share/smart_arm/package.zsh'
[11.801s] Level 1:colcon.colcon_core.environment:create_file_with_runtime_dependencies(/home/csd/CSD-Project/install/smart_arm/share/colcon-core/packages/smart_arm)
[11.802s] DEBUG:colcon.colcon_parallel_executor.executor.parallel:closing loop
[11.803s] DEBUG:colcon.colcon_parallel_executor.executor.parallel:loop closed
[11.803s] DEBUG:colcon.colcon_parallel_executor.executor.parallel:run_until_complete finished with '0'
[11.804s] DEBUG:colcon.colcon_core.event_reactor:joining thread
[11.887s] INFO:colcon.colcon_core.plugin_system:Skipping extension 'colcon_notification.desktop_notification.notify_send': Could not find 'notify-send'
[11.887s] INFO:colcon.colcon_core.plugin_system:Skipping extension 'colcon_notification.desktop_notification.terminal_notifier': Not used on non-Darwin systems
[11.888s] INFO:colcon.colcon_core.plugin_system:Skipping extension 'colcon_notification.desktop_notification.win32': Not used on non-Windows systems
[11.888s] INFO:colcon.colcon_notification.desktop_notification:Sending desktop notification using 'notify2'
[11.891s] DEBUG:colcon.colcon_notification.desktop_notification.notify2:Failed to initialize notify2: org.freedesktop.DBus.Error.ServiceUnknown: The name org.freedesktop.Notifications was not provided by any .service files
[11.891s] DEBUG:colcon.colcon_core.event_reactor:joined thread
[11.949s] INFO:colcon.colcon_core.shell:Creating prefix script '/home/csd/CSD-Project/install/local_setup.ps1'
[11.952s] INFO:colcon.colcon_core.shell:Creating prefix util module '/home/csd/CSD-Project/install/_local_setup_util_ps1.py'
[11.958s] INFO:colcon.colcon_core.shell:Creating prefix chain script '/home/csd/CSD-Project/install/setup.ps1'
[12.016s] INFO:colcon.colcon_core.shell:Creating prefix script '/home/csd/CSD-Project/install/local_setup.sh'
[12.018s] INFO:colcon.colcon_core.shell:Creating prefix util module '/home/csd/CSD-Project/install/_local_setup_util_sh.py'
[12.020s] INFO:colcon.colcon_core.shell:Creating prefix chain script '/home/csd/CSD-Project/install/setup.sh'
[12.079s] INFO:colcon.colcon_core.shell:Creating prefix script '/home/csd/CSD-Project/install/local_setup.bash'
[12.081s] INFO:colcon.colcon_core.shell:Creating prefix chain script '/home/csd/CSD-Project/install/setup.bash'
[12.139s] INFO:colcon.colcon_core.shell:Creating prefix script '/home/csd/CSD-Project/install/local_setup.zsh'
[12.142s] INFO:colcon.colcon_core.shell:Creating prefix chain script '/home/csd/CSD-Project/install/setup.zsh'
