[4.879s] Invoking command in '/home/csd/CSD-Project/src/picar_pro': PYTHONPATH=/home/csd/CSD-Project/build/picar_pro/prefix_override:/home/csd/CSD-Project/install/picar_pro/lib/python3.10/site-packages:${PYTHONPATH} /usr/bin/python3 setup.py egg_info --egg-base ../../build/picar_pro build --build-base /home/csd/CSD-Project/build/picar_pro/build install --record /home/csd/CSD-Project/build/picar_pro/install.log --single-version-externally-managed
[5.963s] running egg_info
[5.966s] writing ../../build/picar_pro/picar_pro.egg-info/PKG-INFO
[5.967s] writing dependency_links to ../../build/picar_pro/picar_pro.egg-info/dependency_links.txt
[5.968s] writing entry points to ../../build/picar_pro/picar_pro.egg-info/entry_points.txt
[5.969s] writing requirements to ../../build/picar_pro/picar_pro.egg-info/requires.txt
[5.970s] writing top-level names to ../../build/picar_pro/picar_pro.egg-info/top_level.txt
[5.979s] reading manifest file '../../build/picar_pro/picar_pro.egg-info/SOURCES.txt'
[5.980s] adding license file 'LICENSE'
[5.984s] writing manifest file '../../build/picar_pro/picar_pro.egg-info/SOURCES.txt'
[5.985s] running build
[5.986s] running build_py
[5.988s] running install
[5.990s] /usr/lib/python3/dist-packages/setuptools/command/install.py:34: SetuptoolsDeprecationWarning: setup.py install is deprecated. Use build and pip and other standards-based tools.
[5.990s]   warnings.warn(
[5.991s] running install_lib
[5.997s] running install_data
[6.000s] copying launch/Car_launch.py -> /home/csd/CSD-Project/install/picar_pro/share/picar_pro
[6.001s] running install_egg_info
[6.009s] removing '/home/csd/CSD-Project/install/picar_pro/lib/python3.10/site-packages/picar_pro-0.0.0-py3.10.egg-info' (and everything under it)
[6.011s] Copying ../../build/picar_pro/picar_pro.egg-info to /home/csd/CSD-Project/install/picar_pro/lib/python3.10/site-packages/picar_pro-0.0.0-py3.10.egg-info
[6.017s] running install_scripts
[6.106s] Installing listener script to /home/csd/CSD-Project/install/picar_pro/lib/picar_pro
[6.107s] Installing movement script to /home/csd/CSD-Project/install/picar_pro/lib/picar_pro
[6.108s] Installing talker script to /home/csd/CSD-Project/install/picar_pro/lib/picar_pro
[6.110s] writing list of installed files to '/home/csd/CSD-Project/build/picar_pro/install.log'
[6.287s] Invoked command in '/home/csd/CSD-Project/src/picar_pro' returned '0': PYTHONPATH=/home/csd/CSD-Project/build/picar_pro/prefix_override:/home/csd/CSD-Project/install/picar_pro/lib/python3.10/site-packages:${PYTHONPATH} /usr/bin/python3 setup.py egg_info --egg-base ../../build/picar_pro build --build-base /home/csd/CSD-Project/build/picar_pro/build install --record /home/csd/CSD-Project/build/picar_pro/install.log --single-version-externally-managed
