[3.070s] Invoking command in '/home/csd/CSD-Project/src/smart_arm': PYTHONPATH=/home/csd/CSD-Project/build/smart_arm/prefix_override:/home/csd/CSD-Project/install/smart_arm/lib/python3.10/site-packages:${PYTHONPATH} /usr/bin/python3 setup.py egg_info --egg-base ../../build/smart_arm build --build-base /home/csd/CSD-Project/build/smart_arm/build install --record /home/csd/CSD-Project/build/smart_arm/install.log --single-version-externally-managed
[4.039s] running egg_info
[4.042s] writing ../../build/smart_arm/smart_arm.egg-info/PKG-INFO
[4.043s] writing dependency_links to ../../build/smart_arm/smart_arm.egg-info/dependency_links.txt
[4.044s] writing entry points to ../../build/smart_arm/smart_arm.egg-info/entry_points.txt
[4.045s] writing requirements to ../../build/smart_arm/smart_arm.egg-info/requires.txt
[4.045s] writing top-level names to ../../build/smart_arm/smart_arm.egg-info/top_level.txt
[4.053s] reading manifest file '../../build/smart_arm/smart_arm.egg-info/SOURCES.txt'
[4.055s] adding license file 'LICENSE'
[4.058s] writing manifest file '../../build/smart_arm/smart_arm.egg-info/SOURCES.txt'
[4.058s] running build
[4.058s] running build_py
[4.061s] running install
[4.062s] /usr/lib/python3/dist-packages/setuptools/command/install.py:34: SetuptoolsDeprecationWarning: setup.py install is deprecated. Use build and pip and other standards-based tools.
[4.062s]   warnings.warn(
[4.063s] running install_lib
[4.071s] running install_data
[4.073s] running install_egg_info
[4.079s] removing '/home/csd/CSD-Project/install/smart_arm/lib/python3.10/site-packages/smart_arm-0.0.0-py3.10.egg-info' (and everything under it)
[4.081s] Copying ../../build/smart_arm/smart_arm.egg-info to /home/csd/CSD-Project/install/smart_arm/lib/python3.10/site-packages/smart_arm-0.0.0-py3.10.egg-info
[4.086s] running install_scripts
[4.164s] Installing car_arm_communication script to /home/csd/CSD-Project/install/smart_arm/lib/smart_arm
[4.164s] Installing claw_motor script to /home/csd/CSD-Project/install/smart_arm/lib/smart_arm
[4.165s] Installing movement script to /home/csd/CSD-Project/install/smart_arm/lib/smart_arm
[4.166s] Installing publisher_node script to /home/csd/CSD-Project/install/smart_arm/lib/smart_arm
[4.166s] Installing servo_handler script to /home/csd/CSD-Project/install/smart_arm/lib/smart_arm
[4.169s] writing list of installed files to '/home/csd/CSD-Project/build/smart_arm/install.log'
[4.285s] Invoked command in '/home/csd/CSD-Project/src/smart_arm' returned '0': PYTHONPATH=/home/csd/CSD-Project/build/smart_arm/prefix_override:/home/csd/CSD-Project/install/smart_arm/lib/python3.10/site-packages:${PYTHONPATH} /usr/bin/python3 setup.py egg_info --egg-base ../../build/smart_arm build --build-base /home/csd/CSD-Project/build/smart_arm/build install --record /home/csd/CSD-Project/build/smart_arm/install.log --single-version-externally-managed
