[6.202s] Invoking command in '/home/csd/CSD-Project/src/smart_arm': PYTHONPATH=/home/csd/CSD-Project/build/smart_arm/prefix_override:/home/csd/CSD-Project/install/smart_arm/lib/python3.10/site-packages:${PYTHONPATH} /usr/bin/python3 setup.py egg_info --egg-base ../../build/smart_arm build --build-base /home/csd/CSD-Project/build/smart_arm/build install --record /home/csd/CSD-Project/build/smart_arm/install.log --single-version-externally-managed
[7.477s] running egg_info
[7.480s] creating ../../build/smart_arm/smart_arm.egg-info
[7.482s] writing ../../build/smart_arm/smart_arm.egg-info/PKG-INFO
[7.484s] writing dependency_links to ../../build/smart_arm/smart_arm.egg-info/dependency_links.txt
[7.485s] writing entry points to ../../build/smart_arm/smart_arm.egg-info/entry_points.txt
[7.487s] writing requirements to ../../build/smart_arm/smart_arm.egg-info/requires.txt
[7.488s] writing top-level names to ../../build/smart_arm/smart_arm.egg-info/top_level.txt
[7.489s] writing manifest file '../../build/smart_arm/smart_arm.egg-info/SOURCES.txt'
[7.498s] reading manifest file '../../build/smart_arm/smart_arm.egg-info/SOURCES.txt'
[7.499s] adding license file 'LICENSE'
[7.502s] writing manifest file '../../build/smart_arm/smart_arm.egg-info/SOURCES.txt'
[7.503s] running build
[7.505s] running build_py
[7.506s] creating /home/csd/CSD-Project/build/smart_arm/build
[7.507s] creating /home/csd/CSD-Project/build/smart_arm/build/lib
[7.508s] creating /home/csd/CSD-Project/build/smart_arm/build/lib/smart_arm
[7.509s] copying smart_arm/Movement.py -> /home/csd/CSD-Project/build/smart_arm/build/lib/smart_arm
[7.511s] copying smart_arm/Subscriber.py -> /home/csd/CSD-Project/build/smart_arm/build/lib/smart_arm
[7.512s] copying smart_arm/__init__.py -> /home/csd/CSD-Project/build/smart_arm/build/lib/smart_arm
[7.513s] running install
[7.514s] /usr/lib/python3/dist-packages/setuptools/command/install.py:34: SetuptoolsDeprecationWarning: setup.py install is deprecated. Use build and pip and other standards-based tools.
[7.514s]   warnings.warn(
[7.515s] running install_lib
[7.517s] creating /home/csd/CSD-Project/install/smart_arm/lib/python3.10/site-packages/smart_arm
[7.519s] copying /home/csd/CSD-Project/build/smart_arm/build/lib/smart_arm/Movement.py -> /home/csd/CSD-Project/install/smart_arm/lib/python3.10/site-packages/smart_arm
[7.520s] copying /home/csd/CSD-Project/build/smart_arm/build/lib/smart_arm/Subscriber.py -> /home/csd/CSD-Project/install/smart_arm/lib/python3.10/site-packages/smart_arm
[7.521s] copying /home/csd/CSD-Project/build/smart_arm/build/lib/smart_arm/__init__.py -> /home/csd/CSD-Project/install/smart_arm/lib/python3.10/site-packages/smart_arm
[7.524s] byte-compiling /home/csd/CSD-Project/install/smart_arm/lib/python3.10/site-packages/smart_arm/Movement.py to Movement.cpython-310.pyc
[7.526s] byte-compiling /home/csd/CSD-Project/install/smart_arm/lib/python3.10/site-packages/smart_arm/Subscriber.py to Subscriber.cpython-310.pyc
[7.528s] byte-compiling /home/csd/CSD-Project/install/smart_arm/lib/python3.10/site-packages/smart_arm/__init__.py to __init__.cpython-310.pyc
[7.530s] running install_data
[7.534s] creating /home/csd/CSD-Project/install/smart_arm/share/ament_index
[7.535s] creating /home/csd/CSD-Project/install/smart_arm/share/ament_index/resource_index
[7.536s] creating /home/csd/CSD-Project/install/smart_arm/share/ament_index/resource_index/packages
[7.538s] copying resource/smart_arm -> /home/csd/CSD-Project/install/smart_arm/share/ament_index/resource_index/packages
[7.539s] copying package.xml -> /home/csd/CSD-Project/install/smart_arm/share/smart_arm
[7.540s] running install_egg_info
[7.548s] Copying ../../build/smart_arm/smart_arm.egg-info to /home/csd/CSD-Project/install/smart_arm/lib/python3.10/site-packages/smart_arm-0.0.0-py3.10.egg-info
[7.556s] running install_scripts
[7.721s] writing list of installed files to '/home/csd/CSD-Project/build/smart_arm/install.log'
[8.099s] Invoked command in '/home/csd/CSD-Project/src/smart_arm' returned '0': PYTHONPATH=/home/csd/CSD-Project/build/smart_arm/prefix_override:/home/csd/CSD-Project/install/smart_arm/lib/python3.10/site-packages:${PYTHONPATH} /usr/bin/python3 setup.py egg_info --egg-base ../../build/smart_arm build --build-base /home/csd/CSD-Project/build/smart_arm/build install --record /home/csd/CSD-Project/build/smart_arm/install.log --single-version-externally-managed
