[5.177s] Invoking command in '/home/csd/CSD-Project/src/smart_arm': PYTHONPATH=/home/csd/CSD-Project/build/smart_arm/prefix_override:/home/csd/CSD-Project/install/smart_arm/lib/python3.10/site-packages:${PYTHONPATH} /usr/bin/python3 setup.py egg_info --egg-base ../../build/smart_arm build --build-base /home/csd/CSD-Project/build/smart_arm/build install --record /home/csd/CSD-Project/build/smart_arm/install.log --single-version-externally-managed
[6.286s] running egg_info
[6.289s] writing ../../build/smart_arm/smart_arm.egg-info/PKG-INFO
[6.290s] writing dependency_links to ../../build/smart_arm/smart_arm.egg-info/dependency_links.txt
[6.291s] writing entry points to ../../build/smart_arm/smart_arm.egg-info/entry_points.txt
[6.292s] writing requirements to ../../build/smart_arm/smart_arm.egg-info/requires.txt
[6.293s] writing top-level names to ../../build/smart_arm/smart_arm.egg-info/top_level.txt
[6.304s] reading manifest file '../../build/smart_arm/smart_arm.egg-info/SOURCES.txt'
[6.306s] adding license file 'LICENSE'
[6.308s] writing manifest file '../../build/smart_arm/smart_arm.egg-info/SOURCES.txt'
[6.309s] running build
[6.310s] running build_py
[6.311s] copying smart_arm/ServoController.py -> /home/csd/CSD-Project/build/smart_arm/build/lib/smart_arm
[6.312s] copying smart_arm/car_arm_communication.py -> /home/csd/CSD-Project/build/smart_arm/build/lib/smart_arm
[6.313s] copying smart_arm/Subscriber.py -> /home/csd/CSD-Project/build/smart_arm/build/lib/smart_arm
[6.315s] running install
[6.317s] /usr/lib/python3/dist-packages/setuptools/command/install.py:34: SetuptoolsDeprecationWarning: setup.py install is deprecated. Use build and pip and other standards-based tools.
[6.317s]   warnings.warn(
[6.318s] running install_lib
[6.322s] copying /home/csd/CSD-Project/build/smart_arm/build/lib/smart_arm/ServoController.py -> /home/csd/CSD-Project/install/smart_arm/lib/python3.10/site-packages/smart_arm
[6.325s] copying /home/csd/CSD-Project/build/smart_arm/build/lib/smart_arm/car_arm_communication.py -> /home/csd/CSD-Project/install/smart_arm/lib/python3.10/site-packages/smart_arm
[6.325s] copying /home/csd/CSD-Project/build/smart_arm/build/lib/smart_arm/Subscriber.py -> /home/csd/CSD-Project/install/smart_arm/lib/python3.10/site-packages/smart_arm
[6.328s] byte-compiling /home/csd/CSD-Project/install/smart_arm/lib/python3.10/site-packages/smart_arm/ServoController.py to ServoController.cpython-310.pyc
[6.331s] byte-compiling /home/csd/CSD-Project/install/smart_arm/lib/python3.10/site-packages/smart_arm/car_arm_communication.py to car_arm_communication.cpython-310.pyc
[6.334s] byte-compiling /home/csd/CSD-Project/install/smart_arm/lib/python3.10/site-packages/smart_arm/Subscriber.py to Subscriber.cpython-310.pyc
[6.337s] running install_data
[6.340s] copying launch/smart_arm.py -> /home/csd/CSD-Project/install/smart_arm/share/smart_arm
[6.340s] running install_egg_info
[6.348s] removing '/home/csd/CSD-Project/install/smart_arm/lib/python3.10/site-packages/smart_arm-0.0.0-py3.10.egg-info' (and everything under it)
[6.350s] Copying ../../build/smart_arm/smart_arm.egg-info to /home/csd/CSD-Project/install/smart_arm/lib/python3.10/site-packages/smart_arm-0.0.0-py3.10.egg-info
[6.356s] running install_scripts
[6.447s] Installing car_arm_communication script to /home/csd/CSD-Project/install/smart_arm/lib/smart_arm
[6.448s] Installing claw_motor script to /home/csd/CSD-Project/install/smart_arm/lib/smart_arm
[6.450s] Installing servo_controller script to /home/csd/CSD-Project/install/smart_arm/lib/smart_arm
[6.451s] Installing servo_handler script to /home/csd/CSD-Project/install/smart_arm/lib/smart_arm
[6.454s] writing list of installed files to '/home/csd/CSD-Project/build/smart_arm/install.log'
[6.878s] Invoked command in '/home/csd/CSD-Project/src/smart_arm' returned '0': PYTHONPATH=/home/csd/CSD-Project/build/smart_arm/prefix_override:/home/csd/CSD-Project/install/smart_arm/lib/python3.10/site-packages:${PYTHONPATH} /usr/bin/python3 setup.py egg_info --egg-base ../../build/smart_arm build --build-base /home/csd/CSD-Project/build/smart_arm/build install --record /home/csd/CSD-Project/build/smart_arm/install.log --single-version-externally-managed
