[3.063s] Invoking command in '/home/csd/CSD-Project/src/smart_arm': PYTHONPATH=/home/csd/CSD-Project/build/smart_arm/prefix_override:/home/csd/CSD-Project/install/smart_arm/lib/python3.10/site-packages:${PYTHONPATH} /usr/bin/python3 setup.py egg_info --egg-base ../../build/smart_arm build --build-base /home/csd/CSD-Project/build/smart_arm/build install --record /home/csd/CSD-Project/build/smart_arm/install.log --single-version-externally-managed
[4.041s] running egg_info
[4.044s] writing ../../build/smart_arm/smart_arm.egg-info/PKG-INFO
[4.045s] writing dependency_links to ../../build/smart_arm/smart_arm.egg-info/dependency_links.txt
[4.046s] writing entry points to ../../build/smart_arm/smart_arm.egg-info/entry_points.txt
[4.046s] writing requirements to ../../build/smart_arm/smart_arm.egg-info/requires.txt
[4.047s] writing top-level names to ../../build/smart_arm/smart_arm.egg-info/top_level.txt
[4.055s] reading manifest file '../../build/smart_arm/smart_arm.egg-info/SOURCES.txt'
[4.057s] adding license file 'LICENSE'
[4.059s] writing manifest file '../../build/smart_arm/smart_arm.egg-info/SOURCES.txt'
[4.060s] running build
[4.060s] running build_py
[4.061s] copying smart_arm/servo_handler.py -> /home/csd/CSD-Project/build/smart_arm/build/lib/smart_arm
[4.063s] running install
[4.064s] /usr/lib/python3/dist-packages/setuptools/command/install.py:34: SetuptoolsDeprecationWarning: setup.py install is deprecated. Use build and pip and other standards-based tools.
[4.064s]   warnings.warn(
[4.065s] running install_lib
[4.068s] copying /home/csd/CSD-Project/build/smart_arm/build/lib/smart_arm/servo_handler.py -> /home/csd/CSD-Project/install/smart_arm/lib/python3.10/site-packages/smart_arm
[4.072s] byte-compiling /home/csd/CSD-Project/install/smart_arm/lib/python3.10/site-packages/smart_arm/servo_handler.py to servo_handler.cpython-310.pyc
[4.076s] running install_data
[4.078s] running install_egg_info
[4.084s] removing '/home/csd/CSD-Project/install/smart_arm/lib/python3.10/site-packages/smart_arm-0.0.0-py3.10.egg-info' (and everything under it)
[4.086s] Copying ../../build/smart_arm/smart_arm.egg-info to /home/csd/CSD-Project/install/smart_arm/lib/python3.10/site-packages/smart_arm-0.0.0-py3.10.egg-info
[4.091s] running install_scripts
[4.167s] Installing arm_handler script to /home/csd/CSD-Project/install/smart_arm/lib/smart_arm
[4.168s] Installing comm_handler script to /home/csd/CSD-Project/install/smart_arm/lib/smart_arm
[4.169s] Installing publisher_node script to /home/csd/CSD-Project/install/smart_arm/lib/smart_arm
[4.170s] Installing servo_handler script to /home/csd/CSD-Project/install/smart_arm/lib/smart_arm
[4.172s] writing list of installed files to '/home/csd/CSD-Project/build/smart_arm/install.log'
[4.286s] Invoked command in '/home/csd/CSD-Project/src/smart_arm' returned '0': PYTHONPATH=/home/csd/CSD-Project/build/smart_arm/prefix_override:/home/csd/CSD-Project/install/smart_arm/lib/python3.10/site-packages:${PYTHONPATH} /usr/bin/python3 setup.py egg_info --egg-base ../../build/smart_arm build --build-base /home/csd/CSD-Project/build/smart_arm/build install --record /home/csd/CSD-Project/build/smart_arm/install.log --single-version-externally-managed
