[3.276s] Invoking command in '/home/csd/CSD-Project/src/smart_arm': PYTHONPATH=/home/csd/CSD-Project/build/smart_arm/prefix_override:/home/csd/CSD-Project/install/smart_arm/lib/python3.10/site-packages:${PYTHONPATH} /usr/bin/python3 setup.py egg_info --egg-base ../../build/smart_arm build --build-base /home/csd/CSD-Project/build/smart_arm/build install --record /home/csd/CSD-Project/build/smart_arm/install.log --single-version-externally-managed
[4.223s] running egg_info
[4.226s] writing ../../build/smart_arm/smart_arm.egg-info/PKG-INFO
[4.227s] writing dependency_links to ../../build/smart_arm/smart_arm.egg-info/dependency_links.txt
[4.228s] writing entry points to ../../build/smart_arm/smart_arm.egg-info/entry_points.txt
[4.228s] writing requirements to ../../build/smart_arm/smart_arm.egg-info/requires.txt
[4.229s] writing top-level names to ../../build/smart_arm/smart_arm.egg-info/top_level.txt
[4.237s] reading manifest file '../../build/smart_arm/smart_arm.egg-info/SOURCES.txt'
[4.240s] adding license file 'LICENSE'
[4.242s] writing manifest file '../../build/smart_arm/smart_arm.egg-info/SOURCES.txt'
[4.243s] running build
[4.243s] running build_py
[4.244s] copying smart_arm/servo_handler.py -> /home/csd/CSD-Project/build/smart_arm/build/lib/smart_arm
[4.251s] running install
[4.252s] /usr/lib/python3/dist-packages/setuptools/command/install.py:34: SetuptoolsDeprecationWarning: setup.py install is deprecated. Use build and pip and other standards-based tools.
[4.253s]   warnings.warn(
[4.254s] running install_lib
[4.258s] copying /home/csd/CSD-Project/build/smart_arm/build/lib/smart_arm/servo_handler.py -> /home/csd/CSD-Project/install/smart_arm/lib/python3.10/site-packages/smart_arm
[4.262s] byte-compiling /home/csd/CSD-Project/install/smart_arm/lib/python3.10/site-packages/smart_arm/servo_handler.py to servo_handler.cpython-310.pyc
[4.266s] running install_data
[4.269s] running install_egg_info
[4.275s] removing '/home/csd/CSD-Project/install/smart_arm/lib/python3.10/site-packages/smart_arm-0.0.0-py3.10.egg-info' (and everything under it)
[4.276s] Copying ../../build/smart_arm/smart_arm.egg-info to /home/csd/CSD-Project/install/smart_arm/lib/python3.10/site-packages/smart_arm-0.0.0-py3.10.egg-info
[4.281s] running install_scripts
[4.358s] Installing arm_handler script to /home/csd/CSD-Project/install/smart_arm/lib/smart_arm
[4.358s] Installing comm_handler script to /home/csd/CSD-Project/install/smart_arm/lib/smart_arm
[4.359s] Installing publisher_node script to /home/csd/CSD-Project/install/smart_arm/lib/smart_arm
[4.360s] Installing servo_handler script to /home/csd/CSD-Project/install/smart_arm/lib/smart_arm
[4.362s] writing list of installed files to '/home/csd/CSD-Project/build/smart_arm/install.log'
[4.475s] Invoked command in '/home/csd/CSD-Project/src/smart_arm' returned '0': PYTHONPATH=/home/csd/CSD-Project/build/smart_arm/prefix_override:/home/csd/CSD-Project/install/smart_arm/lib/python3.10/site-packages:${PYTHONPATH} /usr/bin/python3 setup.py egg_info --egg-base ../../build/smart_arm build --build-base /home/csd/CSD-Project/build/smart_arm/build install --record /home/csd/CSD-Project/build/smart_arm/install.log --single-version-externally-managed
