[3.034s] Invoking command in '/home/csd/CSD-Project/src/picar_pro': PYTHONPATH=/home/csd/CSD-Project/build/picar_pro/prefix_override:/home/csd/CSD-Project/install/picar_pro/lib/python3.10/site-packages:${PYTHONPATH} /usr/bin/python3 setup.py egg_info --egg-base ../../build/picar_pro build --build-base /home/csd/CSD-Project/build/picar_pro/build install --record /home/csd/CSD-Project/build/picar_pro/install.log --single-version-externally-managed
[3.985s] running egg_info
[3.988s] writing ../../build/picar_pro/picar_pro.egg-info/PKG-INFO
[3.989s] writing dependency_links to ../../build/picar_pro/picar_pro.egg-info/dependency_links.txt
[3.990s] writing entry points to ../../build/picar_pro/picar_pro.egg-info/entry_points.txt
[3.990s] writing requirements to ../../build/picar_pro/picar_pro.egg-info/requires.txt
[3.991s] writing top-level names to ../../build/picar_pro/picar_pro.egg-info/top_level.txt
[3.999s] reading manifest file '../../build/picar_pro/picar_pro.egg-info/SOURCES.txt'
[4.001s] adding license file 'LICENSE'
[4.004s] writing manifest file '../../build/picar_pro/picar_pro.egg-info/SOURCES.txt'
[4.004s] running build
[4.004s] running build_py
[4.005s] copying picar_pro/wheels_handler.py -> /home/csd/CSD-Project/build/picar_pro/build/lib/picar_pro
[4.007s] copying picar_pro/WheelController.py -> /home/csd/CSD-Project/build/picar_pro/build/lib/picar_pro
[4.009s] running install
[4.010s] /usr/lib/python3/dist-packages/setuptools/command/install.py:34: SetuptoolsDeprecationWarning: setup.py install is deprecated. Use build and pip and other standards-based tools.
[4.010s]   warnings.warn(
[4.011s] running install_lib
[4.014s] copying /home/csd/CSD-Project/build/picar_pro/build/lib/picar_pro/wheels_handler.py -> /home/csd/CSD-Project/install/picar_pro/lib/python3.10/site-packages/picar_pro
[4.020s] copying /home/csd/CSD-Project/build/picar_pro/build/lib/picar_pro/WheelController.py -> /home/csd/CSD-Project/install/picar_pro/lib/python3.10/site-packages/picar_pro
[4.026s] byte-compiling /home/csd/CSD-Project/install/picar_pro/lib/python3.10/site-packages/picar_pro/wheels_handler.py to wheels_handler.cpython-310.pyc
[4.030s] byte-compiling /home/csd/CSD-Project/install/picar_pro/lib/python3.10/site-packages/picar_pro/WheelController.py to WheelController.cpython-310.pyc
[4.035s] running install_data
[4.037s] running install_egg_info
[4.043s] removing '/home/csd/CSD-Project/install/picar_pro/lib/python3.10/site-packages/picar_pro-0.0.0-py3.10.egg-info' (and everything under it)
[4.045s] Copying ../../build/picar_pro/picar_pro.egg-info to /home/csd/CSD-Project/install/picar_pro/lib/python3.10/site-packages/picar_pro-0.0.0-py3.10.egg-info
[4.050s] running install_scripts
[4.126s] Installing analysis_handler script to /home/csd/CSD-Project/install/picar_pro/lib/picar_pro
[4.127s] Installing comm_handler script to /home/csd/CSD-Project/install/picar_pro/lib/picar_pro
[4.127s] Installing picar_handler script to /home/csd/CSD-Project/install/picar_pro/lib/picar_pro
[4.128s] Installing servo_handler script to /home/csd/CSD-Project/install/picar_pro/lib/picar_pro
[4.129s] Installing wheels_handler script to /home/csd/CSD-Project/install/picar_pro/lib/picar_pro
[4.131s] writing list of installed files to '/home/csd/CSD-Project/build/picar_pro/install.log'
[4.244s] Invoked command in '/home/csd/CSD-Project/src/picar_pro' returned '0': PYTHONPATH=/home/csd/CSD-Project/build/picar_pro/prefix_override:/home/csd/CSD-Project/install/picar_pro/lib/python3.10/site-packages:${PYTHONPATH} /usr/bin/python3 setup.py egg_info --egg-base ../../build/picar_pro build --build-base /home/csd/CSD-Project/build/picar_pro/build install --record /home/csd/CSD-Project/build/picar_pro/install.log --single-version-externally-managed
