[3.055s] Invoking command in '/home/csd/CSD-Project/src/picar_pro': PYTHONPATH=/home/csd/CSD-Project/build/picar_pro/prefix_override:/home/csd/CSD-Project/install/picar_pro/lib/python3.10/site-packages:${PYTHONPATH} /usr/bin/python3 setup.py egg_info --egg-base ../../build/picar_pro build --build-base /home/csd/CSD-Project/build/picar_pro/build install --record /home/csd/CSD-Project/build/picar_pro/install.log --single-version-externally-managed
[3.999s] running egg_info
[4.001s] writing ../../build/picar_pro/picar_pro.egg-info/PKG-INFO
[4.002s] writing dependency_links to ../../build/picar_pro/picar_pro.egg-info/dependency_links.txt
[4.003s] writing entry points to ../../build/picar_pro/picar_pro.egg-info/entry_points.txt
[4.004s] writing requirements to ../../build/picar_pro/picar_pro.egg-info/requires.txt
[4.004s] writing top-level names to ../../build/picar_pro/picar_pro.egg-info/top_level.txt
[4.012s] reading manifest file '../../build/picar_pro/picar_pro.egg-info/SOURCES.txt'
[4.014s] adding license file 'LICENSE'
[4.017s] writing manifest file '../../build/picar_pro/picar_pro.egg-info/SOURCES.txt'
[4.018s] running build
[4.018s] running build_py
[4.019s] copying picar_pro/wheels_handler.py -> /home/csd/CSD-Project/build/picar_pro/build/lib/picar_pro
[4.022s] running install
[4.023s] /usr/lib/python3/dist-packages/setuptools/command/install.py:34: SetuptoolsDeprecationWarning: setup.py install is deprecated. Use build and pip and other standards-based tools.
[4.024s]   warnings.warn(
[4.024s] running install_lib
[4.028s] copying /home/csd/CSD-Project/build/picar_pro/build/lib/picar_pro/wheels_handler.py -> /home/csd/CSD-Project/install/picar_pro/lib/python3.10/site-packages/picar_pro
[4.033s] byte-compiling /home/csd/CSD-Project/install/picar_pro/lib/python3.10/site-packages/picar_pro/wheels_handler.py to wheels_handler.cpython-310.pyc
[4.037s] running install_data
[4.040s] running install_egg_info
[4.046s] removing '/home/csd/CSD-Project/install/picar_pro/lib/python3.10/site-packages/picar_pro-0.0.0-py3.10.egg-info' (and everything under it)
[4.048s] Copying ../../build/picar_pro/picar_pro.egg-info to /home/csd/CSD-Project/install/picar_pro/lib/python3.10/site-packages/picar_pro-0.0.0-py3.10.egg-info
[4.053s] running install_scripts
[4.129s] Installing analysis_handler script to /home/csd/CSD-Project/install/picar_pro/lib/picar_pro
[4.129s] Installing camera_handler script to /home/csd/CSD-Project/install/picar_pro/lib/picar_pro
[4.130s] Installing comm_handler script to /home/csd/CSD-Project/install/picar_pro/lib/picar_pro
[4.131s] Installing picar_handler script to /home/csd/CSD-Project/install/picar_pro/lib/picar_pro
[4.132s] Installing servo_handler script to /home/csd/CSD-Project/install/picar_pro/lib/picar_pro
[4.132s] Installing wheels_handler script to /home/csd/CSD-Project/install/picar_pro/lib/picar_pro
[4.135s] writing list of installed files to '/home/csd/CSD-Project/build/picar_pro/install.log'
[4.248s] Invoked command in '/home/csd/CSD-Project/src/picar_pro' returned '0': PYTHONPATH=/home/csd/CSD-Project/build/picar_pro/prefix_override:/home/csd/CSD-Project/install/picar_pro/lib/python3.10/site-packages:${PYTHONPATH} /usr/bin/python3 setup.py egg_info --egg-base ../../build/picar_pro build --build-base /home/csd/CSD-Project/build/picar_pro/build install --record /home/csd/CSD-Project/build/picar_pro/install.log --single-version-externally-managed
