[3.005s] Invoking command in '/home/csd/CSD-Project/src/picar_pro': PYTHONPATH=/home/csd/CSD-Project/build/picar_pro/prefix_override:/home/csd/CSD-Project/install/picar_pro/lib/python3.10/site-packages:${PYTHONPATH} /usr/bin/python3 setup.py egg_info --egg-base ../../build/picar_pro build --build-base /home/csd/CSD-Project/build/picar_pro/build install --record /home/csd/CSD-Project/build/picar_pro/install.log --single-version-externally-managed
[3.946s] running egg_info
[3.948s] writing ../../build/picar_pro/picar_pro.egg-info/PKG-INFO
[3.949s] writing dependency_links to ../../build/picar_pro/picar_pro.egg-info/dependency_links.txt
[3.950s] writing entry points to ../../build/picar_pro/picar_pro.egg-info/entry_points.txt
[3.951s] writing requirements to ../../build/picar_pro/picar_pro.egg-info/requires.txt
[3.951s] writing top-level names to ../../build/picar_pro/picar_pro.egg-info/top_level.txt
[3.959s] reading manifest file '../../build/picar_pro/picar_pro.egg-info/SOURCES.txt'
[3.961s] adding license file 'LICENSE'
[3.963s] writing manifest file '../../build/picar_pro/picar_pro.egg-info/SOURCES.txt'
[3.964s] running build
[3.964s] running build_py
[3.966s] copying picar_pro/publisher.py -> /home/csd/CSD-Project/build/picar_pro/build/lib/picar_pro
[3.967s] running install
[3.968s] /usr/lib/python3/dist-packages/setuptools/command/install.py:34: SetuptoolsDeprecationWarning: setup.py install is deprecated. Use build and pip and other standards-based tools.
[3.968s]   warnings.warn(
[3.969s] running install_lib
[3.973s] copying /home/csd/CSD-Project/build/picar_pro/build/lib/picar_pro/publisher.py -> /home/csd/CSD-Project/install/picar_pro/lib/python3.10/site-packages/picar_pro
[3.977s] byte-compiling /home/csd/CSD-Project/install/picar_pro/lib/python3.10/site-packages/picar_pro/publisher.py to publisher.cpython-310.pyc
[3.979s] running install_data
[3.981s] running install_egg_info
[3.988s] removing '/home/csd/CSD-Project/install/picar_pro/lib/python3.10/site-packages/picar_pro-0.0.0-py3.10.egg-info' (and everything under it)
[3.989s] Copying ../../build/picar_pro/picar_pro.egg-info to /home/csd/CSD-Project/install/picar_pro/lib/python3.10/site-packages/picar_pro-0.0.0-py3.10.egg-info
[3.994s] running install_scripts
[4.070s] Installing car_arm_communication script to /home/csd/CSD-Project/install/picar_pro/lib/picar_pro
[4.071s] Installing claw_motor_car script to /home/csd/CSD-Project/install/picar_pro/lib/picar_pro
[4.072s] Installing publisher_node script to /home/csd/CSD-Project/install/picar_pro/lib/picar_pro
[4.072s] Installing servo_handler_car script to /home/csd/CSD-Project/install/picar_pro/lib/picar_pro
[4.073s] Installing wheels_motor script to /home/csd/CSD-Project/install/picar_pro/lib/picar_pro
[4.075s] writing list of installed files to '/home/csd/CSD-Project/build/picar_pro/install.log'
[4.188s] Invoked command in '/home/csd/CSD-Project/src/picar_pro' returned '0': PYTHONPATH=/home/csd/CSD-Project/build/picar_pro/prefix_override:/home/csd/CSD-Project/install/picar_pro/lib/python3.10/site-packages:${PYTHONPATH} /usr/bin/python3 setup.py egg_info --egg-base ../../build/picar_pro build --build-base /home/csd/CSD-Project/build/picar_pro/build install --record /home/csd/CSD-Project/build/picar_pro/install.log --single-version-externally-managed
