[3.609s] Invoking command in '/home/csd/CSD-Project/src/picar_pro': PYTHONPATH=/home/csd/CSD-Project/build/picar_pro/prefix_override:/home/csd/CSD-Project/install/picar_pro/lib/python3.10/site-packages:${PYTHONPATH} /usr/bin/python3 setup.py egg_info --egg-base ../../build/picar_pro build --build-base /home/csd/CSD-Project/build/picar_pro/build install --record /home/csd/CSD-Project/build/picar_pro/install.log --single-version-externally-managed
[4.554s] running egg_info
[4.557s] writing ../../build/picar_pro/picar_pro.egg-info/PKG-INFO
[4.561s] writing dependency_links to ../../build/picar_pro/picar_pro.egg-info/dependency_links.txt
[4.562s] writing entry points to ../../build/picar_pro/picar_pro.egg-info/entry_points.txt
[4.562s] writing requirements to ../../build/picar_pro/picar_pro.egg-info/requires.txt
[4.563s] writing top-level names to ../../build/picar_pro/picar_pro.egg-info/top_level.txt
[4.572s] reading manifest file '../../build/picar_pro/picar_pro.egg-info/SOURCES.txt'
[4.578s] adding license file 'LICENSE'
[4.581s] writing manifest file '../../build/picar_pro/picar_pro.egg-info/SOURCES.txt'
[4.581s] running build
[4.582s] running build_py
[4.587s] copying picar_pro/car_arm_communication.py -> /home/csd/CSD-Project/build/picar_pro/build/lib/picar_pro
[4.590s] running install
[4.592s] /usr/lib/python3/dist-packages/setuptools/command/install.py:34: SetuptoolsDeprecationWarning: setup.py install is deprecated. Use build and pip and other standards-based tools.
[4.592s]   warnings.warn(
[4.593s] running install_lib
[4.599s] copying /home/csd/CSD-Project/build/picar_pro/build/lib/picar_pro/car_arm_communication.py -> /home/csd/CSD-Project/install/picar_pro/lib/python3.10/site-packages/picar_pro
[4.604s] byte-compiling /home/csd/CSD-Project/install/picar_pro/lib/python3.10/site-packages/picar_pro/car_arm_communication.py to car_arm_communication.cpython-310.pyc
[4.608s] running install_data
[4.612s] running install_egg_info
[4.619s] removing '/home/csd/CSD-Project/install/picar_pro/lib/python3.10/site-packages/picar_pro-0.0.0-py3.10.egg-info' (and everything under it)
[4.620s] Copying ../../build/picar_pro/picar_pro.egg-info to /home/csd/CSD-Project/install/picar_pro/lib/python3.10/site-packages/picar_pro-0.0.0-py3.10.egg-info
[4.629s] running install_scripts
[4.707s] Installing car_arm_communication script to /home/csd/CSD-Project/install/picar_pro/lib/picar_pro
[4.710s] Installing claw_motor_car script to /home/csd/CSD-Project/install/picar_pro/lib/picar_pro
[4.711s] Installing publisher_node script to /home/csd/CSD-Project/install/picar_pro/lib/picar_pro
[4.712s] Installing servo_handler_car script to /home/csd/CSD-Project/install/picar_pro/lib/picar_pro
[4.713s] Installing wheels_motor script to /home/csd/CSD-Project/install/picar_pro/lib/picar_pro
[4.715s] writing list of installed files to '/home/csd/CSD-Project/build/picar_pro/install.log'
[4.828s] Invoked command in '/home/csd/CSD-Project/src/picar_pro' returned '0': PYTHONPATH=/home/csd/CSD-Project/build/picar_pro/prefix_override:/home/csd/CSD-Project/install/picar_pro/lib/python3.10/site-packages:${PYTHONPATH} /usr/bin/python3 setup.py egg_info --egg-base ../../build/picar_pro build --build-base /home/csd/CSD-Project/build/picar_pro/build install --record /home/csd/CSD-Project/build/picar_pro/install.log --single-version-externally-managed
