[3.059s] Invoking command in '/home/csd/CSD-Project/src/picar_pro': PYTHONPATH=/home/csd/CSD-Project/build/picar_pro/prefix_override:/home/csd/CSD-Project/install/picar_pro/lib/python3.10/site-packages:${PYTHONPATH} /usr/bin/python3 setup.py egg_info --egg-base ../../build/picar_pro build --build-base /home/csd/CSD-Project/build/picar_pro/build install --record /home/csd/CSD-Project/build/picar_pro/install.log --single-version-externally-managed
[4.021s] running egg_info
[4.022s] writing ../../build/picar_pro/picar_pro.egg-info/PKG-INFO
[4.022s] writing dependency_links to ../../build/picar_pro/picar_pro.egg-info/dependency_links.txt
[4.023s] writing entry points to ../../build/picar_pro/picar_pro.egg-info/entry_points.txt
[4.024s] writing requirements to ../../build/picar_pro/picar_pro.egg-info/requires.txt
[4.025s] writing top-level names to ../../build/picar_pro/picar_pro.egg-info/top_level.txt
[4.035s] reading manifest file '../../build/picar_pro/picar_pro.egg-info/SOURCES.txt'
[4.036s] adding license file 'LICENSE'
[4.040s] writing manifest file '../../build/picar_pro/picar_pro.egg-info/SOURCES.txt'
[4.040s] running build
[4.041s] running build_py
[4.042s] copying picar_pro/picar_handler.py -> /home/csd/CSD-Project/build/picar_pro/build/lib/picar_pro
[4.044s] copying picar_pro/comm_handler.py -> /home/csd/CSD-Project/build/picar_pro/build/lib/picar_pro
[4.046s] running install
[4.046s] /usr/lib/python3/dist-packages/setuptools/command/install.py:34: SetuptoolsDeprecationWarning: setup.py install is deprecated. Use build and pip and other standards-based tools.
[4.047s]   warnings.warn(
[4.047s] running install_lib
[4.052s] copying /home/csd/CSD-Project/build/picar_pro/build/lib/picar_pro/picar_handler.py -> /home/csd/CSD-Project/install/picar_pro/lib/python3.10/site-packages/picar_pro
[4.054s] copying /home/csd/CSD-Project/build/picar_pro/build/lib/picar_pro/comm_handler.py -> /home/csd/CSD-Project/install/picar_pro/lib/python3.10/site-packages/picar_pro
[4.058s] byte-compiling /home/csd/CSD-Project/install/picar_pro/lib/python3.10/site-packages/picar_pro/picar_handler.py to picar_handler.cpython-310.pyc
[4.069s] byte-compiling /home/csd/CSD-Project/install/picar_pro/lib/python3.10/site-packages/picar_pro/comm_handler.py to comm_handler.cpython-310.pyc
[4.072s] running install_data
[4.076s] running install_egg_info
[4.083s] removing '/home/csd/CSD-Project/install/picar_pro/lib/python3.10/site-packages/picar_pro-0.0.0-py3.10.egg-info' (and everything under it)
[4.085s] Copying ../../build/picar_pro/picar_pro.egg-info to /home/csd/CSD-Project/install/picar_pro/lib/python3.10/site-packages/picar_pro-0.0.0-py3.10.egg-info
[4.090s] running install_scripts
[4.167s] Installing analysis_handler script to /home/csd/CSD-Project/install/picar_pro/lib/picar_pro
[4.167s] Installing camera_handler script to /home/csd/CSD-Project/install/picar_pro/lib/picar_pro
[4.168s] Installing comm_handler script to /home/csd/CSD-Project/install/picar_pro/lib/picar_pro
[4.169s] Installing picar_handler script to /home/csd/CSD-Project/install/picar_pro/lib/picar_pro
[4.170s] Installing servo_handler script to /home/csd/CSD-Project/install/picar_pro/lib/picar_pro
[4.170s] Installing wheels_handler script to /home/csd/CSD-Project/install/picar_pro/lib/picar_pro
[4.172s] writing list of installed files to '/home/csd/CSD-Project/build/picar_pro/install.log'
[4.288s] Invoked command in '/home/csd/CSD-Project/src/picar_pro' returned '0': PYTHONPATH=/home/csd/CSD-Project/build/picar_pro/prefix_override:/home/csd/CSD-Project/install/picar_pro/lib/python3.10/site-packages:${PYTHONPATH} /usr/bin/python3 setup.py egg_info --egg-base ../../build/picar_pro build --build-base /home/csd/CSD-Project/build/picar_pro/build install --record /home/csd/CSD-Project/build/picar_pro/install.log --single-version-externally-managed
