[2.984s] Invoking command in '/home/csd/CSD-Project/src/picar_pro': PYTHONPATH=/home/csd/CSD-Project/build/picar_pro/prefix_override:/home/csd/CSD-Project/install/picar_pro/lib/python3.10/site-packages:${PYTHONPATH} /usr/bin/python3 setup.py egg_info --egg-base ../../build/picar_pro build --build-base /home/csd/CSD-Project/build/picar_pro/build install --record /home/csd/CSD-Project/build/picar_pro/install.log --single-version-externally-managed
[3.925s] running egg_info
[3.928s] writing ../../build/picar_pro/picar_pro.egg-info/PKG-INFO
[3.929s] writing dependency_links to ../../build/picar_pro/picar_pro.egg-info/dependency_links.txt
[3.929s] writing entry points to ../../build/picar_pro/picar_pro.egg-info/entry_points.txt
[3.930s] writing requirements to ../../build/picar_pro/picar_pro.egg-info/requires.txt
[3.931s] writing top-level names to ../../build/picar_pro/picar_pro.egg-info/top_level.txt
[3.938s] reading manifest file '../../build/picar_pro/picar_pro.egg-info/SOURCES.txt'
[3.940s] adding license file 'LICENSE'
[3.943s] writing manifest file '../../build/picar_pro/picar_pro.egg-info/SOURCES.txt'
[3.944s] running build
[3.944s] running build_py
[3.945s] copying picar_pro/servo_handler_car.py -> /home/csd/CSD-Project/build/picar_pro/build/lib/picar_pro
[3.946s] copying picar_pro/publisher.py -> /home/csd/CSD-Project/build/picar_pro/build/lib/picar_pro
[3.947s] copying picar_pro/wheels_motor.py -> /home/csd/CSD-Project/build/picar_pro/build/lib/picar_pro
[3.948s] running install
[3.949s] /usr/lib/python3/dist-packages/setuptools/command/install.py:34: SetuptoolsDeprecationWarning: setup.py install is deprecated. Use build and pip and other standards-based tools.
[3.949s]   warnings.warn(
[3.950s] running install_lib
[3.954s] copying /home/csd/CSD-Project/build/picar_pro/build/lib/picar_pro/servo_handler_car.py -> /home/csd/CSD-Project/install/picar_pro/lib/python3.10/site-packages/picar_pro
[3.955s] copying /home/csd/CSD-Project/build/picar_pro/build/lib/picar_pro/publisher.py -> /home/csd/CSD-Project/install/picar_pro/lib/python3.10/site-packages/picar_pro
[3.956s] copying /home/csd/CSD-Project/build/picar_pro/build/lib/picar_pro/wheels_motor.py -> /home/csd/CSD-Project/install/picar_pro/lib/python3.10/site-packages/picar_pro
[3.959s] byte-compiling /home/csd/CSD-Project/install/picar_pro/lib/python3.10/site-packages/picar_pro/servo_handler_car.py to servo_handler_car.cpython-310.pyc
[3.962s] byte-compiling /home/csd/CSD-Project/install/picar_pro/lib/python3.10/site-packages/picar_pro/publisher.py to publisher.cpython-310.pyc
[3.964s] byte-compiling /home/csd/CSD-Project/install/picar_pro/lib/python3.10/site-packages/picar_pro/wheels_motor.py to wheels_motor.cpython-310.pyc
[3.966s] running install_data
[3.969s] running install_egg_info
[3.975s] removing '/home/csd/CSD-Project/install/picar_pro/lib/python3.10/site-packages/picar_pro-0.0.0-py3.10.egg-info' (and everything under it)
[3.977s] Copying ../../build/picar_pro/picar_pro.egg-info to /home/csd/CSD-Project/install/picar_pro/lib/python3.10/site-packages/picar_pro-0.0.0-py3.10.egg-info
[3.982s] running install_scripts
[4.057s] Installing car_arm_communication script to /home/csd/CSD-Project/install/picar_pro/lib/picar_pro
[4.058s] Installing claw_motor_car script to /home/csd/CSD-Project/install/picar_pro/lib/picar_pro
[4.059s] Installing publisher script to /home/csd/CSD-Project/install/picar_pro/lib/picar_pro
[4.060s] Installing servo_handler_car script to /home/csd/CSD-Project/install/picar_pro/lib/picar_pro
[4.061s] Installing wheels_motor script to /home/csd/CSD-Project/install/picar_pro/lib/picar_pro
[4.063s] writing list of installed files to '/home/csd/CSD-Project/build/picar_pro/install.log'
[4.176s] Invoked command in '/home/csd/CSD-Project/src/picar_pro' returned '0': PYTHONPATH=/home/csd/CSD-Project/build/picar_pro/prefix_override:/home/csd/CSD-Project/install/picar_pro/lib/python3.10/site-packages:${PYTHONPATH} /usr/bin/python3 setup.py egg_info --egg-base ../../build/picar_pro build --build-base /home/csd/CSD-Project/build/picar_pro/build install --record /home/csd/CSD-Project/build/picar_pro/install.log --single-version-externally-managed
