[5.498s] Invoking command in '/home/csd/CSD-Project/src/picar_pro': PYTHONPATH=/home/csd/CSD-Project/build/picar_pro/prefix_override:/home/csd/CSD-Project/install/picar_pro/lib/python3.10/site-packages:${PYTHONPATH} /usr/bin/python3 setup.py egg_info --egg-base ../../build/picar_pro build --build-base /home/csd/CSD-Project/build/picar_pro/build install --record /home/csd/CSD-Project/build/picar_pro/install.log --single-version-externally-managed
[6.602s] running egg_info
[6.605s] writing ../../build/picar_pro/picar_pro.egg-info/PKG-INFO
[6.606s] writing dependency_links to ../../build/picar_pro/picar_pro.egg-info/dependency_links.txt
[6.607s] writing entry points to ../../build/picar_pro/picar_pro.egg-info/entry_points.txt
[6.609s] writing requirements to ../../build/picar_pro/picar_pro.egg-info/requires.txt
[6.610s] writing top-level names to ../../build/picar_pro/picar_pro.egg-info/top_level.txt
[6.617s] reading manifest file '../../build/picar_pro/picar_pro.egg-info/SOURCES.txt'
[6.619s] adding license file 'LICENSE'
[6.623s] writing manifest file '../../build/picar_pro/picar_pro.egg-info/SOURCES.txt'
[6.624s] running build
[6.624s] running build_py
[6.626s] running install
[6.629s] /usr/lib/python3/dist-packages/setuptools/command/install.py:34: SetuptoolsDeprecationWarning: setup.py install is deprecated. Use build and pip and other standards-based tools.
[6.629s]   warnings.warn(
[6.631s] running install_lib
[6.637s] running install_data
[6.640s] running install_egg_info
[6.648s] removing '/home/csd/CSD-Project/install/picar_pro/lib/python3.10/site-packages/picar_pro-0.0.0-py3.10.egg-info' (and everything under it)
[6.650s] Copying ../../build/picar_pro/picar_pro.egg-info to /home/csd/CSD-Project/install/picar_pro/lib/python3.10/site-packages/picar_pro-0.0.0-py3.10.egg-info
[6.659s] running install_scripts
[6.751s] Installing listener script to /home/csd/CSD-Project/install/picar_pro/lib/picar_pro
[6.752s] Installing movement script to /home/csd/CSD-Project/install/picar_pro/lib/picar_pro
[6.754s] Installing talker script to /home/csd/CSD-Project/install/picar_pro/lib/picar_pro
[6.757s] writing list of installed files to '/home/csd/CSD-Project/build/picar_pro/install.log'
[7.182s] Invoked command in '/home/csd/CSD-Project/src/picar_pro' returned '0': PYTHONPATH=/home/csd/CSD-Project/build/picar_pro/prefix_override:/home/csd/CSD-Project/install/picar_pro/lib/python3.10/site-packages:${PYTHONPATH} /usr/bin/python3 setup.py egg_info --egg-base ../../build/picar_pro build --build-base /home/csd/CSD-Project/build/picar_pro/build install --record /home/csd/CSD-Project/build/picar_pro/install.log --single-version-externally-managed
