[3.123s] Invoking command in '/home/csd/CSD-Project/src/smart_arm': PYTHONPATH=/home/csd/CSD-Project/build/smart_arm/prefix_override:/home/csd/CSD-Project/install/smart_arm/lib/python3.10/site-packages:${PYTHONPATH} /usr/bin/python3 setup.py egg_info --egg-base ../../build/smart_arm build --build-base /home/csd/CSD-Project/build/smart_arm/build install --record /home/csd/CSD-Project/build/smart_arm/install.log --single-version-externally-managed
[4.137s] running egg_info
[4.140s] writing ../../build/smart_arm/smart_arm.egg-info/PKG-INFO
[4.141s] writing dependency_links to ../../build/smart_arm/smart_arm.egg-info/dependency_links.txt
[4.142s] writing entry points to ../../build/smart_arm/smart_arm.egg-info/entry_points.txt
[4.142s] writing requirements to ../../build/smart_arm/smart_arm.egg-info/requires.txt
[4.143s] writing top-level names to ../../build/smart_arm/smart_arm.egg-info/top_level.txt
[4.151s] reading manifest file '../../build/smart_arm/smart_arm.egg-info/SOURCES.txt'
[4.153s] adding license file 'LICENSE'
[4.155s] writing manifest file '../../build/smart_arm/smart_arm.egg-info/SOURCES.txt'
[4.156s] running build
[4.156s] running build_py
[4.157s] copying smart_arm/servo_handler.py -> /home/csd/CSD-Project/build/smart_arm/build/lib/smart_arm
[4.159s] running install
[4.160s] /usr/lib/python3/dist-packages/setuptools/command/install.py:34: SetuptoolsDeprecationWarning: setup.py install is deprecated. Use build and pip and other standards-based tools.
[4.160s]   warnings.warn(
[4.161s] running install_lib
[4.164s] copying /home/csd/CSD-Project/build/smart_arm/build/lib/smart_arm/servo_handler.py -> /home/csd/CSD-Project/install/smart_arm/lib/python3.10/site-packages/smart_arm
[4.168s] byte-compiling /home/csd/CSD-Project/install/smart_arm/lib/python3.10/site-packages/smart_arm/servo_handler.py to servo_handler.cpython-310.pyc
[4.172s] running install_data
[4.174s] running install_egg_info
[4.180s] removing '/home/csd/CSD-Project/install/smart_arm/lib/python3.10/site-packages/smart_arm-0.0.0-py3.10.egg-info' (and everything under it)
[4.182s] Copying ../../build/smart_arm/smart_arm.egg-info to /home/csd/CSD-Project/install/smart_arm/lib/python3.10/site-packages/smart_arm-0.0.0-py3.10.egg-info
[4.187s] running install_scripts
[4.263s] Installing arm_handler script to /home/csd/CSD-Project/install/smart_arm/lib/smart_arm
[4.264s] Installing comm_handler script to /home/csd/CSD-Project/install/smart_arm/lib/smart_arm
[4.265s] Installing servo_handler script to /home/csd/CSD-Project/install/smart_arm/lib/smart_arm
[4.267s] writing list of installed files to '/home/csd/CSD-Project/build/smart_arm/install.log'
[4.381s] Invoked command in '/home/csd/CSD-Project/src/smart_arm' returned '0': PYTHONPATH=/home/csd/CSD-Project/build/smart_arm/prefix_override:/home/csd/CSD-Project/install/smart_arm/lib/python3.10/site-packages:${PYTHONPATH} /usr/bin/python3 setup.py egg_info --egg-base ../../build/smart_arm build --build-base /home/csd/CSD-Project/build/smart_arm/build install --record /home/csd/CSD-Project/build/smart_arm/install.log --single-version-externally-managed
