running egg_info
creating ../../build/py_package/py_package.egg-info
writing ../../build/py_package/py_package.egg-info/PKG-INFO
writing dependency_links to ../../build/py_package/py_package.egg-info/dependency_links.txt
writing entry points to ../../build/py_package/py_package.egg-info/entry_points.txt
writing requirements to ../../build/py_package/py_package.egg-info/requires.txt
writing top-level names to ../../build/py_package/py_package.egg-info/top_level.txt
writing manifest file '../../build/py_package/py_package.egg-info/SOURCES.txt'
reading manifest file '../../build/py_package/py_package.egg-info/SOURCES.txt'
adding license file 'LICENSE'
writing manifest file '../../build/py_package/py_package.egg-info/SOURCES.txt'
running build
running build_py
creating /home/csd/CSD-Project/build/py_package/build
creating /home/csd/CSD-Project/build/py_package/build/lib
creating /home/csd/CSD-Project/build/py_package/build/lib/py_package
copying py_package/test.py -> /home/csd/CSD-Project/build/py_package/build/lib/py_package
copying py_package/__init__.py -> /home/csd/CSD-Project/build/py_package/build/lib/py_package
running install
running install_lib
creating /home/csd/CSD-Project/install/py_package/lib/python3.10/site-packages/py_package
copying /home/csd/CSD-Project/build/py_package/build/lib/py_package/test.py -> /home/csd/CSD-Project/install/py_package/lib/python3.10/site-packages/py_package
copying /home/csd/CSD-Project/build/py_package/build/lib/py_package/__init__.py -> /home/csd/CSD-Project/install/py_package/lib/python3.10/site-packages/py_package
byte-compiling /home/csd/CSD-Project/install/py_package/lib/python3.10/site-packages/py_package/test.py to test.cpython-310.pyc
byte-compiling /home/csd/CSD-Project/install/py_package/lib/python3.10/site-packages/py_package/__init__.py to __init__.cpython-310.pyc
running install_data
creating /home/csd/CSD-Project/install/py_package/share/ament_index
creating /home/csd/CSD-Project/install/py_package/share/ament_index/resource_index
creating /home/csd/CSD-Project/install/py_package/share/ament_index/resource_index/packages
copying resource/py_package -> /home/csd/CSD-Project/install/py_package/share/ament_index/resource_index/packages
copying package.xml -> /home/csd/CSD-Project/install/py_package/share/py_package
running install_egg_info
Copying ../../build/py_package/py_package.egg-info to /home/csd/CSD-Project/install/py_package/lib/python3.10/site-packages/py_package-0.0.0-py3.10.egg-info
running install_scripts
Installing test script to /home/csd/CSD-Project/install/py_package/lib/py_package
writing list of installed files to '/home/csd/CSD-Project/build/py_package/install.log'
