[2.973s] Invoking command in '/home/csd/CSD-Project/src/py_package': PYTHONPATH=/home/csd/CSD-Project/build/py_package/prefix_override:/home/csd/CSD-Project/install/py_package/lib/python3.10/site-packages:${PYTHONPATH} /usr/bin/python3 setup.py egg_info --egg-base ../../build/py_package build --build-base /home/csd/CSD-Project/build/py_package/build install --record /home/csd/CSD-Project/build/py_package/install.log --single-version-externally-managed
[3.910s] running egg_info
[3.911s] creating ../../build/py_package/py_package.egg-info
[3.911s] writing ../../build/py_package/py_package.egg-info/PKG-INFO
[3.913s] writing dependency_links to ../../build/py_package/py_package.egg-info/dependency_links.txt
[3.913s] writing entry points to ../../build/py_package/py_package.egg-info/entry_points.txt
[3.914s] writing requirements to ../../build/py_package/py_package.egg-info/requires.txt
[3.915s] writing top-level names to ../../build/py_package/py_package.egg-info/top_level.txt
[3.916s] writing manifest file '../../build/py_package/py_package.egg-info/SOURCES.txt'
[3.925s] reading manifest file '../../build/py_package/py_package.egg-info/SOURCES.txt'
[3.926s] adding license file 'LICENSE'
[3.928s] writing manifest file '../../build/py_package/py_package.egg-info/SOURCES.txt'
[3.929s] running build
[3.929s] running build_py
[3.930s] creating /home/csd/CSD-Project/build/py_package/build
[3.930s] creating /home/csd/CSD-Project/build/py_package/build/lib
[3.930s] creating /home/csd/CSD-Project/build/py_package/build/lib/py_package
[3.931s] copying py_package/test.py -> /home/csd/CSD-Project/build/py_package/build/lib/py_package
[3.931s] copying py_package/__init__.py -> /home/csd/CSD-Project/build/py_package/build/lib/py_package
[3.932s] running install
[3.933s] /usr/lib/python3/dist-packages/setuptools/command/install.py:34: SetuptoolsDeprecationWarning: setup.py install is deprecated. Use build and pip and other standards-based tools.
[3.933s]   warnings.warn(
[3.934s] running install_lib
[3.937s] creating /home/csd/CSD-Project/install/py_package/lib/python3.10/site-packages/py_package
[3.937s] copying /home/csd/CSD-Project/build/py_package/build/lib/py_package/test.py -> /home/csd/CSD-Project/install/py_package/lib/python3.10/site-packages/py_package
[3.938s] copying /home/csd/CSD-Project/build/py_package/build/lib/py_package/__init__.py -> /home/csd/CSD-Project/install/py_package/lib/python3.10/site-packages/py_package
[3.940s] byte-compiling /home/csd/CSD-Project/install/py_package/lib/python3.10/site-packages/py_package/test.py to test.cpython-310.pyc
[3.942s] byte-compiling /home/csd/CSD-Project/install/py_package/lib/python3.10/site-packages/py_package/__init__.py to __init__.cpython-310.pyc
[3.942s] running install_data
[3.945s] creating /home/csd/CSD-Project/install/py_package/share/ament_index
[3.945s] creating /home/csd/CSD-Project/install/py_package/share/ament_index/resource_index
[3.946s] creating /home/csd/CSD-Project/install/py_package/share/ament_index/resource_index/packages
[3.946s] copying resource/py_package -> /home/csd/CSD-Project/install/py_package/share/ament_index/resource_index/packages
[3.946s] copying package.xml -> /home/csd/CSD-Project/install/py_package/share/py_package
[3.947s] running install_egg_info
[3.953s] Copying ../../build/py_package/py_package.egg-info to /home/csd/CSD-Project/install/py_package/lib/python3.10/site-packages/py_package-0.0.0-py3.10.egg-info
[3.958s] running install_scripts
[4.035s] Installing test script to /home/csd/CSD-Project/install/py_package/lib/py_package
[4.037s] writing list of installed files to '/home/csd/CSD-Project/build/py_package/install.log'
[4.152s] Invoked command in '/home/csd/CSD-Project/src/py_package' returned '0': PYTHONPATH=/home/csd/CSD-Project/build/py_package/prefix_override:/home/csd/CSD-Project/install/py_package/lib/python3.10/site-packages:${PYTHONPATH} /usr/bin/python3 setup.py egg_info --egg-base ../../build/py_package build --build-base /home/csd/CSD-Project/build/py_package/build install --record /home/csd/CSD-Project/build/py_package/install.log --single-version-externally-managed
