[3.027s] Invoking command in '/home/csd/CSD-Project/src/picar_pro': PYTHONPATH=/home/csd/CSD-Project/build/picar_pro/prefix_override:/home/csd/CSD-Project/install/picar_pro/lib/python3.10/site-packages:${PYTHONPATH} /usr/bin/python3 setup.py egg_info --egg-base ../../build/picar_pro build --build-base /home/csd/CSD-Project/build/picar_pro/build install --record /home/csd/CSD-Project/build/picar_pro/install.log --single-version-externally-managed
[3.974s] running egg_info
[3.977s] writing ../../build/picar_pro/picar_pro.egg-info/PKG-INFO
[3.978s] writing dependency_links to ../../build/picar_pro/picar_pro.egg-info/dependency_links.txt
[3.979s] writing entry points to ../../build/picar_pro/picar_pro.egg-info/entry_points.txt
[3.979s] writing requirements to ../../build/picar_pro/picar_pro.egg-info/requires.txt
[3.980s] writing top-level names to ../../build/picar_pro/picar_pro.egg-info/top_level.txt
[3.988s] reading manifest file '../../build/picar_pro/picar_pro.egg-info/SOURCES.txt'
[3.990s] adding license file 'LICENSE'
[3.992s] writing manifest file '../../build/picar_pro/picar_pro.egg-info/SOURCES.txt'
[3.993s] running build
[3.993s] running build_py
[3.995s] copying picar_pro/WheelController.py -> /home/csd/CSD-Project/build/picar_pro/build/lib/picar_pro
[3.998s] running install
[3.998s] /usr/lib/python3/dist-packages/setuptools/command/install.py:34: SetuptoolsDeprecationWarning: setup.py install is deprecated. Use build and pip and other standards-based tools.
[3.999s]   warnings.warn(
[3.999s] running install_lib
[4.004s] copying /home/csd/CSD-Project/build/picar_pro/build/lib/picar_pro/WheelController.py -> /home/csd/CSD-Project/install/picar_pro/lib/python3.10/site-packages/picar_pro
[4.009s] byte-compiling /home/csd/CSD-Project/install/picar_pro/lib/python3.10/site-packages/picar_pro/WheelController.py to WheelController.cpython-310.pyc
[4.014s] running install_data
[4.016s] running install_egg_info
[4.022s] removing '/home/csd/CSD-Project/install/picar_pro/lib/python3.10/site-packages/picar_pro-0.0.0-py3.10.egg-info' (and everything under it)
[4.024s] Copying ../../build/picar_pro/picar_pro.egg-info to /home/csd/CSD-Project/install/picar_pro/lib/python3.10/site-packages/picar_pro-0.0.0-py3.10.egg-info
[4.029s] running install_scripts
[4.104s] Installing analysis_handler script to /home/csd/CSD-Project/install/picar_pro/lib/picar_pro
[4.105s] Installing comm_handler script to /home/csd/CSD-Project/install/picar_pro/lib/picar_pro
[4.106s] Installing picar_handler script to /home/csd/CSD-Project/install/picar_pro/lib/picar_pro
[4.107s] Installing servo_handler script to /home/csd/CSD-Project/install/picar_pro/lib/picar_pro
[4.107s] Installing wheels_handler script to /home/csd/CSD-Project/install/picar_pro/lib/picar_pro
[4.109s] writing list of installed files to '/home/csd/CSD-Project/build/picar_pro/install.log'
[4.223s] Invoked command in '/home/csd/CSD-Project/src/picar_pro' returned '0': PYTHONPATH=/home/csd/CSD-Project/build/picar_pro/prefix_override:/home/csd/CSD-Project/install/picar_pro/lib/python3.10/site-packages:${PYTHONPATH} /usr/bin/python3 setup.py egg_info --egg-base ../../build/picar_pro build --build-base /home/csd/CSD-Project/build/picar_pro/build install --record /home/csd/CSD-Project/build/picar_pro/install.log --single-version-externally-managed
