[4.966s] Invoking command in '/home/csd/CSD-Project/src/picar_pro': PYTHONPATH=/home/csd/CSD-Project/build/picar_pro/prefix_override:/home/csd/CSD-Project/install/picar_pro/lib/python3.10/site-packages:${PYTHONPATH} /usr/bin/python3 setup.py egg_info --egg-base ../../build/picar_pro build --build-base /home/csd/CSD-Project/build/picar_pro/build install --record /home/csd/CSD-Project/build/picar_pro/install.log --single-version-externally-managed
[6.077s] running egg_info
[6.080s] writing ../../build/picar_pro/picar_pro.egg-info/PKG-INFO
[6.081s] writing dependency_links to ../../build/picar_pro/picar_pro.egg-info/dependency_links.txt
[6.082s] writing entry points to ../../build/picar_pro/picar_pro.egg-info/entry_points.txt
[6.083s] writing requirements to ../../build/picar_pro/picar_pro.egg-info/requires.txt
[6.084s] writing top-level names to ../../build/picar_pro/picar_pro.egg-info/top_level.txt
[6.094s] reading manifest file '../../build/picar_pro/picar_pro.egg-info/SOURCES.txt'
[6.097s] adding license file 'LICENSE'
[6.099s] writing manifest file '../../build/picar_pro/picar_pro.egg-info/SOURCES.txt'
[6.100s] running build
[6.100s] running build_py
[6.103s] running install
[6.104s] /usr/lib/python3/dist-packages/setuptools/command/install.py:34: SetuptoolsDeprecationWarning: setup.py install is deprecated. Use build and pip and other standards-based tools.
[6.104s]   warnings.warn(
[6.105s] running install_lib
[6.113s] running install_data
[6.116s] running install_egg_info
[6.123s] removing '/home/csd/CSD-Project/install/picar_pro/lib/python3.10/site-packages/picar_pro-0.0.0-py3.10.egg-info' (and everything under it)
[6.125s] Copying ../../build/picar_pro/picar_pro.egg-info to /home/csd/CSD-Project/install/picar_pro/lib/python3.10/site-packages/picar_pro-0.0.0-py3.10.egg-info
[6.131s] running install_scripts
[6.223s] Installing listener script to /home/csd/CSD-Project/install/picar_pro/lib/picar_pro
[6.224s] Installing movement script to /home/csd/CSD-Project/install/picar_pro/lib/picar_pro
[6.225s] Installing publisher_node script to /home/csd/CSD-Project/install/picar_pro/lib/picar_pro
[6.226s] Installing talker script to /home/csd/CSD-Project/install/picar_pro/lib/picar_pro
[6.228s] writing list of installed files to '/home/csd/CSD-Project/build/picar_pro/install.log'
[6.405s] Invoked command in '/home/csd/CSD-Project/src/picar_pro' returned '0': PYTHONPATH=/home/csd/CSD-Project/build/picar_pro/prefix_override:/home/csd/CSD-Project/install/picar_pro/lib/python3.10/site-packages:${PYTHONPATH} /usr/bin/python3 setup.py egg_info --egg-base ../../build/picar_pro build --build-base /home/csd/CSD-Project/build/picar_pro/build install --record /home/csd/CSD-Project/build/picar_pro/install.log --single-version-externally-managed
