[3.011s] Invoking command in '/home/csd/CSD-Project/src/picar_pro': PYTHONPATH=/home/csd/CSD-Project/build/picar_pro/prefix_override:/home/csd/CSD-Project/install/picar_pro/lib/python3.10/site-packages:${PYTHONPATH} /usr/bin/python3 setup.py egg_info --egg-base ../../build/picar_pro build --build-base /home/csd/CSD-Project/build/picar_pro/build install --record /home/csd/CSD-Project/build/picar_pro/install.log --single-version-externally-managed
[3.950s] running egg_info
[3.952s] writing ../../build/picar_pro/picar_pro.egg-info/PKG-INFO
[3.953s] writing dependency_links to ../../build/picar_pro/picar_pro.egg-info/dependency_links.txt
[3.954s] writing entry points to ../../build/picar_pro/picar_pro.egg-info/entry_points.txt
[3.955s] writing requirements to ../../build/picar_pro/picar_pro.egg-info/requires.txt
[3.956s] writing top-level names to ../../build/picar_pro/picar_pro.egg-info/top_level.txt
[3.963s] reading manifest file '../../build/picar_pro/picar_pro.egg-info/SOURCES.txt'
[3.965s] adding license file 'LICENSE'
[3.968s] writing manifest file '../../build/picar_pro/picar_pro.egg-info/SOURCES.txt'
[3.969s] running build
[3.969s] running build_py
[3.971s] copying picar_pro/picar_handler.py -> /home/csd/CSD-Project/build/picar_pro/build/lib/picar_pro
[3.974s] running install
[3.974s] /usr/lib/python3/dist-packages/setuptools/command/install.py:34: SetuptoolsDeprecationWarning: setup.py install is deprecated. Use build and pip and other standards-based tools.
[3.975s]   warnings.warn(
[3.975s] running install_lib
[3.980s] copying /home/csd/CSD-Project/build/picar_pro/build/lib/picar_pro/picar_handler.py -> /home/csd/CSD-Project/install/picar_pro/lib/python3.10/site-packages/picar_pro
[3.985s] byte-compiling /home/csd/CSD-Project/install/picar_pro/lib/python3.10/site-packages/picar_pro/picar_handler.py to picar_handler.cpython-310.pyc
[3.989s] running install_data
[3.991s] running install_egg_info
[3.998s] removing '/home/csd/CSD-Project/install/picar_pro/lib/python3.10/site-packages/picar_pro-0.0.0-py3.10.egg-info' (and everything under it)
[3.999s] Copying ../../build/picar_pro/picar_pro.egg-info to /home/csd/CSD-Project/install/picar_pro/lib/python3.10/site-packages/picar_pro-0.0.0-py3.10.egg-info
[4.004s] running install_scripts
[4.080s] Installing analysis_handler script to /home/csd/CSD-Project/install/picar_pro/lib/picar_pro
[4.081s] Installing camera_handler script to /home/csd/CSD-Project/install/picar_pro/lib/picar_pro
[4.082s] Installing comm_handler script to /home/csd/CSD-Project/install/picar_pro/lib/picar_pro
[4.082s] Installing picar_handler script to /home/csd/CSD-Project/install/picar_pro/lib/picar_pro
[4.083s] Installing servo_handler script to /home/csd/CSD-Project/install/picar_pro/lib/picar_pro
[4.084s] Installing wheels_handler script to /home/csd/CSD-Project/install/picar_pro/lib/picar_pro
[4.086s] writing list of installed files to '/home/csd/CSD-Project/build/picar_pro/install.log'
[4.200s] Invoked command in '/home/csd/CSD-Project/src/picar_pro' returned '0': PYTHONPATH=/home/csd/CSD-Project/build/picar_pro/prefix_override:/home/csd/CSD-Project/install/picar_pro/lib/python3.10/site-packages:${PYTHONPATH} /usr/bin/python3 setup.py egg_info --egg-base ../../build/picar_pro build --build-base /home/csd/CSD-Project/build/picar_pro/build install --record /home/csd/CSD-Project/build/picar_pro/install.log --single-version-externally-managed
