[6.250s] Invoking command in '/home/csd/CSD-Project/src/smart_arm': PYTHONPATH=/home/csd/CSD-Project/build/smart_arm/prefix_override:/home/csd/CSD-Project/install/smart_arm/lib/python3.10/site-packages:${PYTHONPATH} /usr/bin/python3 setup.py egg_info --egg-base ../../build/smart_arm build --build-base /home/csd/CSD-Project/build/smart_arm/build install --record /home/csd/CSD-Project/build/smart_arm/install.log --single-version-externally-managed
[7.534s] running egg_info
[7.540s] writing ../../build/smart_arm/smart_arm.egg-info/PKG-INFO
[7.541s] writing dependency_links to ../../build/smart_arm/smart_arm.egg-info/dependency_links.txt
[7.541s] writing entry points to ../../build/smart_arm/smart_arm.egg-info/entry_points.txt
[7.543s] writing requirements to ../../build/smart_arm/smart_arm.egg-info/requires.txt
[7.544s] writing top-level names to ../../build/smart_arm/smart_arm.egg-info/top_level.txt
[7.550s] reading manifest file '../../build/smart_arm/smart_arm.egg-info/SOURCES.txt'
[7.553s] adding license file 'LICENSE'
[7.555s] writing manifest file '../../build/smart_arm/smart_arm.egg-info/SOURCES.txt'
[7.556s] running build
[7.556s] running build_py
[7.558s] running install
[7.559s] /usr/lib/python3/dist-packages/setuptools/command/install.py:34: SetuptoolsDeprecationWarning: setup.py install is deprecated. Use build and pip and other standards-based tools.
[7.560s]   warnings.warn(
[7.560s] running install_lib
[7.567s] running install_data
[7.571s] running install_egg_info
[7.580s] removing '/home/csd/CSD-Project/install/smart_arm/lib/python3.10/site-packages/smart_arm-0.0.0-py3.10.egg-info' (and everything under it)
[7.582s] Copying ../../build/smart_arm/smart_arm.egg-info to /home/csd/CSD-Project/install/smart_arm/lib/python3.10/site-packages/smart_arm-0.0.0-py3.10.egg-info
[7.590s] running install_scripts
[7.735s] writing list of installed files to '/home/csd/CSD-Project/build/smart_arm/install.log'
[8.372s] Invoked command in '/home/csd/CSD-Project/src/smart_arm' returned '0': PYTHONPATH=/home/csd/CSD-Project/build/smart_arm/prefix_override:/home/csd/CSD-Project/install/smart_arm/lib/python3.10/site-packages:${PYTHONPATH} /usr/bin/python3 setup.py egg_info --egg-base ../../build/smart_arm build --build-base /home/csd/CSD-Project/build/smart_arm/build install --record /home/csd/CSD-Project/build/smart_arm/install.log --single-version-externally-managed
