[5.558s] Invoking command in '/home/csd/CSD-Project/src/picar_pro': PYTHONPATH=/home/csd/CSD-Project/build/picar_pro/prefix_override:/home/csd/CSD-Project/install/picar_pro/lib/python3.10/site-packages:${PYTHONPATH} /usr/bin/python3 setup.py egg_info --egg-base ../../build/picar_pro build --build-base /home/csd/CSD-Project/build/picar_pro/build install --record /home/csd/CSD-Project/build/picar_pro/install.log --single-version-externally-managed
[6.654s] running egg_info
[6.657s] writing ../../build/picar_pro/picar_pro.egg-info/PKG-INFO
[6.658s] writing dependency_links to ../../build/picar_pro/picar_pro.egg-info/dependency_links.txt
[6.659s] writing entry points to ../../build/picar_pro/picar_pro.egg-info/entry_points.txt
[6.661s] writing requirements to ../../build/picar_pro/picar_pro.egg-info/requires.txt
[6.661s] writing top-level names to ../../build/picar_pro/picar_pro.egg-info/top_level.txt
[6.672s] reading manifest file '../../build/picar_pro/picar_pro.egg-info/SOURCES.txt'
[6.674s] adding license file 'LICENSE'
[6.677s] writing manifest file '../../build/picar_pro/picar_pro.egg-info/SOURCES.txt'
[6.678s] running build
[6.678s] running build_py
[6.680s] copying picar_pro/servo_handler_car.py -> /home/csd/CSD-Project/build/picar_pro/build/lib/picar_pro
[6.682s] copying picar_pro/wheels_motor.py -> /home/csd/CSD-Project/build/picar_pro/build/lib/picar_pro
[6.683s] running install
[6.684s] /usr/lib/python3/dist-packages/setuptools/command/install.py:34: SetuptoolsDeprecationWarning: setup.py install is deprecated. Use build and pip and other standards-based tools.
[6.685s]   warnings.warn(
[6.685s] running install_lib
[6.691s] copying /home/csd/CSD-Project/build/picar_pro/build/lib/picar_pro/servo_handler_car.py -> /home/csd/CSD-Project/install/picar_pro/lib/python3.10/site-packages/picar_pro
[6.693s] copying /home/csd/CSD-Project/build/picar_pro/build/lib/picar_pro/wheels_motor.py -> /home/csd/CSD-Project/install/picar_pro/lib/python3.10/site-packages/picar_pro
[6.697s] byte-compiling /home/csd/CSD-Project/install/picar_pro/lib/python3.10/site-packages/picar_pro/servo_handler_car.py to servo_handler_car.cpython-310.pyc
[6.700s] byte-compiling /home/csd/CSD-Project/install/picar_pro/lib/python3.10/site-packages/picar_pro/wheels_motor.py to wheels_motor.cpython-310.pyc
[6.702s] running install_data
[6.705s] running install_egg_info
[6.713s] removing '/home/csd/CSD-Project/install/picar_pro/lib/python3.10/site-packages/picar_pro-0.0.0-py3.10.egg-info' (and everything under it)
[6.714s] Copying ../../build/picar_pro/picar_pro.egg-info to /home/csd/CSD-Project/install/picar_pro/lib/python3.10/site-packages/picar_pro-0.0.0-py3.10.egg-info
[6.725s] running install_scripts
[6.827s] Installing car_arm_communication script to /home/csd/CSD-Project/install/picar_pro/lib/picar_pro
[6.829s] Installing claw_motor script to /home/csd/CSD-Project/install/picar_pro/lib/picar_pro
[6.831s] Installing publisher_node = picar_pro.publisher_node:mainservo_handler_car script to /home/csd/CSD-Project/install/picar_pro/lib/picar_pro
[6.833s] Installing wheels_motor script to /home/csd/CSD-Project/install/picar_pro/lib/picar_pro
[6.837s] writing list of installed files to '/home/csd/CSD-Project/build/picar_pro/install.log'
[7.242s] Invoked command in '/home/csd/CSD-Project/src/picar_pro' returned '0': PYTHONPATH=/home/csd/CSD-Project/build/picar_pro/prefix_override:/home/csd/CSD-Project/install/picar_pro/lib/python3.10/site-packages:${PYTHONPATH} /usr/bin/python3 setup.py egg_info --egg-base ../../build/picar_pro build --build-base /home/csd/CSD-Project/build/picar_pro/build install --record /home/csd/CSD-Project/build/picar_pro/install.log --single-version-externally-managed
