[3.613s] Invoking command in '/home/csd/CSD-Project/src/picar_pro': PYTHONPATH=/home/csd/CSD-Project/build/picar_pro/prefix_override:/home/csd/CSD-Project/install/picar_pro/lib/python3.10/site-packages:${PYTHONPATH} /usr/bin/python3 setup.py egg_info --egg-base ../../build/picar_pro build --build-base /home/csd/CSD-Project/build/picar_pro/build install --record /home/csd/CSD-Project/build/picar_pro/install.log --single-version-externally-managed
[4.555s] running egg_info
[4.557s] writing ../../build/picar_pro/picar_pro.egg-info/PKG-INFO
[4.558s] writing dependency_links to ../../build/picar_pro/picar_pro.egg-info/dependency_links.txt
[4.559s] writing entry points to ../../build/picar_pro/picar_pro.egg-info/entry_points.txt
[4.560s] writing requirements to ../../build/picar_pro/picar_pro.egg-info/requires.txt
[4.560s] writing top-level names to ../../build/picar_pro/picar_pro.egg-info/top_level.txt
[4.568s] reading manifest file '../../build/picar_pro/picar_pro.egg-info/SOURCES.txt'
[4.573s] adding license file 'LICENSE'
[4.576s] writing manifest file '../../build/picar_pro/picar_pro.egg-info/SOURCES.txt'
[4.577s] running build
[4.577s] running build_py
[4.579s] copying picar_pro/picar_handler.py -> /home/csd/CSD-Project/build/picar_pro/build/lib/picar_pro
[4.580s] copying picar_pro/analysis_handler.py -> /home/csd/CSD-Project/build/picar_pro/build/lib/picar_pro
[4.584s] running install
[4.585s] /usr/lib/python3/dist-packages/setuptools/command/install.py:34: SetuptoolsDeprecationWarning: setup.py install is deprecated. Use build and pip and other standards-based tools.
[4.586s]   warnings.warn(
[4.586s] running install_lib
[4.591s] copying /home/csd/CSD-Project/build/picar_pro/build/lib/picar_pro/picar_handler.py -> /home/csd/CSD-Project/install/picar_pro/lib/python3.10/site-packages/picar_pro
[4.592s] copying /home/csd/CSD-Project/build/picar_pro/build/lib/picar_pro/analysis_handler.py -> /home/csd/CSD-Project/install/picar_pro/lib/python3.10/site-packages/picar_pro
[4.597s] byte-compiling /home/csd/CSD-Project/install/picar_pro/lib/python3.10/site-packages/picar_pro/picar_handler.py to picar_handler.cpython-310.pyc
[4.600s] byte-compiling /home/csd/CSD-Project/install/picar_pro/lib/python3.10/site-packages/picar_pro/analysis_handler.py to analysis_handler.cpython-310.pyc
[4.604s] running install_data
[4.606s] running install_egg_info
[4.612s] removing '/home/csd/CSD-Project/install/picar_pro/lib/python3.10/site-packages/picar_pro-0.0.0-py3.10.egg-info' (and everything under it)
[4.617s] Copying ../../build/picar_pro/picar_pro.egg-info to /home/csd/CSD-Project/install/picar_pro/lib/python3.10/site-packages/picar_pro-0.0.0-py3.10.egg-info
[4.622s] running install_scripts
[4.700s] Installing analysis_handler script to /home/csd/CSD-Project/install/picar_pro/lib/picar_pro
[4.701s] Installing comm_handler script to /home/csd/CSD-Project/install/picar_pro/lib/picar_pro
[4.701s] Installing picar_handler script to /home/csd/CSD-Project/install/picar_pro/lib/picar_pro
[4.702s] Installing servo_handler script to /home/csd/CSD-Project/install/picar_pro/lib/picar_pro
[4.703s] Installing wheels_handler script to /home/csd/CSD-Project/install/picar_pro/lib/picar_pro
[4.705s] writing list of installed files to '/home/csd/CSD-Project/build/picar_pro/install.log'
[4.818s] Invoked command in '/home/csd/CSD-Project/src/picar_pro' returned '0': PYTHONPATH=/home/csd/CSD-Project/build/picar_pro/prefix_override:/home/csd/CSD-Project/install/picar_pro/lib/python3.10/site-packages:${PYTHONPATH} /usr/bin/python3 setup.py egg_info --egg-base ../../build/picar_pro build --build-base /home/csd/CSD-Project/build/picar_pro/build install --record /home/csd/CSD-Project/build/picar_pro/install.log --single-version-externally-managed
