[4.866s] Invoking command in '/home/csd/CSD-Project/src/picar_pro': PYTHONPATH=/home/csd/CSD-Project/build/picar_pro/prefix_override:/home/csd/CSD-Project/install/picar_pro/lib/python3.10/site-packages:${PYTHONPATH} /usr/bin/python3 setup.py egg_info --egg-base ../../build/picar_pro build --build-base /home/csd/CSD-Project/build/picar_pro/build install --record /home/csd/CSD-Project/build/picar_pro/install.log --single-version-externally-managed
[5.944s] running egg_info
[5.947s] writing ../../build/picar_pro/picar_pro.egg-info/PKG-INFO
[5.949s] writing dependency_links to ../../build/picar_pro/picar_pro.egg-info/dependency_links.txt
[5.951s] writing entry points to ../../build/picar_pro/picar_pro.egg-info/entry_points.txt
[5.951s] writing requirements to ../../build/picar_pro/picar_pro.egg-info/requires.txt
[5.952s] writing top-level names to ../../build/picar_pro/picar_pro.egg-info/top_level.txt
[5.959s] reading manifest file '../../build/picar_pro/picar_pro.egg-info/SOURCES.txt'
[5.961s] adding license file 'LICENSE'
[5.965s] writing manifest file '../../build/picar_pro/picar_pro.egg-info/SOURCES.txt'
[5.966s] running build
[5.967s] running build_py
[5.969s] copying picar_pro/Publisher.py -> /home/csd/CSD-Project/build/picar_pro/build/lib/picar_pro
[5.970s] running install
[5.971s] /usr/lib/python3/dist-packages/setuptools/command/install.py:34: SetuptoolsDeprecationWarning: setup.py install is deprecated. Use build and pip and other standards-based tools.
[5.971s]   warnings.warn(
[5.972s] running install_lib
[5.975s] copying /home/csd/CSD-Project/build/picar_pro/build/lib/picar_pro/Publisher.py -> /home/csd/CSD-Project/install/picar_pro/lib/python3.10/site-packages/picar_pro
[5.979s] byte-compiling /home/csd/CSD-Project/install/picar_pro/lib/python3.10/site-packages/picar_pro/Publisher.py to Publisher.cpython-310.pyc
[5.982s] running install_data
[5.984s] running install_egg_info
[5.992s] removing '/home/csd/CSD-Project/install/picar_pro/lib/python3.10/site-packages/picar_pro-0.0.0-py3.10.egg-info' (and everything under it)
[5.994s] Copying ../../build/picar_pro/picar_pro.egg-info to /home/csd/CSD-Project/install/picar_pro/lib/python3.10/site-packages/picar_pro-0.0.0-py3.10.egg-info
[6.000s] running install_scripts
[6.093s] Installing listener script to /home/csd/CSD-Project/install/picar_pro/lib/picar_pro
[6.096s] Installing movement script to /home/csd/CSD-Project/install/picar_pro/lib/picar_pro
[6.097s] Installing talker script to /home/csd/CSD-Project/install/picar_pro/lib/picar_pro
[6.101s] writing list of installed files to '/home/csd/CSD-Project/build/picar_pro/install.log'
[6.487s] Invoked command in '/home/csd/CSD-Project/src/picar_pro' returned '0': PYTHONPATH=/home/csd/CSD-Project/build/picar_pro/prefix_override:/home/csd/CSD-Project/install/picar_pro/lib/python3.10/site-packages:${PYTHONPATH} /usr/bin/python3 setup.py egg_info --egg-base ../../build/picar_pro build --build-base /home/csd/CSD-Project/build/picar_pro/build install --record /home/csd/CSD-Project/build/picar_pro/install.log --single-version-externally-managed
