[6.535s] Invoking command in '/home/csd/CSD-Project/src/py_package': PYTHONPATH=/home/csd/CSD-Project/build/py_package/prefix_override:/home/csd/CSD-Project/install/py_package/lib/python3.10/site-packages:${PYTHONPATH} /usr/bin/python3 setup.py egg_info --egg-base ../../build/py_package build --build-base /home/csd/CSD-Project/build/py_package/build install --record /home/csd/CSD-Project/build/py_package/install.log --single-version-externally-managed
[7.801s] running egg_info
[7.804s] writing ../../build/py_package/py_package.egg-info/PKG-INFO
[7.806s] writing dependency_links to ../../build/py_package/py_package.egg-info/dependency_links.txt
[7.807s] writing entry points to ../../build/py_package/py_package.egg-info/entry_points.txt
[7.808s] writing requirements to ../../build/py_package/py_package.egg-info/requires.txt
[7.809s] writing top-level names to ../../build/py_package/py_package.egg-info/top_level.txt
[7.822s] reading manifest file '../../build/py_package/py_package.egg-info/SOURCES.txt'
[7.824s] adding license file 'LICENSE'
[7.829s] writing manifest file '../../build/py_package/py_package.egg-info/SOURCES.txt'
[7.831s] running build
[7.832s] running build_py
[7.833s] running install
[7.835s] /usr/lib/python3/dist-packages/setuptools/command/install.py:34: SetuptoolsDeprecationWarning: setup.py install is deprecated. Use build and pip and other standards-based tools.
[7.835s]   warnings.warn(
[7.837s] running install_lib
[7.839s] running install_data
[7.842s] running install_egg_info
[7.854s] removing '/home/csd/CSD-Project/install/py_package/lib/python3.10/site-packages/py_package-0.0.0-py3.10.egg-info' (and everything under it)
[7.858s] Copying ../../build/py_package/py_package.egg-info to /home/csd/CSD-Project/install/py_package/lib/python3.10/site-packages/py_package-0.0.0-py3.10.egg-info
[7.861s] running install_scripts
[7.966s] Installing test script to /home/csd/CSD-Project/install/py_package/lib/py_package
[7.969s] writing list of installed files to '/home/csd/CSD-Project/build/py_package/install.log'
[8.234s] Invoked command in '/home/csd/CSD-Project/src/py_package' returned '0': PYTHONPATH=/home/csd/CSD-Project/build/py_package/prefix_override:/home/csd/CSD-Project/install/py_package/lib/python3.10/site-packages:${PYTHONPATH} /usr/bin/python3 setup.py egg_info --egg-base ../../build/py_package build --build-base /home/csd/CSD-Project/build/py_package/build install --record /home/csd/CSD-Project/build/py_package/install.log --single-version-externally-managed
