[6.261s] Invoking command in '/home/csd/CSD-Project/src/smart_arm': PYTHONPATH=/home/csd/CSD-Project/build/smart_arm/prefix_override:/home/csd/CSD-Project/install/smart_arm/lib/python3.10/site-packages:${PYTHONPATH} /usr/bin/python3 setup.py egg_info --egg-base ../../build/smart_arm build --build-base /home/csd/CSD-Project/build/smart_arm/build install --record /home/csd/CSD-Project/build/smart_arm/install.log --single-version-externally-managed
[7.522s] running egg_info
[7.527s] writing ../../build/smart_arm/smart_arm.egg-info/PKG-INFO
[7.529s] writing dependency_links to ../../build/smart_arm/smart_arm.egg-info/dependency_links.txt
[7.531s] writing entry points to ../../build/smart_arm/smart_arm.egg-info/entry_points.txt
[7.532s] writing requirements to ../../build/smart_arm/smart_arm.egg-info/requires.txt
[7.534s] writing top-level names to ../../build/smart_arm/smart_arm.egg-info/top_level.txt
[7.543s] reading manifest file '../../build/smart_arm/smart_arm.egg-info/SOURCES.txt'
[7.545s] adding license file 'LICENSE'
[7.548s] writing manifest file '../../build/smart_arm/smart_arm.egg-info/SOURCES.txt'
[7.549s] running build
[7.550s] running build_py
[7.553s] running install
[7.554s] /usr/lib/python3/dist-packages/setuptools/command/install.py:34: SetuptoolsDeprecationWarning: setup.py install is deprecated. Use build and pip and other standards-based tools.
[7.555s]   warnings.warn(
[7.556s] running install_lib
[7.564s] running install_data
[7.565s] running install_egg_info
[7.572s] removing '/home/csd/CSD-Project/install/smart_arm/lib/python3.10/site-packages/smart_arm-0.0.0-py3.10.egg-info' (and everything under it)
[7.574s] Copying ../../build/smart_arm/smart_arm.egg-info to /home/csd/CSD-Project/install/smart_arm/lib/python3.10/site-packages/smart_arm-0.0.0-py3.10.egg-info
[7.582s] running install_scripts
[7.696s] writing list of installed files to '/home/csd/CSD-Project/build/smart_arm/install.log'
[8.169s] Invoked command in '/home/csd/CSD-Project/src/smart_arm' returned '0': PYTHONPATH=/home/csd/CSD-Project/build/smart_arm/prefix_override:/home/csd/CSD-Project/install/smart_arm/lib/python3.10/site-packages:${PYTHONPATH} /usr/bin/python3 setup.py egg_info --egg-base ../../build/smart_arm build --build-base /home/csd/CSD-Project/build/smart_arm/build install --record /home/csd/CSD-Project/build/smart_arm/install.log --single-version-externally-managed
