[3.729s] DEBUG:colcon:Command line arguments: ['/usr/bin/colcon', 'build']
[3.729s] DEBUG:colcon:Parsed command line arguments: Namespace(log_base=None, log_level=None, verb_name='build', build_base='build', install_base='install', merge_install=False, symlink_install=False, test_result_base=None, continue_on_error=False, executor='parallel', parallel_workers=4, event_handlers=None, ignore_user_meta=False, metas=['./colcon.meta'], base_paths=['.'], packages_ignore=None, packages_ignore_regex=None, paths=None, packages_up_to=None, packages_up_to_regex=None, packages_above=None, packages_above_and_dependencies=None, packages_above_depth=None, packages_select_by_dep=None, packages_skip_by_dep=None, packages_skip_up_to=None, packages_select_build_failed=False, packages_skip_build_finished=False, packages_select_test_failures=False, packages_skip_test_passed=False, packages_select=None, packages_skip=None, packages_select_regex=None, packages_skip_regex=None, packages_start=None, packages_end=None, allow_overriding=[], cmake_args=None, cmake_target=None, cmake_target_skip_unavailable=False, cmake_clean_cache=False, cmake_clean_first=False, cmake_force_configure=False, ament_cmake_args=None, catkin_cmake_args=None, catkin_skip_building_tests=False, verb_parser=<colcon_defaults.argument_parser.defaults.DefaultArgumentsDecorator object at 0xffffa88164d0>, verb_extension=<colcon_core.verb.build.BuildVerb object at 0xffffa8ad3640>, main=<bound method BuildVerb.main of <colcon_core.verb.build.BuildVerb object at 0xffffa8ad3640>>)
[3.909s] Level 1:colcon.colcon_core.package_discovery:discover_packages(colcon_meta) check parameters
[3.909s] Level 1:colcon.colcon_core.package_discovery:discover_packages(recursive) check parameters
[3.909s] Level 1:colcon.colcon_core.package_discovery:discover_packages(ignore) check parameters
[3.909s] Level 1:colcon.colcon_core.package_discovery:discover_packages(path) check parameters
[3.910s] Level 1:colcon.colcon_core.package_discovery:discover_packages(colcon_meta) discover
[3.910s] Level 1:colcon.colcon_core.package_discovery:discover_packages(recursive) discover
[3.910s] INFO:colcon.colcon_core.package_discovery:Crawling recursively for packages in '/home/csd/CSD-Project'
[3.910s] Level 1:colcon.colcon_core.package_identification:_identify(.) by extensions ['ignore', 'ignore_ament_install']
[3.911s] Level 1:colcon.colcon_core.package_identification:_identify(.) by extension 'ignore'
[3.911s] Level 1:colcon.colcon_core.package_identification:_identify(.) by extension 'ignore_ament_install'
[3.911s] Level 1:colcon.colcon_core.package_identification:_identify(.) by extensions ['colcon_pkg']
[3.911s] Level 1:colcon.colcon_core.package_identification:_identify(.) by extension 'colcon_pkg'
[3.911s] Level 1:colcon.colcon_core.package_identification:_identify(.) by extensions ['colcon_meta']
[3.911s] Level 1:colcon.colcon_core.package_identification:_identify(.) by extension 'colcon_meta'
[3.912s] Level 1:colcon.colcon_core.package_identification:_identify(.) by extensions ['ros']
[3.912s] Level 1:colcon.colcon_core.package_identification:_identify(.) by extension 'ros'
[3.958s] Level 1:colcon.colcon_core.package_identification:_identify(.) by extensions ['cmake', 'python']
[3.958s] Level 1:colcon.colcon_core.package_identification:_identify(.) by extension 'cmake'
[3.959s] Level 1:colcon.colcon_core.package_identification:_identify(.) by extension 'python'
[3.959s] Level 1:colcon.colcon_core.package_identification:_identify(.) by extensions ['python_setup_py']
[3.959s] Level 1:colcon.colcon_core.package_identification:_identify(.) by extension 'python_setup_py'
[3.959s] Level 1:colcon.colcon_core.package_identification:_identify(build) by extensions ['ignore', 'ignore_ament_install']
[3.960s] Level 1:colcon.colcon_core.package_identification:_identify(build) by extension 'ignore'
[3.960s] Level 1:colcon.colcon_core.package_identification:_identify(build) ignored
[3.960s] Level 1:colcon.colcon_core.package_identification:_identify(install) by extensions ['ignore', 'ignore_ament_install']
[3.961s] Level 1:colcon.colcon_core.package_identification:_identify(install) by extension 'ignore'
[3.961s] Level 1:colcon.colcon_core.package_identification:_identify(install) ignored
[3.961s] Level 1:colcon.colcon_core.package_identification:_identify(log) by extensions ['ignore', 'ignore_ament_install']
[3.962s] Level 1:colcon.colcon_core.package_identification:_identify(log) by extension 'ignore'
[3.962s] Level 1:colcon.colcon_core.package_identification:_identify(log) ignored
[3.962s] Level 1:colcon.colcon_core.package_identification:_identify(src) by extensions ['ignore', 'ignore_ament_install']
[3.963s] Level 1:colcon.colcon_core.package_identification:_identify(src) by extension 'ignore'
[3.963s] Level 1:colcon.colcon_core.package_identification:_identify(src) by extension 'ignore_ament_install'
[3.963s] Level 1:colcon.colcon_core.package_identification:_identify(src) by extensions ['colcon_pkg']
[3.963s] Level 1:colcon.colcon_core.package_identification:_identify(src) by extension 'colcon_pkg'
[3.963s] Level 1:colcon.colcon_core.package_identification:_identify(src) by extensions ['colcon_meta']
[3.963s] Level 1:colcon.colcon_core.package_identification:_identify(src) by extension 'colcon_meta'
[3.964s] Level 1:colcon.colcon_core.package_identification:_identify(src) by extensions ['ros']
[3.964s] Level 1:colcon.colcon_core.package_identification:_identify(src) by extension 'ros'
[3.964s] Level 1:colcon.colcon_core.package_identification:_identify(src) by extensions ['cmake', 'python']
[3.964s] Level 1:colcon.colcon_core.package_identification:_identify(src) by extension 'cmake'
[3.964s] Level 1:colcon.colcon_core.package_identification:_identify(src) by extension 'python'
[3.964s] Level 1:colcon.colcon_core.package_identification:_identify(src) by extensions ['python_setup_py']
[3.964s] Level 1:colcon.colcon_core.package_identification:_identify(src) by extension 'python_setup_py'
[3.965s] Level 1:colcon.colcon_core.package_identification:_identify(src/Picar Pro) by extensions ['ignore', 'ignore_ament_install']
[3.965s] Level 1:colcon.colcon_core.package_identification:_identify(src/Picar Pro) by extension 'ignore'
[3.965s] Level 1:colcon.colcon_core.package_identification:_identify(src/Picar Pro) by extension 'ignore_ament_install'
[3.966s] Level 1:colcon.colcon_core.package_identification:_identify(src/Picar Pro) by extensions ['colcon_pkg']
[3.966s] Level 1:colcon.colcon_core.package_identification:_identify(src/Picar Pro) by extension 'colcon_pkg'
[3.966s] Level 1:colcon.colcon_core.package_identification:_identify(src/Picar Pro) by extensions ['colcon_meta']
[3.966s] Level 1:colcon.colcon_core.package_identification:_identify(src/Picar Pro) by extension 'colcon_meta'
[3.966s] Level 1:colcon.colcon_core.package_identification:_identify(src/Picar Pro) by extensions ['ros']
[3.966s] Level 1:colcon.colcon_core.package_identification:_identify(src/Picar Pro) by extension 'ros'
[3.967s] Level 1:colcon.colcon_core.package_identification:_identify(src/Picar Pro) by extensions ['cmake', 'python']
[3.967s] Level 1:colcon.colcon_core.package_identification:_identify(src/Picar Pro) by extension 'cmake'
[3.967s] Level 1:colcon.colcon_core.package_identification:_identify(src/Picar Pro) by extension 'python'
[3.967s] Level 1:colcon.colcon_core.package_identification:_identify(src/Picar Pro) by extensions ['python_setup_py']
[3.967s] Level 1:colcon.colcon_core.package_identification:_identify(src/Picar Pro) by extension 'python_setup_py'
[3.967s] Level 1:colcon.colcon_core.package_identification:_identify(src/Smart Arm) by extensions ['ignore', 'ignore_ament_install']
[3.968s] Level 1:colcon.colcon_core.package_identification:_identify(src/Smart Arm) by extension 'ignore'
[3.968s] Level 1:colcon.colcon_core.package_identification:_identify(src/Smart Arm) by extension 'ignore_ament_install'
[3.968s] Level 1:colcon.colcon_core.package_identification:_identify(src/Smart Arm) by extensions ['colcon_pkg']
[3.968s] Level 1:colcon.colcon_core.package_identification:_identify(src/Smart Arm) by extension 'colcon_pkg'
[3.968s] Level 1:colcon.colcon_core.package_identification:_identify(src/Smart Arm) by extensions ['colcon_meta']
[3.968s] Level 1:colcon.colcon_core.package_identification:_identify(src/Smart Arm) by extension 'colcon_meta'
[3.969s] Level 1:colcon.colcon_core.package_identification:_identify(src/Smart Arm) by extensions ['ros']
[3.969s] Level 1:colcon.colcon_core.package_identification:_identify(src/Smart Arm) by extension 'ros'
[3.969s] Level 1:colcon.colcon_core.package_identification:_identify(src/Smart Arm) by extensions ['cmake', 'python']
[3.969s] Level 1:colcon.colcon_core.package_identification:_identify(src/Smart Arm) by extension 'cmake'
[3.969s] Level 1:colcon.colcon_core.package_identification:_identify(src/Smart Arm) by extension 'python'
[3.970s] Level 1:colcon.colcon_core.package_identification:_identify(src/Smart Arm) by extensions ['python_setup_py']
[3.970s] Level 1:colcon.colcon_core.package_identification:_identify(src/Smart Arm) by extension 'python_setup_py'
[3.970s] Level 1:colcon.colcon_core.package_identification:_identify(src/py_package) by extensions ['ignore', 'ignore_ament_install']
[3.971s] Level 1:colcon.colcon_core.package_identification:_identify(src/py_package) by extension 'ignore'
[3.971s] Level 1:colcon.colcon_core.package_identification:_identify(src/py_package) by extension 'ignore_ament_install'
[3.971s] Level 1:colcon.colcon_core.package_identification:_identify(src/py_package) by extensions ['colcon_pkg']
[3.971s] Level 1:colcon.colcon_core.package_identification:_identify(src/py_package) by extension 'colcon_pkg'
[3.971s] Level 1:colcon.colcon_core.package_identification:_identify(src/py_package) by extensions ['colcon_meta']
[3.971s] Level 1:colcon.colcon_core.package_identification:_identify(src/py_package) by extension 'colcon_meta'
[3.972s] Level 1:colcon.colcon_core.package_identification:_identify(src/py_package) by extensions ['ros']
[3.972s] Level 1:colcon.colcon_core.package_identification:_identify(src/py_package) by extension 'ros'
[3.980s] DEBUG:colcon.colcon_core.package_identification:Package 'src/py_package' with type 'ros.ament_python' and name 'py_package'
[3.981s] Level 1:colcon.colcon_core.package_discovery:discover_packages(recursive) using defaults
[3.981s] Level 1:colcon.colcon_core.package_discovery:discover_packages(ignore) discover
[3.981s] Level 1:colcon.colcon_core.package_discovery:discover_packages(ignore) using defaults
[3.981s] Level 1:colcon.colcon_core.package_discovery:discover_packages(path) discover
[3.981s] Level 1:colcon.colcon_core.package_discovery:discover_packages(path) using defaults
[4.314s] Level 1:colcon.colcon_core.package_discovery:discover_packages(prefix_path) check parameters
[4.314s] Level 1:colcon.colcon_core.package_discovery:discover_packages(prefix_path) discover
[4.424s] DEBUG:colcon.colcon_installed_package_information.package_discovery:Found 1 installed packages in /home/csd/CSD-Project/install
[4.481s] DEBUG:colcon.colcon_installed_package_information.package_discovery:Found 192 installed packages in /opt/ros/iron
[4.487s] Level 1:colcon.colcon_core.package_discovery:discover_packages(prefix_path) using defaults
[4.733s] Level 5:colcon.colcon_core.verb:set package 'py_package' build argument 'cmake_args' from command line to 'None'
[4.733s] Level 5:colcon.colcon_core.verb:set package 'py_package' build argument 'cmake_target' from command line to 'None'
[4.733s] Level 5:colcon.colcon_core.verb:set package 'py_package' build argument 'cmake_target_skip_unavailable' from command line to 'False'
[4.733s] Level 5:colcon.colcon_core.verb:set package 'py_package' build argument 'cmake_clean_cache' from command line to 'False'
[4.733s] Level 5:colcon.colcon_core.verb:set package 'py_package' build argument 'cmake_clean_first' from command line to 'False'
[4.733s] Level 5:colcon.colcon_core.verb:set package 'py_package' build argument 'cmake_force_configure' from command line to 'False'
[4.734s] Level 5:colcon.colcon_core.verb:set package 'py_package' build argument 'ament_cmake_args' from command line to 'None'
[4.734s] Level 5:colcon.colcon_core.verb:set package 'py_package' build argument 'catkin_cmake_args' from command line to 'None'
[4.734s] Level 5:colcon.colcon_core.verb:set package 'py_package' build argument 'catkin_skip_building_tests' from command line to 'False'
[4.734s] DEBUG:colcon.colcon_core.verb:Building package 'py_package' with the following arguments: {'ament_cmake_args': None, 'build_base': '/home/csd/CSD-Project/build/py_package', 'catkin_cmake_args': None, 'catkin_skip_building_tests': False, 'cmake_args': None, 'cmake_clean_cache': False, 'cmake_clean_first': False, 'cmake_force_configure': False, 'cmake_target': None, 'cmake_target_skip_unavailable': False, 'install_base': '/home/csd/CSD-Project/install/py_package', 'merge_install': False, 'path': '/home/csd/CSD-Project/src/py_package', 'symlink_install': False, 'test_result_base': None}
[4.786s] INFO:colcon.colcon_core.executor:Executing jobs using 'parallel' executor
[4.840s] DEBUG:colcon.colcon_parallel_executor.executor.parallel:run_until_complete
[4.841s] INFO:colcon.colcon_ros.task.ament_python.build:Building ROS package in '/home/csd/CSD-Project/src/py_package' with build type 'ament_python'
[4.842s] Level 1:colcon.colcon_core.shell:create_environment_hook('py_package', 'ament_prefix_path')
[4.902s] INFO:colcon.colcon_core.plugin_system:Skipping extension 'colcon_core.shell.bat': Not used on non-Windows systems
[4.903s] INFO:colcon.colcon_core.shell:Creating environment hook '/home/csd/CSD-Project/install/py_package/share/py_package/hook/ament_prefix_path.ps1'
[4.905s] INFO:colcon.colcon_core.shell:Creating environment descriptor '/home/csd/CSD-Project/install/py_package/share/py_package/hook/ament_prefix_path.dsv'
[4.907s] INFO:colcon.colcon_core.shell:Creating environment hook '/home/csd/CSD-Project/install/py_package/share/py_package/hook/ament_prefix_path.sh'
[4.962s] INFO:colcon.colcon_core.shell:Skip shell extension 'powershell' for command environment: Not usable outside of PowerShell
[4.962s] DEBUG:colcon.colcon_core.shell:Skip shell extension 'dsv' for command environment
[6.149s] INFO:colcon.colcon_core.task.python.build:Building Python package in '/home/csd/CSD-Project/src/py_package'
[6.206s] INFO:colcon.colcon_core.shell:Skip shell extension 'powershell' for command environment: Not usable outside of PowerShell
[6.206s] DEBUG:colcon.colcon_core.shell:Skip shell extension 'dsv' for command environment
[7.816s] DEBUG:colcon.colcon_core.event_handler.log_command:Invoking command in '/home/csd/CSD-Project/src/py_package': PYTHONPATH=/home/csd/CSD-Project/build/py_package/prefix_override:/home/csd/CSD-Project/install/py_package/lib/python3.10/site-packages:${PYTHONPATH} /usr/bin/python3 setup.py egg_info --egg-base ../../build/py_package build --build-base /home/csd/CSD-Project/build/py_package/build install --record /home/csd/CSD-Project/build/py_package/install.log --single-version-externally-managed
[8.995s] DEBUG:colcon.colcon_core.event_handler.log_command:Invoked command in '/home/csd/CSD-Project/src/py_package' returned '0': PYTHONPATH=/home/csd/CSD-Project/build/py_package/prefix_override:/home/csd/CSD-Project/install/py_package/lib/python3.10/site-packages:${PYTHONPATH} /usr/bin/python3 setup.py egg_info --egg-base ../../build/py_package build --build-base /home/csd/CSD-Project/build/py_package/build install --record /home/csd/CSD-Project/build/py_package/install.log --single-version-externally-managed
[9.058s] Level 1:colcon.colcon_core.environment:checking '/home/csd/CSD-Project/install/py_package' for CMake module files
[9.060s] Level 1:colcon.colcon_core.environment:checking '/home/csd/CSD-Project/install/py_package' for CMake config files
[9.064s] Level 1:colcon.colcon_core.environment:checking '/home/csd/CSD-Project/install/py_package/lib'
[9.064s] Level 1:colcon.colcon_core.environment:checking '/home/csd/CSD-Project/install/py_package/bin'
[9.065s] Level 1:colcon.colcon_core.environment:checking '/home/csd/CSD-Project/install/py_package/lib/pkgconfig/py_package.pc'
[9.066s] Level 1:colcon.colcon_core.environment:checking '/home/csd/CSD-Project/install/py_package/lib/python3.10/site-packages'
[9.066s] Level 1:colcon.colcon_core.shell:create_environment_hook('py_package', 'pythonpath')
[9.119s] INFO:colcon.colcon_core.shell:Creating environment hook '/home/csd/CSD-Project/install/py_package/share/py_package/hook/pythonpath.ps1'
[9.121s] INFO:colcon.colcon_core.shell:Creating environment descriptor '/home/csd/CSD-Project/install/py_package/share/py_package/hook/pythonpath.dsv'
[9.122s] INFO:colcon.colcon_core.shell:Creating environment hook '/home/csd/CSD-Project/install/py_package/share/py_package/hook/pythonpath.sh'
[9.124s] Level 1:colcon.colcon_core.environment:checking '/home/csd/CSD-Project/install/py_package/bin'
[9.125s] Level 1:colcon.colcon_core.environment:create_environment_scripts_only(py_package)
[9.178s] INFO:colcon.colcon_core.shell:Creating package script '/home/csd/CSD-Project/install/py_package/share/py_package/package.ps1'
[9.181s] INFO:colcon.colcon_core.shell:Creating package descriptor '/home/csd/CSD-Project/install/py_package/share/py_package/package.dsv'
[9.183s] INFO:colcon.colcon_core.shell:Creating package script '/home/csd/CSD-Project/install/py_package/share/py_package/package.sh'
[9.186s] INFO:colcon.colcon_core.shell:Creating package script '/home/csd/CSD-Project/install/py_package/share/py_package/package.bash'
[9.189s] INFO:colcon.colcon_core.shell:Creating package script '/home/csd/CSD-Project/install/py_package/share/py_package/package.zsh'
[9.192s] Level 1:colcon.colcon_core.environment:create_file_with_runtime_dependencies(/home/csd/CSD-Project/install/py_package/share/colcon-core/packages/py_package)
[9.193s] DEBUG:colcon.colcon_parallel_executor.executor.parallel:closing loop
[9.194s] DEBUG:colcon.colcon_parallel_executor.executor.parallel:loop closed
[9.194s] DEBUG:colcon.colcon_parallel_executor.executor.parallel:run_until_complete finished with '0'
[9.194s] DEBUG:colcon.colcon_core.event_reactor:joining thread
[9.279s] INFO:colcon.colcon_core.plugin_system:Skipping extension 'colcon_notification.desktop_notification.notify_send': Could not find 'notify-send'
[9.280s] INFO:colcon.colcon_core.plugin_system:Skipping extension 'colcon_notification.desktop_notification.terminal_notifier': Not used on non-Darwin systems
[9.280s] INFO:colcon.colcon_core.plugin_system:Skipping extension 'colcon_notification.desktop_notification.win32': Not used on non-Windows systems
[9.280s] INFO:colcon.colcon_notification.desktop_notification:Sending desktop notification using 'notify2'
[9.283s] DEBUG:colcon.colcon_notification.desktop_notification.notify2:Failed to initialize notify2: org.freedesktop.DBus.Error.ServiceUnknown: The name org.freedesktop.Notifications was not provided by any .service files
[9.283s] DEBUG:colcon.colcon_core.event_reactor:joined thread
[9.341s] INFO:colcon.colcon_core.shell:Creating prefix script '/home/csd/CSD-Project/install/local_setup.ps1'
[9.344s] INFO:colcon.colcon_core.shell:Creating prefix util module '/home/csd/CSD-Project/install/_local_setup_util_ps1.py'
[9.350s] INFO:colcon.colcon_core.shell:Creating prefix chain script '/home/csd/CSD-Project/install/setup.ps1'
[9.405s] INFO:colcon.colcon_core.shell:Creating prefix script '/home/csd/CSD-Project/install/local_setup.sh'
[9.407s] INFO:colcon.colcon_core.shell:Creating prefix util module '/home/csd/CSD-Project/install/_local_setup_util_sh.py'
[9.410s] INFO:colcon.colcon_core.shell:Creating prefix chain script '/home/csd/CSD-Project/install/setup.sh'
[9.465s] INFO:colcon.colcon_core.shell:Creating prefix script '/home/csd/CSD-Project/install/local_setup.bash'
[9.467s] INFO:colcon.colcon_core.shell:Creating prefix chain script '/home/csd/CSD-Project/install/setup.bash'
[9.523s] INFO:colcon.colcon_core.shell:Creating prefix script '/home/csd/CSD-Project/install/local_setup.zsh'
[9.525s] INFO:colcon.colcon_core.shell:Creating prefix chain script '/home/csd/CSD-Project/install/setup.zsh'
