[5.353s] Invoking command in '/home/csd/CSD-Project/src/smart_arm': PYTHONPATH=/home/csd/CSD-Project/build/smart_arm/prefix_override:/home/csd/CSD-Project/install/smart_arm/lib/python3.10/site-packages:${PYTHONPATH} /usr/bin/python3 setup.py egg_info --egg-base ../../build/smart_arm build --build-base /home/csd/CSD-Project/build/smart_arm/build install --record /home/csd/CSD-Project/build/smart_arm/install.log --single-version-externally-managed
[6.512s] running egg_info
[6.515s] writing ../../build/smart_arm/smart_arm.egg-info/PKG-INFO
[6.516s] writing dependency_links to ../../build/smart_arm/smart_arm.egg-info/dependency_links.txt
[6.518s] writing entry points to ../../build/smart_arm/smart_arm.egg-info/entry_points.txt
[6.519s] writing requirements to ../../build/smart_arm/smart_arm.egg-info/requires.txt
[6.520s] writing top-level names to ../../build/smart_arm/smart_arm.egg-info/top_level.txt
[6.529s] reading manifest file '../../build/smart_arm/smart_arm.egg-info/SOURCES.txt'
[6.530s] adding license file 'LICENSE'
[6.533s] writing manifest file '../../build/smart_arm/smart_arm.egg-info/SOURCES.txt'
[6.534s] running build
[6.534s] running build_py
[6.535s] copying smart_arm/servo_handler.py -> /home/csd/CSD-Project/build/smart_arm/build/lib/smart_arm
[6.538s] running install
[6.539s] /usr/lib/python3/dist-packages/setuptools/command/install.py:34: SetuptoolsDeprecationWarning: setup.py install is deprecated. Use build and pip and other standards-based tools.
[6.539s]   warnings.warn(
[6.540s] running install_lib
[6.544s] copying /home/csd/CSD-Project/build/smart_arm/build/lib/smart_arm/servo_handler.py -> /home/csd/CSD-Project/install/smart_arm/lib/python3.10/site-packages/smart_arm
[6.548s] byte-compiling /home/csd/CSD-Project/install/smart_arm/lib/python3.10/site-packages/smart_arm/servo_handler.py to servo_handler.cpython-310.pyc
[6.552s] running install_data
[6.555s] running install_egg_info
[6.563s] removing '/home/csd/CSD-Project/install/smart_arm/lib/python3.10/site-packages/smart_arm-0.0.0-py3.10.egg-info' (and everything under it)
[6.565s] Copying ../../build/smart_arm/smart_arm.egg-info to /home/csd/CSD-Project/install/smart_arm/lib/python3.10/site-packages/smart_arm-0.0.0-py3.10.egg-info
[6.571s] running install_scripts
[6.662s] Installing car_arm_communication script to /home/csd/CSD-Project/install/smart_arm/lib/smart_arm
[6.663s] Installing claw_motor script to /home/csd/CSD-Project/install/smart_arm/lib/smart_arm
[6.663s] Installing movement script to /home/csd/CSD-Project/install/smart_arm/lib/smart_arm
[6.664s] Installing publisher_node script to /home/csd/CSD-Project/install/smart_arm/lib/smart_arm
[6.665s] Installing servo_handler script to /home/csd/CSD-Project/install/smart_arm/lib/smart_arm
[6.668s] writing list of installed files to '/home/csd/CSD-Project/build/smart_arm/install.log'
