[4.660s] Invoking command in '/home/csd/CSD-Project/src/smart_arm': PYTHONPATH=/home/csd/CSD-Project/build/smart_arm/prefix_override:/home/csd/CSD-Project/install/smart_arm/lib/python3.10/site-packages:${PYTHONPATH} /usr/bin/python3 setup.py egg_info --egg-base ../../build/smart_arm build --build-base /home/csd/CSD-Project/build/smart_arm/build install --record /home/csd/CSD-Project/build/smart_arm/install.log --single-version-externally-managed
[5.761s] running egg_info
[5.764s] writing ../../build/smart_arm/smart_arm.egg-info/PKG-INFO
[5.765s] writing dependency_links to ../../build/smart_arm/smart_arm.egg-info/dependency_links.txt
[5.767s] writing entry points to ../../build/smart_arm/smart_arm.egg-info/entry_points.txt
[5.768s] writing requirements to ../../build/smart_arm/smart_arm.egg-info/requires.txt
[5.769s] writing top-level names to ../../build/smart_arm/smart_arm.egg-info/top_level.txt
[5.778s] reading manifest file '../../build/smart_arm/smart_arm.egg-info/SOURCES.txt'
[5.780s] adding license file 'LICENSE'
[5.783s] writing manifest file '../../build/smart_arm/smart_arm.egg-info/SOURCES.txt'
[5.783s] running build
[5.784s] running build_py
[5.785s] copying smart_arm/publisher_node.py -> /home/csd/CSD-Project/build/smart_arm/build/lib/smart_arm
[5.788s] running install
[5.789s] /usr/lib/python3/dist-packages/setuptools/command/install.py:34: SetuptoolsDeprecationWarning: setup.py install is deprecated. Use build and pip and other standards-based tools.
[5.790s]   warnings.warn(
[5.790s] running install_lib
[5.794s] copying /home/csd/CSD-Project/build/smart_arm/build/lib/smart_arm/publisher_node.py -> /home/csd/CSD-Project/install/smart_arm/lib/python3.10/site-packages/smart_arm
[5.799s] byte-compiling /home/csd/CSD-Project/install/smart_arm/lib/python3.10/site-packages/smart_arm/publisher_node.py to publisher_node.cpython-310.pyc
[5.802s] running install_data
[5.805s] running install_egg_info
[5.813s] removing '/home/csd/CSD-Project/install/smart_arm/lib/python3.10/site-packages/smart_arm-0.0.0-py3.10.egg-info' (and everything under it)
[5.814s] Copying ../../build/smart_arm/smart_arm.egg-info to /home/csd/CSD-Project/install/smart_arm/lib/python3.10/site-packages/smart_arm-0.0.0-py3.10.egg-info
[5.821s] running install_scripts
[5.919s] Installing car_arm_communication script to /home/csd/CSD-Project/install/smart_arm/lib/smart_arm
[5.921s] Installing claw_motor script to /home/csd/CSD-Project/install/smart_arm/lib/smart_arm
[5.922s] Installing listener script to /home/csd/CSD-Project/install/smart_arm/lib/smart_arm
[5.924s] Installing movement script to /home/csd/CSD-Project/install/smart_arm/lib/smart_arm
[5.926s] Installing publisher_node script to /home/csd/CSD-Project/install/smart_arm/lib/smart_arm
[5.928s] Installing servo_handler script to /home/csd/CSD-Project/install/smart_arm/lib/smart_arm
[5.929s] Installing talker script to /home/csd/CSD-Project/install/smart_arm/lib/smart_arm
[5.933s] writing list of installed files to '/home/csd/CSD-Project/build/smart_arm/install.log'
[6.313s] Invoked command in '/home/csd/CSD-Project/src/smart_arm' returned '0': PYTHONPATH=/home/csd/CSD-Project/build/smart_arm/prefix_override:/home/csd/CSD-Project/install/smart_arm/lib/python3.10/site-packages:${PYTHONPATH} /usr/bin/python3 setup.py egg_info --egg-base ../../build/smart_arm build --build-base /home/csd/CSD-Project/build/smart_arm/build install --record /home/csd/CSD-Project/build/smart_arm/install.log --single-version-externally-managed
