[3.002s] Invoking command in '/home/csd/CSD-Project/src/picar_pro': PYTHONPATH=/home/csd/CSD-Project/build/picar_pro/prefix_override:/home/csd/CSD-Project/install/picar_pro/lib/python3.10/site-packages:${PYTHONPATH} /usr/bin/python3 setup.py egg_info --egg-base ../../build/picar_pro build --build-base /home/csd/CSD-Project/build/picar_pro/build install --record /home/csd/CSD-Project/build/picar_pro/install.log --single-version-externally-managed
[3.943s] running egg_info
[3.946s] writing ../../build/picar_pro/picar_pro.egg-info/PKG-INFO
[3.947s] writing dependency_links to ../../build/picar_pro/picar_pro.egg-info/dependency_links.txt
[3.948s] writing entry points to ../../build/picar_pro/picar_pro.egg-info/entry_points.txt
[3.949s] writing requirements to ../../build/picar_pro/picar_pro.egg-info/requires.txt
[3.949s] writing top-level names to ../../build/picar_pro/picar_pro.egg-info/top_level.txt
[3.957s] reading manifest file '../../build/picar_pro/picar_pro.egg-info/SOURCES.txt'
[3.959s] adding license file 'LICENSE'
[3.961s] writing manifest file '../../build/picar_pro/picar_pro.egg-info/SOURCES.txt'
[3.962s] running build
[3.962s] running build_py
[3.963s] copying picar_pro/car_arm_communication.py -> /home/csd/CSD-Project/build/picar_pro/build/lib/picar_pro
[3.964s] copying picar_pro/claw_motor_car.py -> /home/csd/CSD-Project/build/picar_pro/build/lib/picar_pro
[3.964s] copying picar_pro/servo_handler_car.py -> /home/csd/CSD-Project/build/picar_pro/build/lib/picar_pro
[3.965s] copying picar_pro/publisher.py -> /home/csd/CSD-Project/build/picar_pro/build/lib/picar_pro
[3.966s] copying picar_pro/wheels_motor.py -> /home/csd/CSD-Project/build/picar_pro/build/lib/picar_pro
[3.968s] running install
[3.968s] /usr/lib/python3/dist-packages/setuptools/command/install.py:34: SetuptoolsDeprecationWarning: setup.py install is deprecated. Use build and pip and other standards-based tools.
[3.969s]   warnings.warn(
[3.969s] running install_lib
[3.973s] copying /home/csd/CSD-Project/build/picar_pro/build/lib/picar_pro/car_arm_communication.py -> /home/csd/CSD-Project/install/picar_pro/lib/python3.10/site-packages/picar_pro
[3.974s] copying /home/csd/CSD-Project/build/picar_pro/build/lib/picar_pro/claw_motor_car.py -> /home/csd/CSD-Project/install/picar_pro/lib/python3.10/site-packages/picar_pro
[3.975s] copying /home/csd/CSD-Project/build/picar_pro/build/lib/picar_pro/servo_handler_car.py -> /home/csd/CSD-Project/install/picar_pro/lib/python3.10/site-packages/picar_pro
[3.976s] copying /home/csd/CSD-Project/build/picar_pro/build/lib/picar_pro/publisher.py -> /home/csd/CSD-Project/install/picar_pro/lib/python3.10/site-packages/picar_pro
[3.976s] copying /home/csd/CSD-Project/build/picar_pro/build/lib/picar_pro/wheels_motor.py -> /home/csd/CSD-Project/install/picar_pro/lib/python3.10/site-packages/picar_pro
[3.979s] byte-compiling /home/csd/CSD-Project/install/picar_pro/lib/python3.10/site-packages/picar_pro/car_arm_communication.py to car_arm_communication.cpython-310.pyc
[3.981s] byte-compiling /home/csd/CSD-Project/install/picar_pro/lib/python3.10/site-packages/picar_pro/claw_motor_car.py to claw_motor_car.cpython-310.pyc
[3.984s] byte-compiling /home/csd/CSD-Project/install/picar_pro/lib/python3.10/site-packages/picar_pro/servo_handler_car.py to servo_handler_car.cpython-310.pyc
[3.987s] byte-compiling /home/csd/CSD-Project/install/picar_pro/lib/python3.10/site-packages/picar_pro/publisher.py to publisher.cpython-310.pyc
[3.989s] byte-compiling /home/csd/CSD-Project/install/picar_pro/lib/python3.10/site-packages/picar_pro/wheels_motor.py to wheels_motor.cpython-310.pyc
[3.991s] running install_data
[3.994s] running install_egg_info
[4.000s] removing '/home/csd/CSD-Project/install/picar_pro/lib/python3.10/site-packages/picar_pro-0.0.0-py3.10.egg-info' (and everything under it)
[4.002s] Copying ../../build/picar_pro/picar_pro.egg-info to /home/csd/CSD-Project/install/picar_pro/lib/python3.10/site-packages/picar_pro-0.0.0-py3.10.egg-info
[4.006s] running install_scripts
[4.082s] Installing car_arm_communication script to /home/csd/CSD-Project/install/picar_pro/lib/picar_pro
[4.083s] Installing claw_motor_car script to /home/csd/CSD-Project/install/picar_pro/lib/picar_pro
[4.084s] Installing publisher script to /home/csd/CSD-Project/install/picar_pro/lib/picar_pro
[4.085s] Installing servo_handler_car script to /home/csd/CSD-Project/install/picar_pro/lib/picar_pro
[4.086s] Installing wheels_motor script to /home/csd/CSD-Project/install/picar_pro/lib/picar_pro
[4.088s] writing list of installed files to '/home/csd/CSD-Project/build/picar_pro/install.log'
[4.201s] Invoked command in '/home/csd/CSD-Project/src/picar_pro' returned '0': PYTHONPATH=/home/csd/CSD-Project/build/picar_pro/prefix_override:/home/csd/CSD-Project/install/picar_pro/lib/python3.10/site-packages:${PYTHONPATH} /usr/bin/python3 setup.py egg_info --egg-base ../../build/picar_pro build --build-base /home/csd/CSD-Project/build/picar_pro/build install --record /home/csd/CSD-Project/build/picar_pro/install.log --single-version-externally-managed
