[5.060s] Invoking command in '/home/csd/CSD-Project/src/smart_arm': PYTHONPATH=/home/csd/CSD-Project/build/smart_arm/prefix_override:/home/csd/CSD-Project/install/smart_arm/lib/python3.10/site-packages:${PYTHONPATH} /usr/bin/python3 setup.py egg_info --egg-base ../../build/smart_arm build --build-base /home/csd/CSD-Project/build/smart_arm/build install --record /home/csd/CSD-Project/build/smart_arm/install.log --single-version-externally-managed
[6.213s] running egg_info
[6.216s] writing ../../build/smart_arm/smart_arm.egg-info/PKG-INFO
[6.218s] writing dependency_links to ../../build/smart_arm/smart_arm.egg-info/dependency_links.txt
[6.219s] writing entry points to ../../build/smart_arm/smart_arm.egg-info/entry_points.txt
[6.220s] writing requirements to ../../build/smart_arm/smart_arm.egg-info/requires.txt
[6.221s] writing top-level names to ../../build/smart_arm/smart_arm.egg-info/top_level.txt
[6.230s] reading manifest file '../../build/smart_arm/smart_arm.egg-info/SOURCES.txt'
[6.232s] adding license file 'LICENSE'
[6.236s] writing manifest file '../../build/smart_arm/smart_arm.egg-info/SOURCES.txt'
[6.236s] running build
[6.237s] running build_py
[6.238s] copying smart_arm/publisher_node.py -> /home/csd/CSD-Project/build/smart_arm/build/lib/smart_arm
[6.240s] running install
[6.241s] /usr/lib/python3/dist-packages/setuptools/command/install.py:34: SetuptoolsDeprecationWarning: setup.py install is deprecated. Use build and pip and other standards-based tools.
[6.242s]   warnings.warn(
[6.242s] running install_lib
[6.246s] copying /home/csd/CSD-Project/build/smart_arm/build/lib/smart_arm/publisher_node.py -> /home/csd/CSD-Project/install/smart_arm/lib/python3.10/site-packages/smart_arm
[6.251s] byte-compiling /home/csd/CSD-Project/install/smart_arm/lib/python3.10/site-packages/smart_arm/publisher_node.py to publisher_node.cpython-310.pyc
[6.255s] running install_data
[6.257s] running install_egg_info
[6.265s] removing '/home/csd/CSD-Project/install/smart_arm/lib/python3.10/site-packages/smart_arm-0.0.0-py3.10.egg-info' (and everything under it)
[6.267s] Copying ../../build/smart_arm/smart_arm.egg-info to /home/csd/CSD-Project/install/smart_arm/lib/python3.10/site-packages/smart_arm-0.0.0-py3.10.egg-info
[6.273s] running install_scripts
[6.365s] Installing car_arm_communication script to /home/csd/CSD-Project/install/smart_arm/lib/smart_arm
[6.366s] Installing claw_motor script to /home/csd/CSD-Project/install/smart_arm/lib/smart_arm
[6.367s] Installing listener script to /home/csd/CSD-Project/install/smart_arm/lib/smart_arm
[6.368s] Installing movement script to /home/csd/CSD-Project/install/smart_arm/lib/smart_arm
[6.369s] Installing publisher_node script to /home/csd/CSD-Project/install/smart_arm/lib/smart_arm
[6.370s] Installing servo_handler script to /home/csd/CSD-Project/install/smart_arm/lib/smart_arm
[6.371s] Installing talker script to /home/csd/CSD-Project/install/smart_arm/lib/smart_arm
[6.374s] writing list of installed files to '/home/csd/CSD-Project/build/smart_arm/install.log'
[6.554s] Invoked command in '/home/csd/CSD-Project/src/smart_arm' returned '0': PYTHONPATH=/home/csd/CSD-Project/build/smart_arm/prefix_override:/home/csd/CSD-Project/install/smart_arm/lib/python3.10/site-packages:${PYTHONPATH} /usr/bin/python3 setup.py egg_info --egg-base ../../build/smart_arm build --build-base /home/csd/CSD-Project/build/smart_arm/build install --record /home/csd/CSD-Project/build/smart_arm/install.log --single-version-externally-managed
