[5.237s] Invoking command in '/home/csd/CSD-Project/src/smart_arm': PYTHONPATH=/home/csd/CSD-Project/build/smart_arm/prefix_override:/home/csd/CSD-Project/install/smart_arm/lib/python3.10/site-packages:${PYTHONPATH} /usr/bin/python3 setup.py egg_info --egg-base ../../build/smart_arm build --build-base /home/csd/CSD-Project/build/smart_arm/build install --record /home/csd/CSD-Project/build/smart_arm/install.log --single-version-externally-managed
[6.328s] running egg_info
[6.331s] writing ../../build/smart_arm/smart_arm.egg-info/PKG-INFO
[6.333s] writing dependency_links to ../../build/smart_arm/smart_arm.egg-info/dependency_links.txt
[6.334s] writing entry points to ../../build/smart_arm/smart_arm.egg-info/entry_points.txt
[6.335s] writing requirements to ../../build/smart_arm/smart_arm.egg-info/requires.txt
[6.336s] writing top-level names to ../../build/smart_arm/smart_arm.egg-info/top_level.txt
[6.346s] reading manifest file '../../build/smart_arm/smart_arm.egg-info/SOURCES.txt'
[6.349s] adding license file 'LICENSE'
[6.352s] writing manifest file '../../build/smart_arm/smart_arm.egg-info/SOURCES.txt'
[6.353s] running build
[6.353s] running build_py
[6.356s] copying smart_arm/ServoController.py -> /home/csd/CSD-Project/build/smart_arm/build/lib/smart_arm
[6.359s] running install
[6.360s] /usr/lib/python3/dist-packages/setuptools/command/install.py:34: SetuptoolsDeprecationWarning: setup.py install is deprecated. Use build and pip and other standards-based tools.
[6.361s]   warnings.warn(
[6.362s] running install_lib
[6.366s] copying /home/csd/CSD-Project/build/smart_arm/build/lib/smart_arm/ServoController.py -> /home/csd/CSD-Project/install/smart_arm/lib/python3.10/site-packages/smart_arm
[6.370s] byte-compiling /home/csd/CSD-Project/install/smart_arm/lib/python3.10/site-packages/smart_arm/ServoController.py to ServoController.cpython-310.pyc
[6.373s] running install_data
[6.376s] running install_egg_info
[6.384s] removing '/home/csd/CSD-Project/install/smart_arm/lib/python3.10/site-packages/smart_arm-0.0.0-py3.10.egg-info' (and everything under it)
[6.385s] Copying ../../build/smart_arm/smart_arm.egg-info to /home/csd/CSD-Project/install/smart_arm/lib/python3.10/site-packages/smart_arm-0.0.0-py3.10.egg-info
[6.393s] running install_scripts
[6.484s] Installing car_arm_communication script to /home/csd/CSD-Project/install/smart_arm/lib/smart_arm
[6.485s] Installing claw_motor script to /home/csd/CSD-Project/install/smart_arm/lib/smart_arm
[6.486s] Installing movement script to /home/csd/CSD-Project/install/smart_arm/lib/smart_arm
[6.487s] Installing servo_handler script to /home/csd/CSD-Project/install/smart_arm/lib/smart_arm
[6.490s] writing list of installed files to '/home/csd/CSD-Project/build/smart_arm/install.log'
[6.921s] Invoked command in '/home/csd/CSD-Project/src/smart_arm' returned '0': PYTHONPATH=/home/csd/CSD-Project/build/smart_arm/prefix_override:/home/csd/CSD-Project/install/smart_arm/lib/python3.10/site-packages:${PYTHONPATH} /usr/bin/python3 setup.py egg_info --egg-base ../../build/smart_arm build --build-base /home/csd/CSD-Project/build/smart_arm/build install --record /home/csd/CSD-Project/build/smart_arm/install.log --single-version-externally-managed
