[3.013s] Invoking command in '/home/csd/CSD-Project/src/smart_arm': PYTHONPATH=/home/csd/CSD-Project/build/smart_arm/prefix_override:/home/csd/CSD-Project/install/smart_arm/lib/python3.10/site-packages:${PYTHONPATH} /usr/bin/python3 setup.py egg_info --egg-base ../../build/smart_arm build --build-base /home/csd/CSD-Project/build/smart_arm/build install --record /home/csd/CSD-Project/build/smart_arm/install.log --single-version-externally-managed
[3.969s] running egg_info
[3.971s] writing ../../build/smart_arm/smart_arm.egg-info/PKG-INFO
[3.972s] writing dependency_links to ../../build/smart_arm/smart_arm.egg-info/dependency_links.txt
[3.974s] writing entry points to ../../build/smart_arm/smart_arm.egg-info/entry_points.txt
[3.974s] writing requirements to ../../build/smart_arm/smart_arm.egg-info/requires.txt
[3.975s] writing top-level names to ../../build/smart_arm/smart_arm.egg-info/top_level.txt
[3.983s] reading manifest file '../../build/smart_arm/smart_arm.egg-info/SOURCES.txt'
[3.987s] adding license file 'LICENSE'
[3.989s] writing manifest file '../../build/smart_arm/smart_arm.egg-info/SOURCES.txt'
[3.990s] running build
[3.990s] running build_py
[3.991s] copying smart_arm/servo_handler.py -> /home/csd/CSD-Project/build/smart_arm/build/lib/smart_arm
[3.992s] copying smart_arm/ServoController.py -> /home/csd/CSD-Project/build/smart_arm/build/lib/smart_arm
[3.993s] copying smart_arm/comm_handler.py -> /home/csd/CSD-Project/build/smart_arm/build/lib/smart_arm
[3.994s] copying smart_arm/arm_handler.py -> /home/csd/CSD-Project/build/smart_arm/build/lib/smart_arm
[3.995s] running install
[3.996s] /usr/lib/python3/dist-packages/setuptools/command/install.py:34: SetuptoolsDeprecationWarning: setup.py install is deprecated. Use build and pip and other standards-based tools.
[3.996s]   warnings.warn(
[3.997s] running install_lib
[4.001s] copying /home/csd/CSD-Project/build/smart_arm/build/lib/smart_arm/servo_handler.py -> /home/csd/CSD-Project/install/smart_arm/lib/python3.10/site-packages/smart_arm
[4.002s] copying /home/csd/CSD-Project/build/smart_arm/build/lib/smart_arm/ServoController.py -> /home/csd/CSD-Project/install/smart_arm/lib/python3.10/site-packages/smart_arm
[4.003s] copying /home/csd/CSD-Project/build/smart_arm/build/lib/smart_arm/comm_handler.py -> /home/csd/CSD-Project/install/smart_arm/lib/python3.10/site-packages/smart_arm
[4.004s] copying /home/csd/CSD-Project/build/smart_arm/build/lib/smart_arm/arm_handler.py -> /home/csd/CSD-Project/install/smart_arm/lib/python3.10/site-packages/smart_arm
[4.007s] byte-compiling /home/csd/CSD-Project/install/smart_arm/lib/python3.10/site-packages/smart_arm/servo_handler.py to servo_handler.cpython-310.pyc
[4.010s] byte-compiling /home/csd/CSD-Project/install/smart_arm/lib/python3.10/site-packages/smart_arm/ServoController.py to ServoController.cpython-310.pyc
[4.012s] byte-compiling /home/csd/CSD-Project/install/smart_arm/lib/python3.10/site-packages/smart_arm/comm_handler.py to comm_handler.cpython-310.pyc
[4.015s] byte-compiling /home/csd/CSD-Project/install/smart_arm/lib/python3.10/site-packages/smart_arm/arm_handler.py to arm_handler.cpython-310.pyc
[4.017s] running install_data
[4.020s] running install_egg_info
[4.026s] removing '/home/csd/CSD-Project/install/smart_arm/lib/python3.10/site-packages/smart_arm-0.0.0-py3.10.egg-info' (and everything under it)
[4.027s] Copying ../../build/smart_arm/smart_arm.egg-info to /home/csd/CSD-Project/install/smart_arm/lib/python3.10/site-packages/smart_arm-0.0.0-py3.10.egg-info
[4.037s] running install_scripts
[4.114s] Installing arm_handler script to /home/csd/CSD-Project/install/smart_arm/lib/smart_arm
[4.115s] Installing comm_handler script to /home/csd/CSD-Project/install/smart_arm/lib/smart_arm
[4.116s] Installing publisher_node script to /home/csd/CSD-Project/install/smart_arm/lib/smart_arm
[4.117s] Installing servo_handler script to /home/csd/CSD-Project/install/smart_arm/lib/smart_arm
[4.118s] writing list of installed files to '/home/csd/CSD-Project/build/smart_arm/install.log'
[4.232s] Invoked command in '/home/csd/CSD-Project/src/smart_arm' returned '0': PYTHONPATH=/home/csd/CSD-Project/build/smart_arm/prefix_override:/home/csd/CSD-Project/install/smart_arm/lib/python3.10/site-packages:${PYTHONPATH} /usr/bin/python3 setup.py egg_info --egg-base ../../build/smart_arm build --build-base /home/csd/CSD-Project/build/smart_arm/build install --record /home/csd/CSD-Project/build/smart_arm/install.log --single-version-externally-managed
