[7.482s] Invoking command in '/home/csd/CSD-Project/src/picar_pro': PYTHONPATH=/home/csd/CSD-Project/build/picar_pro/prefix_override:/home/csd/CSD-Project/install/picar_pro/lib/python3.10/site-packages:${PYTHONPATH} /usr/bin/python3 setup.py egg_info --egg-base ../../build/picar_pro build --build-base /home/csd/CSD-Project/build/picar_pro/build install --record /home/csd/CSD-Project/build/picar_pro/install.log --single-version-externally-managed
[8.758s] running egg_info
[8.762s] writing ../../build/picar_pro/picar_pro.egg-info/PKG-INFO
[8.763s] writing dependency_links to ../../build/picar_pro/picar_pro.egg-info/dependency_links.txt
[8.765s] writing entry points to ../../build/picar_pro/picar_pro.egg-info/entry_points.txt
[8.767s] writing requirements to ../../build/picar_pro/picar_pro.egg-info/requires.txt
[8.767s] writing top-level names to ../../build/picar_pro/picar_pro.egg-info/top_level.txt
[8.779s] reading manifest file '../../build/picar_pro/picar_pro.egg-info/SOURCES.txt'
[8.783s] adding license file 'LICENSE'
[8.787s] writing manifest file '../../build/picar_pro/picar_pro.egg-info/SOURCES.txt'
[8.788s] running build
[8.789s] running build_py
[8.790s] copying picar_pro/ServoController.py -> /home/csd/CSD-Project/build/picar_pro/build/lib/picar_pro
[8.796s] running install
[8.800s] /usr/lib/python3/dist-packages/setuptools/command/install.py:34: SetuptoolsDeprecationWarning: setup.py install is deprecated. Use build and pip and other standards-based tools.
[8.801s]   warnings.warn(
[8.804s] running install_lib
[8.806s] copying /home/csd/CSD-Project/build/picar_pro/build/lib/picar_pro/ServoController.py -> /home/csd/CSD-Project/install/picar_pro/lib/python3.10/site-packages/picar_pro
[8.807s] byte-compiling /home/csd/CSD-Project/install/picar_pro/lib/python3.10/site-packages/picar_pro/ServoController.py to ServoController.cpython-310.pyc
[8.809s] running install_data
[8.812s] running install_egg_info
[8.823s] removing '/home/csd/CSD-Project/install/picar_pro/lib/python3.10/site-packages/picar_pro-0.0.0-py3.10.egg-info' (and everything under it)
[8.824s] Copying ../../build/picar_pro/picar_pro.egg-info to /home/csd/CSD-Project/install/picar_pro/lib/python3.10/site-packages/picar_pro-0.0.0-py3.10.egg-info
[8.832s] running install_scripts
[8.941s] Installing listener script to /home/csd/CSD-Project/install/picar_pro/lib/picar_pro
[8.943s] Installing movement script to /home/csd/CSD-Project/install/picar_pro/lib/picar_pro
[8.946s] Installing talker script to /home/csd/CSD-Project/install/picar_pro/lib/picar_pro
[8.951s] writing list of installed files to '/home/csd/CSD-Project/build/picar_pro/install.log'
[9.461s] Invoked command in '/home/csd/CSD-Project/src/picar_pro' returned '0': PYTHONPATH=/home/csd/CSD-Project/build/picar_pro/prefix_override:/home/csd/CSD-Project/install/picar_pro/lib/python3.10/site-packages:${PYTHONPATH} /usr/bin/python3 setup.py egg_info --egg-base ../../build/picar_pro build --build-base /home/csd/CSD-Project/build/picar_pro/build install --record /home/csd/CSD-Project/build/picar_pro/install.log --single-version-externally-managed
