[4.918s] Invoking command in '/home/csd/CSD-Project/src/picar_pro': PYTHONPATH=/home/csd/CSD-Project/build/picar_pro/prefix_override:/home/csd/CSD-Project/install/picar_pro/lib/python3.10/site-packages:${PYTHONPATH} /usr/bin/python3 setup.py egg_info --egg-base ../../build/picar_pro build --build-base /home/csd/CSD-Project/build/picar_pro/build install --record /home/csd/CSD-Project/build/picar_pro/install.log --single-version-externally-managed
[6.036s] running egg_info
[6.039s] writing ../../build/picar_pro/picar_pro.egg-info/PKG-INFO
[6.040s] writing dependency_links to ../../build/picar_pro/picar_pro.egg-info/dependency_links.txt
[6.041s] writing entry points to ../../build/picar_pro/picar_pro.egg-info/entry_points.txt
[6.043s] writing requirements to ../../build/picar_pro/picar_pro.egg-info/requires.txt
[6.043s] writing top-level names to ../../build/picar_pro/picar_pro.egg-info/top_level.txt
[6.052s] reading manifest file '../../build/picar_pro/picar_pro.egg-info/SOURCES.txt'
[6.054s] adding license file 'LICENSE'
[6.057s] writing manifest file '../../build/picar_pro/picar_pro.egg-info/SOURCES.txt'
[6.058s] running build
[6.058s] running build_py
[6.060s] copying picar_pro/servo_handler_car.py -> /home/csd/CSD-Project/build/picar_pro/build/lib/picar_pro
[6.062s] running install
[6.064s] /usr/lib/python3/dist-packages/setuptools/command/install.py:34: SetuptoolsDeprecationWarning: setup.py install is deprecated. Use build and pip and other standards-based tools.
[6.065s]   warnings.warn(
[6.066s] running install_lib
[6.069s] copying /home/csd/CSD-Project/build/picar_pro/build/lib/picar_pro/servo_handler_car.py -> /home/csd/CSD-Project/install/picar_pro/lib/python3.10/site-packages/picar_pro
[6.073s] byte-compiling /home/csd/CSD-Project/install/picar_pro/lib/python3.10/site-packages/picar_pro/servo_handler_car.py to servo_handler_car.cpython-310.pyc
[6.079s] running install_data
[6.082s] running install_egg_info
[6.095s] removing '/home/csd/CSD-Project/install/picar_pro/lib/python3.10/site-packages/picar_pro-0.0.0-py3.10.egg-info' (and everything under it)
[6.098s] Copying ../../build/picar_pro/picar_pro.egg-info to /home/csd/CSD-Project/install/picar_pro/lib/python3.10/site-packages/picar_pro-0.0.0-py3.10.egg-info
[6.110s] running install_scripts
[6.219s] Installing car_arm_communication script to /home/csd/CSD-Project/install/picar_pro/lib/picar_pro
[6.220s] Installing claw_motor script to /home/csd/CSD-Project/install/picar_pro/lib/picar_pro
[6.221s] Installing publisher_node = picar_pro.publisher_node:mainservo_handler_car script to /home/csd/CSD-Project/install/picar_pro/lib/picar_pro
[6.221s] Installing wheels_motor script to /home/csd/CSD-Project/install/picar_pro/lib/picar_pro
[6.223s] writing list of installed files to '/home/csd/CSD-Project/build/picar_pro/install.log'
