[7.000s] Invoking command in '/home/csd/CSD-Project/src/picar_pro': PYTHONPATH=/home/csd/CSD-Project/build/picar_pro/prefix_override:/home/csd/CSD-Project/install/picar_pro/lib/python3.10/site-packages:${PYTHONPATH} /usr/bin/python3 setup.py egg_info --egg-base ../../build/picar_pro build --build-base /home/csd/CSD-Project/build/picar_pro/build install --record /home/csd/CSD-Project/build/picar_pro/install.log --single-version-externally-managed
[8.236s] running egg_info
[8.241s] writing ../../build/picar_pro/picar_pro.egg-info/PKG-INFO
[8.243s] writing dependency_links to ../../build/picar_pro/picar_pro.egg-info/dependency_links.txt
[8.245s] writing entry points to ../../build/picar_pro/picar_pro.egg-info/entry_points.txt
[8.247s] writing requirements to ../../build/picar_pro/picar_pro.egg-info/requires.txt
[8.249s] writing top-level names to ../../build/picar_pro/picar_pro.egg-info/top_level.txt
[8.259s] reading manifest file '../../build/picar_pro/picar_pro.egg-info/SOURCES.txt'
[8.261s] adding license file 'LICENSE'
[8.266s] writing manifest file '../../build/picar_pro/picar_pro.egg-info/SOURCES.txt'
[8.267s] running build
[8.268s] running build_py
[8.273s] running install
[8.275s] /usr/lib/python3/dist-packages/setuptools/command/install.py:34: SetuptoolsDeprecationWarning: setup.py install is deprecated. Use build and pip and other standards-based tools.
[8.276s]   warnings.warn(
[8.278s] running install_lib
[8.285s] running install_data
[8.290s] running install_egg_info
[8.300s] removing '/home/csd/CSD-Project/install/picar_pro/lib/python3.10/site-packages/picar_pro-0.0.0-py3.10.egg-info' (and everything under it)
[8.302s] Copying ../../build/picar_pro/picar_pro.egg-info to /home/csd/CSD-Project/install/picar_pro/lib/python3.10/site-packages/picar_pro-0.0.0-py3.10.egg-info
[8.308s] running install_scripts
[8.410s] Installing listener script to /home/csd/CSD-Project/install/picar_pro/lib/picar_pro
[8.416s] Installing movement script to /home/csd/CSD-Project/install/picar_pro/lib/picar_pro
[8.418s] Installing talker script to /home/csd/CSD-Project/install/picar_pro/lib/picar_pro
[8.423s] writing list of installed files to '/home/csd/CSD-Project/build/picar_pro/install.log'
[9.157s] Invoked command in '/home/csd/CSD-Project/src/picar_pro' returned '0': PYTHONPATH=/home/csd/CSD-Project/build/picar_pro/prefix_override:/home/csd/CSD-Project/install/picar_pro/lib/python3.10/site-packages:${PYTHONPATH} /usr/bin/python3 setup.py egg_info --egg-base ../../build/picar_pro build --build-base /home/csd/CSD-Project/build/picar_pro/build install --record /home/csd/CSD-Project/build/picar_pro/install.log --single-version-externally-managed
