[4.971s] Invoking command in '/home/csd/CSD-Project/src/picar_pro': PYTHONPATH=/home/csd/CSD-Project/build/picar_pro/prefix_override:/home/csd/CSD-Project/install/picar_pro/lib/python3.10/site-packages:${PYTHONPATH} /usr/bin/python3 setup.py egg_info --egg-base ../../build/picar_pro build --build-base /home/csd/CSD-Project/build/picar_pro/build install --record /home/csd/CSD-Project/build/picar_pro/install.log --single-version-externally-managed
[6.059s] running egg_info
[6.061s] writing ../../build/picar_pro/picar_pro.egg-info/PKG-INFO
[6.063s] writing dependency_links to ../../build/picar_pro/picar_pro.egg-info/dependency_links.txt
[6.064s] writing entry points to ../../build/picar_pro/picar_pro.egg-info/entry_points.txt
[6.065s] writing requirements to ../../build/picar_pro/picar_pro.egg-info/requires.txt
[6.066s] writing top-level names to ../../build/picar_pro/picar_pro.egg-info/top_level.txt
[6.074s] reading manifest file '../../build/picar_pro/picar_pro.egg-info/SOURCES.txt'
[6.075s] adding license file 'LICENSE'
[6.079s] writing manifest file '../../build/picar_pro/picar_pro.egg-info/SOURCES.txt'
[6.080s] running build
[6.080s] running build_py
[6.083s] running install
[6.083s] /usr/lib/python3/dist-packages/setuptools/command/install.py:34: SetuptoolsDeprecationWarning: setup.py install is deprecated. Use build and pip and other standards-based tools.
[6.084s]   warnings.warn(
[6.085s] running install_lib
[6.092s] running install_data
[6.095s] running install_egg_info
[6.102s] removing '/home/csd/CSD-Project/install/picar_pro/lib/python3.10/site-packages/picar_pro-0.0.0-py3.10.egg-info' (and everything under it)
[6.104s] Copying ../../build/picar_pro/picar_pro.egg-info to /home/csd/CSD-Project/install/picar_pro/lib/python3.10/site-packages/picar_pro-0.0.0-py3.10.egg-info
[6.110s] running install_scripts
[6.201s] Installing listener script to /home/csd/CSD-Project/install/picar_pro/lib/picar_pro
[6.202s] Installing movement script to /home/csd/CSD-Project/install/picar_pro/lib/picar_pro
[6.203s] Installing publisher_node script to /home/csd/CSD-Project/install/picar_pro/lib/picar_pro
[6.204s] Installing talker script to /home/csd/CSD-Project/install/picar_pro/lib/picar_pro
[6.206s] writing list of installed files to '/home/csd/CSD-Project/build/picar_pro/install.log'
[6.389s] Invoked command in '/home/csd/CSD-Project/src/picar_pro' returned '0': PYTHONPATH=/home/csd/CSD-Project/build/picar_pro/prefix_override:/home/csd/CSD-Project/install/picar_pro/lib/python3.10/site-packages:${PYTHONPATH} /usr/bin/python3 setup.py egg_info --egg-base ../../build/picar_pro build --build-base /home/csd/CSD-Project/build/picar_pro/build install --record /home/csd/CSD-Project/build/picar_pro/install.log --single-version-externally-managed
