[4.589s] Invoking command in '/home/csd/CSD-Project/src/smart_arm': PYTHONPATH=/home/csd/CSD-Project/build/smart_arm/prefix_override:/home/csd/CSD-Project/install/smart_arm/lib/python3.10/site-packages:${PYTHONPATH} /usr/bin/python3 setup.py egg_info --egg-base ../../build/smart_arm build --build-base /home/csd/CSD-Project/build/smart_arm/build install --record /home/csd/CSD-Project/build/smart_arm/install.log --single-version-externally-managed
[5.676s] running egg_info
[5.679s] writing ../../build/smart_arm/smart_arm.egg-info/PKG-INFO
[5.683s] writing dependency_links to ../../build/smart_arm/smart_arm.egg-info/dependency_links.txt
[5.684s] writing entry points to ../../build/smart_arm/smart_arm.egg-info/entry_points.txt
[5.684s] writing requirements to ../../build/smart_arm/smart_arm.egg-info/requires.txt
[5.685s] writing top-level names to ../../build/smart_arm/smart_arm.egg-info/top_level.txt
[5.692s] reading manifest file '../../build/smart_arm/smart_arm.egg-info/SOURCES.txt'
[5.693s] adding license file 'LICENSE'
[5.696s] writing manifest file '../../build/smart_arm/smart_arm.egg-info/SOURCES.txt'
[5.697s] running build
[5.697s] running build_py
[5.700s] running install
[5.701s] /usr/lib/python3/dist-packages/setuptools/command/install.py:34: SetuptoolsDeprecationWarning: setup.py install is deprecated. Use build and pip and other standards-based tools.
[5.701s]   warnings.warn(
[5.702s] running install_lib
[5.708s] running install_data
[5.710s] running install_egg_info
[5.718s] removing '/home/csd/CSD-Project/install/smart_arm/lib/python3.10/site-packages/smart_arm-0.0.0-py3.10.egg-info' (and everything under it)
[5.720s] Copying ../../build/smart_arm/smart_arm.egg-info to /home/csd/CSD-Project/install/smart_arm/lib/python3.10/site-packages/smart_arm-0.0.0-py3.10.egg-info
[5.726s] running install_scripts
[5.824s] writing list of installed files to '/home/csd/CSD-Project/build/smart_arm/install.log'
[6.208s] Invoked command in '/home/csd/CSD-Project/src/smart_arm' returned '0': PYTHONPATH=/home/csd/CSD-Project/build/smart_arm/prefix_override:/home/csd/CSD-Project/install/smart_arm/lib/python3.10/site-packages:${PYTHONPATH} /usr/bin/python3 setup.py egg_info --egg-base ../../build/smart_arm build --build-base /home/csd/CSD-Project/build/smart_arm/build install --record /home/csd/CSD-Project/build/smart_arm/install.log --single-version-externally-managed
