[3.071s] Invoking command in '/home/csd/CSD-Project/src/smart_arm': PYTHONPATH=/home/csd/CSD-Project/build/smart_arm/prefix_override:/home/csd/CSD-Project/install/smart_arm/lib/python3.10/site-packages:${PYTHONPATH} /usr/bin/python3 setup.py egg_info --egg-base ../../build/smart_arm build --build-base /home/csd/CSD-Project/build/smart_arm/build install --record /home/csd/CSD-Project/build/smart_arm/install.log --single-version-externally-managed
[4.033s] running egg_info
[4.035s] writing ../../build/smart_arm/smart_arm.egg-info/PKG-INFO
[4.036s] writing dependency_links to ../../build/smart_arm/smart_arm.egg-info/dependency_links.txt
[4.037s] writing entry points to ../../build/smart_arm/smart_arm.egg-info/entry_points.txt
[4.038s] writing requirements to ../../build/smart_arm/smart_arm.egg-info/requires.txt
[4.038s] writing top-level names to ../../build/smart_arm/smart_arm.egg-info/top_level.txt
[4.047s] reading manifest file '../../build/smart_arm/smart_arm.egg-info/SOURCES.txt'
[4.048s] adding license file 'LICENSE'
[4.051s] writing manifest file '../../build/smart_arm/smart_arm.egg-info/SOURCES.txt'
[4.051s] running build
[4.052s] running build_py
[4.052s] copying smart_arm/servo_handler.py -> /home/csd/CSD-Project/build/smart_arm/build/lib/smart_arm
[4.053s] copying smart_arm/publisher_node.py -> /home/csd/CSD-Project/build/smart_arm/build/lib/smart_arm
[4.054s] copying smart_arm/claw_motor.py -> /home/csd/CSD-Project/build/smart_arm/build/lib/smart_arm
[4.055s] copying smart_arm/car_arm_communication.py -> /home/csd/CSD-Project/build/smart_arm/build/lib/smart_arm
[4.057s] running install
[4.057s] /usr/lib/python3/dist-packages/setuptools/command/install.py:34: SetuptoolsDeprecationWarning: setup.py install is deprecated. Use build and pip and other standards-based tools.
[4.058s]   warnings.warn(
[4.059s] running install_lib
[4.062s] copying /home/csd/CSD-Project/build/smart_arm/build/lib/smart_arm/servo_handler.py -> /home/csd/CSD-Project/install/smart_arm/lib/python3.10/site-packages/smart_arm
[4.063s] copying /home/csd/CSD-Project/build/smart_arm/build/lib/smart_arm/publisher_node.py -> /home/csd/CSD-Project/install/smart_arm/lib/python3.10/site-packages/smart_arm
[4.064s] copying /home/csd/CSD-Project/build/smart_arm/build/lib/smart_arm/claw_motor.py -> /home/csd/CSD-Project/install/smart_arm/lib/python3.10/site-packages/smart_arm
[4.065s] copying /home/csd/CSD-Project/build/smart_arm/build/lib/smart_arm/car_arm_communication.py -> /home/csd/CSD-Project/install/smart_arm/lib/python3.10/site-packages/smart_arm
[4.068s] byte-compiling /home/csd/CSD-Project/install/smart_arm/lib/python3.10/site-packages/smart_arm/servo_handler.py to servo_handler.cpython-310.pyc
[4.071s] byte-compiling /home/csd/CSD-Project/install/smart_arm/lib/python3.10/site-packages/smart_arm/publisher_node.py to publisher_node.cpython-310.pyc
[4.073s] byte-compiling /home/csd/CSD-Project/install/smart_arm/lib/python3.10/site-packages/smart_arm/claw_motor.py to claw_motor.cpython-310.pyc
[4.076s] byte-compiling /home/csd/CSD-Project/install/smart_arm/lib/python3.10/site-packages/smart_arm/car_arm_communication.py to car_arm_communication.cpython-310.pyc
[4.079s] running install_data
[4.081s] running install_egg_info
[4.088s] removing '/home/csd/CSD-Project/install/smart_arm/lib/python3.10/site-packages/smart_arm-0.0.0-py3.10.egg-info' (and everything under it)
[4.089s] Copying ../../build/smart_arm/smart_arm.egg-info to /home/csd/CSD-Project/install/smart_arm/lib/python3.10/site-packages/smart_arm-0.0.0-py3.10.egg-info
[4.094s] running install_scripts
[4.172s] Installing car_arm_communication script to /home/csd/CSD-Project/install/smart_arm/lib/smart_arm
[4.173s] Installing claw_motor script to /home/csd/CSD-Project/install/smart_arm/lib/smart_arm
[4.173s] Installing movement script to /home/csd/CSD-Project/install/smart_arm/lib/smart_arm
[4.174s] Installing publisher_node script to /home/csd/CSD-Project/install/smart_arm/lib/smart_arm
[4.175s] Installing servo_handler script to /home/csd/CSD-Project/install/smart_arm/lib/smart_arm
[4.177s] writing list of installed files to '/home/csd/CSD-Project/build/smart_arm/install.log'
[4.292s] Invoked command in '/home/csd/CSD-Project/src/smart_arm' returned '0': PYTHONPATH=/home/csd/CSD-Project/build/smart_arm/prefix_override:/home/csd/CSD-Project/install/smart_arm/lib/python3.10/site-packages:${PYTHONPATH} /usr/bin/python3 setup.py egg_info --egg-base ../../build/smart_arm build --build-base /home/csd/CSD-Project/build/smart_arm/build install --record /home/csd/CSD-Project/build/smart_arm/install.log --single-version-externally-managed
