[4.540s] Invoking command in '/home/csd/CSD-Project/src/smart_arm': PYTHONPATH=/home/csd/CSD-Project/build/smart_arm/prefix_override:/home/csd/CSD-Project/install/smart_arm/lib/python3.10/site-packages:${PYTHONPATH} /usr/bin/python3 setup.py egg_info --egg-base ../../build/smart_arm build --build-base /home/csd/CSD-Project/build/smart_arm/build install --record /home/csd/CSD-Project/build/smart_arm/install.log --single-version-externally-managed
[5.636s] running egg_info
[5.639s] writing ../../build/smart_arm/smart_arm.egg-info/PKG-INFO
[5.640s] writing dependency_links to ../../build/smart_arm/smart_arm.egg-info/dependency_links.txt
[5.641s] writing entry points to ../../build/smart_arm/smart_arm.egg-info/entry_points.txt
[5.643s] writing requirements to ../../build/smart_arm/smart_arm.egg-info/requires.txt
[5.643s] writing top-level names to ../../build/smart_arm/smart_arm.egg-info/top_level.txt
[5.652s] reading manifest file '../../build/smart_arm/smart_arm.egg-info/SOURCES.txt'
[5.653s] adding license file 'LICENSE'
[5.657s] writing manifest file '../../build/smart_arm/smart_arm.egg-info/SOURCES.txt'
[5.658s] running build
[5.658s] running build_py
[5.661s] /usr/lib/python3/dist-packages/setuptools/command/install.py:34: SetuptoolsDeprecationWarning: setup.py install is deprecated. Use build and pip and other standards-based tools.
[5.661s]   warnings.warn(
[5.662s] running install
[5.663s] running install_lib
[5.668s] running install_data
[5.670s] running install_egg_info
[5.678s] removing '/home/csd/CSD-Project/install/smart_arm/lib/python3.10/site-packages/smart_arm-0.0.0-py3.10.egg-info' (and everything under it)
[5.680s] Copying ../../build/smart_arm/smart_arm.egg-info to /home/csd/CSD-Project/install/smart_arm/lib/python3.10/site-packages/smart_arm-0.0.0-py3.10.egg-info
[5.687s] running install_scripts
[5.777s] writing list of installed files to '/home/csd/CSD-Project/build/smart_arm/install.log'
[5.957s] Invoked command in '/home/csd/CSD-Project/src/smart_arm' returned '0': PYTHONPATH=/home/csd/CSD-Project/build/smart_arm/prefix_override:/home/csd/CSD-Project/install/smart_arm/lib/python3.10/site-packages:${PYTHONPATH} /usr/bin/python3 setup.py egg_info --egg-base ../../build/smart_arm build --build-base /home/csd/CSD-Project/build/smart_arm/build install --record /home/csd/CSD-Project/build/smart_arm/install.log --single-version-externally-managed
