[4.582s] Invoking command in '/home/csd/CSD-Project/src/smart_arm': PYTHONPATH=/home/csd/CSD-Project/build/smart_arm/prefix_override:/home/csd/CSD-Project/install/smart_arm/lib/python3.10/site-packages:${PYTHONPATH} /usr/bin/python3 setup.py egg_info --egg-base ../../build/smart_arm build --build-base /home/csd/CSD-Project/build/smart_arm/build install --record /home/csd/CSD-Project/build/smart_arm/install.log --single-version-externally-managed
[5.666s] running egg_info
[5.669s] writing ../../build/smart_arm/smart_arm.egg-info/PKG-INFO
[5.671s] writing dependency_links to ../../build/smart_arm/smart_arm.egg-info/dependency_links.txt
[5.672s] writing entry points to ../../build/smart_arm/smart_arm.egg-info/entry_points.txt
[5.673s] writing requirements to ../../build/smart_arm/smart_arm.egg-info/requires.txt
[5.674s] writing top-level names to ../../build/smart_arm/smart_arm.egg-info/top_level.txt
[5.682s] reading manifest file '../../build/smart_arm/smart_arm.egg-info/SOURCES.txt'
[5.684s] adding license file 'LICENSE'
[5.687s] writing manifest file '../../build/smart_arm/smart_arm.egg-info/SOURCES.txt'
[5.689s] running build
[5.690s] running build_py
[5.693s] running install
[5.695s] /usr/lib/python3/dist-packages/setuptools/command/install.py:34: SetuptoolsDeprecationWarning: setup.py install is deprecated. Use build and pip and other standards-based tools.
[5.696s]   warnings.warn(
[5.697s] running install_lib
[5.706s] running install_data
[5.709s] running install_egg_info
[5.722s] removing '/home/csd/CSD-Project/install/smart_arm/lib/python3.10/site-packages/smart_arm-0.0.0-py3.10.egg-info' (and everything under it)
[5.725s] Copying ../../build/smart_arm/smart_arm.egg-info to /home/csd/CSD-Project/install/smart_arm/lib/python3.10/site-packages/smart_arm-0.0.0-py3.10.egg-info
[5.737s] running install_scripts
[5.842s] writing list of installed files to '/home/csd/CSD-Project/build/smart_arm/install.log'
