[3.023s] Invoking command in '/home/csd/CSD-Project/src/smart_arm': PYTHONPATH=/home/csd/CSD-Project/build/smart_arm/prefix_override:/home/csd/CSD-Project/install/smart_arm/lib/python3.10/site-packages:${PYTHONPATH} /usr/bin/python3 setup.py egg_info --egg-base ../../build/smart_arm build --build-base /home/csd/CSD-Project/build/smart_arm/build install --record /home/csd/CSD-Project/build/smart_arm/install.log --single-version-externally-managed
[3.973s] running egg_info
[3.976s] writing ../../build/smart_arm/smart_arm.egg-info/PKG-INFO
[3.977s] writing dependency_links to ../../build/smart_arm/smart_arm.egg-info/dependency_links.txt
[3.978s] writing entry points to ../../build/smart_arm/smart_arm.egg-info/entry_points.txt
[3.978s] writing requirements to ../../build/smart_arm/smart_arm.egg-info/requires.txt
[3.979s] writing top-level names to ../../build/smart_arm/smart_arm.egg-info/top_level.txt
[3.987s] reading manifest file '../../build/smart_arm/smart_arm.egg-info/SOURCES.txt'
[3.989s] adding license file 'LICENSE'
[3.991s] writing manifest file '../../build/smart_arm/smart_arm.egg-info/SOURCES.txt'
[3.992s] running build
[3.992s] running build_py
[3.994s] copying smart_arm/comm_handler.py -> /home/csd/CSD-Project/build/smart_arm/build/lib/smart_arm
[3.995s] copying smart_arm/arm_handler.py -> /home/csd/CSD-Project/build/smart_arm/build/lib/smart_arm
[3.997s] running install
[3.997s] /usr/lib/python3/dist-packages/setuptools/command/install.py:34: SetuptoolsDeprecationWarning: setup.py install is deprecated. Use build and pip and other standards-based tools.
[3.998s]   warnings.warn(
[3.998s] running install_lib
[4.003s] copying /home/csd/CSD-Project/build/smart_arm/build/lib/smart_arm/comm_handler.py -> /home/csd/CSD-Project/install/smart_arm/lib/python3.10/site-packages/smart_arm
[4.004s] copying /home/csd/CSD-Project/build/smart_arm/build/lib/smart_arm/arm_handler.py -> /home/csd/CSD-Project/install/smart_arm/lib/python3.10/site-packages/smart_arm
[4.007s] byte-compiling /home/csd/CSD-Project/install/smart_arm/lib/python3.10/site-packages/smart_arm/comm_handler.py to comm_handler.cpython-310.pyc
[4.010s] byte-compiling /home/csd/CSD-Project/install/smart_arm/lib/python3.10/site-packages/smart_arm/arm_handler.py to arm_handler.cpython-310.pyc
[4.012s] running install_data
[4.015s] running install_egg_info
[4.022s] removing '/home/csd/CSD-Project/install/smart_arm/lib/python3.10/site-packages/smart_arm-0.0.0-py3.10.egg-info' (and everything under it)
[4.024s] Copying ../../build/smart_arm/smart_arm.egg-info to /home/csd/CSD-Project/install/smart_arm/lib/python3.10/site-packages/smart_arm-0.0.0-py3.10.egg-info
[4.029s] running install_scripts
[4.106s] Installing arm_handler script to /home/csd/CSD-Project/install/smart_arm/lib/smart_arm
[4.107s] Installing comm_handler script to /home/csd/CSD-Project/install/smart_arm/lib/smart_arm
[4.108s] Installing publisher_node script to /home/csd/CSD-Project/install/smart_arm/lib/smart_arm
[4.108s] Installing servo_handler script to /home/csd/CSD-Project/install/smart_arm/lib/smart_arm
[4.110s] writing list of installed files to '/home/csd/CSD-Project/build/smart_arm/install.log'
[4.224s] Invoked command in '/home/csd/CSD-Project/src/smart_arm' returned '0': PYTHONPATH=/home/csd/CSD-Project/build/smart_arm/prefix_override:/home/csd/CSD-Project/install/smart_arm/lib/python3.10/site-packages:${PYTHONPATH} /usr/bin/python3 setup.py egg_info --egg-base ../../build/smart_arm build --build-base /home/csd/CSD-Project/build/smart_arm/build install --record /home/csd/CSD-Project/build/smart_arm/install.log --single-version-externally-managed
