[4.937s] Invoking command in '/home/csd/CSD-Project/src/picar_pro': PYTHONPATH=/home/csd/CSD-Project/build/picar_pro/prefix_override:/home/csd/CSD-Project/install/picar_pro/lib/python3.10/site-packages:${PYTHONPATH} /usr/bin/python3 setup.py egg_info --egg-base ../../build/picar_pro build --build-base /home/csd/CSD-Project/build/picar_pro/build install --record /home/csd/CSD-Project/build/picar_pro/install.log --single-version-externally-managed
[6.031s] running egg_info
[6.034s] writing ../../build/picar_pro/picar_pro.egg-info/PKG-INFO
[6.036s] writing dependency_links to ../../build/picar_pro/picar_pro.egg-info/dependency_links.txt
[6.037s] writing entry points to ../../build/picar_pro/picar_pro.egg-info/entry_points.txt
[6.038s] writing requirements to ../../build/picar_pro/picar_pro.egg-info/requires.txt
[6.039s] writing top-level names to ../../build/picar_pro/picar_pro.egg-info/top_level.txt
[6.049s] reading manifest file '../../build/picar_pro/picar_pro.egg-info/SOURCES.txt'
[6.051s] adding license file 'LICENSE'
[6.054s] writing manifest file '../../build/picar_pro/picar_pro.egg-info/SOURCES.txt'
[6.055s] running build
[6.056s] running build_py
[6.058s] running install
[6.059s] /usr/lib/python3/dist-packages/setuptools/command/install.py:34: SetuptoolsDeprecationWarning: setup.py install is deprecated. Use build and pip and other standards-based tools.
[6.059s]   warnings.warn(
[6.060s] running install_lib
[6.069s] running install_data
[6.072s] running install_egg_info
[6.079s] removing '/home/csd/CSD-Project/install/picar_pro/lib/python3.10/site-packages/picar_pro-0.0.0-py3.10.egg-info' (and everything under it)
[6.081s] Copying ../../build/picar_pro/picar_pro.egg-info to /home/csd/CSD-Project/install/picar_pro/lib/python3.10/site-packages/picar_pro-0.0.0-py3.10.egg-info
[6.088s] running install_scripts
[6.179s] Installing car_arm_communication script to /home/csd/CSD-Project/install/picar_pro/lib/picar_pro
[6.181s] Installing claw_motor script to /home/csd/CSD-Project/install/picar_pro/lib/picar_pro
[6.183s] Installing publisher_node = picar_pro.publisher_node:mainservo_handler_car script to /home/csd/CSD-Project/install/picar_pro/lib/picar_pro
[6.185s] Installing wheels_motor script to /home/csd/CSD-Project/install/picar_pro/lib/picar_pro
[6.189s] writing list of installed files to '/home/csd/CSD-Project/build/picar_pro/install.log'
[6.576s] Invoked command in '/home/csd/CSD-Project/src/picar_pro' returned '0': PYTHONPATH=/home/csd/CSD-Project/build/picar_pro/prefix_override:/home/csd/CSD-Project/install/picar_pro/lib/python3.10/site-packages:${PYTHONPATH} /usr/bin/python3 setup.py egg_info --egg-base ../../build/picar_pro build --build-base /home/csd/CSD-Project/build/picar_pro/build install --record /home/csd/CSD-Project/build/picar_pro/install.log --single-version-externally-managed
