[3.585s] Invoking command in '/home/csd/CSD-Project/src/picar_pro': PYTHONPATH=/home/csd/CSD-Project/build/picar_pro/prefix_override:/home/csd/CSD-Project/install/picar_pro/lib/python3.10/site-packages:${PYTHONPATH} /usr/bin/python3 setup.py egg_info --egg-base ../../build/picar_pro build --build-base /home/csd/CSD-Project/build/picar_pro/build install --record /home/csd/CSD-Project/build/picar_pro/install.log --single-version-externally-managed
[4.526s] running egg_info
[4.528s] writing ../../build/picar_pro/picar_pro.egg-info/PKG-INFO
[4.533s] writing dependency_links to ../../build/picar_pro/picar_pro.egg-info/dependency_links.txt
[4.534s] writing entry points to ../../build/picar_pro/picar_pro.egg-info/entry_points.txt
[4.535s] writing requirements to ../../build/picar_pro/picar_pro.egg-info/requires.txt
[4.536s] writing top-level names to ../../build/picar_pro/picar_pro.egg-info/top_level.txt
[4.545s] reading manifest file '../../build/picar_pro/picar_pro.egg-info/SOURCES.txt'
[4.550s] adding license file 'LICENSE'
[4.552s] writing manifest file '../../build/picar_pro/picar_pro.egg-info/SOURCES.txt'
[4.553s] running build
[4.553s] running build_py
[4.556s] copying picar_pro/publisher.py -> /home/csd/CSD-Project/build/picar_pro/build/lib/picar_pro
[4.558s] running install
[4.560s] /usr/lib/python3/dist-packages/setuptools/command/install.py:34: SetuptoolsDeprecationWarning: setup.py install is deprecated. Use build and pip and other standards-based tools.
[4.561s]   warnings.warn(
[4.562s] running install_lib
[4.568s] copying /home/csd/CSD-Project/build/picar_pro/build/lib/picar_pro/publisher.py -> /home/csd/CSD-Project/install/picar_pro/lib/python3.10/site-packages/picar_pro
[4.572s] byte-compiling /home/csd/CSD-Project/install/picar_pro/lib/python3.10/site-packages/picar_pro/publisher.py to publisher.cpython-310.pyc
[4.575s] running install_data
[4.578s] running install_egg_info
[4.585s] removing '/home/csd/CSD-Project/install/picar_pro/lib/python3.10/site-packages/picar_pro-0.0.0-py3.10.egg-info' (and everything under it)
[4.586s] Copying ../../build/picar_pro/picar_pro.egg-info to /home/csd/CSD-Project/install/picar_pro/lib/python3.10/site-packages/picar_pro-0.0.0-py3.10.egg-info
[4.594s] running install_scripts
[4.672s] Installing car_arm_communication script to /home/csd/CSD-Project/install/picar_pro/lib/picar_pro
[4.675s] Installing claw_motor_car script to /home/csd/CSD-Project/install/picar_pro/lib/picar_pro
[4.676s] Installing publisher_node script to /home/csd/CSD-Project/install/picar_pro/lib/picar_pro
[4.677s] Installing servo_handler_car script to /home/csd/CSD-Project/install/picar_pro/lib/picar_pro
[4.678s] Installing wheels_motor script to /home/csd/CSD-Project/install/picar_pro/lib/picar_pro
[4.680s] writing list of installed files to '/home/csd/CSD-Project/build/picar_pro/install.log'
[4.794s] Invoked command in '/home/csd/CSD-Project/src/picar_pro' returned '0': PYTHONPATH=/home/csd/CSD-Project/build/picar_pro/prefix_override:/home/csd/CSD-Project/install/picar_pro/lib/python3.10/site-packages:${PYTHONPATH} /usr/bin/python3 setup.py egg_info --egg-base ../../build/picar_pro build --build-base /home/csd/CSD-Project/build/picar_pro/build install --record /home/csd/CSD-Project/build/picar_pro/install.log --single-version-externally-managed
