[3.064s] Invoking command in '/home/csd/CSD-Project/src/picar_pro': PYTHONPATH=/home/csd/CSD-Project/build/picar_pro/prefix_override:/home/csd/CSD-Project/install/picar_pro/lib/python3.10/site-packages:${PYTHONPATH} /usr/bin/python3 setup.py egg_info --egg-base ../../build/picar_pro build --build-base /home/csd/CSD-Project/build/picar_pro/build install --record /home/csd/CSD-Project/build/picar_pro/install.log --single-version-externally-managed
[4.033s] running egg_info
[4.036s] writing ../../build/picar_pro/picar_pro.egg-info/PKG-INFO
[4.037s] writing dependency_links to ../../build/picar_pro/picar_pro.egg-info/dependency_links.txt
[4.038s] writing entry points to ../../build/picar_pro/picar_pro.egg-info/entry_points.txt
[4.038s] writing requirements to ../../build/picar_pro/picar_pro.egg-info/requires.txt
[4.039s] writing top-level names to ../../build/picar_pro/picar_pro.egg-info/top_level.txt
[4.047s] reading manifest file '../../build/picar_pro/picar_pro.egg-info/SOURCES.txt'
[4.049s] adding license file 'LICENSE'
[4.051s] writing manifest file '../../build/picar_pro/picar_pro.egg-info/SOURCES.txt'
[4.052s] running build
[4.052s] running build_py
[4.055s] running install
[4.056s] /usr/lib/python3/dist-packages/setuptools/command/install.py:34: SetuptoolsDeprecationWarning: setup.py install is deprecated. Use build and pip and other standards-based tools.
[4.056s]   warnings.warn(
[4.057s] running install_lib
[4.063s] running install_data
[4.066s] running install_egg_info
[4.072s] removing '/home/csd/CSD-Project/install/picar_pro/lib/python3.10/site-packages/picar_pro-0.0.0-py3.10.egg-info' (and everything under it)
[4.074s] Copying ../../build/picar_pro/picar_pro.egg-info to /home/csd/CSD-Project/install/picar_pro/lib/python3.10/site-packages/picar_pro-0.0.0-py3.10.egg-info
[4.079s] running install_scripts
[4.157s] Installing listener script to /home/csd/CSD-Project/install/picar_pro/lib/picar_pro
[4.158s] Installing movement script to /home/csd/CSD-Project/install/picar_pro/lib/picar_pro
[4.158s] Installing publisher_node script to /home/csd/CSD-Project/install/picar_pro/lib/picar_pro
[4.159s] Installing talker script to /home/csd/CSD-Project/install/picar_pro/lib/picar_pro
[4.161s] writing list of installed files to '/home/csd/CSD-Project/build/picar_pro/install.log'
[4.277s] Invoked command in '/home/csd/CSD-Project/src/picar_pro' returned '0': PYTHONPATH=/home/csd/CSD-Project/build/picar_pro/prefix_override:/home/csd/CSD-Project/install/picar_pro/lib/python3.10/site-packages:${PYTHONPATH} /usr/bin/python3 setup.py egg_info --egg-base ../../build/picar_pro build --build-base /home/csd/CSD-Project/build/picar_pro/build install --record /home/csd/CSD-Project/build/picar_pro/install.log --single-version-externally-managed
