[5.255s] Invoking command in '/home/csd/CSD-Project/src/smart_arm': PYTHONPATH=/home/csd/CSD-Project/build/smart_arm/prefix_override:/home/csd/CSD-Project/install/smart_arm/lib/python3.10/site-packages:${PYTHONPATH} /usr/bin/python3 setup.py egg_info --egg-base ../../build/smart_arm build --build-base /home/csd/CSD-Project/build/smart_arm/build install --record /home/csd/CSD-Project/build/smart_arm/install.log --single-version-externally-managed
[6.339s] running egg_info
[6.343s] writing ../../build/smart_arm/smart_arm.egg-info/PKG-INFO
[6.344s] writing dependency_links to ../../build/smart_arm/smart_arm.egg-info/dependency_links.txt
[6.345s] writing entry points to ../../build/smart_arm/smart_arm.egg-info/entry_points.txt
[6.346s] writing requirements to ../../build/smart_arm/smart_arm.egg-info/requires.txt
[6.346s] writing top-level names to ../../build/smart_arm/smart_arm.egg-info/top_level.txt
[6.355s] reading manifest file '../../build/smart_arm/smart_arm.egg-info/SOURCES.txt'
[6.358s] adding license file 'LICENSE'
[6.362s] writing manifest file '../../build/smart_arm/smart_arm.egg-info/SOURCES.txt'
[6.362s] running build
[6.363s] running build_py
[6.364s] copying smart_arm/servo_handler.py -> /home/csd/CSD-Project/build/smart_arm/build/lib/smart_arm
[6.365s] copying smart_arm/claw_motor.py -> /home/csd/CSD-Project/build/smart_arm/build/lib/smart_arm
[6.368s] running install
[6.369s] /usr/lib/python3/dist-packages/setuptools/command/install.py:34: SetuptoolsDeprecationWarning: setup.py install is deprecated. Use build and pip and other standards-based tools.
[6.370s]   warnings.warn(
[6.370s] running install_lib
[6.373s] copying /home/csd/CSD-Project/build/smart_arm/build/lib/smart_arm/servo_handler.py -> /home/csd/CSD-Project/install/smart_arm/lib/python3.10/site-packages/smart_arm
[6.375s] copying /home/csd/CSD-Project/build/smart_arm/build/lib/smart_arm/claw_motor.py -> /home/csd/CSD-Project/install/smart_arm/lib/python3.10/site-packages/smart_arm
[6.379s] byte-compiling /home/csd/CSD-Project/install/smart_arm/lib/python3.10/site-packages/smart_arm/servo_handler.py to servo_handler.cpython-310.pyc
[6.382s] byte-compiling /home/csd/CSD-Project/install/smart_arm/lib/python3.10/site-packages/smart_arm/claw_motor.py to claw_motor.cpython-310.pyc
[6.386s] running install_data
[6.389s] copying package.xml -> /home/csd/CSD-Project/install/smart_arm/share/smart_arm
[6.389s] running install_egg_info
[6.397s] removing '/home/csd/CSD-Project/install/smart_arm/lib/python3.10/site-packages/smart_arm-0.0.0-py3.10.egg-info' (and everything under it)
[6.398s] Copying ../../build/smart_arm/smart_arm.egg-info to /home/csd/CSD-Project/install/smart_arm/lib/python3.10/site-packages/smart_arm-0.0.0-py3.10.egg-info
[6.408s] running install_scripts
[6.504s] Installing car_arm_communication script to /home/csd/CSD-Project/install/smart_arm/lib/smart_arm
[6.506s] Installing claw_motor script to /home/csd/CSD-Project/install/smart_arm/lib/smart_arm
[6.508s] Installing movement script to /home/csd/CSD-Project/install/smart_arm/lib/smart_arm
[6.510s] Installing publisher_node script to /home/csd/CSD-Project/install/smart_arm/lib/smart_arm
[6.511s] Installing servo_handler script to /home/csd/CSD-Project/install/smart_arm/lib/smart_arm
[6.515s] writing list of installed files to '/home/csd/CSD-Project/build/smart_arm/install.log'
[6.929s] Invoked command in '/home/csd/CSD-Project/src/smart_arm' returned '0': PYTHONPATH=/home/csd/CSD-Project/build/smart_arm/prefix_override:/home/csd/CSD-Project/install/smart_arm/lib/python3.10/site-packages:${PYTHONPATH} /usr/bin/python3 setup.py egg_info --egg-base ../../build/smart_arm build --build-base /home/csd/CSD-Project/build/smart_arm/build install --record /home/csd/CSD-Project/build/smart_arm/install.log --single-version-externally-managed
