[0.857s] Invoking command in '/home/csd/CSD-Project/build/custom_messages': CMAKE_PREFIX_PATH=/home/csd/CSD-Project/install/smart_arm:/home/csd/CSD-Project/install/picar_pro:/opt/ros/iron /usr/bin/cmake /home/csd/CSD-Project/src/custom_messages -DCMAKE_INSTALL_PREFIX=/home/csd/CSD-Project/install/custom_messages
[2.288s] -- The C compiler identification is GNU 11.4.0
[2.609s] -- The CXX compiler identification is GNU 11.4.0
[2.659s] -- Detecting C compiler ABI info
[3.007s] -- Detecting C compiler ABI info - done
[3.032s] -- Check for working C compiler: /usr/bin/cc - skipped
[3.037s] -- Detecting C compile features
[3.040s] -- Detecting C compile features - done
[3.055s] -- Detecting CXX compiler ABI info
[3.407s] -- Detecting CXX compiler ABI info - done
[3.433s] -- Check for working CXX compiler: /usr/bin/c++ - skipped
[3.434s] -- Detecting CXX compile features
[3.436s] -- Detecting CXX compile features - done
[3.462s] -- Found rosidl_default_generators: 1.5.0 (/opt/ros/iron/share/rosidl_default_generators/cmake)
[4.445s] -- Found Python3: /usr/bin/python3.10 (found version "3.10.12") found components: Interpreter 
[4.874s] -- Using all available rosidl_typesupport_c: rosidl_typesupport_fastrtps_c;rosidl_typesupport_introspection_c
[5.813s] -- Using all available rosidl_typesupport_cpp: rosidl_typesupport_fastrtps_cpp;rosidl_typesupport_introspection_cpp
[6.230s] -- Found rosidl_adapter: 4.0.1 (/opt/ros/iron/share/rosidl_adapter/cmake)
[6.258s] [31mCMake Error at /opt/ros/iron/share/rosidl_cmake/cmake/rosidl_generate_interfaces.cmake:59 (message):
[6.261s]   rosidl_generate_interfaces() called without any interface files
[6.262s] Call Stack (most recent call first):
[6.262s]   CMakeLists.txt:10 (rosidl_generate_interfaces)
[6.263s] 
[6.266s] [0m
[6.267s] -- Configuring incomplete, errors occurred!
[6.268s] See also "/home/csd/CSD-Project/build/custom_messages/CMakeFiles/CMakeOutput.log".
[6.283s] Invoked command in '/home/csd/CSD-Project/build/custom_messages' returned '1': CMAKE_PREFIX_PATH=/home/csd/CSD-Project/install/smart_arm:/home/csd/CSD-Project/install/picar_pro:/opt/ros/iron /usr/bin/cmake /home/csd/CSD-Project/src/custom_messages -DCMAKE_INSTALL_PREFIX=/home/csd/CSD-Project/install/custom_messages
