[3.042s] Invoking command in '/home/csd/CSD-Project/src/picar_pro': PYTHONPATH=/home/csd/CSD-Project/build/picar_pro/prefix_override:/home/csd/CSD-Project/install/picar_pro/lib/python3.10/site-packages:${PYTHONPATH} /usr/bin/python3 setup.py egg_info --egg-base ../../build/picar_pro build --build-base /home/csd/CSD-Project/build/picar_pro/build install --record /home/csd/CSD-Project/build/picar_pro/install.log --single-version-externally-managed
[3.993s] running egg_info
[3.995s] writing ../../build/picar_pro/picar_pro.egg-info/PKG-INFO
[3.997s] writing dependency_links to ../../build/picar_pro/picar_pro.egg-info/dependency_links.txt
[3.997s] writing entry points to ../../build/picar_pro/picar_pro.egg-info/entry_points.txt
[3.998s] writing requirements to ../../build/picar_pro/picar_pro.egg-info/requires.txt
[3.999s] writing top-level names to ../../build/picar_pro/picar_pro.egg-info/top_level.txt
[4.006s] reading manifest file '../../build/picar_pro/picar_pro.egg-info/SOURCES.txt'
[4.009s] adding license file 'LICENSE'
[4.011s] writing manifest file '../../build/picar_pro/picar_pro.egg-info/SOURCES.txt'
[4.012s] running build
[4.012s] running build_py
[4.013s] copying picar_pro/__init__.py -> /home/csd/CSD-Project/build/picar_pro/build/lib/picar_pro
[4.015s] running install
[4.016s] /usr/lib/python3/dist-packages/setuptools/command/install.py:34: SetuptoolsDeprecationWarning: setup.py install is deprecated. Use build and pip and other standards-based tools.
[4.016s]   warnings.warn(
[4.017s] running install_lib
[4.021s] copying /home/csd/CSD-Project/build/picar_pro/build/lib/picar_pro/__init__.py -> /home/csd/CSD-Project/install/picar_pro/lib/python3.10/site-packages/picar_pro
[4.024s] byte-compiling /home/csd/CSD-Project/install/picar_pro/lib/python3.10/site-packages/picar_pro/__init__.py to __init__.cpython-310.pyc
[4.026s] running install_data
[4.028s] copying resource/picar_pro -> /home/csd/CSD-Project/install/picar_pro/share/ament_index/resource_index/packages
[4.029s] running install_egg_info
[4.036s] removing '/home/csd/CSD-Project/install/picar_pro/lib/python3.10/site-packages/picar_pro-0.0.0-py3.10.egg-info' (and everything under it)
[4.037s] Copying ../../build/picar_pro/picar_pro.egg-info to /home/csd/CSD-Project/install/picar_pro/lib/python3.10/site-packages/picar_pro-0.0.0-py3.10.egg-info
[4.042s] running install_scripts
[4.119s] Installing car_arm_communication script to /home/csd/CSD-Project/install/picar_pro/lib/picar_pro
[4.119s] Installing claw_motor script to /home/csd/CSD-Project/install/picar_pro/lib/picar_pro
[4.120s] Installing publisher_node = picar_pro.publisher_node:mainservo_handler_car script to /home/csd/CSD-Project/install/picar_pro/lib/picar_pro
[4.121s] Installing wheels_motor script to /home/csd/CSD-Project/install/picar_pro/lib/picar_pro
[4.123s] writing list of installed files to '/home/csd/CSD-Project/build/picar_pro/install.log'
[4.239s] Invoked command in '/home/csd/CSD-Project/src/picar_pro' returned '0': PYTHONPATH=/home/csd/CSD-Project/build/picar_pro/prefix_override:/home/csd/CSD-Project/install/picar_pro/lib/python3.10/site-packages:${PYTHONPATH} /usr/bin/python3 setup.py egg_info --egg-base ../../build/picar_pro build --build-base /home/csd/CSD-Project/build/picar_pro/build install --record /home/csd/CSD-Project/build/picar_pro/install.log --single-version-externally-managed
