[4.626s] Invoking command in '/home/csd/CSD-Project/src/smart_arm': PYTHONPATH=/home/csd/CSD-Project/build/smart_arm/prefix_override:/home/csd/CSD-Project/install/smart_arm/lib/python3.10/site-packages:${PYTHONPATH} /usr/bin/python3 setup.py egg_info --egg-base ../../build/smart_arm build --build-base /home/csd/CSD-Project/build/smart_arm/build install --record /home/csd/CSD-Project/build/smart_arm/install.log --single-version-externally-managed
[5.715s] running egg_info
[5.718s] writing ../../build/smart_arm/smart_arm.egg-info/PKG-INFO
[5.719s] writing dependency_links to ../../build/smart_arm/smart_arm.egg-info/dependency_links.txt
[5.720s] writing entry points to ../../build/smart_arm/smart_arm.egg-info/entry_points.txt
[5.721s] writing requirements to ../../build/smart_arm/smart_arm.egg-info/requires.txt
[5.722s] writing top-level names to ../../build/smart_arm/smart_arm.egg-info/top_level.txt
[5.732s] reading manifest file '../../build/smart_arm/smart_arm.egg-info/SOURCES.txt'
[5.733s] adding license file 'LICENSE'
[5.736s] writing manifest file '../../build/smart_arm/smart_arm.egg-info/SOURCES.txt'
[5.737s] running build
[5.737s] running build_py
[5.739s] copying smart_arm/publisher.py -> /home/csd/CSD-Project/build/smart_arm/build/lib/smart_arm
[5.741s] running install
[5.741s] /usr/lib/python3/dist-packages/setuptools/command/install.py:34: SetuptoolsDeprecationWarning: setup.py install is deprecated. Use build and pip and other standards-based tools.
[5.742s]   warnings.warn(
[5.743s] running install_lib
[5.748s] copying /home/csd/CSD-Project/build/smart_arm/build/lib/smart_arm/publisher.py -> /home/csd/CSD-Project/install/smart_arm/lib/python3.10/site-packages/smart_arm
[5.752s] byte-compiling /home/csd/CSD-Project/install/smart_arm/lib/python3.10/site-packages/smart_arm/publisher.py to publisher.cpython-310.pyc
[5.753s] running install_data
[5.756s] running install_egg_info
[5.763s] removing '/home/csd/CSD-Project/install/smart_arm/lib/python3.10/site-packages/smart_arm-0.0.0-py3.10.egg-info' (and everything under it)
[5.765s] Copying ../../build/smart_arm/smart_arm.egg-info to /home/csd/CSD-Project/install/smart_arm/lib/python3.10/site-packages/smart_arm-0.0.0-py3.10.egg-info
[5.771s] running install_scripts
[5.867s] Installing car_arm_communication script to /home/csd/CSD-Project/install/smart_arm/lib/smart_arm
[5.869s] Installing claw_motor script to /home/csd/CSD-Project/install/smart_arm/lib/smart_arm
[5.870s] Installing movement script to /home/csd/CSD-Project/install/smart_arm/lib/smart_arm
[5.872s] Installing servo_handler script to /home/csd/CSD-Project/install/smart_arm/lib/smart_arm
[5.874s] Installing talker script to /home/csd/CSD-Project/install/smart_arm/lib/smart_arm
[5.877s] writing list of installed files to '/home/csd/CSD-Project/build/smart_arm/install.log'
[6.261s] Invoked command in '/home/csd/CSD-Project/src/smart_arm' returned '0': PYTHONPATH=/home/csd/CSD-Project/build/smart_arm/prefix_override:/home/csd/CSD-Project/install/smart_arm/lib/python3.10/site-packages:${PYTHONPATH} /usr/bin/python3 setup.py egg_info --egg-base ../../build/smart_arm build --build-base /home/csd/CSD-Project/build/smart_arm/build install --record /home/csd/CSD-Project/build/smart_arm/install.log --single-version-externally-managed
