[4.610s] Invoking command in '/home/csd/CSD-Project/src/smart_arm': PYTHONPATH=/home/csd/CSD-Project/build/smart_arm/prefix_override:/home/csd/CSD-Project/install/smart_arm/lib/python3.10/site-packages:${PYTHONPATH} /usr/bin/python3 setup.py egg_info --egg-base ../../build/smart_arm build --build-base /home/csd/CSD-Project/build/smart_arm/build install --record /home/csd/CSD-Project/build/smart_arm/install.log --single-version-externally-managed
[5.718s] running egg_info
[5.721s] writing ../../build/smart_arm/smart_arm.egg-info/PKG-INFO
[5.723s] writing dependency_links to ../../build/smart_arm/smart_arm.egg-info/dependency_links.txt
[5.724s] writing entry points to ../../build/smart_arm/smart_arm.egg-info/entry_points.txt
[5.725s] writing requirements to ../../build/smart_arm/smart_arm.egg-info/requires.txt
[5.725s] writing top-level names to ../../build/smart_arm/smart_arm.egg-info/top_level.txt
[5.735s] reading manifest file '../../build/smart_arm/smart_arm.egg-info/SOURCES.txt'
[5.736s] adding license file 'LICENSE'
[5.740s] writing manifest file '../../build/smart_arm/smart_arm.egg-info/SOURCES.txt'
[5.741s] running build
[5.741s] running build_py
[5.743s] running install
[5.744s] /usr/lib/python3/dist-packages/setuptools/command/install.py:34: SetuptoolsDeprecationWarning: setup.py install is deprecated. Use build and pip and other standards-based tools.
[5.744s]   warnings.warn(
[5.745s] running install_lib
[5.754s] running install_data
[5.757s] copying launch/smart_arm.py -> /home/csd/CSD-Project/install/smart_arm/share/smart_arm
[5.758s] running install_egg_info
[5.765s] removing '/home/csd/CSD-Project/install/smart_arm/lib/python3.10/site-packages/smart_arm-0.0.0-py3.10.egg-info' (and everything under it)
[5.767s] Copying ../../build/smart_arm/smart_arm.egg-info to /home/csd/CSD-Project/install/smart_arm/lib/python3.10/site-packages/smart_arm-0.0.0-py3.10.egg-info
[5.773s] running install_scripts
[5.864s] Installing car_arm_communication script to /home/csd/CSD-Project/install/smart_arm/lib/smart_arm
[5.865s] Installing claw_motor script to /home/csd/CSD-Project/install/smart_arm/lib/smart_arm
[5.866s] Installing movement script to /home/csd/CSD-Project/install/smart_arm/lib/smart_arm
[5.867s] Installing publisher_node script to /home/csd/CSD-Project/install/smart_arm/lib/smart_arm
[5.868s] Installing servo_handler script to /home/csd/CSD-Project/install/smart_arm/lib/smart_arm
[5.870s] writing list of installed files to '/home/csd/CSD-Project/build/smart_arm/install.log'
[6.047s] Invoked command in '/home/csd/CSD-Project/src/smart_arm' returned '0': PYTHONPATH=/home/csd/CSD-Project/build/smart_arm/prefix_override:/home/csd/CSD-Project/install/smart_arm/lib/python3.10/site-packages:${PYTHONPATH} /usr/bin/python3 setup.py egg_info --egg-base ../../build/smart_arm build --build-base /home/csd/CSD-Project/build/smart_arm/build install --record /home/csd/CSD-Project/build/smart_arm/install.log --single-version-externally-managed
