[3.732s] Invoking command in '/home/csd/CSD-Project/src/smart_arm': PYTHONPATH=/home/csd/CSD-Project/build/smart_arm/prefix_override:/home/csd/CSD-Project/install/smart_arm/lib/python3.10/site-packages:${PYTHONPATH} /usr/bin/python3 setup.py egg_info --egg-base ../../build/smart_arm build --build-base /home/csd/CSD-Project/build/smart_arm/build install --record /home/csd/CSD-Project/build/smart_arm/install.log --single-version-externally-managed
[4.722s] running egg_info
[4.724s] writing ../../build/smart_arm/smart_arm.egg-info/PKG-INFO
[4.725s] writing dependency_links to ../../build/smart_arm/smart_arm.egg-info/dependency_links.txt
[4.726s] writing entry points to ../../build/smart_arm/smart_arm.egg-info/entry_points.txt
[4.727s] writing requirements to ../../build/smart_arm/smart_arm.egg-info/requires.txt
[4.727s] writing top-level names to ../../build/smart_arm/smart_arm.egg-info/top_level.txt
[4.736s] reading manifest file '../../build/smart_arm/smart_arm.egg-info/SOURCES.txt'
[4.738s] adding license file 'LICENSE'
[4.740s] writing manifest file '../../build/smart_arm/smart_arm.egg-info/SOURCES.txt'
[4.741s] running build
[4.741s] running build_py
[4.742s] copying smart_arm/ServoController.py -> /home/csd/CSD-Project/build/smart_arm/build/lib/smart_arm
[4.744s] running install
[4.747s] /usr/lib/python3/dist-packages/setuptools/command/install.py:34: SetuptoolsDeprecationWarning: setup.py install is deprecated. Use build and pip and other standards-based tools.
[4.747s]   warnings.warn(
[4.748s] running install_lib
[4.752s] copying /home/csd/CSD-Project/build/smart_arm/build/lib/smart_arm/ServoController.py -> /home/csd/CSD-Project/install/smart_arm/lib/python3.10/site-packages/smart_arm
[4.756s] byte-compiling /home/csd/CSD-Project/install/smart_arm/lib/python3.10/site-packages/smart_arm/ServoController.py to ServoController.cpython-310.pyc
[4.758s] running install_data
[4.761s] running install_egg_info
[4.768s] removing '/home/csd/CSD-Project/install/smart_arm/lib/python3.10/site-packages/smart_arm-0.0.0-py3.10.egg-info' (and everything under it)
[4.769s] Copying ../../build/smart_arm/smart_arm.egg-info to /home/csd/CSD-Project/install/smart_arm/lib/python3.10/site-packages/smart_arm-0.0.0-py3.10.egg-info
[4.774s] running install_scripts
[4.850s] Installing arm_handler script to /home/csd/CSD-Project/install/smart_arm/lib/smart_arm
[4.851s] Installing comm_handler script to /home/csd/CSD-Project/install/smart_arm/lib/smart_arm
[4.852s] Installing servo_handler script to /home/csd/CSD-Project/install/smart_arm/lib/smart_arm
[4.854s] writing list of installed files to '/home/csd/CSD-Project/build/smart_arm/install.log'
[4.967s] Invoked command in '/home/csd/CSD-Project/src/smart_arm' returned '0': PYTHONPATH=/home/csd/CSD-Project/build/smart_arm/prefix_override:/home/csd/CSD-Project/install/smart_arm/lib/python3.10/site-packages:${PYTHONPATH} /usr/bin/python3 setup.py egg_info --egg-base ../../build/smart_arm build --build-base /home/csd/CSD-Project/build/smart_arm/build install --record /home/csd/CSD-Project/build/smart_arm/install.log --single-version-externally-managed
