[5.235s] Invoking command in '/home/csd/CSD-Project/src/smart_arm': PYTHONPATH=/home/csd/CSD-Project/build/smart_arm/prefix_override:/home/csd/CSD-Project/install/smart_arm/lib/python3.10/site-packages:${PYTHONPATH} /usr/bin/python3 setup.py egg_info --egg-base ../../build/smart_arm build --build-base /home/csd/CSD-Project/build/smart_arm/build install --record /home/csd/CSD-Project/build/smart_arm/install.log --single-version-externally-managed
[6.313s] running egg_info
[6.317s] writing ../../build/smart_arm/smart_arm.egg-info/PKG-INFO
[6.319s] writing dependency_links to ../../build/smart_arm/smart_arm.egg-info/dependency_links.txt
[6.320s] writing entry points to ../../build/smart_arm/smart_arm.egg-info/entry_points.txt
[6.321s] writing requirements to ../../build/smart_arm/smart_arm.egg-info/requires.txt
[6.322s] writing top-level names to ../../build/smart_arm/smart_arm.egg-info/top_level.txt
[6.332s] reading manifest file '../../build/smart_arm/smart_arm.egg-info/SOURCES.txt'
[6.334s] adding license file 'LICENSE'
[6.337s] writing manifest file '../../build/smart_arm/smart_arm.egg-info/SOURCES.txt'
[6.338s] running build
[6.339s] running build_py
[6.341s] copying smart_arm/servo_handler.py -> /home/csd/CSD-Project/build/smart_arm/build/lib/smart_arm
[6.342s] copying smart_arm/ServoController.py -> /home/csd/CSD-Project/build/smart_arm/build/lib/smart_arm
[6.344s] copying smart_arm/claw_motor.py -> /home/csd/CSD-Project/build/smart_arm/build/lib/smart_arm
[6.345s] copying smart_arm/car_arm_communication.py -> /home/csd/CSD-Project/build/smart_arm/build/lib/smart_arm
[6.348s] running install
[6.348s] /usr/lib/python3/dist-packages/setuptools/command/install.py:34: SetuptoolsDeprecationWarning: setup.py install is deprecated. Use build and pip and other standards-based tools.
[6.349s]   warnings.warn(
[6.350s] running install_lib
[6.355s] copying /home/csd/CSD-Project/build/smart_arm/build/lib/smart_arm/servo_handler.py -> /home/csd/CSD-Project/install/smart_arm/lib/python3.10/site-packages/smart_arm
[6.355s] copying /home/csd/CSD-Project/build/smart_arm/build/lib/smart_arm/ServoController.py -> /home/csd/CSD-Project/install/smart_arm/lib/python3.10/site-packages/smart_arm
[6.357s] copying /home/csd/CSD-Project/build/smart_arm/build/lib/smart_arm/claw_motor.py -> /home/csd/CSD-Project/install/smart_arm/lib/python3.10/site-packages/smart_arm
[6.358s] copying /home/csd/CSD-Project/build/smart_arm/build/lib/smart_arm/car_arm_communication.py -> /home/csd/CSD-Project/install/smart_arm/lib/python3.10/site-packages/smart_arm
[6.362s] byte-compiling /home/csd/CSD-Project/install/smart_arm/lib/python3.10/site-packages/smart_arm/servo_handler.py to servo_handler.cpython-310.pyc
[6.365s] byte-compiling /home/csd/CSD-Project/install/smart_arm/lib/python3.10/site-packages/smart_arm/ServoController.py to ServoController.cpython-310.pyc
[6.367s] byte-compiling /home/csd/CSD-Project/install/smart_arm/lib/python3.10/site-packages/smart_arm/claw_motor.py to claw_motor.cpython-310.pyc
[6.369s] byte-compiling /home/csd/CSD-Project/install/smart_arm/lib/python3.10/site-packages/smart_arm/car_arm_communication.py to car_arm_communication.cpython-310.pyc
[6.371s] running install_data
[6.375s] copying launch/smart_arm.py -> /home/csd/CSD-Project/install/smart_arm/share/smart_arm
[6.376s] running install_egg_info
[6.384s] removing '/home/csd/CSD-Project/install/smart_arm/lib/python3.10/site-packages/smart_arm-0.0.0-py3.10.egg-info' (and everything under it)
[6.385s] Copying ../../build/smart_arm/smart_arm.egg-info to /home/csd/CSD-Project/install/smart_arm/lib/python3.10/site-packages/smart_arm-0.0.0-py3.10.egg-info
[6.395s] running install_scripts
[6.495s] Installing car_arm_communication script to /home/csd/CSD-Project/install/smart_arm/lib/smart_arm
[6.499s] Installing claw_motor script to /home/csd/CSD-Project/install/smart_arm/lib/smart_arm
[6.501s] Installing servo_handler script to /home/csd/CSD-Project/install/smart_arm/lib/smart_arm
[6.504s] writing list of installed files to '/home/csd/CSD-Project/build/smart_arm/install.log'
[6.907s] Invoked command in '/home/csd/CSD-Project/src/smart_arm' returned '0': PYTHONPATH=/home/csd/CSD-Project/build/smart_arm/prefix_override:/home/csd/CSD-Project/install/smart_arm/lib/python3.10/site-packages:${PYTHONPATH} /usr/bin/python3 setup.py egg_info --egg-base ../../build/smart_arm build --build-base /home/csd/CSD-Project/build/smart_arm/build install --record /home/csd/CSD-Project/build/smart_arm/install.log --single-version-externally-managed
