[3.032s] Invoking command in '/home/csd/CSD-Project/src/picar_pro': PYTHONPATH=/home/csd/CSD-Project/build/picar_pro/prefix_override:/home/csd/CSD-Project/install/picar_pro/lib/python3.10/site-packages:${PYTHONPATH} /usr/bin/python3 setup.py egg_info --egg-base ../../build/picar_pro build --build-base /home/csd/CSD-Project/build/picar_pro/build install --record /home/csd/CSD-Project/build/picar_pro/install.log --single-version-externally-managed
[3.983s] running egg_info
[3.985s] writing ../../build/picar_pro/picar_pro.egg-info/PKG-INFO
[3.986s] writing dependency_links to ../../build/picar_pro/picar_pro.egg-info/dependency_links.txt
[3.987s] writing entry points to ../../build/picar_pro/picar_pro.egg-info/entry_points.txt
[3.988s] writing requirements to ../../build/picar_pro/picar_pro.egg-info/requires.txt
[3.988s] writing top-level names to ../../build/picar_pro/picar_pro.egg-info/top_level.txt
[3.996s] reading manifest file '../../build/picar_pro/picar_pro.egg-info/SOURCES.txt'
[3.998s] adding license file 'LICENSE'
[4.001s] writing manifest file '../../build/picar_pro/picar_pro.egg-info/SOURCES.txt'
[4.001s] running build
[4.002s] running build_py
[4.002s] copying picar_pro/publisher_node.py -> /home/csd/CSD-Project/build/picar_pro/build/lib/picar_pro
[4.003s] copying picar_pro/car_arm_communication.py -> /home/csd/CSD-Project/build/picar_pro/build/lib/picar_pro
[4.004s] copying picar_pro/claw_motor_car.py -> /home/csd/CSD-Project/build/picar_pro/build/lib/picar_pro
[4.005s] copying picar_pro/servo_handler_car.py -> /home/csd/CSD-Project/build/picar_pro/build/lib/picar_pro
[4.006s] copying picar_pro/wheels_motor.py -> /home/csd/CSD-Project/build/picar_pro/build/lib/picar_pro
[4.007s] running install
[4.008s] /usr/lib/python3/dist-packages/setuptools/command/install.py:34: SetuptoolsDeprecationWarning: setup.py install is deprecated. Use build and pip and other standards-based tools.
[4.008s]   warnings.warn(
[4.009s] running install_lib
[4.012s] copying /home/csd/CSD-Project/build/picar_pro/build/lib/picar_pro/publisher_node.py -> /home/csd/CSD-Project/install/picar_pro/lib/python3.10/site-packages/picar_pro
[4.013s] copying /home/csd/CSD-Project/build/picar_pro/build/lib/picar_pro/car_arm_communication.py -> /home/csd/CSD-Project/install/picar_pro/lib/python3.10/site-packages/picar_pro
[4.014s] copying /home/csd/CSD-Project/build/picar_pro/build/lib/picar_pro/claw_motor_car.py -> /home/csd/CSD-Project/install/picar_pro/lib/python3.10/site-packages/picar_pro
[4.015s] copying /home/csd/CSD-Project/build/picar_pro/build/lib/picar_pro/servo_handler_car.py -> /home/csd/CSD-Project/install/picar_pro/lib/python3.10/site-packages/picar_pro
[4.016s] copying /home/csd/CSD-Project/build/picar_pro/build/lib/picar_pro/wheels_motor.py -> /home/csd/CSD-Project/install/picar_pro/lib/python3.10/site-packages/picar_pro
[4.018s] byte-compiling /home/csd/CSD-Project/install/picar_pro/lib/python3.10/site-packages/picar_pro/publisher_node.py to publisher_node.cpython-310.pyc
[4.021s] byte-compiling /home/csd/CSD-Project/install/picar_pro/lib/python3.10/site-packages/picar_pro/car_arm_communication.py to car_arm_communication.cpython-310.pyc
[4.023s] byte-compiling /home/csd/CSD-Project/install/picar_pro/lib/python3.10/site-packages/picar_pro/claw_motor_car.py to claw_motor_car.cpython-310.pyc
[4.026s] byte-compiling /home/csd/CSD-Project/install/picar_pro/lib/python3.10/site-packages/picar_pro/servo_handler_car.py to servo_handler_car.cpython-310.pyc
[4.029s] byte-compiling /home/csd/CSD-Project/install/picar_pro/lib/python3.10/site-packages/picar_pro/wheels_motor.py to wheels_motor.cpython-310.pyc
[4.031s] running install_data
[4.034s] running install_egg_info
[4.040s] removing '/home/csd/CSD-Project/install/picar_pro/lib/python3.10/site-packages/picar_pro-0.0.0-py3.10.egg-info' (and everything under it)
[4.042s] Copying ../../build/picar_pro/picar_pro.egg-info to /home/csd/CSD-Project/install/picar_pro/lib/python3.10/site-packages/picar_pro-0.0.0-py3.10.egg-info
[4.047s] running install_scripts
[4.123s] Installing car_arm_communication script to /home/csd/CSD-Project/install/picar_pro/lib/picar_pro
[4.125s] Installing claw_motor script to /home/csd/CSD-Project/install/picar_pro/lib/picar_pro
[4.125s] Installing publisher_node = picar_pro.publisher_node:mainservo_handler_car script to /home/csd/CSD-Project/install/picar_pro/lib/picar_pro
[4.126s] Installing wheels_motor script to /home/csd/CSD-Project/install/picar_pro/lib/picar_pro
[4.129s] writing list of installed files to '/home/csd/CSD-Project/build/picar_pro/install.log'
[4.247s] Invoked command in '/home/csd/CSD-Project/src/picar_pro' returned '0': PYTHONPATH=/home/csd/CSD-Project/build/picar_pro/prefix_override:/home/csd/CSD-Project/install/picar_pro/lib/python3.10/site-packages:${PYTHONPATH} /usr/bin/python3 setup.py egg_info --egg-base ../../build/picar_pro build --build-base /home/csd/CSD-Project/build/picar_pro/build install --record /home/csd/CSD-Project/build/picar_pro/install.log --single-version-externally-managed
