[4.619s] Invoking command in '/home/csd/CSD-Project/src/smart_arm': PYTHONPATH=/home/csd/CSD-Project/build/smart_arm/prefix_override:/home/csd/CSD-Project/install/smart_arm/lib/python3.10/site-packages:${PYTHONPATH} /usr/bin/python3 setup.py egg_info --egg-base ../../build/smart_arm build --build-base /home/csd/CSD-Project/build/smart_arm/build install --record /home/csd/CSD-Project/build/smart_arm/install.log --single-version-externally-managed
[5.705s] running egg_info
[5.708s] writing ../../build/smart_arm/smart_arm.egg-info/PKG-INFO
[5.709s] writing dependency_links to ../../build/smart_arm/smart_arm.egg-info/dependency_links.txt
[5.710s] writing entry points to ../../build/smart_arm/smart_arm.egg-info/entry_points.txt
[5.712s] writing requirements to ../../build/smart_arm/smart_arm.egg-info/requires.txt
[5.712s] writing top-level names to ../../build/smart_arm/smart_arm.egg-info/top_level.txt
[5.722s] reading manifest file '../../build/smart_arm/smart_arm.egg-info/SOURCES.txt'
[5.725s] adding license file 'LICENSE'
[5.726s] writing manifest file '../../build/smart_arm/smart_arm.egg-info/SOURCES.txt'
[5.727s] running build
[5.727s] running build_py
[5.731s] running install
[5.732s] /usr/lib/python3/dist-packages/setuptools/command/install.py:34: SetuptoolsDeprecationWarning: setup.py install is deprecated. Use build and pip and other standards-based tools.
[5.732s]   warnings.warn(
[5.733s] running install_lib
[5.742s] running install_data
[5.744s] copying launch/smart_arm.py -> /home/csd/CSD-Project/install/smart_arm/share/smart_arm
[5.744s] running install_egg_info
[5.752s] removing '/home/csd/CSD-Project/install/smart_arm/lib/python3.10/site-packages/smart_arm-0.0.0-py3.10.egg-info' (and everything under it)
[5.753s] Copying ../../build/smart_arm/smart_arm.egg-info to /home/csd/CSD-Project/install/smart_arm/lib/python3.10/site-packages/smart_arm-0.0.0-py3.10.egg-info
[5.760s] running install_scripts
[5.855s] Installing car_arm_communication script to /home/csd/CSD-Project/install/smart_arm/lib/smart_arm
[5.857s] Installing claw_motor script to /home/csd/CSD-Project/install/smart_arm/lib/smart_arm
[5.859s] Installing movement script to /home/csd/CSD-Project/install/smart_arm/lib/smart_arm
[5.861s] Installing publisher script to /home/csd/CSD-Project/install/smart_arm/lib/smart_arm
[5.862s] Installing servo_handler script to /home/csd/CSD-Project/install/smart_arm/lib/smart_arm
[5.866s] writing list of installed files to '/home/csd/CSD-Project/build/smart_arm/install.log'
[6.246s] Invoked command in '/home/csd/CSD-Project/src/smart_arm' returned '0': PYTHONPATH=/home/csd/CSD-Project/build/smart_arm/prefix_override:/home/csd/CSD-Project/install/smart_arm/lib/python3.10/site-packages:${PYTHONPATH} /usr/bin/python3 setup.py egg_info --egg-base ../../build/smart_arm build --build-base /home/csd/CSD-Project/build/smart_arm/build install --record /home/csd/CSD-Project/build/smart_arm/install.log --single-version-externally-managed
