[4.933s] Invoking command in '/home/csd/CSD-Project/src/picar_pro': PYTHONPATH=/home/csd/CSD-Project/build/picar_pro/prefix_override:/home/csd/CSD-Project/install/picar_pro/lib/python3.10/site-packages:${PYTHONPATH} /usr/bin/python3 setup.py egg_info --egg-base ../../build/picar_pro build --build-base /home/csd/CSD-Project/build/picar_pro/build install --record /home/csd/CSD-Project/build/picar_pro/install.log --single-version-externally-managed
[6.035s] running egg_info
[6.038s] writing ../../build/picar_pro/picar_pro.egg-info/PKG-INFO
[6.039s] writing dependency_links to ../../build/picar_pro/picar_pro.egg-info/dependency_links.txt
[6.040s] writing entry points to ../../build/picar_pro/picar_pro.egg-info/entry_points.txt
[6.041s] writing requirements to ../../build/picar_pro/picar_pro.egg-info/requires.txt
[6.043s] writing top-level names to ../../build/picar_pro/picar_pro.egg-info/top_level.txt
[6.052s] reading manifest file '../../build/picar_pro/picar_pro.egg-info/SOURCES.txt'
[6.054s] adding license file 'LICENSE'
[6.057s] writing manifest file '../../build/picar_pro/picar_pro.egg-info/SOURCES.txt'
[6.058s] running build
[6.059s] running build_py
[6.060s] copying picar_pro/publisher_node.py -> /home/csd/CSD-Project/build/picar_pro/build/lib/picar_pro
[6.063s] running install
[6.063s] /usr/lib/python3/dist-packages/setuptools/command/install.py:34: SetuptoolsDeprecationWarning: setup.py install is deprecated. Use build and pip and other standards-based tools.
[6.064s]   warnings.warn(
[6.064s] running install_lib
[6.067s] copying /home/csd/CSD-Project/build/picar_pro/build/lib/picar_pro/publisher_node.py -> /home/csd/CSD-Project/install/picar_pro/lib/python3.10/site-packages/picar_pro
[6.072s] byte-compiling /home/csd/CSD-Project/install/picar_pro/lib/python3.10/site-packages/picar_pro/publisher_node.py to publisher_node.cpython-310.pyc
[6.077s] running install_data
[6.079s] copying package.xml -> /home/csd/CSD-Project/install/picar_pro/share/picar_pro
[6.080s] running install_egg_info
[6.087s] removing '/home/csd/CSD-Project/install/picar_pro/lib/python3.10/site-packages/picar_pro-0.0.0-py3.10.egg-info' (and everything under it)
[6.089s] Copying ../../build/picar_pro/picar_pro.egg-info to /home/csd/CSD-Project/install/picar_pro/lib/python3.10/site-packages/picar_pro-0.0.0-py3.10.egg-info
[6.099s] running install_scripts
[6.221s] Installing car_arm_communication script to /home/csd/CSD-Project/install/picar_pro/lib/picar_pro
[6.221s] Installing claw_motor script to /home/csd/CSD-Project/install/picar_pro/lib/picar_pro
[6.222s] Installing publisher_node = publisher_node:mainservo_handler_car script to /home/csd/CSD-Project/install/picar_pro/lib/picar_pro
[6.223s] Installing wheels_motor script to /home/csd/CSD-Project/install/picar_pro/lib/picar_pro
[6.225s] writing list of installed files to '/home/csd/CSD-Project/build/picar_pro/install.log'
