[3.007s] Invoking command in '/home/csd/CSD-Project/src/smart_arm': PYTHONPATH=/home/csd/CSD-Project/build/smart_arm/prefix_override:/home/csd/CSD-Project/install/smart_arm/lib/python3.10/site-packages:${PYTHONPATH} /usr/bin/python3 setup.py egg_info --egg-base ../../build/smart_arm build --build-base /home/csd/CSD-Project/build/smart_arm/build install --record /home/csd/CSD-Project/build/smart_arm/install.log --single-version-externally-managed
[3.944s] running egg_info
[3.946s] writing ../../build/smart_arm/smart_arm.egg-info/PKG-INFO
[3.947s] writing dependency_links to ../../build/smart_arm/smart_arm.egg-info/dependency_links.txt
[3.948s] writing entry points to ../../build/smart_arm/smart_arm.egg-info/entry_points.txt
[3.949s] writing requirements to ../../build/smart_arm/smart_arm.egg-info/requires.txt
[3.949s] writing top-level names to ../../build/smart_arm/smart_arm.egg-info/top_level.txt
[3.957s] reading manifest file '../../build/smart_arm/smart_arm.egg-info/SOURCES.txt'
[3.959s] adding license file 'LICENSE'
[3.961s] writing manifest file '../../build/smart_arm/smart_arm.egg-info/SOURCES.txt'
[3.962s] running build
[3.962s] running build_py
[3.965s] running install
[3.965s] /usr/lib/python3/dist-packages/setuptools/command/install.py:34: SetuptoolsDeprecationWarning: setup.py install is deprecated. Use build and pip and other standards-based tools.
[3.966s]   warnings.warn(
[3.966s] running install_lib
[3.973s] running install_data
[3.975s] running install_egg_info
[3.982s] removing '/home/csd/CSD-Project/install/smart_arm/lib/python3.10/site-packages/smart_arm-0.0.0-py3.10.egg-info' (and everything under it)
[3.983s] Copying ../../build/smart_arm/smart_arm.egg-info to /home/csd/CSD-Project/install/smart_arm/lib/python3.10/site-packages/smart_arm-0.0.0-py3.10.egg-info
[3.988s] running install_scripts
[4.064s] Installing arm_handler script to /home/csd/CSD-Project/install/smart_arm/lib/smart_arm
[4.065s] Installing comm_handler script to /home/csd/CSD-Project/install/smart_arm/lib/smart_arm
[4.066s] Installing publisher_node script to /home/csd/CSD-Project/install/smart_arm/lib/smart_arm
[4.066s] Installing servo_handler script to /home/csd/CSD-Project/install/smart_arm/lib/smart_arm
[4.068s] writing list of installed files to '/home/csd/CSD-Project/build/smart_arm/install.log'
[4.181s] Invoked command in '/home/csd/CSD-Project/src/smart_arm' returned '0': PYTHONPATH=/home/csd/CSD-Project/build/smart_arm/prefix_override:/home/csd/CSD-Project/install/smart_arm/lib/python3.10/site-packages:${PYTHONPATH} /usr/bin/python3 setup.py egg_info --egg-base ../../build/smart_arm build --build-base /home/csd/CSD-Project/build/smart_arm/build install --record /home/csd/CSD-Project/build/smart_arm/install.log --single-version-externally-managed
