[3.855s] DEBUG:colcon:Command line arguments: ['/usr/bin/colcon', 'build']
[3.856s] DEBUG:colcon:Parsed command line arguments: Namespace(log_base=None, log_level=None, verb_name='build', build_base='build', install_base='install', merge_install=False, symlink_install=False, test_result_base=None, continue_on_error=False, executor='parallel', parallel_workers=4, event_handlers=None, ignore_user_meta=False, metas=['./colcon.meta'], base_paths=['.'], packages_ignore=None, packages_ignore_regex=None, paths=None, packages_up_to=None, packages_up_to_regex=None, packages_above=None, packages_above_and_dependencies=None, packages_above_depth=None, packages_select_by_dep=None, packages_skip_by_dep=None, packages_skip_up_to=None, packages_select_build_failed=False, packages_skip_build_finished=False, packages_select_test_failures=False, packages_skip_test_passed=False, packages_select=None, packages_skip=None, packages_select_regex=None, packages_skip_regex=None, packages_start=None, packages_end=None, allow_overriding=[], cmake_args=None, cmake_target=None, cmake_target_skip_unavailable=False, cmake_clean_cache=False, cmake_clean_first=False, cmake_force_configure=False, ament_cmake_args=None, catkin_cmake_args=None, catkin_skip_building_tests=False, verb_parser=<colcon_defaults.argument_parser.defaults.DefaultArgumentsDecorator object at 0xffffb2898790>, verb_extension=<colcon_core.verb.build.BuildVerb object at 0xffffb28b6fe0>, main=<bound method BuildVerb.main of <colcon_core.verb.build.BuildVerb object at 0xffffb28b6fe0>>)
[4.040s] Level 1:colcon.colcon_core.package_discovery:discover_packages(colcon_meta) check parameters
[4.041s] Level 1:colcon.colcon_core.package_discovery:discover_packages(recursive) check parameters
[4.041s] Level 1:colcon.colcon_core.package_discovery:discover_packages(ignore) check parameters
[4.041s] Level 1:colcon.colcon_core.package_discovery:discover_packages(path) check parameters
[4.041s] Level 1:colcon.colcon_core.package_discovery:discover_packages(colcon_meta) discover
[4.041s] Level 1:colcon.colcon_core.package_discovery:discover_packages(recursive) discover
[4.041s] INFO:colcon.colcon_core.package_discovery:Crawling recursively for packages in '/home/csd/CSD-Project'
[4.042s] Level 1:colcon.colcon_core.package_identification:_identify(.) by extensions ['ignore', 'ignore_ament_install']
[4.042s] Level 1:colcon.colcon_core.package_identification:_identify(.) by extension 'ignore'
[4.042s] Level 1:colcon.colcon_core.package_identification:_identify(.) by extension 'ignore_ament_install'
[4.042s] Level 1:colcon.colcon_core.package_identification:_identify(.) by extensions ['colcon_pkg']
[4.043s] Level 1:colcon.colcon_core.package_identification:_identify(.) by extension 'colcon_pkg'
[4.043s] Level 1:colcon.colcon_core.package_identification:_identify(.) by extensions ['colcon_meta']
[4.043s] Level 1:colcon.colcon_core.package_identification:_identify(.) by extension 'colcon_meta'
[4.043s] Level 1:colcon.colcon_core.package_identification:_identify(.) by extensions ['ros']
[4.043s] Level 1:colcon.colcon_core.package_identification:_identify(.) by extension 'ros'
[4.090s] Level 1:colcon.colcon_core.package_identification:_identify(.) by extensions ['cmake', 'python']
[4.090s] Level 1:colcon.colcon_core.package_identification:_identify(.) by extension 'cmake'
[4.090s] Level 1:colcon.colcon_core.package_identification:_identify(.) by extension 'python'
[4.090s] Level 1:colcon.colcon_core.package_identification:_identify(.) by extensions ['python_setup_py']
[4.091s] Level 1:colcon.colcon_core.package_identification:_identify(.) by extension 'python_setup_py'
[4.091s] Level 1:colcon.colcon_core.package_identification:_identify(build) by extensions ['ignore', 'ignore_ament_install']
[4.091s] Level 1:colcon.colcon_core.package_identification:_identify(build) by extension 'ignore'
[4.092s] Level 1:colcon.colcon_core.package_identification:_identify(build) ignored
[4.092s] Level 1:colcon.colcon_core.package_identification:_identify(install) by extensions ['ignore', 'ignore_ament_install']
[4.093s] Level 1:colcon.colcon_core.package_identification:_identify(install) by extension 'ignore'
[4.093s] Level 1:colcon.colcon_core.package_identification:_identify(install) ignored
[4.093s] Level 1:colcon.colcon_core.package_identification:_identify(launch) by extensions ['ignore', 'ignore_ament_install']
[4.093s] Level 1:colcon.colcon_core.package_identification:_identify(launch) by extension 'ignore'
[4.094s] Level 1:colcon.colcon_core.package_identification:_identify(launch) by extension 'ignore_ament_install'
[4.094s] Level 1:colcon.colcon_core.package_identification:_identify(launch) by extensions ['colcon_pkg']
[4.094s] Level 1:colcon.colcon_core.package_identification:_identify(launch) by extension 'colcon_pkg'
[4.094s] Level 1:colcon.colcon_core.package_identification:_identify(launch) by extensions ['colcon_meta']
[4.094s] Level 1:colcon.colcon_core.package_identification:_identify(launch) by extension 'colcon_meta'
[4.094s] Level 1:colcon.colcon_core.package_identification:_identify(launch) by extensions ['ros']
[4.095s] Level 1:colcon.colcon_core.package_identification:_identify(launch) by extension 'ros'
[4.095s] Level 1:colcon.colcon_core.package_identification:_identify(launch) by extensions ['cmake', 'python']
[4.095s] Level 1:colcon.colcon_core.package_identification:_identify(launch) by extension 'cmake'
[4.095s] Level 1:colcon.colcon_core.package_identification:_identify(launch) by extension 'python'
[4.095s] Level 1:colcon.colcon_core.package_identification:_identify(launch) by extensions ['python_setup_py']
[4.095s] Level 1:colcon.colcon_core.package_identification:_identify(launch) by extension 'python_setup_py'
[4.096s] Level 1:colcon.colcon_core.package_identification:_identify(log) by extensions ['ignore', 'ignore_ament_install']
[4.096s] Level 1:colcon.colcon_core.package_identification:_identify(log) by extension 'ignore'
[4.097s] Level 1:colcon.colcon_core.package_identification:_identify(log) ignored
[4.097s] Level 1:colcon.colcon_core.package_identification:_identify(src) by extensions ['ignore', 'ignore_ament_install']
[4.097s] Level 1:colcon.colcon_core.package_identification:_identify(src) by extension 'ignore'
[4.097s] Level 1:colcon.colcon_core.package_identification:_identify(src) by extension 'ignore_ament_install'
[4.098s] Level 1:colcon.colcon_core.package_identification:_identify(src) by extensions ['colcon_pkg']
[4.098s] Level 1:colcon.colcon_core.package_identification:_identify(src) by extension 'colcon_pkg'
[4.098s] Level 1:colcon.colcon_core.package_identification:_identify(src) by extensions ['colcon_meta']
[4.098s] Level 1:colcon.colcon_core.package_identification:_identify(src) by extension 'colcon_meta'
[4.098s] Level 1:colcon.colcon_core.package_identification:_identify(src) by extensions ['ros']
[4.098s] Level 1:colcon.colcon_core.package_identification:_identify(src) by extension 'ros'
[4.098s] Level 1:colcon.colcon_core.package_identification:_identify(src) by extensions ['cmake', 'python']
[4.099s] Level 1:colcon.colcon_core.package_identification:_identify(src) by extension 'cmake'
[4.099s] Level 1:colcon.colcon_core.package_identification:_identify(src) by extension 'python'
[4.099s] Level 1:colcon.colcon_core.package_identification:_identify(src) by extensions ['python_setup_py']
[4.099s] Level 1:colcon.colcon_core.package_identification:_identify(src) by extension 'python_setup_py'
[4.099s] Level 1:colcon.colcon_core.package_identification:_identify(src/picar_pro) by extensions ['ignore', 'ignore_ament_install']
[4.100s] Level 1:colcon.colcon_core.package_identification:_identify(src/picar_pro) by extension 'ignore'
[4.100s] Level 1:colcon.colcon_core.package_identification:_identify(src/picar_pro) by extension 'ignore_ament_install'
[4.100s] Level 1:colcon.colcon_core.package_identification:_identify(src/picar_pro) by extensions ['colcon_pkg']
[4.100s] Level 1:colcon.colcon_core.package_identification:_identify(src/picar_pro) by extension 'colcon_pkg'
[4.101s] Level 1:colcon.colcon_core.package_identification:_identify(src/picar_pro) by extensions ['colcon_meta']
[4.101s] Level 1:colcon.colcon_core.package_identification:_identify(src/picar_pro) by extension 'colcon_meta'
[4.101s] Level 1:colcon.colcon_core.package_identification:_identify(src/picar_pro) by extensions ['ros']
[4.101s] Level 1:colcon.colcon_core.package_identification:_identify(src/picar_pro) by extension 'ros'
[4.109s] DEBUG:colcon.colcon_core.package_identification:Package 'src/picar_pro' with type 'ros.ament_python' and name 'picar_pro'
[4.110s] Level 1:colcon.colcon_core.package_identification:_identify(src/smart_arm) by extensions ['ignore', 'ignore_ament_install']
[4.111s] Level 1:colcon.colcon_core.package_identification:_identify(src/smart_arm) by extension 'ignore'
[4.111s] Level 1:colcon.colcon_core.package_identification:_identify(src/smart_arm) by extension 'ignore_ament_install'
[4.111s] Level 1:colcon.colcon_core.package_identification:_identify(src/smart_arm) by extensions ['colcon_pkg']
[4.111s] Level 1:colcon.colcon_core.package_identification:_identify(src/smart_arm) by extension 'colcon_pkg'
[4.111s] Level 1:colcon.colcon_core.package_identification:_identify(src/smart_arm) by extensions ['colcon_meta']
[4.111s] Level 1:colcon.colcon_core.package_identification:_identify(src/smart_arm) by extension 'colcon_meta'
[4.112s] Level 1:colcon.colcon_core.package_identification:_identify(src/smart_arm) by extensions ['ros']
[4.112s] Level 1:colcon.colcon_core.package_identification:_identify(src/smart_arm) by extension 'ros'
[4.113s] DEBUG:colcon.colcon_core.package_identification:Package 'src/smart_arm' with type 'ros.ament_python' and name 'smart_arm'
[4.114s] Level 1:colcon.colcon_core.package_discovery:discover_packages(recursive) using defaults
[4.114s] Level 1:colcon.colcon_core.package_discovery:discover_packages(ignore) discover
[4.114s] Level 1:colcon.colcon_core.package_discovery:discover_packages(ignore) using defaults
[4.114s] Level 1:colcon.colcon_core.package_discovery:discover_packages(path) discover
[4.114s] Level 1:colcon.colcon_core.package_discovery:discover_packages(path) using defaults
[4.459s] Level 1:colcon.colcon_core.package_discovery:discover_packages(prefix_path) check parameters
[4.459s] Level 1:colcon.colcon_core.package_discovery:discover_packages(prefix_path) discover
[4.517s] WARNING:colcon.colcon_ros.prefix_path.ament:The path '/home/csd/CSD-Project/install/py_package' in the environment variable AMENT_PREFIX_PATH doesn't exist
[4.519s] WARNING:colcon.colcon_ros.prefix_path.ament:The path '/home/csd/CSD-Project/install/pyPackage' in the environment variable AMENT_PREFIX_PATH doesn't exist
[4.577s] DEBUG:colcon.colcon_installed_package_information.package_discovery:Found 2 installed packages in /home/csd/CSD-Project/install
[4.639s] DEBUG:colcon.colcon_installed_package_information.package_discovery:Found 192 installed packages in /opt/ros/iron
[4.643s] Level 1:colcon.colcon_core.package_discovery:discover_packages(prefix_path) using defaults
[4.894s] Level 5:colcon.colcon_core.verb:set package 'picar_pro' build argument 'cmake_args' from command line to 'None'
[4.894s] Level 5:colcon.colcon_core.verb:set package 'picar_pro' build argument 'cmake_target' from command line to 'None'
[4.895s] Level 5:colcon.colcon_core.verb:set package 'picar_pro' build argument 'cmake_target_skip_unavailable' from command line to 'False'
[4.895s] Level 5:colcon.colcon_core.verb:set package 'picar_pro' build argument 'cmake_clean_cache' from command line to 'False'
[4.895s] Level 5:colcon.colcon_core.verb:set package 'picar_pro' build argument 'cmake_clean_first' from command line to 'False'
[4.895s] Level 5:colcon.colcon_core.verb:set package 'picar_pro' build argument 'cmake_force_configure' from command line to 'False'
[4.895s] Level 5:colcon.colcon_core.verb:set package 'picar_pro' build argument 'ament_cmake_args' from command line to 'None'
[4.895s] Level 5:colcon.colcon_core.verb:set package 'picar_pro' build argument 'catkin_cmake_args' from command line to 'None'
[4.895s] Level 5:colcon.colcon_core.verb:set package 'picar_pro' build argument 'catkin_skip_building_tests' from command line to 'False'
[4.895s] DEBUG:colcon.colcon_core.verb:Building package 'picar_pro' with the following arguments: {'ament_cmake_args': None, 'build_base': '/home/csd/CSD-Project/build/picar_pro', 'catkin_cmake_args': None, 'catkin_skip_building_tests': False, 'cmake_args': None, 'cmake_clean_cache': False, 'cmake_clean_first': False, 'cmake_force_configure': False, 'cmake_target': None, 'cmake_target_skip_unavailable': False, 'install_base': '/home/csd/CSD-Project/install/picar_pro', 'merge_install': False, 'path': '/home/csd/CSD-Project/src/picar_pro', 'symlink_install': False, 'test_result_base': None}
[4.950s] Level 5:colcon.colcon_core.verb:set package 'smart_arm' build argument 'cmake_args' from command line to 'None'
[4.951s] Level 5:colcon.colcon_core.verb:set package 'smart_arm' build argument 'cmake_target' from command line to 'None'
[4.951s] Level 5:colcon.colcon_core.verb:set package 'smart_arm' build argument 'cmake_target_skip_unavailable' from command line to 'False'
[4.951s] Level 5:colcon.colcon_core.verb:set package 'smart_arm' build argument 'cmake_clean_cache' from command line to 'False'
[4.951s] Level 5:colcon.colcon_core.verb:set package 'smart_arm' build argument 'cmake_clean_first' from command line to 'False'
[4.951s] Level 5:colcon.colcon_core.verb:set package 'smart_arm' build argument 'cmake_force_configure' from command line to 'False'
[4.951s] Level 5:colcon.colcon_core.verb:set package 'smart_arm' build argument 'ament_cmake_args' from command line to 'None'
[4.951s] Level 5:colcon.colcon_core.verb:set package 'smart_arm' build argument 'catkin_cmake_args' from command line to 'None'
[4.951s] Level 5:colcon.colcon_core.verb:set package 'smart_arm' build argument 'catkin_skip_building_tests' from command line to 'False'
[4.951s] DEBUG:colcon.colcon_core.verb:Building package 'smart_arm' with the following arguments: {'ament_cmake_args': None, 'build_base': '/home/csd/CSD-Project/build/smart_arm', 'catkin_cmake_args': None, 'catkin_skip_building_tests': False, 'cmake_args': None, 'cmake_clean_cache': False, 'cmake_clean_first': False, 'cmake_force_configure': False, 'cmake_target': None, 'cmake_target_skip_unavailable': False, 'install_base': '/home/csd/CSD-Project/install/smart_arm', 'merge_install': False, 'path': '/home/csd/CSD-Project/src/smart_arm', 'symlink_install': False, 'test_result_base': None}
[5.005s] INFO:colcon.colcon_core.executor:Executing jobs using 'parallel' executor
[5.061s] DEBUG:colcon.colcon_parallel_executor.executor.parallel:run_until_complete
[5.062s] INFO:colcon.colcon_ros.task.ament_python.build:Building ROS package in '/home/csd/CSD-Project/src/picar_pro' with build type 'ament_python'
[5.063s] Level 1:colcon.colcon_core.shell:create_environment_hook('picar_pro', 'ament_prefix_path')
[5.126s] INFO:colcon.colcon_core.plugin_system:Skipping extension 'colcon_core.shell.bat': Not used on non-Windows systems
[5.127s] INFO:colcon.colcon_core.shell:Creating environment hook '/home/csd/CSD-Project/install/picar_pro/share/picar_pro/hook/ament_prefix_path.ps1'
[5.130s] INFO:colcon.colcon_core.shell:Creating environment descriptor '/home/csd/CSD-Project/install/picar_pro/share/picar_pro/hook/ament_prefix_path.dsv'
[5.131s] INFO:colcon.colcon_core.shell:Creating environment hook '/home/csd/CSD-Project/install/picar_pro/share/picar_pro/hook/ament_prefix_path.sh'
[5.190s] INFO:colcon.colcon_core.shell:Skip shell extension 'powershell' for command environment: Not usable outside of PowerShell
[5.190s] DEBUG:colcon.colcon_core.shell:Skip shell extension 'dsv' for command environment
[5.368s] INFO:colcon.colcon_ros.task.ament_python.build:Building ROS package in '/home/csd/CSD-Project/src/smart_arm' with build type 'ament_python'
[5.369s] Level 1:colcon.colcon_core.shell:create_environment_hook('smart_arm', 'ament_prefix_path')
[5.427s] INFO:colcon.colcon_core.shell:Creating environment hook '/home/csd/CSD-Project/install/smart_arm/share/smart_arm/hook/ament_prefix_path.ps1'
[5.429s] INFO:colcon.colcon_core.shell:Creating environment descriptor '/home/csd/CSD-Project/install/smart_arm/share/smart_arm/hook/ament_prefix_path.dsv'
[5.430s] INFO:colcon.colcon_core.shell:Creating environment hook '/home/csd/CSD-Project/install/smart_arm/share/smart_arm/hook/ament_prefix_path.sh'
[5.487s] INFO:colcon.colcon_core.shell:Skip shell extension 'powershell' for command environment: Not usable outside of PowerShell
[5.488s] DEBUG:colcon.colcon_core.shell:Skip shell extension 'dsv' for command environment
[6.700s] INFO:colcon.colcon_core.task.python.build:Building Python package in '/home/csd/CSD-Project/src/picar_pro'
[6.755s] INFO:colcon.colcon_core.shell:Skip shell extension 'powershell' for command environment: Not usable outside of PowerShell
[6.756s] DEBUG:colcon.colcon_core.shell:Skip shell extension 'dsv' for command environment
[7.965s] INFO:colcon.colcon_core.task.python.build:Building Python package in '/home/csd/CSD-Project/src/smart_arm'
[8.023s] INFO:colcon.colcon_core.shell:Skip shell extension 'powershell' for command environment: Not usable outside of PowerShell
[8.023s] DEBUG:colcon.colcon_core.shell:Skip shell extension 'dsv' for command environment
[9.928s] DEBUG:colcon.colcon_core.event_handler.log_command:Invoking command in '/home/csd/CSD-Project/src/picar_pro': PYTHONPATH=/home/csd/CSD-Project/build/picar_pro/prefix_override:/home/csd/CSD-Project/install/picar_pro/lib/python3.10/site-packages:${PYTHONPATH} /usr/bin/python3 setup.py egg_info --egg-base ../../build/picar_pro build --build-base /home/csd/CSD-Project/build/picar_pro/build install --record /home/csd/CSD-Project/build/picar_pro/install.log --single-version-externally-managed
[9.952s] DEBUG:colcon.colcon_core.event_handler.log_command:Invoking command in '/home/csd/CSD-Project/src/smart_arm': PYTHONPATH=/home/csd/CSD-Project/build/smart_arm/prefix_override:/home/csd/CSD-Project/install/smart_arm/lib/python3.10/site-packages:${PYTHONPATH} /usr/bin/python3 setup.py egg_info --egg-base ../../build/smart_arm build --build-base /home/csd/CSD-Project/build/smart_arm/build install --record /home/csd/CSD-Project/build/smart_arm/install.log --single-version-externally-managed
[11.351s] DEBUG:colcon.colcon_core.event_handler.log_command:Invoked command in '/home/csd/CSD-Project/src/picar_pro' returned '0': PYTHONPATH=/home/csd/CSD-Project/build/picar_pro/prefix_override:/home/csd/CSD-Project/install/picar_pro/lib/python3.10/site-packages:${PYTHONPATH} /usr/bin/python3 setup.py egg_info --egg-base ../../build/picar_pro build --build-base /home/csd/CSD-Project/build/picar_pro/build install --record /home/csd/CSD-Project/build/picar_pro/install.log --single-version-externally-managed
[11.422s] Level 1:colcon.colcon_core.environment:checking '/home/csd/CSD-Project/install/picar_pro' for CMake module files
[11.424s] Level 1:colcon.colcon_core.environment:checking '/home/csd/CSD-Project/install/picar_pro' for CMake config files
[11.428s] Level 1:colcon.colcon_core.environment:checking '/home/csd/CSD-Project/install/picar_pro/lib'
[11.429s] Level 1:colcon.colcon_core.environment:checking '/home/csd/CSD-Project/install/picar_pro/bin'
[11.429s] Level 1:colcon.colcon_core.environment:checking '/home/csd/CSD-Project/install/picar_pro/lib/pkgconfig/picar_pro.pc'
[11.430s] Level 1:colcon.colcon_core.environment:checking '/home/csd/CSD-Project/install/picar_pro/lib/python3.10/site-packages'
[11.430s] Level 1:colcon.colcon_core.shell:create_environment_hook('picar_pro', 'pythonpath')
[11.485s] INFO:colcon.colcon_core.shell:Creating environment hook '/home/csd/CSD-Project/install/picar_pro/share/picar_pro/hook/pythonpath.ps1'
[11.487s] INFO:colcon.colcon_core.shell:Creating environment descriptor '/home/csd/CSD-Project/install/picar_pro/share/picar_pro/hook/pythonpath.dsv'
[11.488s] INFO:colcon.colcon_core.shell:Creating environment hook '/home/csd/CSD-Project/install/picar_pro/share/picar_pro/hook/pythonpath.sh'
[11.491s] Level 1:colcon.colcon_core.environment:checking '/home/csd/CSD-Project/install/picar_pro/bin'
[11.491s] Level 1:colcon.colcon_core.environment:create_environment_scripts_only(picar_pro)
[11.547s] INFO:colcon.colcon_core.shell:Creating package script '/home/csd/CSD-Project/install/picar_pro/share/picar_pro/package.ps1'
[11.550s] INFO:colcon.colcon_core.shell:Creating package descriptor '/home/csd/CSD-Project/install/picar_pro/share/picar_pro/package.dsv'
[11.553s] INFO:colcon.colcon_core.shell:Creating package script '/home/csd/CSD-Project/install/picar_pro/share/picar_pro/package.sh'
[11.556s] INFO:colcon.colcon_core.shell:Creating package script '/home/csd/CSD-Project/install/picar_pro/share/picar_pro/package.bash'
[11.559s] INFO:colcon.colcon_core.shell:Creating package script '/home/csd/CSD-Project/install/picar_pro/share/picar_pro/package.zsh'
[11.562s] Level 1:colcon.colcon_core.environment:create_file_with_runtime_dependencies(/home/csd/CSD-Project/install/picar_pro/share/colcon-core/packages/picar_pro)
[11.576s] DEBUG:colcon.colcon_core.event_handler.log_command:Invoked command in '/home/csd/CSD-Project/src/smart_arm' returned '0': PYTHONPATH=/home/csd/CSD-Project/build/smart_arm/prefix_override:/home/csd/CSD-Project/install/smart_arm/lib/python3.10/site-packages:${PYTHONPATH} /usr/bin/python3 setup.py egg_info --egg-base ../../build/smart_arm build --build-base /home/csd/CSD-Project/build/smart_arm/build install --record /home/csd/CSD-Project/build/smart_arm/install.log --single-version-externally-managed
[11.626s] Level 1:colcon.colcon_core.environment:checking '/home/csd/CSD-Project/install/smart_arm' for CMake module files
[11.628s] Level 1:colcon.colcon_core.environment:checking '/home/csd/CSD-Project/install/smart_arm' for CMake config files
[11.631s] Level 1:colcon.colcon_core.environment:checking '/home/csd/CSD-Project/install/smart_arm/lib'
[11.631s] Level 1:colcon.colcon_core.environment:checking '/home/csd/CSD-Project/install/smart_arm/bin'
[11.632s] Level 1:colcon.colcon_core.environment:checking '/home/csd/CSD-Project/install/smart_arm/lib/pkgconfig/smart_arm.pc'
[11.633s] Level 1:colcon.colcon_core.environment:checking '/home/csd/CSD-Project/install/smart_arm/lib/python3.10/site-packages'
[11.633s] Level 1:colcon.colcon_core.shell:create_environment_hook('smart_arm', 'pythonpath')
[11.687s] INFO:colcon.colcon_core.shell:Creating environment hook '/home/csd/CSD-Project/install/smart_arm/share/smart_arm/hook/pythonpath.ps1'
[11.689s] INFO:colcon.colcon_core.shell:Creating environment descriptor '/home/csd/CSD-Project/install/smart_arm/share/smart_arm/hook/pythonpath.dsv'
[11.691s] INFO:colcon.colcon_core.shell:Creating environment hook '/home/csd/CSD-Project/install/smart_arm/share/smart_arm/hook/pythonpath.sh'
[11.693s] Level 1:colcon.colcon_core.environment:checking '/home/csd/CSD-Project/install/smart_arm/bin'
[11.694s] Level 1:colcon.colcon_core.environment:create_environment_scripts_only(smart_arm)
[11.750s] INFO:colcon.colcon_core.shell:Creating package script '/home/csd/CSD-Project/install/smart_arm/share/smart_arm/package.ps1'
[11.752s] INFO:colcon.colcon_core.shell:Creating package descriptor '/home/csd/CSD-Project/install/smart_arm/share/smart_arm/package.dsv'
[11.754s] INFO:colcon.colcon_core.shell:Creating package script '/home/csd/CSD-Project/install/smart_arm/share/smart_arm/package.sh'
[11.756s] INFO:colcon.colcon_core.shell:Creating package script '/home/csd/CSD-Project/install/smart_arm/share/smart_arm/package.bash'
[11.758s] INFO:colcon.colcon_core.shell:Creating package script '/home/csd/CSD-Project/install/smart_arm/share/smart_arm/package.zsh'
[11.759s] Level 1:colcon.colcon_core.environment:create_file_with_runtime_dependencies(/home/csd/CSD-Project/install/smart_arm/share/colcon-core/packages/smart_arm)
[11.760s] DEBUG:colcon.colcon_parallel_executor.executor.parallel:closing loop
[11.761s] DEBUG:colcon.colcon_parallel_executor.executor.parallel:loop closed
[11.761s] DEBUG:colcon.colcon_parallel_executor.executor.parallel:run_until_complete finished with '0'
[11.762s] DEBUG:colcon.colcon_core.event_reactor:joining thread
[11.845s] INFO:colcon.colcon_core.plugin_system:Skipping extension 'colcon_notification.desktop_notification.notify_send': Could not find 'notify-send'
[11.845s] INFO:colcon.colcon_core.plugin_system:Skipping extension 'colcon_notification.desktop_notification.terminal_notifier': Not used on non-Darwin systems
[11.846s] INFO:colcon.colcon_core.plugin_system:Skipping extension 'colcon_notification.desktop_notification.win32': Not used on non-Windows systems
[11.846s] INFO:colcon.colcon_notification.desktop_notification:Sending desktop notification using 'notify2'
[11.848s] DEBUG:colcon.colcon_notification.desktop_notification.notify2:Failed to initialize notify2: org.freedesktop.DBus.Error.ServiceUnknown: The name org.freedesktop.Notifications was not provided by any .service files
[11.849s] DEBUG:colcon.colcon_core.event_reactor:joined thread
[11.907s] INFO:colcon.colcon_core.shell:Creating prefix script '/home/csd/CSD-Project/install/local_setup.ps1'
[11.911s] INFO:colcon.colcon_core.shell:Creating prefix util module '/home/csd/CSD-Project/install/_local_setup_util_ps1.py'
[11.916s] INFO:colcon.colcon_core.shell:Creating prefix chain script '/home/csd/CSD-Project/install/setup.ps1'
[11.974s] INFO:colcon.colcon_core.shell:Creating prefix script '/home/csd/CSD-Project/install/local_setup.sh'
[11.977s] INFO:colcon.colcon_core.shell:Creating prefix util module '/home/csd/CSD-Project/install/_local_setup_util_sh.py'
[11.979s] INFO:colcon.colcon_core.shell:Creating prefix chain script '/home/csd/CSD-Project/install/setup.sh'
[12.037s] INFO:colcon.colcon_core.shell:Creating prefix script '/home/csd/CSD-Project/install/local_setup.bash'
[12.039s] INFO:colcon.colcon_core.shell:Creating prefix chain script '/home/csd/CSD-Project/install/setup.bash'
[12.097s] INFO:colcon.colcon_core.shell:Creating prefix script '/home/csd/CSD-Project/install/local_setup.zsh'
[12.099s] INFO:colcon.colcon_core.shell:Creating prefix chain script '/home/csd/CSD-Project/install/setup.zsh'
