[3.629s] Invoking command in '/home/csd/CSD-Project/src/picar_pro': PYTHONPATH=/home/csd/CSD-Project/build/picar_pro/prefix_override:/home/csd/CSD-Project/install/picar_pro/lib/python3.10/site-packages:${PYTHONPATH} /usr/bin/python3 setup.py egg_info --egg-base ../../build/picar_pro build --build-base /home/csd/CSD-Project/build/picar_pro/build install --record /home/csd/CSD-Project/build/picar_pro/install.log --single-version-externally-managed
[4.592s] running egg_info
[4.595s] writing ../../build/picar_pro/picar_pro.egg-info/PKG-INFO
[4.600s] writing dependency_links to ../../build/picar_pro/picar_pro.egg-info/dependency_links.txt
[4.601s] writing entry points to ../../build/picar_pro/picar_pro.egg-info/entry_points.txt
[4.602s] writing requirements to ../../build/picar_pro/picar_pro.egg-info/requires.txt
[4.603s] writing top-level names to ../../build/picar_pro/picar_pro.egg-info/top_level.txt
[4.612s] reading manifest file '../../build/picar_pro/picar_pro.egg-info/SOURCES.txt'
[4.617s] adding license file 'LICENSE'
[4.620s] writing manifest file '../../build/picar_pro/picar_pro.egg-info/SOURCES.txt'
[4.621s] running build
[4.621s] running build_py
[4.623s] copying picar_pro/camera_handler.py -> /home/csd/CSD-Project/build/picar_pro/build/lib/picar_pro
[4.628s] copying picar_pro/wheels_handler.py -> /home/csd/CSD-Project/build/picar_pro/build/lib/picar_pro
[4.629s] copying picar_pro/picar_handler.py -> /home/csd/CSD-Project/build/picar_pro/build/lib/picar_pro
[4.631s] copying picar_pro/analysis_handler.py -> /home/csd/CSD-Project/build/picar_pro/build/lib/picar_pro
[4.632s] copying picar_pro/ObjectAnalysis.py -> /home/csd/CSD-Project/build/picar_pro/build/lib/picar_pro
[4.634s] running install
[4.636s] /usr/lib/python3/dist-packages/setuptools/command/install.py:34: SetuptoolsDeprecationWarning: setup.py install is deprecated. Use build and pip and other standards-based tools.
[4.637s]   warnings.warn(
[4.638s] running install_lib
[4.642s] copying /home/csd/CSD-Project/build/picar_pro/build/lib/picar_pro/camera_handler.py -> /home/csd/CSD-Project/install/picar_pro/lib/python3.10/site-packages/picar_pro
[4.643s] copying /home/csd/CSD-Project/build/picar_pro/build/lib/picar_pro/wheels_handler.py -> /home/csd/CSD-Project/install/picar_pro/lib/python3.10/site-packages/picar_pro
[4.645s] copying /home/csd/CSD-Project/build/picar_pro/build/lib/picar_pro/picar_handler.py -> /home/csd/CSD-Project/install/picar_pro/lib/python3.10/site-packages/picar_pro
[4.647s] copying /home/csd/CSD-Project/build/picar_pro/build/lib/picar_pro/analysis_handler.py -> /home/csd/CSD-Project/install/picar_pro/lib/python3.10/site-packages/picar_pro
[4.649s] copying /home/csd/CSD-Project/build/picar_pro/build/lib/picar_pro/ObjectAnalysis.py -> /home/csd/CSD-Project/install/picar_pro/lib/python3.10/site-packages/picar_pro
[4.652s] byte-compiling /home/csd/CSD-Project/install/picar_pro/lib/python3.10/site-packages/picar_pro/camera_handler.py to camera_handler.cpython-310.pyc
[4.655s] byte-compiling /home/csd/CSD-Project/install/picar_pro/lib/python3.10/site-packages/picar_pro/wheels_handler.py to wheels_handler.cpython-310.pyc
[4.658s] byte-compiling /home/csd/CSD-Project/install/picar_pro/lib/python3.10/site-packages/picar_pro/picar_handler.py to picar_handler.cpython-310.pyc
[4.661s] byte-compiling /home/csd/CSD-Project/install/picar_pro/lib/python3.10/site-packages/picar_pro/analysis_handler.py to analysis_handler.cpython-310.pyc
[4.664s] byte-compiling /home/csd/CSD-Project/install/picar_pro/lib/python3.10/site-packages/picar_pro/ObjectAnalysis.py to ObjectAnalysis.cpython-310.pyc
[4.667s] running install_data
[4.669s] running install_egg_info
[4.675s] removing '/home/csd/CSD-Project/install/picar_pro/lib/python3.10/site-packages/picar_pro-0.0.0-py3.10.egg-info' (and everything under it)
[4.677s] Copying ../../build/picar_pro/picar_pro.egg-info to /home/csd/CSD-Project/install/picar_pro/lib/python3.10/site-packages/picar_pro-0.0.0-py3.10.egg-info
[4.685s] running install_scripts
[4.763s] Installing analysis_handler script to /home/csd/CSD-Project/install/picar_pro/lib/picar_pro
[4.764s] Installing camera_handler script to /home/csd/CSD-Project/install/picar_pro/lib/picar_pro
[4.765s] Installing comm_handler script to /home/csd/CSD-Project/install/picar_pro/lib/picar_pro
[4.766s] Installing picar_handler script to /home/csd/CSD-Project/install/picar_pro/lib/picar_pro
[4.767s] Installing servo_handler script to /home/csd/CSD-Project/install/picar_pro/lib/picar_pro
[4.767s] Installing wheels_handler script to /home/csd/CSD-Project/install/picar_pro/lib/picar_pro
[4.770s] writing list of installed files to '/home/csd/CSD-Project/build/picar_pro/install.log'
[4.884s] Invoked command in '/home/csd/CSD-Project/src/picar_pro' returned '0': PYTHONPATH=/home/csd/CSD-Project/build/picar_pro/prefix_override:/home/csd/CSD-Project/install/picar_pro/lib/python3.10/site-packages:${PYTHONPATH} /usr/bin/python3 setup.py egg_info --egg-base ../../build/picar_pro build --build-base /home/csd/CSD-Project/build/picar_pro/build install --record /home/csd/CSD-Project/build/picar_pro/install.log --single-version-externally-managed
