[3.013s] Invoking command in '/home/csd/CSD-Project/src/picar_pro': PYTHONPATH=/home/csd/CSD-Project/build/picar_pro/prefix_override:/home/csd/CSD-Project/install/picar_pro/lib/python3.10/site-packages:${PYTHONPATH} /usr/bin/python3 setup.py egg_info --egg-base ../../build/picar_pro build --build-base /home/csd/CSD-Project/build/picar_pro/build install --record /home/csd/CSD-Project/build/picar_pro/install.log --single-version-externally-managed
[3.948s] running egg_info
[3.951s] writing ../../build/picar_pro/picar_pro.egg-info/PKG-INFO
[3.952s] writing dependency_links to ../../build/picar_pro/picar_pro.egg-info/dependency_links.txt
[3.953s] writing entry points to ../../build/picar_pro/picar_pro.egg-info/entry_points.txt
[3.954s] writing requirements to ../../build/picar_pro/picar_pro.egg-info/requires.txt
[3.954s] writing top-level names to ../../build/picar_pro/picar_pro.egg-info/top_level.txt
[3.962s] reading manifest file '../../build/picar_pro/picar_pro.egg-info/SOURCES.txt'
[3.963s] adding license file 'LICENSE'
[3.967s] writing manifest file '../../build/picar_pro/picar_pro.egg-info/SOURCES.txt'
[3.967s] running build
[3.968s] running build_py
[3.969s] copying picar_pro/wheels_handler.py -> /home/csd/CSD-Project/build/picar_pro/build/lib/picar_pro
[3.970s] copying picar_pro/picar_handler.py -> /home/csd/CSD-Project/build/picar_pro/build/lib/picar_pro
[3.973s] running install
[3.973s] /usr/lib/python3/dist-packages/setuptools/command/install.py:34: SetuptoolsDeprecationWarning: setup.py install is deprecated. Use build and pip and other standards-based tools.
[3.974s]   warnings.warn(
[3.974s] running install_lib
[3.978s] copying /home/csd/CSD-Project/build/picar_pro/build/lib/picar_pro/wheels_handler.py -> /home/csd/CSD-Project/install/picar_pro/lib/python3.10/site-packages/picar_pro
[3.979s] copying /home/csd/CSD-Project/build/picar_pro/build/lib/picar_pro/picar_handler.py -> /home/csd/CSD-Project/install/picar_pro/lib/python3.10/site-packages/picar_pro
[3.984s] byte-compiling /home/csd/CSD-Project/install/picar_pro/lib/python3.10/site-packages/picar_pro/wheels_handler.py to wheels_handler.cpython-310.pyc
[3.987s] byte-compiling /home/csd/CSD-Project/install/picar_pro/lib/python3.10/site-packages/picar_pro/picar_handler.py to picar_handler.cpython-310.pyc
[3.991s] running install_data
[3.994s] running install_egg_info
[4.000s] removing '/home/csd/CSD-Project/install/picar_pro/lib/python3.10/site-packages/picar_pro-0.0.0-py3.10.egg-info' (and everything under it)
[4.002s] Copying ../../build/picar_pro/picar_pro.egg-info to /home/csd/CSD-Project/install/picar_pro/lib/python3.10/site-packages/picar_pro-0.0.0-py3.10.egg-info
[4.006s] running install_scripts
[4.082s] Installing analysis_handler script to /home/csd/CSD-Project/install/picar_pro/lib/picar_pro
[4.083s] Installing camera_handler script to /home/csd/CSD-Project/install/picar_pro/lib/picar_pro
[4.084s] Installing comm_handler script to /home/csd/CSD-Project/install/picar_pro/lib/picar_pro
[4.085s] Installing picar_handler script to /home/csd/CSD-Project/install/picar_pro/lib/picar_pro
[4.085s] Installing servo_handler script to /home/csd/CSD-Project/install/picar_pro/lib/picar_pro
[4.086s] Installing wheels_handler script to /home/csd/CSD-Project/install/picar_pro/lib/picar_pro
[4.088s] writing list of installed files to '/home/csd/CSD-Project/build/picar_pro/install.log'
[4.202s] Invoked command in '/home/csd/CSD-Project/src/picar_pro' returned '0': PYTHONPATH=/home/csd/CSD-Project/build/picar_pro/prefix_override:/home/csd/CSD-Project/install/picar_pro/lib/python3.10/site-packages:${PYTHONPATH} /usr/bin/python3 setup.py egg_info --egg-base ../../build/picar_pro build --build-base /home/csd/CSD-Project/build/picar_pro/build install --record /home/csd/CSD-Project/build/picar_pro/install.log --single-version-externally-managed
