[6.869s] Invoking command in '/home/csd/CSD-Project/src/smart_arm': PYTHONPATH=/home/csd/CSD-Project/build/smart_arm/prefix_override:/home/csd/CSD-Project/install/smart_arm/lib/python3.10/site-packages:${PYTHONPATH} /usr/bin/python3 setup.py egg_info --egg-base ../../build/smart_arm build --build-base /home/csd/CSD-Project/build/smart_arm/build install --record /home/csd/CSD-Project/build/smart_arm/install.log --single-version-externally-managed
[8.137s] running egg_info
[8.141s] writing ../../build/smart_arm/smart_arm.egg-info/PKG-INFO
[8.142s] writing dependency_links to ../../build/smart_arm/smart_arm.egg-info/dependency_links.txt
[8.143s] writing entry points to ../../build/smart_arm/smart_arm.egg-info/entry_points.txt
[8.144s] writing requirements to ../../build/smart_arm/smart_arm.egg-info/requires.txt
[8.145s] writing top-level names to ../../build/smart_arm/smart_arm.egg-info/top_level.txt
[8.156s] reading manifest file '../../build/smart_arm/smart_arm.egg-info/SOURCES.txt'
[8.159s] adding license file 'LICENSE'
[8.163s] writing manifest file '../../build/smart_arm/smart_arm.egg-info/SOURCES.txt'
[8.165s] running build
[8.166s] running build_py
[8.170s] running install
[8.171s] /usr/lib/python3/dist-packages/setuptools/command/install.py:34: SetuptoolsDeprecationWarning: setup.py install is deprecated. Use build and pip and other standards-based tools.
[8.172s]   warnings.warn(
[8.175s] running install_lib
[8.179s] running install_data
[8.181s] running install_egg_info
[8.188s] removing '/home/csd/CSD-Project/install/smart_arm/lib/python3.10/site-packages/smart_arm-0.0.0-py3.10.egg-info' (and everything under it)
[8.192s] Copying ../../build/smart_arm/smart_arm.egg-info to /home/csd/CSD-Project/install/smart_arm/lib/python3.10/site-packages/smart_arm-0.0.0-py3.10.egg-info
[8.200s] running install_scripts
[8.306s] writing list of installed files to '/home/csd/CSD-Project/build/smart_arm/install.log'
[8.572s] Invoked command in '/home/csd/CSD-Project/src/smart_arm' returned '0': PYTHONPATH=/home/csd/CSD-Project/build/smart_arm/prefix_override:/home/csd/CSD-Project/install/smart_arm/lib/python3.10/site-packages:${PYTHONPATH} /usr/bin/python3 setup.py egg_info --egg-base ../../build/smart_arm build --build-base /home/csd/CSD-Project/build/smart_arm/build install --record /home/csd/CSD-Project/build/smart_arm/install.log --single-version-externally-managed
