[7.176s] Invoking command in '/home/csd/CSD-Project/src/py_package': PYTHONPATH=/home/csd/CSD-Project/build/py_package/prefix_override:/home/csd/CSD-Project/install/py_package/lib/python3.10/site-packages:${PYTHONPATH} /usr/bin/python3 setup.py egg_info --egg-base ../../build/py_package build --build-base /home/csd/CSD-Project/build/py_package/build install --record /home/csd/CSD-Project/build/py_package/install.log --single-version-externally-managed
[8.461s] running egg_info
[8.467s] writing ../../build/py_package/py_package.egg-info/PKG-INFO
[8.471s] writing dependency_links to ../../build/py_package/py_package.egg-info/dependency_links.txt
[8.472s] writing entry points to ../../build/py_package/py_package.egg-info/entry_points.txt
[8.474s] writing requirements to ../../build/py_package/py_package.egg-info/requires.txt
[8.475s] writing top-level names to ../../build/py_package/py_package.egg-info/top_level.txt
[8.479s] reading manifest file '../../build/py_package/py_package.egg-info/SOURCES.txt'
[8.480s] adding license file 'LICENSE'
[8.484s] writing manifest file '../../build/py_package/py_package.egg-info/SOURCES.txt'
[8.486s] running build
[8.486s] running build_py
[8.487s] copying py_package/test.py -> /home/csd/CSD-Project/build/py_package/build/lib/py_package
[8.489s] running install
[8.491s] /usr/lib/python3/dist-packages/setuptools/command/install.py:34: SetuptoolsDeprecationWarning: setup.py install is deprecated. Use build and pip and other standards-based tools.
[8.491s]   warnings.warn(
[8.492s] running install_lib
[8.494s] copying /home/csd/CSD-Project/build/py_package/build/lib/py_package/test.py -> /home/csd/CSD-Project/install/py_package/lib/python3.10/site-packages/py_package
[8.498s] byte-compiling /home/csd/CSD-Project/install/py_package/lib/python3.10/site-packages/py_package/test.py to test.cpython-310.pyc
[8.500s] running install_data
[8.503s] running install_egg_info
[8.512s] removing '/home/csd/CSD-Project/install/py_package/lib/python3.10/site-packages/py_package-0.0.0-py3.10.egg-info' (and everything under it)
[8.514s] Copying ../../build/py_package/py_package.egg-info to /home/csd/CSD-Project/install/py_package/lib/python3.10/site-packages/py_package-0.0.0-py3.10.egg-info
[8.526s] running install_scripts
[8.661s] Installing test script to /home/csd/CSD-Project/install/py_package/lib/py_package
[8.665s] writing list of installed files to '/home/csd/CSD-Project/build/py_package/install.log'
[9.329s] Invoked command in '/home/csd/CSD-Project/src/py_package' returned '0': PYTHONPATH=/home/csd/CSD-Project/build/py_package/prefix_override:/home/csd/CSD-Project/install/py_package/lib/python3.10/site-packages:${PYTHONPATH} /usr/bin/python3 setup.py egg_info --egg-base ../../build/py_package build --build-base /home/csd/CSD-Project/build/py_package/build install --record /home/csd/CSD-Project/build/py_package/install.log --single-version-externally-managed
