[4.658s] Invoking command in '/home/csd/CSD-Project/src/smart_arm': PYTHONPATH=/home/csd/CSD-Project/build/smart_arm/prefix_override:/home/csd/CSD-Project/install/smart_arm/lib/python3.10/site-packages:${PYTHONPATH} /usr/bin/python3 setup.py egg_info --egg-base ../../build/smart_arm build --build-base /home/csd/CSD-Project/build/smart_arm/build install --record /home/csd/CSD-Project/build/smart_arm/install.log --single-version-externally-managed
[5.765s] running egg_info
[5.769s] writing ../../build/smart_arm/smart_arm.egg-info/PKG-INFO
[5.770s] writing dependency_links to ../../build/smart_arm/smart_arm.egg-info/dependency_links.txt
[5.771s] writing entry points to ../../build/smart_arm/smart_arm.egg-info/entry_points.txt
[5.771s] writing requirements to ../../build/smart_arm/smart_arm.egg-info/requires.txt
[5.772s] writing top-level names to ../../build/smart_arm/smart_arm.egg-info/top_level.txt
[5.782s] reading manifest file '../../build/smart_arm/smart_arm.egg-info/SOURCES.txt'
[5.784s] adding license file 'LICENSE'
[5.787s] writing manifest file '../../build/smart_arm/smart_arm.egg-info/SOURCES.txt'
[5.788s] running build
[5.788s] running build_py
[5.792s] running install
[5.793s] /usr/lib/python3/dist-packages/setuptools/command/install.py:34: SetuptoolsDeprecationWarning: setup.py install is deprecated. Use build and pip and other standards-based tools.
[5.793s]   warnings.warn(
[5.794s] running install_lib
[5.803s] running install_data
[5.806s] running install_egg_info
[5.814s] removing '/home/csd/CSD-Project/install/smart_arm/lib/python3.10/site-packages/smart_arm-0.0.0-py3.10.egg-info' (and everything under it)
[5.816s] Copying ../../build/smart_arm/smart_arm.egg-info to /home/csd/CSD-Project/install/smart_arm/lib/python3.10/site-packages/smart_arm-0.0.0-py3.10.egg-info
[5.822s] running install_scripts
[5.938s] Installing car_arm_communication script to /home/csd/CSD-Project/install/smart_arm/lib/smart_arm
[5.940s] Installing claw_motor script to /home/csd/CSD-Project/install/smart_arm/lib/smart_arm
[5.941s] Installing listener script to /home/csd/CSD-Project/install/smart_arm/lib/smart_arm
[5.943s] Installing movement script to /home/csd/CSD-Project/install/smart_arm/lib/smart_arm
[5.944s] Installing publisher_node script to /home/csd/CSD-Project/install/smart_arm/lib/smart_arm
[5.946s] Installing servo_handler script to /home/csd/CSD-Project/install/smart_arm/lib/smart_arm
[5.947s] Installing talker script to /home/csd/CSD-Project/install/smart_arm/lib/smart_arm
[5.951s] writing list of installed files to '/home/csd/CSD-Project/build/smart_arm/install.log'
[6.301s] Invoked command in '/home/csd/CSD-Project/src/smart_arm' returned '0': PYTHONPATH=/home/csd/CSD-Project/build/smart_arm/prefix_override:/home/csd/CSD-Project/install/smart_arm/lib/python3.10/site-packages:${PYTHONPATH} /usr/bin/python3 setup.py egg_info --egg-base ../../build/smart_arm build --build-base /home/csd/CSD-Project/build/smart_arm/build install --record /home/csd/CSD-Project/build/smart_arm/install.log --single-version-externally-managed
