[4.642s] Invoking command in '/home/csd/CSD-Project/src/smart_arm': PYTHONPATH=/home/csd/CSD-Project/build/smart_arm/prefix_override:/home/csd/CSD-Project/install/smart_arm/lib/python3.10/site-packages:${PYTHONPATH} /usr/bin/python3 setup.py egg_info --egg-base ../../build/smart_arm build --build-base /home/csd/CSD-Project/build/smart_arm/build install --record /home/csd/CSD-Project/build/smart_arm/install.log --single-version-externally-managed
[5.732s] running egg_info
[5.736s] writing ../../build/smart_arm/smart_arm.egg-info/PKG-INFO
[5.737s] writing dependency_links to ../../build/smart_arm/smart_arm.egg-info/dependency_links.txt
[5.738s] writing entry points to ../../build/smart_arm/smart_arm.egg-info/entry_points.txt
[5.739s] writing requirements to ../../build/smart_arm/smart_arm.egg-info/requires.txt
[5.740s] writing top-level names to ../../build/smart_arm/smart_arm.egg-info/top_level.txt
[5.749s] reading manifest file '../../build/smart_arm/smart_arm.egg-info/SOURCES.txt'
[5.752s] adding license file 'LICENSE'
[5.754s] writing manifest file '../../build/smart_arm/smart_arm.egg-info/SOURCES.txt'
[5.755s] running build
[5.755s] running build_py
[5.756s] copying smart_arm/publisher_node.py -> /home/csd/CSD-Project/build/smart_arm/build/lib/smart_arm
[5.760s] running install
[5.761s] /usr/lib/python3/dist-packages/setuptools/command/install.py:34: SetuptoolsDeprecationWarning: setup.py install is deprecated. Use build and pip and other standards-based tools.
[5.762s]   warnings.warn(
[5.762s] running install_lib
[5.765s] copying /home/csd/CSD-Project/build/smart_arm/build/lib/smart_arm/publisher_node.py -> /home/csd/CSD-Project/install/smart_arm/lib/python3.10/site-packages/smart_arm
[5.770s] byte-compiling /home/csd/CSD-Project/install/smart_arm/lib/python3.10/site-packages/smart_arm/publisher_node.py to publisher_node.cpython-310.pyc
[5.774s] running install_data
[5.776s] running install_egg_info
[5.784s] removing '/home/csd/CSD-Project/install/smart_arm/lib/python3.10/site-packages/smart_arm-0.0.0-py3.10.egg-info' (and everything under it)
[5.786s] Copying ../../build/smart_arm/smart_arm.egg-info to /home/csd/CSD-Project/install/smart_arm/lib/python3.10/site-packages/smart_arm-0.0.0-py3.10.egg-info
[5.793s] running install_scripts
[5.890s] Installing car_arm_communication script to /home/csd/CSD-Project/install/smart_arm/lib/smart_arm
[5.892s] Installing claw_motor script to /home/csd/CSD-Project/install/smart_arm/lib/smart_arm
[5.894s] Installing listener script to /home/csd/CSD-Project/install/smart_arm/lib/smart_arm
[5.895s] Installing movement script to /home/csd/CSD-Project/install/smart_arm/lib/smart_arm
[5.897s] Installing publisher_node script to /home/csd/CSD-Project/install/smart_arm/lib/smart_arm
[5.899s] Installing servo_handler script to /home/csd/CSD-Project/install/smart_arm/lib/smart_arm
[5.901s] Installing talker script to /home/csd/CSD-Project/install/smart_arm/lib/smart_arm
[5.904s] writing list of installed files to '/home/csd/CSD-Project/build/smart_arm/install.log'
[6.281s] Invoked command in '/home/csd/CSD-Project/src/smart_arm' returned '0': PYTHONPATH=/home/csd/CSD-Project/build/smart_arm/prefix_override:/home/csd/CSD-Project/install/smart_arm/lib/python3.10/site-packages:${PYTHONPATH} /usr/bin/python3 setup.py egg_info --egg-base ../../build/smart_arm build --build-base /home/csd/CSD-Project/build/smart_arm/build install --record /home/csd/CSD-Project/build/smart_arm/install.log --single-version-externally-managed
