[4.967s] Invoking command in '/home/csd/CSD-Project/src/picar_pro': PYTHONPATH=/home/csd/CSD-Project/build/picar_pro/prefix_override:/home/csd/CSD-Project/install/picar_pro/lib/python3.10/site-packages:${PYTHONPATH} /usr/bin/python3 setup.py egg_info --egg-base ../../build/picar_pro build --build-base /home/csd/CSD-Project/build/picar_pro/build install --record /home/csd/CSD-Project/build/picar_pro/install.log --single-version-externally-managed
[6.061s] running egg_info
[6.064s] writing ../../build/picar_pro/picar_pro.egg-info/PKG-INFO
[6.066s] writing dependency_links to ../../build/picar_pro/picar_pro.egg-info/dependency_links.txt
[6.067s] writing entry points to ../../build/picar_pro/picar_pro.egg-info/entry_points.txt
[6.068s] writing requirements to ../../build/picar_pro/picar_pro.egg-info/requires.txt
[6.068s] writing top-level names to ../../build/picar_pro/picar_pro.egg-info/top_level.txt
[6.076s] reading manifest file '../../build/picar_pro/picar_pro.egg-info/SOURCES.txt'
[6.078s] adding license file 'LICENSE'
[6.082s] writing manifest file '../../build/picar_pro/picar_pro.egg-info/SOURCES.txt'
[6.082s] running build
[6.083s] running build_py
[6.085s] running install
[6.086s] /usr/lib/python3/dist-packages/setuptools/command/install.py:34: SetuptoolsDeprecationWarning: setup.py install is deprecated. Use build and pip and other standards-based tools.
[6.087s]   warnings.warn(
[6.087s] running install_lib
[6.095s] running install_data
[6.097s] running install_egg_info
[6.105s] removing '/home/csd/CSD-Project/install/picar_pro/lib/python3.10/site-packages/picar_pro-0.0.0-py3.10.egg-info' (and everything under it)
[6.106s] Copying ../../build/picar_pro/picar_pro.egg-info to /home/csd/CSD-Project/install/picar_pro/lib/python3.10/site-packages/picar_pro-0.0.0-py3.10.egg-info
[6.113s] running install_scripts
[6.203s] Installing listener script to /home/csd/CSD-Project/install/picar_pro/lib/picar_pro
[6.204s] Installing movement script to /home/csd/CSD-Project/install/picar_pro/lib/picar_pro
[6.205s] Installing publisher_node script to /home/csd/CSD-Project/install/picar_pro/lib/picar_pro
[6.206s] Installing talker script to /home/csd/CSD-Project/install/picar_pro/lib/picar_pro
[6.209s] writing list of installed files to '/home/csd/CSD-Project/build/picar_pro/install.log'
[6.386s] Invoked command in '/home/csd/CSD-Project/src/picar_pro' returned '0': PYTHONPATH=/home/csd/CSD-Project/build/picar_pro/prefix_override:/home/csd/CSD-Project/install/picar_pro/lib/python3.10/site-packages:${PYTHONPATH} /usr/bin/python3 setup.py egg_info --egg-base ../../build/picar_pro build --build-base /home/csd/CSD-Project/build/picar_pro/build install --record /home/csd/CSD-Project/build/picar_pro/install.log --single-version-externally-managed
