[2.915s] Invoking command in '/home/csd/CSD-Project/build/picar_pro': PYTHONPATH=/home/csd/CSD-Project/build/picar_pro/prefix_override:/home/csd/CSD-Project/install/picar_pro/lib/python3.10/site-packages:${PYTHONPATH} /usr/bin/python3 setup.py develop --uninstall --editable --build-directory /home/csd/CSD-Project/build/picar_pro/build
[3.933s] running develop
[3.934s] /usr/lib/python3/dist-packages/setuptools/command/easy_install.py:158: EasyInstallDeprecationWarning: easy_install command is deprecated. Use build and pip and other standards-based tools.
[3.934s]   warnings.warn(
[3.939s] /usr/lib/python3/dist-packages/setuptools/command/install.py:34: SetuptoolsDeprecationWarning: setup.py install is deprecated. Use build and pip and other standards-based tools.
[3.940s]   warnings.warn(
[4.578s] Removing /home/csd/CSD-Project/install/picar_pro/lib/python3.10/site-packages/picar-pro.egg-link (link to .)
[4.708s] Invoked command in '/home/csd/CSD-Project/build/picar_pro' returned '0': PYTHONPATH=/home/csd/CSD-Project/build/picar_pro/prefix_override:/home/csd/CSD-Project/install/picar_pro/lib/python3.10/site-packages:${PYTHONPATH} /usr/bin/python3 setup.py develop --uninstall --editable --build-directory /home/csd/CSD-Project/build/picar_pro/build
[4.715s] Invoking command in '/home/csd/CSD-Project/src/picar_pro': PYTHONPATH=/home/csd/CSD-Project/build/picar_pro/prefix_override:/home/csd/CSD-Project/install/picar_pro/lib/python3.10/site-packages:${PYTHONPATH} /usr/bin/python3 setup.py egg_info --egg-base ../../build/picar_pro build --build-base /home/csd/CSD-Project/build/picar_pro/build install --record /home/csd/CSD-Project/build/picar_pro/install.log --single-version-externally-managed
[5.658s] running egg_info
[5.661s] writing ../../build/picar_pro/picar_pro.egg-info/PKG-INFO
[5.662s] writing dependency_links to ../../build/picar_pro/picar_pro.egg-info/dependency_links.txt
[5.663s] writing entry points to ../../build/picar_pro/picar_pro.egg-info/entry_points.txt
[5.663s] writing requirements to ../../build/picar_pro/picar_pro.egg-info/requires.txt
[5.664s] writing top-level names to ../../build/picar_pro/picar_pro.egg-info/top_level.txt
[5.672s] reading manifest file '../../build/picar_pro/picar_pro.egg-info/SOURCES.txt'
[5.673s] adding license file 'LICENSE'
[5.676s] writing manifest file '../../build/picar_pro/picar_pro.egg-info/SOURCES.txt'
[5.677s] running build
[5.677s] running build_py
[5.678s] creating /home/csd/CSD-Project/build/picar_pro/build
[5.678s] creating /home/csd/CSD-Project/build/picar_pro/build/lib
[5.678s] creating /home/csd/CSD-Project/build/picar_pro/build/lib/picar_pro
[5.679s] copying picar_pro/publisher_node.py -> /home/csd/CSD-Project/build/picar_pro/build/lib/picar_pro
[5.679s] copying picar_pro/car_arm_communication.py -> /home/csd/CSD-Project/build/picar_pro/build/lib/picar_pro
[5.680s] copying picar_pro/claw_motor_car.py -> /home/csd/CSD-Project/build/picar_pro/build/lib/picar_pro
[5.681s] copying picar_pro/servo_handler_car.py -> /home/csd/CSD-Project/build/picar_pro/build/lib/picar_pro
[5.681s] copying picar_pro/__init__.py -> /home/csd/CSD-Project/build/picar_pro/build/lib/picar_pro
[5.682s] copying picar_pro/wheels_motor.py -> /home/csd/CSD-Project/build/picar_pro/build/lib/picar_pro
[5.683s] running install
[5.684s] /usr/lib/python3/dist-packages/setuptools/command/install.py:34: SetuptoolsDeprecationWarning: setup.py install is deprecated. Use build and pip and other standards-based tools.
[5.684s]   warnings.warn(
[5.685s] running install_lib
[5.688s] creating /home/csd/CSD-Project/install/picar_pro/lib/python3.10/site-packages/picar_pro
[5.688s] copying /home/csd/CSD-Project/build/picar_pro/build/lib/picar_pro/publisher_node.py -> /home/csd/CSD-Project/install/picar_pro/lib/python3.10/site-packages/picar_pro
[5.689s] copying /home/csd/CSD-Project/build/picar_pro/build/lib/picar_pro/car_arm_communication.py -> /home/csd/CSD-Project/install/picar_pro/lib/python3.10/site-packages/picar_pro
[5.690s] copying /home/csd/CSD-Project/build/picar_pro/build/lib/picar_pro/claw_motor_car.py -> /home/csd/CSD-Project/install/picar_pro/lib/python3.10/site-packages/picar_pro
[5.690s] copying /home/csd/CSD-Project/build/picar_pro/build/lib/picar_pro/servo_handler_car.py -> /home/csd/CSD-Project/install/picar_pro/lib/python3.10/site-packages/picar_pro
[5.691s] copying /home/csd/CSD-Project/build/picar_pro/build/lib/picar_pro/__init__.py -> /home/csd/CSD-Project/install/picar_pro/lib/python3.10/site-packages/picar_pro
[5.692s] copying /home/csd/CSD-Project/build/picar_pro/build/lib/picar_pro/wheels_motor.py -> /home/csd/CSD-Project/install/picar_pro/lib/python3.10/site-packages/picar_pro
[5.694s] byte-compiling /home/csd/CSD-Project/install/picar_pro/lib/python3.10/site-packages/picar_pro/publisher_node.py to publisher_node.cpython-310.pyc
[5.696s] byte-compiling /home/csd/CSD-Project/install/picar_pro/lib/python3.10/site-packages/picar_pro/car_arm_communication.py to car_arm_communication.cpython-310.pyc
[5.698s] byte-compiling /home/csd/CSD-Project/install/picar_pro/lib/python3.10/site-packages/picar_pro/claw_motor_car.py to claw_motor_car.cpython-310.pyc
[5.700s] byte-compiling /home/csd/CSD-Project/install/picar_pro/lib/python3.10/site-packages/picar_pro/servo_handler_car.py to servo_handler_car.cpython-310.pyc
[5.702s] byte-compiling /home/csd/CSD-Project/install/picar_pro/lib/python3.10/site-packages/picar_pro/__init__.py to __init__.cpython-310.pyc
[5.703s] byte-compiling /home/csd/CSD-Project/install/picar_pro/lib/python3.10/site-packages/picar_pro/wheels_motor.py to wheels_motor.cpython-310.pyc
[5.705s] running install_data
[5.708s] running install_egg_info
[5.714s] Copying ../../build/picar_pro/picar_pro.egg-info to /home/csd/CSD-Project/install/picar_pro/lib/python3.10/site-packages/picar_pro-0.0.0-py3.10.egg-info
[5.719s] running install_scripts
[5.796s] Installing car_arm_communication script to /home/csd/CSD-Project/install/picar_pro/lib/picar_pro
[5.797s] Installing claw_motor script to /home/csd/CSD-Project/install/picar_pro/lib/picar_pro
[5.798s] Installing publisher_node = picar_pro.publisher_node:mainservo_handler_car script to /home/csd/CSD-Project/install/picar_pro/lib/picar_pro
[5.799s] Installing wheels_motor script to /home/csd/CSD-Project/install/picar_pro/lib/picar_pro
[5.801s] writing list of installed files to '/home/csd/CSD-Project/build/picar_pro/install.log'
[5.917s] Invoked command in '/home/csd/CSD-Project/src/picar_pro' returned '0': PYTHONPATH=/home/csd/CSD-Project/build/picar_pro/prefix_override:/home/csd/CSD-Project/install/picar_pro/lib/python3.10/site-packages:${PYTHONPATH} /usr/bin/python3 setup.py egg_info --egg-base ../../build/picar_pro build --build-base /home/csd/CSD-Project/build/picar_pro/build install --record /home/csd/CSD-Project/build/picar_pro/install.log --single-version-externally-managed
