[4.609s] Invoking command in '/home/csd/CSD-Project/src/smart_arm': PYTHONPATH=/home/csd/CSD-Project/build/smart_arm/prefix_override:/home/csd/CSD-Project/install/smart_arm/lib/python3.10/site-packages:${PYTHONPATH} /usr/bin/python3 setup.py egg_info --egg-base ../../build/smart_arm build --build-base /home/csd/CSD-Project/build/smart_arm/build install --record /home/csd/CSD-Project/build/smart_arm/install.log --single-version-externally-managed
[5.727s] running egg_info
[5.730s] writing ../../build/smart_arm/smart_arm.egg-info/PKG-INFO
[5.732s] writing dependency_links to ../../build/smart_arm/smart_arm.egg-info/dependency_links.txt
[5.734s] writing entry points to ../../build/smart_arm/smart_arm.egg-info/entry_points.txt
[5.735s] writing requirements to ../../build/smart_arm/smart_arm.egg-info/requires.txt
[5.735s] writing top-level names to ../../build/smart_arm/smart_arm.egg-info/top_level.txt
[5.744s] reading manifest file '../../build/smart_arm/smart_arm.egg-info/SOURCES.txt'
[5.745s] adding license file 'LICENSE'
[5.748s] writing manifest file '../../build/smart_arm/smart_arm.egg-info/SOURCES.txt'
[5.750s] running build
[5.751s] running build_py
[5.752s] copying smart_arm/servo_handler.py -> /home/csd/CSD-Project/build/smart_arm/build/lib/smart_arm
[5.752s] copying smart_arm/claw_motor.py -> /home/csd/CSD-Project/build/smart_arm/build/lib/smart_arm
[5.756s] copying smart_arm/car_arm_communication.py -> /home/csd/CSD-Project/build/smart_arm/build/lib/smart_arm
[5.757s] running install
[5.758s] /usr/lib/python3/dist-packages/setuptools/command/install.py:34: SetuptoolsDeprecationWarning: setup.py install is deprecated. Use build and pip and other standards-based tools.
[5.758s]   warnings.warn(
[5.759s] running install_lib
[5.760s] copying /home/csd/CSD-Project/build/smart_arm/build/lib/smart_arm/servo_handler.py -> /home/csd/CSD-Project/install/smart_arm/lib/python3.10/site-packages/smart_arm
[5.762s] copying /home/csd/CSD-Project/build/smart_arm/build/lib/smart_arm/claw_motor.py -> /home/csd/CSD-Project/install/smart_arm/lib/python3.10/site-packages/smart_arm
[5.763s] copying /home/csd/CSD-Project/build/smart_arm/build/lib/smart_arm/car_arm_communication.py -> /home/csd/CSD-Project/install/smart_arm/lib/python3.10/site-packages/smart_arm
[5.766s] byte-compiling /home/csd/CSD-Project/install/smart_arm/lib/python3.10/site-packages/smart_arm/servo_handler.py to servo_handler.cpython-310.pyc
[5.769s] byte-compiling /home/csd/CSD-Project/install/smart_arm/lib/python3.10/site-packages/smart_arm/claw_motor.py to claw_motor.cpython-310.pyc
[5.772s] byte-compiling /home/csd/CSD-Project/install/smart_arm/lib/python3.10/site-packages/smart_arm/car_arm_communication.py to car_arm_communication.cpython-310.pyc
[5.775s] running install_data
[5.778s] running install_egg_info
[5.786s] removing '/home/csd/CSD-Project/install/smart_arm/lib/python3.10/site-packages/smart_arm-0.0.0-py3.10.egg-info' (and everything under it)
[5.787s] Copying ../../build/smart_arm/smart_arm.egg-info to /home/csd/CSD-Project/install/smart_arm/lib/python3.10/site-packages/smart_arm-0.0.0-py3.10.egg-info
[5.794s] running install_scripts
[5.893s] Installing car_arm_communication script to /home/csd/CSD-Project/install/smart_arm/lib/smart_arm
[5.895s] Installing claw_motor script to /home/csd/CSD-Project/install/smart_arm/lib/smart_arm
[5.896s] Installing movement script to /home/csd/CSD-Project/install/smart_arm/lib/smart_arm
[5.899s] Installing servo_handler script to /home/csd/CSD-Project/install/smart_arm/lib/smart_arm
[5.902s] writing list of installed files to '/home/csd/CSD-Project/build/smart_arm/install.log'
[6.277s] Invoked command in '/home/csd/CSD-Project/src/smart_arm' returned '0': PYTHONPATH=/home/csd/CSD-Project/build/smart_arm/prefix_override:/home/csd/CSD-Project/install/smart_arm/lib/python3.10/site-packages:${PYTHONPATH} /usr/bin/python3 setup.py egg_info --egg-base ../../build/smart_arm build --build-base /home/csd/CSD-Project/build/smart_arm/build install --record /home/csd/CSD-Project/build/smart_arm/install.log --single-version-externally-managed
