[3.749s] DEBUG:colcon:Command line arguments: ['/usr/bin/colcon', 'build']
[3.749s] DEBUG:colcon:Parsed command line arguments: Namespace(log_base=None, log_level=None, verb_name='build', build_base='build', install_base='install', merge_install=False, symlink_install=False, test_result_base=None, continue_on_error=False, executor='parallel', parallel_workers=4, event_handlers=None, ignore_user_meta=False, metas=['./colcon.meta'], base_paths=['.'], packages_ignore=None, packages_ignore_regex=None, paths=None, packages_up_to=None, packages_up_to_regex=None, packages_above=None, packages_above_and_dependencies=None, packages_above_depth=None, packages_select_by_dep=None, packages_skip_by_dep=None, packages_skip_up_to=None, packages_select_build_failed=False, packages_skip_build_finished=False, packages_select_test_failures=False, packages_skip_test_passed=False, packages_select=None, packages_skip=None, packages_select_regex=None, packages_skip_regex=None, packages_start=None, packages_end=None, allow_overriding=[], cmake_args=None, cmake_target=None, cmake_target_skip_unavailable=False, cmake_clean_cache=False, cmake_clean_first=False, cmake_force_configure=False, ament_cmake_args=None, catkin_cmake_args=None, catkin_skip_building_tests=False, verb_parser=<colcon_defaults.argument_parser.defaults.DefaultArgumentsDecorator object at 0xffffa3f4a4a0>, verb_extension=<colcon_core.verb.build.BuildVerb object at 0xffffa4203640>, main=<bound method BuildVerb.main of <colcon_core.verb.build.BuildVerb object at 0xffffa4203640>>)
[3.929s] Level 1:colcon.colcon_core.package_discovery:discover_packages(colcon_meta) check parameters
[3.930s] Level 1:colcon.colcon_core.package_discovery:discover_packages(recursive) check parameters
[3.930s] Level 1:colcon.colcon_core.package_discovery:discover_packages(ignore) check parameters
[3.930s] Level 1:colcon.colcon_core.package_discovery:discover_packages(path) check parameters
[3.930s] Level 1:colcon.colcon_core.package_discovery:discover_packages(colcon_meta) discover
[3.930s] Level 1:colcon.colcon_core.package_discovery:discover_packages(recursive) discover
[3.931s] INFO:colcon.colcon_core.package_discovery:Crawling recursively for packages in '/home/csd/CSD-Project'
[3.931s] Level 1:colcon.colcon_core.package_identification:_identify(.) by extensions ['ignore', 'ignore_ament_install']
[3.931s] Level 1:colcon.colcon_core.package_identification:_identify(.) by extension 'ignore'
[3.932s] Level 1:colcon.colcon_core.package_identification:_identify(.) by extension 'ignore_ament_install'
[3.932s] Level 1:colcon.colcon_core.package_identification:_identify(.) by extensions ['colcon_pkg']
[3.932s] Level 1:colcon.colcon_core.package_identification:_identify(.) by extension 'colcon_pkg'
[3.932s] Level 1:colcon.colcon_core.package_identification:_identify(.) by extensions ['colcon_meta']
[3.932s] Level 1:colcon.colcon_core.package_identification:_identify(.) by extension 'colcon_meta'
[3.932s] Level 1:colcon.colcon_core.package_identification:_identify(.) by extensions ['ros']
[3.933s] Level 1:colcon.colcon_core.package_identification:_identify(.) by extension 'ros'
[3.979s] Level 1:colcon.colcon_core.package_identification:_identify(.) by extensions ['cmake', 'python']
[3.979s] Level 1:colcon.colcon_core.package_identification:_identify(.) by extension 'cmake'
[3.979s] Level 1:colcon.colcon_core.package_identification:_identify(.) by extension 'python'
[3.980s] Level 1:colcon.colcon_core.package_identification:_identify(.) by extensions ['python_setup_py']
[3.980s] Level 1:colcon.colcon_core.package_identification:_identify(.) by extension 'python_setup_py'
[3.980s] Level 1:colcon.colcon_core.package_identification:_identify(build) by extensions ['ignore', 'ignore_ament_install']
[3.981s] Level 1:colcon.colcon_core.package_identification:_identify(build) by extension 'ignore'
[3.981s] Level 1:colcon.colcon_core.package_identification:_identify(build) ignored
[3.981s] Level 1:colcon.colcon_core.package_identification:_identify(install) by extensions ['ignore', 'ignore_ament_install']
[3.982s] Level 1:colcon.colcon_core.package_identification:_identify(install) by extension 'ignore'
[3.982s] Level 1:colcon.colcon_core.package_identification:_identify(install) ignored
[3.982s] Level 1:colcon.colcon_core.package_identification:_identify(log) by extensions ['ignore', 'ignore_ament_install']
[3.983s] Level 1:colcon.colcon_core.package_identification:_identify(log) by extension 'ignore'
[3.983s] Level 1:colcon.colcon_core.package_identification:_identify(log) ignored
[3.983s] Level 1:colcon.colcon_core.package_identification:_identify(src) by extensions ['ignore', 'ignore_ament_install']
[3.983s] Level 1:colcon.colcon_core.package_identification:_identify(src) by extension 'ignore'
[3.984s] Level 1:colcon.colcon_core.package_identification:_identify(src) by extension 'ignore_ament_install'
[3.984s] Level 1:colcon.colcon_core.package_identification:_identify(src) by extensions ['colcon_pkg']
[3.984s] Level 1:colcon.colcon_core.package_identification:_identify(src) by extension 'colcon_pkg'
[3.984s] Level 1:colcon.colcon_core.package_identification:_identify(src) by extensions ['colcon_meta']
[3.984s] Level 1:colcon.colcon_core.package_identification:_identify(src) by extension 'colcon_meta'
[3.984s] Level 1:colcon.colcon_core.package_identification:_identify(src) by extensions ['ros']
[3.985s] Level 1:colcon.colcon_core.package_identification:_identify(src) by extension 'ros'
[3.985s] Level 1:colcon.colcon_core.package_identification:_identify(src) by extensions ['cmake', 'python']
[3.985s] Level 1:colcon.colcon_core.package_identification:_identify(src) by extension 'cmake'
[3.985s] Level 1:colcon.colcon_core.package_identification:_identify(src) by extension 'python'
[3.985s] Level 1:colcon.colcon_core.package_identification:_identify(src) by extensions ['python_setup_py']
[3.985s] Level 1:colcon.colcon_core.package_identification:_identify(src) by extension 'python_setup_py'
[3.986s] Level 1:colcon.colcon_core.package_identification:_identify(src/Picar Pro) by extensions ['ignore', 'ignore_ament_install']
[3.986s] Level 1:colcon.colcon_core.package_identification:_identify(src/Picar Pro) by extension 'ignore'
[3.986s] Level 1:colcon.colcon_core.package_identification:_identify(src/Picar Pro) by extension 'ignore_ament_install'
[3.986s] Level 1:colcon.colcon_core.package_identification:_identify(src/Picar Pro) by extensions ['colcon_pkg']
[3.987s] Level 1:colcon.colcon_core.package_identification:_identify(src/Picar Pro) by extension 'colcon_pkg'
[3.987s] Level 1:colcon.colcon_core.package_identification:_identify(src/Picar Pro) by extensions ['colcon_meta']
[3.987s] Level 1:colcon.colcon_core.package_identification:_identify(src/Picar Pro) by extension 'colcon_meta'
[3.987s] Level 1:colcon.colcon_core.package_identification:_identify(src/Picar Pro) by extensions ['ros']
[3.987s] Level 1:colcon.colcon_core.package_identification:_identify(src/Picar Pro) by extension 'ros'
[3.987s] Level 1:colcon.colcon_core.package_identification:_identify(src/Picar Pro) by extensions ['cmake', 'python']
[3.988s] Level 1:colcon.colcon_core.package_identification:_identify(src/Picar Pro) by extension 'cmake'
[3.988s] Level 1:colcon.colcon_core.package_identification:_identify(src/Picar Pro) by extension 'python'
[3.988s] Level 1:colcon.colcon_core.package_identification:_identify(src/Picar Pro) by extensions ['python_setup_py']
[3.988s] Level 1:colcon.colcon_core.package_identification:_identify(src/Picar Pro) by extension 'python_setup_py'
[3.988s] Level 1:colcon.colcon_core.package_identification:_identify(src/Smart Arm) by extensions ['ignore', 'ignore_ament_install']
[3.989s] Level 1:colcon.colcon_core.package_identification:_identify(src/Smart Arm) by extension 'ignore'
[3.989s] Level 1:colcon.colcon_core.package_identification:_identify(src/Smart Arm) by extension 'ignore_ament_install'
[3.989s] Level 1:colcon.colcon_core.package_identification:_identify(src/Smart Arm) by extensions ['colcon_pkg']
[3.989s] Level 1:colcon.colcon_core.package_identification:_identify(src/Smart Arm) by extension 'colcon_pkg'
[3.989s] Level 1:colcon.colcon_core.package_identification:_identify(src/Smart Arm) by extensions ['colcon_meta']
[3.989s] Level 1:colcon.colcon_core.package_identification:_identify(src/Smart Arm) by extension 'colcon_meta'
[3.990s] Level 1:colcon.colcon_core.package_identification:_identify(src/Smart Arm) by extensions ['ros']
[3.990s] Level 1:colcon.colcon_core.package_identification:_identify(src/Smart Arm) by extension 'ros'
[3.990s] Level 1:colcon.colcon_core.package_identification:_identify(src/Smart Arm) by extensions ['cmake', 'python']
[3.990s] Level 1:colcon.colcon_core.package_identification:_identify(src/Smart Arm) by extension 'cmake'
[3.990s] Level 1:colcon.colcon_core.package_identification:_identify(src/Smart Arm) by extension 'python'
[3.991s] Level 1:colcon.colcon_core.package_identification:_identify(src/Smart Arm) by extensions ['python_setup_py']
[3.991s] Level 1:colcon.colcon_core.package_identification:_identify(src/Smart Arm) by extension 'python_setup_py'
[3.991s] Level 1:colcon.colcon_core.package_identification:_identify(src/pyPackage) by extensions ['ignore', 'ignore_ament_install']
[3.991s] Level 1:colcon.colcon_core.package_identification:_identify(src/pyPackage) by extension 'ignore'
[3.992s] Level 1:colcon.colcon_core.package_identification:_identify(src/pyPackage) by extension 'ignore_ament_install'
[3.992s] Level 1:colcon.colcon_core.package_identification:_identify(src/pyPackage) by extensions ['colcon_pkg']
[3.992s] Level 1:colcon.colcon_core.package_identification:_identify(src/pyPackage) by extension 'colcon_pkg'
[3.992s] Level 1:colcon.colcon_core.package_identification:_identify(src/pyPackage) by extensions ['colcon_meta']
[3.992s] Level 1:colcon.colcon_core.package_identification:_identify(src/pyPackage) by extension 'colcon_meta'
[3.993s] Level 1:colcon.colcon_core.package_identification:_identify(src/pyPackage) by extensions ['ros']
[3.993s] Level 1:colcon.colcon_core.package_identification:_identify(src/pyPackage) by extension 'ros'
[4.003s] DEBUG:colcon.colcon_core.package_identification:Package 'src/pyPackage' with type 'ros.ament_python' and name 'pyPackage'
[4.003s] Level 1:colcon.colcon_core.package_discovery:discover_packages(recursive) using defaults
[4.003s] Level 1:colcon.colcon_core.package_discovery:discover_packages(ignore) discover
[4.003s] Level 1:colcon.colcon_core.package_discovery:discover_packages(ignore) using defaults
[4.003s] Level 1:colcon.colcon_core.package_discovery:discover_packages(path) discover
[4.003s] Level 1:colcon.colcon_core.package_discovery:discover_packages(path) using defaults
[4.338s] Level 1:colcon.colcon_core.package_discovery:discover_packages(prefix_path) check parameters
[4.338s] Level 1:colcon.colcon_core.package_discovery:discover_packages(prefix_path) discover
[4.449s] DEBUG:colcon.colcon_installed_package_information.package_discovery:Found 0 installed packages in /home/csd/CSD-Project/install
[4.506s] DEBUG:colcon.colcon_installed_package_information.package_discovery:Found 192 installed packages in /opt/ros/iron
[4.512s] Level 1:colcon.colcon_core.package_discovery:discover_packages(prefix_path) using defaults
[4.759s] Level 5:colcon.colcon_core.verb:set package 'pyPackage' build argument 'cmake_args' from command line to 'None'
[4.759s] Level 5:colcon.colcon_core.verb:set package 'pyPackage' build argument 'cmake_target' from command line to 'None'
[4.759s] Level 5:colcon.colcon_core.verb:set package 'pyPackage' build argument 'cmake_target_skip_unavailable' from command line to 'False'
[4.759s] Level 5:colcon.colcon_core.verb:set package 'pyPackage' build argument 'cmake_clean_cache' from command line to 'False'
[4.759s] Level 5:colcon.colcon_core.verb:set package 'pyPackage' build argument 'cmake_clean_first' from command line to 'False'
[4.759s] Level 5:colcon.colcon_core.verb:set package 'pyPackage' build argument 'cmake_force_configure' from command line to 'False'
[4.759s] Level 5:colcon.colcon_core.verb:set package 'pyPackage' build argument 'ament_cmake_args' from command line to 'None'
[4.760s] Level 5:colcon.colcon_core.verb:set package 'pyPackage' build argument 'catkin_cmake_args' from command line to 'None'
[4.760s] Level 5:colcon.colcon_core.verb:set package 'pyPackage' build argument 'catkin_skip_building_tests' from command line to 'False'
[4.760s] DEBUG:colcon.colcon_core.verb:Building package 'pyPackage' with the following arguments: {'ament_cmake_args': None, 'build_base': '/home/csd/CSD-Project/build/pyPackage', 'catkin_cmake_args': None, 'catkin_skip_building_tests': False, 'cmake_args': None, 'cmake_clean_cache': False, 'cmake_clean_first': False, 'cmake_force_configure': False, 'cmake_target': None, 'cmake_target_skip_unavailable': False, 'install_base': '/home/csd/CSD-Project/install/pyPackage', 'merge_install': False, 'path': '/home/csd/CSD-Project/src/pyPackage', 'symlink_install': False, 'test_result_base': None}
[4.812s] INFO:colcon.colcon_core.executor:Executing jobs using 'parallel' executor
[4.867s] DEBUG:colcon.colcon_parallel_executor.executor.parallel:run_until_complete
[4.868s] INFO:colcon.colcon_ros.task.ament_python.build:Building ROS package in '/home/csd/CSD-Project/src/pyPackage' with build type 'ament_python'
[4.868s] Level 1:colcon.colcon_core.shell:create_environment_hook('pyPackage', 'ament_prefix_path')
[4.929s] INFO:colcon.colcon_core.plugin_system:Skipping extension 'colcon_core.shell.bat': Not used on non-Windows systems
[4.930s] INFO:colcon.colcon_core.shell:Creating environment hook '/home/csd/CSD-Project/install/pyPackage/share/pyPackage/hook/ament_prefix_path.ps1'
[4.937s] INFO:colcon.colcon_core.shell:Creating environment descriptor '/home/csd/CSD-Project/install/pyPackage/share/pyPackage/hook/ament_prefix_path.dsv'
[4.939s] INFO:colcon.colcon_core.shell:Creating environment hook '/home/csd/CSD-Project/install/pyPackage/share/pyPackage/hook/ament_prefix_path.sh'
[4.999s] INFO:colcon.colcon_core.shell:Skip shell extension 'powershell' for command environment: Not usable outside of PowerShell
[4.999s] DEBUG:colcon.colcon_core.shell:Skip shell extension 'dsv' for command environment
[6.202s] INFO:colcon.colcon_core.task.python.build:Building Python package in '/home/csd/CSD-Project/src/pyPackage'
[6.258s] INFO:colcon.colcon_core.shell:Skip shell extension 'powershell' for command environment: Not usable outside of PowerShell
[6.259s] DEBUG:colcon.colcon_core.shell:Skip shell extension 'dsv' for command environment
[8.410s] DEBUG:colcon.colcon_core.event_handler.log_command:Invoking command in '/home/csd/CSD-Project/src/pyPackage': PYTHONPATH=/home/csd/CSD-Project/build/pyPackage/prefix_override:/home/csd/CSD-Project/install/pyPackage/lib/python3.10/site-packages:${PYTHONPATH} /usr/bin/python3 setup.py egg_info --egg-base ../../build/pyPackage build --build-base /home/csd/CSD-Project/build/pyPackage/build install --record /home/csd/CSD-Project/build/pyPackage/install.log --single-version-externally-managed
[9.578s] DEBUG:colcon.colcon_core.event_handler.log_command:Invoked command in '/home/csd/CSD-Project/src/pyPackage' returned '0': PYTHONPATH=/home/csd/CSD-Project/build/pyPackage/prefix_override:/home/csd/CSD-Project/install/pyPackage/lib/python3.10/site-packages:${PYTHONPATH} /usr/bin/python3 setup.py egg_info --egg-base ../../build/pyPackage build --build-base /home/csd/CSD-Project/build/pyPackage/build install --record /home/csd/CSD-Project/build/pyPackage/install.log --single-version-externally-managed
[9.661s] Level 1:colcon.colcon_core.environment:checking '/home/csd/CSD-Project/install/pyPackage' for CMake module files
[9.664s] Level 1:colcon.colcon_core.environment:checking '/home/csd/CSD-Project/install/pyPackage' for CMake config files
[9.668s] Level 1:colcon.colcon_core.environment:checking '/home/csd/CSD-Project/install/pyPackage/lib'
[9.669s] Level 1:colcon.colcon_core.environment:checking '/home/csd/CSD-Project/install/pyPackage/bin'
[9.669s] Level 1:colcon.colcon_core.environment:checking '/home/csd/CSD-Project/install/pyPackage/lib/pkgconfig/pyPackage.pc'
[9.670s] Level 1:colcon.colcon_core.environment:checking '/home/csd/CSD-Project/install/pyPackage/lib/python3.10/site-packages'
[9.671s] Level 1:colcon.colcon_core.shell:create_environment_hook('pyPackage', 'pythonpath')
[9.726s] INFO:colcon.colcon_core.shell:Creating environment hook '/home/csd/CSD-Project/install/pyPackage/share/pyPackage/hook/pythonpath.ps1'
[9.728s] INFO:colcon.colcon_core.shell:Creating environment descriptor '/home/csd/CSD-Project/install/pyPackage/share/pyPackage/hook/pythonpath.dsv'
[9.729s] INFO:colcon.colcon_core.shell:Creating environment hook '/home/csd/CSD-Project/install/pyPackage/share/pyPackage/hook/pythonpath.sh'
[9.731s] Level 1:colcon.colcon_core.environment:checking '/home/csd/CSD-Project/install/pyPackage/bin'
[9.732s] Level 1:colcon.colcon_core.environment:create_environment_scripts_only(pyPackage)
[9.784s] INFO:colcon.colcon_core.shell:Creating package script '/home/csd/CSD-Project/install/pyPackage/share/pyPackage/package.ps1'
[9.791s] INFO:colcon.colcon_core.shell:Creating package descriptor '/home/csd/CSD-Project/install/pyPackage/share/pyPackage/package.dsv'
[9.794s] INFO:colcon.colcon_core.shell:Creating package script '/home/csd/CSD-Project/install/pyPackage/share/pyPackage/package.sh'
[9.798s] INFO:colcon.colcon_core.shell:Creating package script '/home/csd/CSD-Project/install/pyPackage/share/pyPackage/package.bash'
[9.803s] INFO:colcon.colcon_core.shell:Creating package script '/home/csd/CSD-Project/install/pyPackage/share/pyPackage/package.zsh'
[9.806s] Level 1:colcon.colcon_core.environment:create_file_with_runtime_dependencies(/home/csd/CSD-Project/install/pyPackage/share/colcon-core/packages/pyPackage)
[9.807s] DEBUG:colcon.colcon_parallel_executor.executor.parallel:closing loop
[9.808s] DEBUG:colcon.colcon_parallel_executor.executor.parallel:loop closed
[9.809s] DEBUG:colcon.colcon_parallel_executor.executor.parallel:run_until_complete finished with '0'
[9.809s] DEBUG:colcon.colcon_core.event_reactor:joining thread
[9.885s] INFO:colcon.colcon_core.plugin_system:Skipping extension 'colcon_notification.desktop_notification.notify_send': Could not find 'notify-send'
[9.886s] INFO:colcon.colcon_core.plugin_system:Skipping extension 'colcon_notification.desktop_notification.terminal_notifier': Not used on non-Darwin systems
[9.886s] INFO:colcon.colcon_core.plugin_system:Skipping extension 'colcon_notification.desktop_notification.win32': Not used on non-Windows systems
[9.886s] INFO:colcon.colcon_notification.desktop_notification:Sending desktop notification using 'notify2'
[9.889s] DEBUG:colcon.colcon_notification.desktop_notification.notify2:Failed to initialize notify2: org.freedesktop.DBus.Error.ServiceUnknown: The name org.freedesktop.Notifications was not provided by any .service files
[9.889s] DEBUG:colcon.colcon_core.event_reactor:joined thread
[9.946s] INFO:colcon.colcon_core.shell:Creating prefix script '/home/csd/CSD-Project/install/local_setup.ps1'
[9.950s] INFO:colcon.colcon_core.shell:Creating prefix util module '/home/csd/CSD-Project/install/_local_setup_util_ps1.py'
[9.955s] INFO:colcon.colcon_core.shell:Creating prefix chain script '/home/csd/CSD-Project/install/setup.ps1'
[10.011s] INFO:colcon.colcon_core.shell:Creating prefix script '/home/csd/CSD-Project/install/local_setup.sh'
[10.013s] INFO:colcon.colcon_core.shell:Creating prefix util module '/home/csd/CSD-Project/install/_local_setup_util_sh.py'
[10.016s] INFO:colcon.colcon_core.shell:Creating prefix chain script '/home/csd/CSD-Project/install/setup.sh'
[10.071s] INFO:colcon.colcon_core.shell:Creating prefix script '/home/csd/CSD-Project/install/local_setup.bash'
[10.074s] INFO:colcon.colcon_core.shell:Creating prefix chain script '/home/csd/CSD-Project/install/setup.bash'
[10.129s] INFO:colcon.colcon_core.shell:Creating prefix script '/home/csd/CSD-Project/install/local_setup.zsh'
[10.131s] INFO:colcon.colcon_core.shell:Creating prefix chain script '/home/csd/CSD-Project/install/setup.zsh'
