[3.867s] DEBUG:colcon:Command line arguments: ['/usr/bin/colcon', 'build']
[3.867s] DEBUG:colcon:Parsed command line arguments: Namespace(log_base=None, log_level=None, verb_name='build', build_base='build', install_base='install', merge_install=False, symlink_install=False, test_result_base=None, continue_on_error=False, executor='parallel', parallel_workers=4, event_handlers=None, ignore_user_meta=False, metas=['./colcon.meta'], base_paths=['.'], packages_ignore=None, packages_ignore_regex=None, paths=None, packages_up_to=None, packages_up_to_regex=None, packages_above=None, packages_above_and_dependencies=None, packages_above_depth=None, packages_select_by_dep=None, packages_skip_by_dep=None, packages_skip_up_to=None, packages_select_build_failed=False, packages_skip_build_finished=False, packages_select_test_failures=False, packages_skip_test_passed=False, packages_select=None, packages_skip=None, packages_select_regex=None, packages_skip_regex=None, packages_start=None, packages_end=None, allow_overriding=[], cmake_args=None, cmake_target=None, cmake_target_skip_unavailable=False, cmake_clean_cache=False, cmake_clean_first=False, cmake_force_configure=False, ament_cmake_args=None, catkin_cmake_args=None, catkin_skip_building_tests=False, verb_parser=<colcon_defaults.argument_parser.defaults.DefaultArgumentsDecorator object at 0xffff975624d0>, verb_extension=<colcon_core.verb.build.BuildVerb object at 0xffff97562620>, main=<bound method BuildVerb.main of <colcon_core.verb.build.BuildVerb object at 0xffff97562620>>)
[4.054s] Level 1:colcon.colcon_core.package_discovery:discover_packages(colcon_meta) check parameters
[4.054s] Level 1:colcon.colcon_core.package_discovery:discover_packages(recursive) check parameters
[4.054s] Level 1:colcon.colcon_core.package_discovery:discover_packages(ignore) check parameters
[4.054s] Level 1:colcon.colcon_core.package_discovery:discover_packages(path) check parameters
[4.054s] Level 1:colcon.colcon_core.package_discovery:discover_packages(colcon_meta) discover
[4.055s] Level 1:colcon.colcon_core.package_discovery:discover_packages(recursive) discover
[4.055s] INFO:colcon.colcon_core.package_discovery:Crawling recursively for packages in '/home/csd/CSD-Project'
[4.055s] Level 1:colcon.colcon_core.package_identification:_identify(.) by extensions ['ignore', 'ignore_ament_install']
[4.056s] Level 1:colcon.colcon_core.package_identification:_identify(.) by extension 'ignore'
[4.056s] Level 1:colcon.colcon_core.package_identification:_identify(.) by extension 'ignore_ament_install'
[4.056s] Level 1:colcon.colcon_core.package_identification:_identify(.) by extensions ['colcon_pkg']
[4.056s] Level 1:colcon.colcon_core.package_identification:_identify(.) by extension 'colcon_pkg'
[4.056s] Level 1:colcon.colcon_core.package_identification:_identify(.) by extensions ['colcon_meta']
[4.056s] Level 1:colcon.colcon_core.package_identification:_identify(.) by extension 'colcon_meta'
[4.057s] Level 1:colcon.colcon_core.package_identification:_identify(.) by extensions ['ros']
[4.057s] Level 1:colcon.colcon_core.package_identification:_identify(.) by extension 'ros'
[4.103s] Level 1:colcon.colcon_core.package_identification:_identify(.) by extensions ['cmake', 'python']
[4.104s] Level 1:colcon.colcon_core.package_identification:_identify(.) by extension 'cmake'
[4.104s] Level 1:colcon.colcon_core.package_identification:_identify(.) by extension 'python'
[4.104s] Level 1:colcon.colcon_core.package_identification:_identify(.) by extensions ['python_setup_py']
[4.104s] Level 1:colcon.colcon_core.package_identification:_identify(.) by extension 'python_setup_py'
[4.105s] Level 1:colcon.colcon_core.package_identification:_identify(build) by extensions ['ignore', 'ignore_ament_install']
[4.105s] Level 1:colcon.colcon_core.package_identification:_identify(build) by extension 'ignore'
[4.105s] Level 1:colcon.colcon_core.package_identification:_identify(build) ignored
[4.106s] Level 1:colcon.colcon_core.package_identification:_identify(install) by extensions ['ignore', 'ignore_ament_install']
[4.106s] Level 1:colcon.colcon_core.package_identification:_identify(install) by extension 'ignore'
[4.106s] Level 1:colcon.colcon_core.package_identification:_identify(install) ignored
[4.107s] Level 1:colcon.colcon_core.package_identification:_identify(log) by extensions ['ignore', 'ignore_ament_install']
[4.107s] Level 1:colcon.colcon_core.package_identification:_identify(log) by extension 'ignore'
[4.107s] Level 1:colcon.colcon_core.package_identification:_identify(log) ignored
[4.108s] Level 1:colcon.colcon_core.package_identification:_identify(src) by extensions ['ignore', 'ignore_ament_install']
[4.108s] Level 1:colcon.colcon_core.package_identification:_identify(src) by extension 'ignore'
[4.108s] Level 1:colcon.colcon_core.package_identification:_identify(src) by extension 'ignore_ament_install'
[4.108s] Level 1:colcon.colcon_core.package_identification:_identify(src) by extensions ['colcon_pkg']
[4.109s] Level 1:colcon.colcon_core.package_identification:_identify(src) by extension 'colcon_pkg'
[4.109s] Level 1:colcon.colcon_core.package_identification:_identify(src) by extensions ['colcon_meta']
[4.109s] Level 1:colcon.colcon_core.package_identification:_identify(src) by extension 'colcon_meta'
[4.109s] Level 1:colcon.colcon_core.package_identification:_identify(src) by extensions ['ros']
[4.109s] Level 1:colcon.colcon_core.package_identification:_identify(src) by extension 'ros'
[4.109s] Level 1:colcon.colcon_core.package_identification:_identify(src) by extensions ['cmake', 'python']
[4.110s] Level 1:colcon.colcon_core.package_identification:_identify(src) by extension 'cmake'
[4.110s] Level 1:colcon.colcon_core.package_identification:_identify(src) by extension 'python'
[4.110s] Level 1:colcon.colcon_core.package_identification:_identify(src) by extensions ['python_setup_py']
[4.110s] Level 1:colcon.colcon_core.package_identification:_identify(src) by extension 'python_setup_py'
[4.110s] Level 1:colcon.colcon_core.package_identification:_identify(src/picar_pro) by extensions ['ignore', 'ignore_ament_install']
[4.111s] Level 1:colcon.colcon_core.package_identification:_identify(src/picar_pro) by extension 'ignore'
[4.111s] Level 1:colcon.colcon_core.package_identification:_identify(src/picar_pro) by extension 'ignore_ament_install'
[4.111s] Level 1:colcon.colcon_core.package_identification:_identify(src/picar_pro) by extensions ['colcon_pkg']
[4.111s] Level 1:colcon.colcon_core.package_identification:_identify(src/picar_pro) by extension 'colcon_pkg'
[4.111s] Level 1:colcon.colcon_core.package_identification:_identify(src/picar_pro) by extensions ['colcon_meta']
[4.111s] Level 1:colcon.colcon_core.package_identification:_identify(src/picar_pro) by extension 'colcon_meta'
[4.112s] Level 1:colcon.colcon_core.package_identification:_identify(src/picar_pro) by extensions ['ros']
[4.112s] Level 1:colcon.colcon_core.package_identification:_identify(src/picar_pro) by extension 'ros'
[4.120s] DEBUG:colcon.colcon_core.package_identification:Package 'src/picar_pro' with type 'ros.ament_python' and name 'picar_pro'
[4.121s] Level 1:colcon.colcon_core.package_identification:_identify(src/py_package) by extensions ['ignore', 'ignore_ament_install']
[4.121s] Level 1:colcon.colcon_core.package_identification:_identify(src/py_package) by extension 'ignore'
[4.121s] Level 1:colcon.colcon_core.package_identification:_identify(src/py_package) by extension 'ignore_ament_install'
[4.122s] Level 1:colcon.colcon_core.package_identification:_identify(src/py_package) by extensions ['colcon_pkg']
[4.122s] Level 1:colcon.colcon_core.package_identification:_identify(src/py_package) by extension 'colcon_pkg'
[4.122s] Level 1:colcon.colcon_core.package_identification:_identify(src/py_package) by extensions ['colcon_meta']
[4.122s] Level 1:colcon.colcon_core.package_identification:_identify(src/py_package) by extension 'colcon_meta'
[4.122s] Level 1:colcon.colcon_core.package_identification:_identify(src/py_package) by extensions ['ros']
[4.122s] Level 1:colcon.colcon_core.package_identification:_identify(src/py_package) by extension 'ros'
[4.124s] DEBUG:colcon.colcon_core.package_identification:Package 'src/py_package' with type 'ros.ament_python' and name 'py_package'
[4.125s] Level 1:colcon.colcon_core.package_identification:_identify(src/smart_arm) by extensions ['ignore', 'ignore_ament_install']
[4.125s] Level 1:colcon.colcon_core.package_identification:_identify(src/smart_arm) by extension 'ignore'
[4.125s] Level 1:colcon.colcon_core.package_identification:_identify(src/smart_arm) by extension 'ignore_ament_install'
[4.126s] Level 1:colcon.colcon_core.package_identification:_identify(src/smart_arm) by extensions ['colcon_pkg']
[4.126s] Level 1:colcon.colcon_core.package_identification:_identify(src/smart_arm) by extension 'colcon_pkg'
[4.126s] Level 1:colcon.colcon_core.package_identification:_identify(src/smart_arm) by extensions ['colcon_meta']
[4.126s] Level 1:colcon.colcon_core.package_identification:_identify(src/smart_arm) by extension 'colcon_meta'
[4.126s] Level 1:colcon.colcon_core.package_identification:_identify(src/smart_arm) by extensions ['ros']
[4.126s] Level 1:colcon.colcon_core.package_identification:_identify(src/smart_arm) by extension 'ros'
[4.128s] DEBUG:colcon.colcon_core.package_identification:Package 'src/smart_arm' with type 'ros.ament_python' and name 'smart_arm'
[4.128s] Level 1:colcon.colcon_core.package_discovery:discover_packages(recursive) using defaults
[4.129s] Level 1:colcon.colcon_core.package_discovery:discover_packages(ignore) discover
[4.129s] Level 1:colcon.colcon_core.package_discovery:discover_packages(ignore) using defaults
[4.129s] Level 1:colcon.colcon_core.package_discovery:discover_packages(path) discover
[4.129s] Level 1:colcon.colcon_core.package_discovery:discover_packages(path) using defaults
[4.476s] Level 1:colcon.colcon_core.package_discovery:discover_packages(prefix_path) check parameters
[4.476s] Level 1:colcon.colcon_core.package_discovery:discover_packages(prefix_path) discover
[4.592s] DEBUG:colcon.colcon_installed_package_information.package_discovery:Found 4 installed packages in /home/csd/CSD-Project/install
[4.651s] DEBUG:colcon.colcon_installed_package_information.package_discovery:Found 192 installed packages in /opt/ros/iron
[4.658s] Level 1:colcon.colcon_core.package_discovery:discover_packages(prefix_path) using defaults
[4.909s] Level 5:colcon.colcon_core.verb:set package 'picar_pro' build argument 'cmake_args' from command line to 'None'
[4.909s] Level 5:colcon.colcon_core.verb:set package 'picar_pro' build argument 'cmake_target' from command line to 'None'
[4.909s] Level 5:colcon.colcon_core.verb:set package 'picar_pro' build argument 'cmake_target_skip_unavailable' from command line to 'False'
[4.909s] Level 5:colcon.colcon_core.verb:set package 'picar_pro' build argument 'cmake_clean_cache' from command line to 'False'
[4.909s] Level 5:colcon.colcon_core.verb:set package 'picar_pro' build argument 'cmake_clean_first' from command line to 'False'
[4.909s] Level 5:colcon.colcon_core.verb:set package 'picar_pro' build argument 'cmake_force_configure' from command line to 'False'
[4.910s] Level 5:colcon.colcon_core.verb:set package 'picar_pro' build argument 'ament_cmake_args' from command line to 'None'
[4.910s] Level 5:colcon.colcon_core.verb:set package 'picar_pro' build argument 'catkin_cmake_args' from command line to 'None'
[4.910s] Level 5:colcon.colcon_core.verb:set package 'picar_pro' build argument 'catkin_skip_building_tests' from command line to 'False'
[4.910s] DEBUG:colcon.colcon_core.verb:Building package 'picar_pro' with the following arguments: {'ament_cmake_args': None, 'build_base': '/home/csd/CSD-Project/build/picar_pro', 'catkin_cmake_args': None, 'catkin_skip_building_tests': False, 'cmake_args': None, 'cmake_clean_cache': False, 'cmake_clean_first': False, 'cmake_force_configure': False, 'cmake_target': None, 'cmake_target_skip_unavailable': False, 'install_base': '/home/csd/CSD-Project/install/picar_pro', 'merge_install': False, 'path': '/home/csd/CSD-Project/src/picar_pro', 'symlink_install': False, 'test_result_base': None}
[4.965s] Level 5:colcon.colcon_core.verb:set package 'py_package' build argument 'cmake_args' from command line to 'None'
[4.965s] Level 5:colcon.colcon_core.verb:set package 'py_package' build argument 'cmake_target' from command line to 'None'
[4.965s] Level 5:colcon.colcon_core.verb:set package 'py_package' build argument 'cmake_target_skip_unavailable' from command line to 'False'
[4.965s] Level 5:colcon.colcon_core.verb:set package 'py_package' build argument 'cmake_clean_cache' from command line to 'False'
[4.965s] Level 5:colcon.colcon_core.verb:set package 'py_package' build argument 'cmake_clean_first' from command line to 'False'
[4.965s] Level 5:colcon.colcon_core.verb:set package 'py_package' build argument 'cmake_force_configure' from command line to 'False'
[4.966s] Level 5:colcon.colcon_core.verb:set package 'py_package' build argument 'ament_cmake_args' from command line to 'None'
[4.966s] Level 5:colcon.colcon_core.verb:set package 'py_package' build argument 'catkin_cmake_args' from command line to 'None'
[4.966s] Level 5:colcon.colcon_core.verb:set package 'py_package' build argument 'catkin_skip_building_tests' from command line to 'False'
[4.966s] DEBUG:colcon.colcon_core.verb:Building package 'py_package' with the following arguments: {'ament_cmake_args': None, 'build_base': '/home/csd/CSD-Project/build/py_package', 'catkin_cmake_args': None, 'catkin_skip_building_tests': False, 'cmake_args': None, 'cmake_clean_cache': False, 'cmake_clean_first': False, 'cmake_force_configure': False, 'cmake_target': None, 'cmake_target_skip_unavailable': False, 'install_base': '/home/csd/CSD-Project/install/py_package', 'merge_install': False, 'path': '/home/csd/CSD-Project/src/py_package', 'symlink_install': False, 'test_result_base': None}
[5.022s] Level 5:colcon.colcon_core.verb:set package 'smart_arm' build argument 'cmake_args' from command line to 'None'
[5.023s] Level 5:colcon.colcon_core.verb:set package 'smart_arm' build argument 'cmake_target' from command line to 'None'
[5.023s] Level 5:colcon.colcon_core.verb:set package 'smart_arm' build argument 'cmake_target_skip_unavailable' from command line to 'False'
[5.023s] Level 5:colcon.colcon_core.verb:set package 'smart_arm' build argument 'cmake_clean_cache' from command line to 'False'
[5.023s] Level 5:colcon.colcon_core.verb:set package 'smart_arm' build argument 'cmake_clean_first' from command line to 'False'
[5.023s] Level 5:colcon.colcon_core.verb:set package 'smart_arm' build argument 'cmake_force_configure' from command line to 'False'
[5.023s] Level 5:colcon.colcon_core.verb:set package 'smart_arm' build argument 'ament_cmake_args' from command line to 'None'
[5.023s] Level 5:colcon.colcon_core.verb:set package 'smart_arm' build argument 'catkin_cmake_args' from command line to 'None'
[5.023s] Level 5:colcon.colcon_core.verb:set package 'smart_arm' build argument 'catkin_skip_building_tests' from command line to 'False'
[5.023s] DEBUG:colcon.colcon_core.verb:Building package 'smart_arm' with the following arguments: {'ament_cmake_args': None, 'build_base': '/home/csd/CSD-Project/build/smart_arm', 'catkin_cmake_args': None, 'catkin_skip_building_tests': False, 'cmake_args': None, 'cmake_clean_cache': False, 'cmake_clean_first': False, 'cmake_force_configure': False, 'cmake_target': None, 'cmake_target_skip_unavailable': False, 'install_base': '/home/csd/CSD-Project/install/smart_arm', 'merge_install': False, 'path': '/home/csd/CSD-Project/src/smart_arm', 'symlink_install': False, 'test_result_base': None}
[5.077s] INFO:colcon.colcon_core.executor:Executing jobs using 'parallel' executor
[5.134s] DEBUG:colcon.colcon_parallel_executor.executor.parallel:run_until_complete
[5.135s] INFO:colcon.colcon_ros.task.ament_python.build:Building ROS package in '/home/csd/CSD-Project/src/picar_pro' with build type 'ament_python'
[5.136s] Level 1:colcon.colcon_core.shell:create_environment_hook('picar_pro', 'ament_prefix_path')
[5.199s] INFO:colcon.colcon_core.plugin_system:Skipping extension 'colcon_core.shell.bat': Not used on non-Windows systems
[5.200s] INFO:colcon.colcon_core.shell:Creating environment hook '/home/csd/CSD-Project/install/picar_pro/share/picar_pro/hook/ament_prefix_path.ps1'
[5.203s] INFO:colcon.colcon_core.shell:Creating environment descriptor '/home/csd/CSD-Project/install/picar_pro/share/picar_pro/hook/ament_prefix_path.dsv'
[5.204s] INFO:colcon.colcon_core.shell:Creating environment hook '/home/csd/CSD-Project/install/picar_pro/share/picar_pro/hook/ament_prefix_path.sh'
[5.263s] INFO:colcon.colcon_core.shell:Skip shell extension 'powershell' for command environment: Not usable outside of PowerShell
[5.263s] DEBUG:colcon.colcon_core.shell:Skip shell extension 'dsv' for command environment
[5.441s] INFO:colcon.colcon_ros.task.ament_python.build:Building ROS package in '/home/csd/CSD-Project/src/py_package' with build type 'ament_python'
[5.442s] Level 1:colcon.colcon_core.shell:create_environment_hook('py_package', 'ament_prefix_path')
[5.500s] INFO:colcon.colcon_core.shell:Creating environment hook '/home/csd/CSD-Project/install/py_package/share/py_package/hook/ament_prefix_path.ps1'
[5.502s] INFO:colcon.colcon_core.shell:Creating environment descriptor '/home/csd/CSD-Project/install/py_package/share/py_package/hook/ament_prefix_path.dsv'
[5.504s] INFO:colcon.colcon_core.shell:Creating environment hook '/home/csd/CSD-Project/install/py_package/share/py_package/hook/ament_prefix_path.sh'
[5.561s] INFO:colcon.colcon_core.shell:Skip shell extension 'powershell' for command environment: Not usable outside of PowerShell
[5.562s] DEBUG:colcon.colcon_core.shell:Skip shell extension 'dsv' for command environment
[5.738s] INFO:colcon.colcon_ros.task.ament_python.build:Building ROS package in '/home/csd/CSD-Project/src/smart_arm' with build type 'ament_python'
[5.739s] Level 1:colcon.colcon_core.shell:create_environment_hook('smart_arm', 'ament_prefix_path')
[5.798s] INFO:colcon.colcon_core.shell:Creating environment hook '/home/csd/CSD-Project/install/smart_arm/share/smart_arm/hook/ament_prefix_path.ps1'
[5.800s] INFO:colcon.colcon_core.shell:Creating environment descriptor '/home/csd/CSD-Project/install/smart_arm/share/smart_arm/hook/ament_prefix_path.dsv'
[5.801s] INFO:colcon.colcon_core.shell:Creating environment hook '/home/csd/CSD-Project/install/smart_arm/share/smart_arm/hook/ament_prefix_path.sh'
[5.859s] INFO:colcon.colcon_core.shell:Skip shell extension 'powershell' for command environment: Not usable outside of PowerShell
[5.859s] DEBUG:colcon.colcon_core.shell:Skip shell extension 'dsv' for command environment
[7.086s] INFO:colcon.colcon_core.task.python.build:Building Python package in '/home/csd/CSD-Project/src/picar_pro'
[7.145s] INFO:colcon.colcon_core.shell:Skip shell extension 'powershell' for command environment: Not usable outside of PowerShell
[7.145s] DEBUG:colcon.colcon_core.shell:Skip shell extension 'dsv' for command environment
[8.374s] INFO:colcon.colcon_core.task.python.build:Building Python package in '/home/csd/CSD-Project/src/py_package'
[8.429s] INFO:colcon.colcon_core.shell:Skip shell extension 'powershell' for command environment: Not usable outside of PowerShell
[8.429s] DEBUG:colcon.colcon_core.shell:Skip shell extension 'dsv' for command environment
[9.657s] INFO:colcon.colcon_core.task.python.build:Building Python package in '/home/csd/CSD-Project/src/smart_arm'
[9.713s] INFO:colcon.colcon_core.shell:Skip shell extension 'powershell' for command environment: Not usable outside of PowerShell
[9.714s] DEBUG:colcon.colcon_core.shell:Skip shell extension 'dsv' for command environment
[11.946s] DEBUG:colcon.colcon_core.event_handler.log_command:Invoking command in '/home/csd/CSD-Project/src/picar_pro': PYTHONPATH=/home/csd/CSD-Project/build/picar_pro/prefix_override:/home/csd/CSD-Project/install/picar_pro/lib/python3.10/site-packages:${PYTHONPATH} /usr/bin/python3 setup.py egg_info --egg-base ../../build/picar_pro build --build-base /home/csd/CSD-Project/build/picar_pro/build install --record /home/csd/CSD-Project/build/picar_pro/install.log --single-version-externally-managed
[11.975s] DEBUG:colcon.colcon_core.event_handler.log_command:Invoking command in '/home/csd/CSD-Project/src/py_package': PYTHONPATH=/home/csd/CSD-Project/build/py_package/prefix_override:/home/csd/CSD-Project/install/py_package/lib/python3.10/site-packages:${PYTHONPATH} /usr/bin/python3 setup.py egg_info --egg-base ../../build/py_package build --build-base /home/csd/CSD-Project/build/py_package/build install --record /home/csd/CSD-Project/build/py_package/install.log --single-version-externally-managed
[11.989s] DEBUG:colcon.colcon_core.event_handler.log_command:Invoking command in '/home/csd/CSD-Project/src/smart_arm': PYTHONPATH=/home/csd/CSD-Project/build/smart_arm/prefix_override:/home/csd/CSD-Project/install/smart_arm/lib/python3.10/site-packages:${PYTHONPATH} /usr/bin/python3 setup.py egg_info --egg-base ../../build/smart_arm build --build-base /home/csd/CSD-Project/build/smart_arm/build install --record /home/csd/CSD-Project/build/smart_arm/install.log --single-version-externally-managed
[13.668s] DEBUG:colcon.colcon_core.event_handler.log_command:Invoked command in '/home/csd/CSD-Project/src/py_package' returned '0': PYTHONPATH=/home/csd/CSD-Project/build/py_package/prefix_override:/home/csd/CSD-Project/install/py_package/lib/python3.10/site-packages:${PYTHONPATH} /usr/bin/python3 setup.py egg_info --egg-base ../../build/py_package build --build-base /home/csd/CSD-Project/build/py_package/build install --record /home/csd/CSD-Project/build/py_package/install.log --single-version-externally-managed
[13.749s] Level 1:colcon.colcon_core.environment:checking '/home/csd/CSD-Project/install/py_package' for CMake module files
[13.751s] Level 1:colcon.colcon_core.environment:checking '/home/csd/CSD-Project/install/py_package' for CMake config files
[13.755s] Level 1:colcon.colcon_core.environment:checking '/home/csd/CSD-Project/install/py_package/lib'
[13.755s] Level 1:colcon.colcon_core.environment:checking '/home/csd/CSD-Project/install/py_package/bin'
[13.756s] Level 1:colcon.colcon_core.environment:checking '/home/csd/CSD-Project/install/py_package/lib/pkgconfig/py_package.pc'
[13.757s] Level 1:colcon.colcon_core.environment:checking '/home/csd/CSD-Project/install/py_package/lib/python3.10/site-packages'
[13.757s] Level 1:colcon.colcon_core.shell:create_environment_hook('py_package', 'pythonpath')
[13.812s] INFO:colcon.colcon_core.shell:Creating environment hook '/home/csd/CSD-Project/install/py_package/share/py_package/hook/pythonpath.ps1'
[13.814s] INFO:colcon.colcon_core.shell:Creating environment descriptor '/home/csd/CSD-Project/install/py_package/share/py_package/hook/pythonpath.dsv'
[13.816s] INFO:colcon.colcon_core.shell:Creating environment hook '/home/csd/CSD-Project/install/py_package/share/py_package/hook/pythonpath.sh'
[13.818s] Level 1:colcon.colcon_core.environment:checking '/home/csd/CSD-Project/install/py_package/bin'
[13.819s] Level 1:colcon.colcon_core.environment:create_environment_scripts_only(py_package)
[13.874s] INFO:colcon.colcon_core.shell:Creating package script '/home/csd/CSD-Project/install/py_package/share/py_package/package.ps1'
[13.887s] INFO:colcon.colcon_core.shell:Creating package descriptor '/home/csd/CSD-Project/install/py_package/share/py_package/package.dsv'
[13.890s] INFO:colcon.colcon_core.shell:Creating package script '/home/csd/CSD-Project/install/py_package/share/py_package/package.sh'
[13.894s] INFO:colcon.colcon_core.shell:Creating package script '/home/csd/CSD-Project/install/py_package/share/py_package/package.bash'
[13.898s] INFO:colcon.colcon_core.shell:Creating package script '/home/csd/CSD-Project/install/py_package/share/py_package/package.zsh'
[13.901s] Level 1:colcon.colcon_core.environment:create_file_with_runtime_dependencies(/home/csd/CSD-Project/install/py_package/share/colcon-core/packages/py_package)
[13.912s] DEBUG:colcon.colcon_core.event_handler.log_command:Invoked command in '/home/csd/CSD-Project/src/picar_pro' returned '0': PYTHONPATH=/home/csd/CSD-Project/build/picar_pro/prefix_override:/home/csd/CSD-Project/install/picar_pro/lib/python3.10/site-packages:${PYTHONPATH} /usr/bin/python3 setup.py egg_info --egg-base ../../build/picar_pro build --build-base /home/csd/CSD-Project/build/picar_pro/build install --record /home/csd/CSD-Project/build/picar_pro/install.log --single-version-externally-managed
[13.967s] Level 1:colcon.colcon_core.environment:checking '/home/csd/CSD-Project/install/picar_pro' for CMake module files
[13.969s] Level 1:colcon.colcon_core.environment:checking '/home/csd/CSD-Project/install/picar_pro' for CMake config files
[13.972s] Level 1:colcon.colcon_core.environment:checking '/home/csd/CSD-Project/install/picar_pro/lib'
[13.973s] Level 1:colcon.colcon_core.environment:checking '/home/csd/CSD-Project/install/picar_pro/bin'
[13.973s] Level 1:colcon.colcon_core.environment:checking '/home/csd/CSD-Project/install/picar_pro/lib/pkgconfig/picar_pro.pc'
[13.974s] Level 1:colcon.colcon_core.environment:checking '/home/csd/CSD-Project/install/picar_pro/lib/python3.10/site-packages'
[13.974s] Level 1:colcon.colcon_core.shell:create_environment_hook('picar_pro', 'pythonpath')
[14.029s] INFO:colcon.colcon_core.shell:Creating environment hook '/home/csd/CSD-Project/install/picar_pro/share/picar_pro/hook/pythonpath.ps1'
[14.031s] INFO:colcon.colcon_core.shell:Creating environment descriptor '/home/csd/CSD-Project/install/picar_pro/share/picar_pro/hook/pythonpath.dsv'
[14.033s] INFO:colcon.colcon_core.shell:Creating environment hook '/home/csd/CSD-Project/install/picar_pro/share/picar_pro/hook/pythonpath.sh'
[14.035s] Level 1:colcon.colcon_core.environment:checking '/home/csd/CSD-Project/install/picar_pro/bin'
[14.036s] Level 1:colcon.colcon_core.environment:create_environment_scripts_only(picar_pro)
[14.092s] INFO:colcon.colcon_core.shell:Creating package script '/home/csd/CSD-Project/install/picar_pro/share/picar_pro/package.ps1'
[14.094s] INFO:colcon.colcon_core.shell:Creating package descriptor '/home/csd/CSD-Project/install/picar_pro/share/picar_pro/package.dsv'
[14.096s] INFO:colcon.colcon_core.shell:Creating package script '/home/csd/CSD-Project/install/picar_pro/share/picar_pro/package.sh'
[14.098s] INFO:colcon.colcon_core.shell:Creating package script '/home/csd/CSD-Project/install/picar_pro/share/picar_pro/package.bash'
[14.100s] INFO:colcon.colcon_core.shell:Creating package script '/home/csd/CSD-Project/install/picar_pro/share/picar_pro/package.zsh'
[14.101s] Level 1:colcon.colcon_core.environment:create_file_with_runtime_dependencies(/home/csd/CSD-Project/install/picar_pro/share/colcon-core/packages/picar_pro)
[14.112s] DEBUG:colcon.colcon_core.event_handler.log_command:Invoked command in '/home/csd/CSD-Project/src/smart_arm' returned '0': PYTHONPATH=/home/csd/CSD-Project/build/smart_arm/prefix_override:/home/csd/CSD-Project/install/smart_arm/lib/python3.10/site-packages:${PYTHONPATH} /usr/bin/python3 setup.py egg_info --egg-base ../../build/smart_arm build --build-base /home/csd/CSD-Project/build/smart_arm/build install --record /home/csd/CSD-Project/build/smart_arm/install.log --single-version-externally-managed
[14.163s] Level 1:colcon.colcon_core.environment:checking '/home/csd/CSD-Project/install/smart_arm' for CMake module files
[14.165s] Level 1:colcon.colcon_core.environment:checking '/home/csd/CSD-Project/install/smart_arm' for CMake config files
[14.168s] Level 1:colcon.colcon_core.environment:checking '/home/csd/CSD-Project/install/smart_arm/lib'
[14.169s] Level 1:colcon.colcon_core.environment:checking '/home/csd/CSD-Project/install/smart_arm/bin'
[14.169s] Level 1:colcon.colcon_core.environment:checking '/home/csd/CSD-Project/install/smart_arm/lib/pkgconfig/smart_arm.pc'
[14.170s] Level 1:colcon.colcon_core.environment:checking '/home/csd/CSD-Project/install/smart_arm/lib/python3.10/site-packages'
[14.170s] Level 1:colcon.colcon_core.shell:create_environment_hook('smart_arm', 'pythonpath')
[14.225s] INFO:colcon.colcon_core.shell:Creating environment hook '/home/csd/CSD-Project/install/smart_arm/share/smart_arm/hook/pythonpath.ps1'
[14.227s] INFO:colcon.colcon_core.shell:Creating environment descriptor '/home/csd/CSD-Project/install/smart_arm/share/smart_arm/hook/pythonpath.dsv'
[14.229s] INFO:colcon.colcon_core.shell:Creating environment hook '/home/csd/CSD-Project/install/smart_arm/share/smart_arm/hook/pythonpath.sh'
[14.232s] Level 1:colcon.colcon_core.environment:checking '/home/csd/CSD-Project/install/smart_arm/bin'
[14.232s] Level 1:colcon.colcon_core.environment:create_environment_scripts_only(smart_arm)
[14.287s] INFO:colcon.colcon_core.shell:Creating package script '/home/csd/CSD-Project/install/smart_arm/share/smart_arm/package.ps1'
[14.289s] INFO:colcon.colcon_core.shell:Creating package descriptor '/home/csd/CSD-Project/install/smart_arm/share/smart_arm/package.dsv'
[14.291s] INFO:colcon.colcon_core.shell:Creating package script '/home/csd/CSD-Project/install/smart_arm/share/smart_arm/package.sh'
[14.293s] INFO:colcon.colcon_core.shell:Creating package script '/home/csd/CSD-Project/install/smart_arm/share/smart_arm/package.bash'
[14.295s] INFO:colcon.colcon_core.shell:Creating package script '/home/csd/CSD-Project/install/smart_arm/share/smart_arm/package.zsh'
[14.296s] Level 1:colcon.colcon_core.environment:create_file_with_runtime_dependencies(/home/csd/CSD-Project/install/smart_arm/share/colcon-core/packages/smart_arm)
[14.297s] DEBUG:colcon.colcon_parallel_executor.executor.parallel:closing loop
[14.299s] DEBUG:colcon.colcon_parallel_executor.executor.parallel:loop closed
[14.299s] DEBUG:colcon.colcon_parallel_executor.executor.parallel:run_until_complete finished with '0'
[14.299s] DEBUG:colcon.colcon_core.event_reactor:joining thread
[14.417s] INFO:colcon.colcon_core.plugin_system:Skipping extension 'colcon_notification.desktop_notification.notify_send': Could not find 'notify-send'
[14.418s] INFO:colcon.colcon_core.plugin_system:Skipping extension 'colcon_notification.desktop_notification.terminal_notifier': Not used on non-Darwin systems
[14.418s] INFO:colcon.colcon_core.plugin_system:Skipping extension 'colcon_notification.desktop_notification.win32': Not used on non-Windows systems
[14.418s] INFO:colcon.colcon_notification.desktop_notification:Sending desktop notification using 'notify2'
[14.421s] DEBUG:colcon.colcon_notification.desktop_notification.notify2:Failed to initialize notify2: org.freedesktop.DBus.Error.ServiceUnknown: The name org.freedesktop.Notifications was not provided by any .service files
[14.421s] DEBUG:colcon.colcon_core.event_reactor:joined thread
[14.481s] INFO:colcon.colcon_core.shell:Creating prefix script '/home/csd/CSD-Project/install/local_setup.ps1'
[14.484s] INFO:colcon.colcon_core.shell:Creating prefix util module '/home/csd/CSD-Project/install/_local_setup_util_ps1.py'
[14.489s] INFO:colcon.colcon_core.shell:Creating prefix chain script '/home/csd/CSD-Project/install/setup.ps1'
[14.549s] INFO:colcon.colcon_core.shell:Creating prefix script '/home/csd/CSD-Project/install/local_setup.sh'
[14.551s] INFO:colcon.colcon_core.shell:Creating prefix util module '/home/csd/CSD-Project/install/_local_setup_util_sh.py'
[14.553s] INFO:colcon.colcon_core.shell:Creating prefix chain script '/home/csd/CSD-Project/install/setup.sh'
[14.612s] INFO:colcon.colcon_core.shell:Creating prefix script '/home/csd/CSD-Project/install/local_setup.bash'
[14.614s] INFO:colcon.colcon_core.shell:Creating prefix chain script '/home/csd/CSD-Project/install/setup.bash'
[14.673s] INFO:colcon.colcon_core.shell:Creating prefix script '/home/csd/CSD-Project/install/local_setup.zsh'
[14.675s] INFO:colcon.colcon_core.shell:Creating prefix chain script '/home/csd/CSD-Project/install/setup.zsh'
