[3.034s] Invoking command in '/home/csd/CSD-Project/src/picar_pro': PYTHONPATH=/home/csd/CSD-Project/build/picar_pro/prefix_override:/home/csd/CSD-Project/install/picar_pro/lib/python3.10/site-packages:${PYTHONPATH} /usr/bin/python3 setup.py egg_info --egg-base ../../build/picar_pro build --build-base /home/csd/CSD-Project/build/picar_pro/build install --record /home/csd/CSD-Project/build/picar_pro/install.log --single-version-externally-managed
[3.986s] running egg_info
[3.989s] writing ../../build/picar_pro/picar_pro.egg-info/PKG-INFO
[3.990s] writing dependency_links to ../../build/picar_pro/picar_pro.egg-info/dependency_links.txt
[3.991s] writing entry points to ../../build/picar_pro/picar_pro.egg-info/entry_points.txt
[3.991s] writing requirements to ../../build/picar_pro/picar_pro.egg-info/requires.txt
[3.992s] writing top-level names to ../../build/picar_pro/picar_pro.egg-info/top_level.txt
[4.000s] reading manifest file '../../build/picar_pro/picar_pro.egg-info/SOURCES.txt'
[4.001s] adding license file 'LICENSE'
[4.005s] writing manifest file '../../build/picar_pro/picar_pro.egg-info/SOURCES.txt'
[4.005s] running build
[4.006s] running build_py
[4.008s] copying picar_pro/WheelController.py -> /home/csd/CSD-Project/build/picar_pro/build/lib/picar_pro
[4.010s] running install
[4.011s] /usr/lib/python3/dist-packages/setuptools/command/install.py:34: SetuptoolsDeprecationWarning: setup.py install is deprecated. Use build and pip and other standards-based tools.
[4.011s]   warnings.warn(
[4.012s] running install_lib
[4.016s] copying /home/csd/CSD-Project/build/picar_pro/build/lib/picar_pro/WheelController.py -> /home/csd/CSD-Project/install/picar_pro/lib/python3.10/site-packages/picar_pro
[4.021s] byte-compiling /home/csd/CSD-Project/install/picar_pro/lib/python3.10/site-packages/picar_pro/WheelController.py to WheelController.cpython-310.pyc
[4.026s] running install_data
[4.029s] running install_egg_info
[4.035s] removing '/home/csd/CSD-Project/install/picar_pro/lib/python3.10/site-packages/picar_pro-0.0.0-py3.10.egg-info' (and everything under it)
[4.037s] Copying ../../build/picar_pro/picar_pro.egg-info to /home/csd/CSD-Project/install/picar_pro/lib/python3.10/site-packages/picar_pro-0.0.0-py3.10.egg-info
[4.041s] running install_scripts
[4.117s] Installing analysis_handler script to /home/csd/CSD-Project/install/picar_pro/lib/picar_pro
[4.118s] Installing camera_handler script to /home/csd/CSD-Project/install/picar_pro/lib/picar_pro
[4.119s] Installing comm_handler script to /home/csd/CSD-Project/install/picar_pro/lib/picar_pro
[4.119s] Installing picar_handler script to /home/csd/CSD-Project/install/picar_pro/lib/picar_pro
[4.120s] Installing servo_handler script to /home/csd/CSD-Project/install/picar_pro/lib/picar_pro
[4.120s] Installing wheels_handler script to /home/csd/CSD-Project/install/picar_pro/lib/picar_pro
[4.123s] writing list of installed files to '/home/csd/CSD-Project/build/picar_pro/install.log'
[4.236s] Invoked command in '/home/csd/CSD-Project/src/picar_pro' returned '0': PYTHONPATH=/home/csd/CSD-Project/build/picar_pro/prefix_override:/home/csd/CSD-Project/install/picar_pro/lib/python3.10/site-packages:${PYTHONPATH} /usr/bin/python3 setup.py egg_info --egg-base ../../build/picar_pro build --build-base /home/csd/CSD-Project/build/picar_pro/build install --record /home/csd/CSD-Project/build/picar_pro/install.log --single-version-externally-managed
