[4.651s] Invoking command in '/home/csd/CSD-Project/src/smart_arm': PYTHONPATH=/home/csd/CSD-Project/build/smart_arm/prefix_override:/home/csd/CSD-Project/install/smart_arm/lib/python3.10/site-packages:${PYTHONPATH} /usr/bin/python3 setup.py egg_info --egg-base ../../build/smart_arm build --build-base /home/csd/CSD-Project/build/smart_arm/build install --record /home/csd/CSD-Project/build/smart_arm/install.log --single-version-externally-managed
[5.752s] running egg_info
[5.755s] writing ../../build/smart_arm/smart_arm.egg-info/PKG-INFO
[5.756s] writing dependency_links to ../../build/smart_arm/smart_arm.egg-info/dependency_links.txt
[5.757s] writing entry points to ../../build/smart_arm/smart_arm.egg-info/entry_points.txt
[5.758s] writing requirements to ../../build/smart_arm/smart_arm.egg-info/requires.txt
[5.759s] writing top-level names to ../../build/smart_arm/smart_arm.egg-info/top_level.txt
[5.769s] reading manifest file '../../build/smart_arm/smart_arm.egg-info/SOURCES.txt'
[5.771s] adding license file 'LICENSE'
[5.773s] writing manifest file '../../build/smart_arm/smart_arm.egg-info/SOURCES.txt'
[5.774s] running build
[5.774s] running build_py
[5.776s] copying smart_arm/Subscriber.py -> /home/csd/CSD-Project/build/smart_arm/build/lib/smart_arm
[5.778s] running install
[5.779s] /usr/lib/python3/dist-packages/setuptools/command/install.py:34: SetuptoolsDeprecationWarning: setup.py install is deprecated. Use build and pip and other standards-based tools.
[5.780s]   warnings.warn(
[5.780s] running install_lib
[5.785s] copying /home/csd/CSD-Project/build/smart_arm/build/lib/smart_arm/Subscriber.py -> /home/csd/CSD-Project/install/smart_arm/lib/python3.10/site-packages/smart_arm
[5.789s] byte-compiling /home/csd/CSD-Project/install/smart_arm/lib/python3.10/site-packages/smart_arm/Subscriber.py to Subscriber.cpython-310.pyc
[5.792s] running install_data
[5.794s] running install_egg_info
[5.802s] removing '/home/csd/CSD-Project/install/smart_arm/lib/python3.10/site-packages/smart_arm-0.0.0-py3.10.egg-info' (and everything under it)
[5.804s] Copying ../../build/smart_arm/smart_arm.egg-info to /home/csd/CSD-Project/install/smart_arm/lib/python3.10/site-packages/smart_arm-0.0.0-py3.10.egg-info
[5.811s] running install_scripts
[5.909s] Installing car_arm_communication script to /home/csd/CSD-Project/install/smart_arm/lib/smart_arm
[5.915s] Installing claw_motor script to /home/csd/CSD-Project/install/smart_arm/lib/smart_arm
[5.916s] Installing listener script to /home/csd/CSD-Project/install/smart_arm/lib/smart_arm
[5.918s] Installing movement script to /home/csd/CSD-Project/install/smart_arm/lib/smart_arm
[5.919s] Installing servo_handler script to /home/csd/CSD-Project/install/smart_arm/lib/smart_arm
[5.920s] Installing talker script to /home/csd/CSD-Project/install/smart_arm/lib/smart_arm
[5.921s] writing list of installed files to '/home/csd/CSD-Project/build/smart_arm/install.log'
[6.300s] Invoked command in '/home/csd/CSD-Project/src/smart_arm' returned '0': PYTHONPATH=/home/csd/CSD-Project/build/smart_arm/prefix_override:/home/csd/CSD-Project/install/smart_arm/lib/python3.10/site-packages:${PYTHONPATH} /usr/bin/python3 setup.py egg_info --egg-base ../../build/smart_arm build --build-base /home/csd/CSD-Project/build/smart_arm/build install --record /home/csd/CSD-Project/build/smart_arm/install.log --single-version-externally-managed
