/home/csd/CSD-Project/install/picar_pro/lib/python3.10/site-packages/picar_pro/car_arm_communication.py
/home/csd/CSD-Project/install/picar_pro/lib/python3.10/site-packages/picar_pro/claw_motor_car.py
/home/csd/CSD-Project/install/picar_pro/lib/python3.10/site-packages/picar_pro/servo_handler_car.py
/home/csd/CSD-Project/install/picar_pro/lib/python3.10/site-packages/picar_pro/__init__.py
/home/csd/CSD-Project/install/picar_pro/lib/python3.10/site-packages/picar_pro/publisher.py
/home/csd/CSD-Project/install/picar_pro/lib/python3.10/site-packages/picar_pro/wheels_motor.py
/home/csd/CSD-Project/install/picar_pro/lib/python3.10/site-packages/picar_pro/__pycache__/car_arm_communication.cpython-310.pyc
/home/csd/CSD-Project/install/picar_pro/lib/python3.10/site-packages/picar_pro/__pycache__/claw_motor_car.cpython-310.pyc
/home/csd/CSD-Project/install/picar_pro/lib/python3.10/site-packages/picar_pro/__pycache__/servo_handler_car.cpython-310.pyc
/home/csd/CSD-Project/install/picar_pro/lib/python3.10/site-packages/picar_pro/__pycache__/__init__.cpython-310.pyc
/home/csd/CSD-Project/install/picar_pro/lib/python3.10/site-packages/picar_pro/__pycache__/publisher.cpython-310.pyc
/home/csd/CSD-Project/install/picar_pro/lib/python3.10/site-packages/picar_pro/__pycache__/wheels_motor.cpython-310.pyc
/home/csd/CSD-Project/install/picar_pro/share/ament_index/resource_index/packages/picar_pro
/home/csd/CSD-Project/install/picar_pro/share/picar_pro/package.xml
/home/csd/CSD-Project/install/picar_pro/share/picar_pro/Car_launch.py
/home/csd/CSD-Project/install/picar_pro/lib/python3.10/site-packages/picar_pro-0.0.0-py3.10.egg-info/entry_points.txt
/home/csd/CSD-Project/install/picar_pro/lib/python3.10/site-packages/picar_pro-0.0.0-py3.10.egg-info/SOURCES.txt
/home/csd/CSD-Project/install/picar_pro/lib/python3.10/site-packages/picar_pro-0.0.0-py3.10.egg-info/dependency_links.txt
/home/csd/CSD-Project/install/picar_pro/lib/python3.10/site-packages/picar_pro-0.0.0-py3.10.egg-info/PKG-INFO
/home/csd/CSD-Project/install/picar_pro/lib/python3.10/site-packages/picar_pro-0.0.0-py3.10.egg-info/zip-safe
/home/csd/CSD-Project/install/picar_pro/lib/python3.10/site-packages/picar_pro-0.0.0-py3.10.egg-info/requires.txt
/home/csd/CSD-Project/install/picar_pro/lib/python3.10/site-packages/picar_pro-0.0.0-py3.10.egg-info/top_level.txt
/home/csd/CSD-Project/install/picar_pro/lib/picar_pro/car_arm_communication
/home/csd/CSD-Project/install/picar_pro/lib/picar_pro/claw_motor_car
/home/csd/CSD-Project/install/picar_pro/lib/picar_pro/publisher
/home/csd/CSD-Project/install/picar_pro/lib/picar_pro/servo_handler_car
/home/csd/CSD-Project/install/picar_pro/lib/picar_pro/wheels_motor
