[3.004s] Invoking command in '/home/csd/CSD-Project/src/smart_arm': PYTHONPATH=/home/csd/CSD-Project/build/smart_arm/prefix_override:/home/csd/CSD-Project/install/smart_arm/lib/python3.10/site-packages:${PYTHONPATH} /usr/bin/python3 setup.py egg_info --egg-base ../../build/smart_arm build --build-base /home/csd/CSD-Project/build/smart_arm/build install --record /home/csd/CSD-Project/build/smart_arm/install.log --single-version-externally-managed
[3.952s] running egg_info
[3.954s] writing ../../build/smart_arm/smart_arm.egg-info/PKG-INFO
[3.955s] writing dependency_links to ../../build/smart_arm/smart_arm.egg-info/dependency_links.txt
[3.956s] writing entry points to ../../build/smart_arm/smart_arm.egg-info/entry_points.txt
[3.957s] writing requirements to ../../build/smart_arm/smart_arm.egg-info/requires.txt
[3.957s] writing top-level names to ../../build/smart_arm/smart_arm.egg-info/top_level.txt
[3.966s] reading manifest file '../../build/smart_arm/smart_arm.egg-info/SOURCES.txt'
[3.967s] adding license file 'LICENSE'
[3.970s] writing manifest file '../../build/smart_arm/smart_arm.egg-info/SOURCES.txt'
[3.970s] running build
[3.971s] running build_py
[3.971s] copying smart_arm/servo_handler.py -> /home/csd/CSD-Project/build/smart_arm/build/lib/smart_arm
[3.974s] running install
[3.974s] /usr/lib/python3/dist-packages/setuptools/command/install.py:34: SetuptoolsDeprecationWarning: setup.py install is deprecated. Use build and pip and other standards-based tools.
[3.975s]   warnings.warn(
[3.976s] running install_lib
[3.979s] copying /home/csd/CSD-Project/build/smart_arm/build/lib/smart_arm/servo_handler.py -> /home/csd/CSD-Project/install/smart_arm/lib/python3.10/site-packages/smart_arm
[3.982s] byte-compiling /home/csd/CSD-Project/install/smart_arm/lib/python3.10/site-packages/smart_arm/servo_handler.py to servo_handler.cpython-310.pyc
[3.986s] running install_data
[3.989s] running install_egg_info
[3.995s] removing '/home/csd/CSD-Project/install/smart_arm/lib/python3.10/site-packages/smart_arm-0.0.0-py3.10.egg-info' (and everything under it)
[3.997s] Copying ../../build/smart_arm/smart_arm.egg-info to /home/csd/CSD-Project/install/smart_arm/lib/python3.10/site-packages/smart_arm-0.0.0-py3.10.egg-info
[4.001s] running install_scripts
[4.078s] Installing arm_handler script to /home/csd/CSD-Project/install/smart_arm/lib/smart_arm
[4.078s] Installing comm_handler script to /home/csd/CSD-Project/install/smart_arm/lib/smart_arm
[4.079s] Installing publisher_node script to /home/csd/CSD-Project/install/smart_arm/lib/smart_arm
[4.080s] Installing servo_handler script to /home/csd/CSD-Project/install/smart_arm/lib/smart_arm
[4.082s] writing list of installed files to '/home/csd/CSD-Project/build/smart_arm/install.log'
[4.195s] Invoked command in '/home/csd/CSD-Project/src/smart_arm' returned '0': PYTHONPATH=/home/csd/CSD-Project/build/smart_arm/prefix_override:/home/csd/CSD-Project/install/smart_arm/lib/python3.10/site-packages:${PYTHONPATH} /usr/bin/python3 setup.py egg_info --egg-base ../../build/smart_arm build --build-base /home/csd/CSD-Project/build/smart_arm/build install --record /home/csd/CSD-Project/build/smart_arm/install.log --single-version-externally-managed
