[4.851s] Invoking command in '/home/csd/CSD-Project/src/picar_pro': PYTHONPATH=/home/csd/CSD-Project/build/picar_pro/prefix_override:/home/csd/CSD-Project/install/picar_pro/lib/python3.10/site-packages:${PYTHONPATH} /usr/bin/python3 setup.py egg_info --egg-base ../../build/picar_pro build --build-base /home/csd/CSD-Project/build/picar_pro/build install --record /home/csd/CSD-Project/build/picar_pro/install.log --single-version-externally-managed
[5.936s] running egg_info
[5.939s] writing ../../build/picar_pro/picar_pro.egg-info/PKG-INFO
[5.941s] writing dependency_links to ../../build/picar_pro/picar_pro.egg-info/dependency_links.txt
[5.942s] writing entry points to ../../build/picar_pro/picar_pro.egg-info/entry_points.txt
[5.943s] writing requirements to ../../build/picar_pro/picar_pro.egg-info/requires.txt
[5.943s] writing top-level names to ../../build/picar_pro/picar_pro.egg-info/top_level.txt
[5.953s] reading manifest file '../../build/picar_pro/picar_pro.egg-info/SOURCES.txt'
[5.954s] adding license file 'LICENSE'
[5.959s] writing manifest file '../../build/picar_pro/picar_pro.egg-info/SOURCES.txt'
[5.959s] running build
[5.960s] running build_py
[5.962s] copying picar_pro/Publisher.py -> /home/csd/CSD-Project/build/picar_pro/build/lib/picar_pro
[5.963s] running install
[5.964s] /usr/lib/python3/dist-packages/setuptools/command/install.py:34: SetuptoolsDeprecationWarning: setup.py install is deprecated. Use build and pip and other standards-based tools.
[5.965s]   warnings.warn(
[5.965s] running install_lib
[5.970s] copying /home/csd/CSD-Project/build/picar_pro/build/lib/picar_pro/Publisher.py -> /home/csd/CSD-Project/install/picar_pro/lib/python3.10/site-packages/picar_pro
[5.973s] byte-compiling /home/csd/CSD-Project/install/picar_pro/lib/python3.10/site-packages/picar_pro/Publisher.py to Publisher.cpython-310.pyc
[5.976s] running install_data
[5.979s] running install_egg_info
[5.986s] removing '/home/csd/CSD-Project/install/picar_pro/lib/python3.10/site-packages/picar_pro-0.0.0-py3.10.egg-info' (and everything under it)
[5.988s] Copying ../../build/picar_pro/picar_pro.egg-info to /home/csd/CSD-Project/install/picar_pro/lib/python3.10/site-packages/picar_pro-0.0.0-py3.10.egg-info
[5.995s] running install_scripts
[6.084s] Installing listener script to /home/csd/CSD-Project/install/picar_pro/lib/picar_pro
[6.085s] Installing movement script to /home/csd/CSD-Project/install/picar_pro/lib/picar_pro
[6.086s] Installing talker script to /home/csd/CSD-Project/install/picar_pro/lib/picar_pro
[6.088s] writing list of installed files to '/home/csd/CSD-Project/build/picar_pro/install.log'
[6.491s] Invoked command in '/home/csd/CSD-Project/src/picar_pro' returned '0': PYTHONPATH=/home/csd/CSD-Project/build/picar_pro/prefix_override:/home/csd/CSD-Project/install/picar_pro/lib/python3.10/site-packages:${PYTHONPATH} /usr/bin/python3 setup.py egg_info --egg-base ../../build/picar_pro build --build-base /home/csd/CSD-Project/build/picar_pro/build install --record /home/csd/CSD-Project/build/picar_pro/install.log --single-version-externally-managed
