[4.561s] Invoking command in '/home/csd/CSD-Project/src/smart_arm': PYTHONPATH=/home/csd/CSD-Project/build/smart_arm/prefix_override:/home/csd/CSD-Project/install/smart_arm/lib/python3.10/site-packages:${PYTHONPATH} /usr/bin/python3 setup.py egg_info --egg-base ../../build/smart_arm build --build-base /home/csd/CSD-Project/build/smart_arm/build install --record /home/csd/CSD-Project/build/smart_arm/install.log --single-version-externally-managed
[5.638s] running egg_info
[5.641s] writing ../../build/smart_arm/smart_arm.egg-info/PKG-INFO
[5.644s] writing dependency_links to ../../build/smart_arm/smart_arm.egg-info/dependency_links.txt
[5.645s] writing entry points to ../../build/smart_arm/smart_arm.egg-info/entry_points.txt
[5.646s] writing requirements to ../../build/smart_arm/smart_arm.egg-info/requires.txt
[5.648s] writing top-level names to ../../build/smart_arm/smart_arm.egg-info/top_level.txt
[5.655s] reading manifest file '../../build/smart_arm/smart_arm.egg-info/SOURCES.txt'
[5.656s] adding license file 'LICENSE'
[5.659s] writing manifest file '../../build/smart_arm/smart_arm.egg-info/SOURCES.txt'
[5.660s] running build
[5.661s] running build_py
[5.664s] running install
[5.665s] /usr/lib/python3/dist-packages/setuptools/command/install.py:34: SetuptoolsDeprecationWarning: setup.py install is deprecated. Use build and pip and other standards-based tools.
[5.665s]   warnings.warn(
[5.666s] running install_lib
[5.673s] running install_data
[5.676s] running install_egg_info
[5.683s] removing '/home/csd/CSD-Project/install/smart_arm/lib/python3.10/site-packages/smart_arm-0.0.0-py3.10.egg-info' (and everything under it)
[5.685s] Copying ../../build/smart_arm/smart_arm.egg-info to /home/csd/CSD-Project/install/smart_arm/lib/python3.10/site-packages/smart_arm-0.0.0-py3.10.egg-info
[5.692s] running install_scripts
[5.792s] Installing car_arm_communication script to /home/csd/CSD-Project/install/smart_arm/lib/smart_arm
[5.794s] Installing claw_motor script to /home/csd/CSD-Project/install/smart_arm/lib/smart_arm
[5.795s] Installing servo_handler script to /home/csd/CSD-Project/install/smart_arm/lib/smart_arm
[5.800s] writing list of installed files to '/home/csd/CSD-Project/build/smart_arm/install.log'
[6.166s] Invoked command in '/home/csd/CSD-Project/src/smart_arm' returned '0': PYTHONPATH=/home/csd/CSD-Project/build/smart_arm/prefix_override:/home/csd/CSD-Project/install/smart_arm/lib/python3.10/site-packages:${PYTHONPATH} /usr/bin/python3 setup.py egg_info --egg-base ../../build/smart_arm build --build-base /home/csd/CSD-Project/build/smart_arm/build install --record /home/csd/CSD-Project/build/smart_arm/install.log --single-version-externally-managed
