[4.638s] Invoking command in '/home/csd/CSD-Project/src/smart_arm': PYTHONPATH=/home/csd/CSD-Project/build/smart_arm/prefix_override:/home/csd/CSD-Project/install/smart_arm/lib/python3.10/site-packages:${PYTHONPATH} /usr/bin/python3 setup.py egg_info --egg-base ../../build/smart_arm build --build-base /home/csd/CSD-Project/build/smart_arm/build install --record /home/csd/CSD-Project/build/smart_arm/install.log --single-version-externally-managed
[5.746s] running egg_info
[5.749s] writing ../../build/smart_arm/smart_arm.egg-info/PKG-INFO
[5.750s] writing dependency_links to ../../build/smart_arm/smart_arm.egg-info/dependency_links.txt
[5.752s] writing entry points to ../../build/smart_arm/smart_arm.egg-info/entry_points.txt
[5.753s] writing requirements to ../../build/smart_arm/smart_arm.egg-info/requires.txt
[5.754s] writing top-level names to ../../build/smart_arm/smart_arm.egg-info/top_level.txt
[5.763s] reading manifest file '../../build/smart_arm/smart_arm.egg-info/SOURCES.txt'
[5.765s] adding license file 'LICENSE'
[5.768s] writing manifest file '../../build/smart_arm/smart_arm.egg-info/SOURCES.txt'
[5.769s] running build
[5.770s] running build_py
[5.772s] copying smart_arm/claw_motor.py -> /home/csd/CSD-Project/build/smart_arm/build/lib/smart_arm
[5.775s] running install
[5.775s] /usr/lib/python3/dist-packages/setuptools/command/install.py:34: SetuptoolsDeprecationWarning: setup.py install is deprecated. Use build and pip and other standards-based tools.
[5.776s]   warnings.warn(
[5.776s] running install_lib
[5.780s] copying /home/csd/CSD-Project/build/smart_arm/build/lib/smart_arm/claw_motor.py -> /home/csd/CSD-Project/install/smart_arm/lib/python3.10/site-packages/smart_arm
[5.785s] byte-compiling /home/csd/CSD-Project/install/smart_arm/lib/python3.10/site-packages/smart_arm/claw_motor.py to claw_motor.cpython-310.pyc
[5.790s] running install_data
[5.791s] running install_egg_info
[5.799s] removing '/home/csd/CSD-Project/install/smart_arm/lib/python3.10/site-packages/smart_arm-0.0.0-py3.10.egg-info' (and everything under it)
[5.800s] Copying ../../build/smart_arm/smart_arm.egg-info to /home/csd/CSD-Project/install/smart_arm/lib/python3.10/site-packages/smart_arm-0.0.0-py3.10.egg-info
[5.807s] running install_scripts
[5.897s] Installing car_arm_communication script to /home/csd/CSD-Project/install/smart_arm/lib/smart_arm
[5.898s] Installing claw_motor script to /home/csd/CSD-Project/install/smart_arm/lib/smart_arm
[5.899s] Installing listener script to /home/csd/CSD-Project/install/smart_arm/lib/smart_arm
[5.899s] Installing movement script to /home/csd/CSD-Project/install/smart_arm/lib/smart_arm
[5.900s] Installing publisher_node script to /home/csd/CSD-Project/install/smart_arm/lib/smart_arm
[5.902s] Installing servo_handler script to /home/csd/CSD-Project/install/smart_arm/lib/smart_arm
[5.903s] Installing talker script to /home/csd/CSD-Project/install/smart_arm/lib/smart_arm
[5.905s] writing list of installed files to '/home/csd/CSD-Project/build/smart_arm/install.log'
[6.086s] Invoked command in '/home/csd/CSD-Project/src/smart_arm' returned '0': PYTHONPATH=/home/csd/CSD-Project/build/smart_arm/prefix_override:/home/csd/CSD-Project/install/smart_arm/lib/python3.10/site-packages:${PYTHONPATH} /usr/bin/python3 setup.py egg_info --egg-base ../../build/smart_arm build --build-base /home/csd/CSD-Project/build/smart_arm/build install --record /home/csd/CSD-Project/build/smart_arm/install.log --single-version-externally-managed
