[3.029s] Invoking command in '/home/csd/CSD-Project/src/picar_pro': PYTHONPATH=/home/csd/CSD-Project/build/picar_pro/prefix_override:/home/csd/CSD-Project/install/picar_pro/lib/python3.10/site-packages:${PYTHONPATH} /usr/bin/python3 setup.py egg_info --egg-base ../../build/picar_pro build --build-base /home/csd/CSD-Project/build/picar_pro/build install --record /home/csd/CSD-Project/build/picar_pro/install.log --single-version-externally-managed
[3.982s] running egg_info
[3.984s] writing ../../build/picar_pro/picar_pro.egg-info/PKG-INFO
[3.985s] writing dependency_links to ../../build/picar_pro/picar_pro.egg-info/dependency_links.txt
[3.986s] writing entry points to ../../build/picar_pro/picar_pro.egg-info/entry_points.txt
[3.987s] writing requirements to ../../build/picar_pro/picar_pro.egg-info/requires.txt
[3.987s] writing top-level names to ../../build/picar_pro/picar_pro.egg-info/top_level.txt
[3.995s] reading manifest file '../../build/picar_pro/picar_pro.egg-info/SOURCES.txt'
[3.997s] adding license file 'LICENSE'
[4.000s] writing manifest file '../../build/picar_pro/picar_pro.egg-info/SOURCES.txt'
[4.000s] running build
[4.001s] running build_py
[4.001s] copying picar_pro/servo_handler.py -> /home/csd/CSD-Project/build/picar_pro/build/lib/picar_pro
[4.005s] copying picar_pro/wheels_handler.py -> /home/csd/CSD-Project/build/picar_pro/build/lib/picar_pro
[4.009s] running install
[4.009s] /usr/lib/python3/dist-packages/setuptools/command/install.py:34: SetuptoolsDeprecationWarning: setup.py install is deprecated. Use build and pip and other standards-based tools.
[4.010s]   warnings.warn(
[4.010s] running install_lib
[4.014s] copying /home/csd/CSD-Project/build/picar_pro/build/lib/picar_pro/servo_handler.py -> /home/csd/CSD-Project/install/picar_pro/lib/python3.10/site-packages/picar_pro
[4.016s] copying /home/csd/CSD-Project/build/picar_pro/build/lib/picar_pro/wheels_handler.py -> /home/csd/CSD-Project/install/picar_pro/lib/python3.10/site-packages/picar_pro
[4.021s] byte-compiling /home/csd/CSD-Project/install/picar_pro/lib/python3.10/site-packages/picar_pro/servo_handler.py to servo_handler.cpython-310.pyc
[4.023s] byte-compiling /home/csd/CSD-Project/install/picar_pro/lib/python3.10/site-packages/picar_pro/wheels_handler.py to wheels_handler.cpython-310.pyc
[4.028s] running install_data
[4.030s] running install_egg_info
[4.036s] removing '/home/csd/CSD-Project/install/picar_pro/lib/python3.10/site-packages/picar_pro-0.0.0-py3.10.egg-info' (and everything under it)
[4.038s] Copying ../../build/picar_pro/picar_pro.egg-info to /home/csd/CSD-Project/install/picar_pro/lib/python3.10/site-packages/picar_pro-0.0.0-py3.10.egg-info
[4.043s] running install_scripts
[4.119s] Installing analysis_handler script to /home/csd/CSD-Project/install/picar_pro/lib/picar_pro
[4.120s] Installing comm_handler script to /home/csd/CSD-Project/install/picar_pro/lib/picar_pro
[4.121s] Installing picar_handler script to /home/csd/CSD-Project/install/picar_pro/lib/picar_pro
[4.121s] Installing servo_handler script to /home/csd/CSD-Project/install/picar_pro/lib/picar_pro
[4.122s] Installing wheels_handler script to /home/csd/CSD-Project/install/picar_pro/lib/picar_pro
[4.124s] writing list of installed files to '/home/csd/CSD-Project/build/picar_pro/install.log'
[4.237s] Invoked command in '/home/csd/CSD-Project/src/picar_pro' returned '0': PYTHONPATH=/home/csd/CSD-Project/build/picar_pro/prefix_override:/home/csd/CSD-Project/install/picar_pro/lib/python3.10/site-packages:${PYTHONPATH} /usr/bin/python3 setup.py egg_info --egg-base ../../build/picar_pro build --build-base /home/csd/CSD-Project/build/picar_pro/build install --record /home/csd/CSD-Project/build/picar_pro/install.log --single-version-externally-managed
