[3.589s] Invoking command in '/home/csd/CSD-Project/src/picar_pro': PYTHONPATH=/home/csd/CSD-Project/build/picar_pro/prefix_override:/home/csd/CSD-Project/install/picar_pro/lib/python3.10/site-packages:${PYTHONPATH} /usr/bin/python3 setup.py egg_info --egg-base ../../build/picar_pro build --build-base /home/csd/CSD-Project/build/picar_pro/build install --record /home/csd/CSD-Project/build/picar_pro/install.log --single-version-externally-managed
[4.534s] running egg_info
[4.537s] writing ../../build/picar_pro/picar_pro.egg-info/PKG-INFO
[4.542s] writing dependency_links to ../../build/picar_pro/picar_pro.egg-info/dependency_links.txt
[4.542s] writing entry points to ../../build/picar_pro/picar_pro.egg-info/entry_points.txt
[4.543s] writing requirements to ../../build/picar_pro/picar_pro.egg-info/requires.txt
[4.544s] writing top-level names to ../../build/picar_pro/picar_pro.egg-info/top_level.txt
[4.552s] reading manifest file '../../build/picar_pro/picar_pro.egg-info/SOURCES.txt'
[4.558s] adding license file 'LICENSE'
[4.561s] writing manifest file '../../build/picar_pro/picar_pro.egg-info/SOURCES.txt'
[4.562s] running build
[4.563s] running build_py
[4.570s] running install
[4.572s] /usr/lib/python3/dist-packages/setuptools/command/install.py:34: SetuptoolsDeprecationWarning: setup.py install is deprecated. Use build and pip and other standards-based tools.
[4.572s]   warnings.warn(
[4.573s] running install_lib
[4.584s] running install_data
[4.587s] running install_egg_info
[4.594s] removing '/home/csd/CSD-Project/install/picar_pro/lib/python3.10/site-packages/picar_pro-0.0.0-py3.10.egg-info' (and everything under it)
[4.595s] Copying ../../build/picar_pro/picar_pro.egg-info to /home/csd/CSD-Project/install/picar_pro/lib/python3.10/site-packages/picar_pro-0.0.0-py3.10.egg-info
[4.604s] running install_scripts
[4.681s] Installing car_arm_communication script to /home/csd/CSD-Project/install/picar_pro/lib/picar_pro
[4.685s] Installing claw_motor_car script to /home/csd/CSD-Project/install/picar_pro/lib/picar_pro
[4.685s] Installing publisher_node script to /home/csd/CSD-Project/install/picar_pro/lib/picar_pro
[4.686s] Installing servo_handler_car script to /home/csd/CSD-Project/install/picar_pro/lib/picar_pro
[4.687s] Installing wheels_motor script to /home/csd/CSD-Project/install/picar_pro/lib/picar_pro
[4.689s] writing list of installed files to '/home/csd/CSD-Project/build/picar_pro/install.log'
[4.803s] Invoked command in '/home/csd/CSD-Project/src/picar_pro' returned '0': PYTHONPATH=/home/csd/CSD-Project/build/picar_pro/prefix_override:/home/csd/CSD-Project/install/picar_pro/lib/python3.10/site-packages:${PYTHONPATH} /usr/bin/python3 setup.py egg_info --egg-base ../../build/picar_pro build --build-base /home/csd/CSD-Project/build/picar_pro/build install --record /home/csd/CSD-Project/build/picar_pro/install.log --single-version-externally-managed
