[4.520s] DEBUG:colcon:Command line arguments: ['/usr/bin/colcon', 'build']
[4.520s] DEBUG:colcon:Parsed command line arguments: Namespace(log_base=None, log_level=None, verb_name='build', build_base='build', install_base='install', merge_install=False, symlink_install=False, test_result_base=None, continue_on_error=False, executor='parallel', parallel_workers=4, event_handlers=None, ignore_user_meta=False, metas=['./colcon.meta'], base_paths=['.'], packages_ignore=None, packages_ignore_regex=None, paths=None, packages_up_to=None, packages_up_to_regex=None, packages_above=None, packages_above_and_dependencies=None, packages_above_depth=None, packages_select_by_dep=None, packages_skip_by_dep=None, packages_skip_up_to=None, packages_select_build_failed=False, packages_skip_build_finished=False, packages_select_test_failures=False, packages_skip_test_passed=False, packages_select=None, packages_skip=None, packages_select_regex=None, packages_skip_regex=None, packages_start=None, packages_end=None, allow_overriding=[], cmake_args=None, cmake_target=None, cmake_target_skip_unavailable=False, cmake_clean_cache=False, cmake_clean_first=False, cmake_force_configure=False, ament_cmake_args=None, catkin_cmake_args=None, catkin_skip_building_tests=False, verb_parser=<colcon_defaults.argument_parser.defaults.DefaultArgumentsDecorator object at 0xffff901524d0>, verb_extension=<colcon_core.verb.build.BuildVerb object at 0xffff90152650>, main=<bound method BuildVerb.main of <colcon_core.verb.build.BuildVerb object at 0xffff90152650>>)
[4.807s] Level 1:colcon.colcon_core.package_discovery:discover_packages(colcon_meta) check parameters
[4.807s] Level 1:colcon.colcon_core.package_discovery:discover_packages(recursive) check parameters
[4.807s] Level 1:colcon.colcon_core.package_discovery:discover_packages(ignore) check parameters
[4.807s] Level 1:colcon.colcon_core.package_discovery:discover_packages(path) check parameters
[4.808s] Level 1:colcon.colcon_core.package_discovery:discover_packages(colcon_meta) discover
[4.808s] Level 1:colcon.colcon_core.package_discovery:discover_packages(recursive) discover
[4.808s] INFO:colcon.colcon_core.package_discovery:Crawling recursively for packages in '/home/csd/CSD-Project'
[4.808s] Level 1:colcon.colcon_core.package_identification:_identify(.) by extensions ['ignore', 'ignore_ament_install']
[4.809s] Level 1:colcon.colcon_core.package_identification:_identify(.) by extension 'ignore'
[4.809s] Level 1:colcon.colcon_core.package_identification:_identify(.) by extension 'ignore_ament_install'
[4.809s] Level 1:colcon.colcon_core.package_identification:_identify(.) by extensions ['colcon_pkg']
[4.809s] Level 1:colcon.colcon_core.package_identification:_identify(.) by extension 'colcon_pkg'
[4.809s] Level 1:colcon.colcon_core.package_identification:_identify(.) by extensions ['colcon_meta']
[4.810s] Level 1:colcon.colcon_core.package_identification:_identify(.) by extension 'colcon_meta'
[4.810s] Level 1:colcon.colcon_core.package_identification:_identify(.) by extensions ['ros']
[4.810s] Level 1:colcon.colcon_core.package_identification:_identify(.) by extension 'ros'
[4.892s] Level 1:colcon.colcon_core.package_identification:_identify(.) by extensions ['cmake', 'python']
[4.892s] Level 1:colcon.colcon_core.package_identification:_identify(.) by extension 'cmake'
[4.892s] Level 1:colcon.colcon_core.package_identification:_identify(.) by extension 'python'
[4.893s] Level 1:colcon.colcon_core.package_identification:_identify(.) by extensions ['python_setup_py']
[4.893s] Level 1:colcon.colcon_core.package_identification:_identify(.) by extension 'python_setup_py'
[4.893s] Level 1:colcon.colcon_core.package_identification:_identify(build) by extensions ['ignore', 'ignore_ament_install']
[4.894s] Level 1:colcon.colcon_core.package_identification:_identify(build) by extension 'ignore'
[4.894s] Level 1:colcon.colcon_core.package_identification:_identify(build) ignored
[4.894s] Level 1:colcon.colcon_core.package_identification:_identify(install) by extensions ['ignore', 'ignore_ament_install']
[4.895s] Level 1:colcon.colcon_core.package_identification:_identify(install) by extension 'ignore'
[4.895s] Level 1:colcon.colcon_core.package_identification:_identify(install) ignored
[4.895s] Level 1:colcon.colcon_core.package_identification:_identify(log) by extensions ['ignore', 'ignore_ament_install']
[4.896s] Level 1:colcon.colcon_core.package_identification:_identify(log) by extension 'ignore'
[4.896s] Level 1:colcon.colcon_core.package_identification:_identify(log) ignored
[4.896s] Level 1:colcon.colcon_core.package_identification:_identify(src) by extensions ['ignore', 'ignore_ament_install']
[4.896s] Level 1:colcon.colcon_core.package_identification:_identify(src) by extension 'ignore'
[4.897s] Level 1:colcon.colcon_core.package_identification:_identify(src) by extension 'ignore_ament_install'
[4.897s] Level 1:colcon.colcon_core.package_identification:_identify(src) by extensions ['colcon_pkg']
[4.897s] Level 1:colcon.colcon_core.package_identification:_identify(src) by extension 'colcon_pkg'
[4.897s] Level 1:colcon.colcon_core.package_identification:_identify(src) by extensions ['colcon_meta']
[4.897s] Level 1:colcon.colcon_core.package_identification:_identify(src) by extension 'colcon_meta'
[4.897s] Level 1:colcon.colcon_core.package_identification:_identify(src) by extensions ['ros']
[4.898s] Level 1:colcon.colcon_core.package_identification:_identify(src) by extension 'ros'
[4.898s] Level 1:colcon.colcon_core.package_identification:_identify(src) by extensions ['cmake', 'python']
[4.898s] Level 1:colcon.colcon_core.package_identification:_identify(src) by extension 'cmake'
[4.898s] Level 1:colcon.colcon_core.package_identification:_identify(src) by extension 'python'
[4.898s] Level 1:colcon.colcon_core.package_identification:_identify(src) by extensions ['python_setup_py']
[4.899s] Level 1:colcon.colcon_core.package_identification:_identify(src) by extension 'python_setup_py'
[4.899s] Level 1:colcon.colcon_core.package_identification:_identify(src/picar_pro) by extensions ['ignore', 'ignore_ament_install']
[4.899s] Level 1:colcon.colcon_core.package_identification:_identify(src/picar_pro) by extension 'ignore'
[4.899s] Level 1:colcon.colcon_core.package_identification:_identify(src/picar_pro) by extension 'ignore_ament_install'
[4.900s] Level 1:colcon.colcon_core.package_identification:_identify(src/picar_pro) by extensions ['colcon_pkg']
[4.900s] Level 1:colcon.colcon_core.package_identification:_identify(src/picar_pro) by extension 'colcon_pkg'
[4.900s] Level 1:colcon.colcon_core.package_identification:_identify(src/picar_pro) by extensions ['colcon_meta']
[4.900s] Level 1:colcon.colcon_core.package_identification:_identify(src/picar_pro) by extension 'colcon_meta'
[4.900s] Level 1:colcon.colcon_core.package_identification:_identify(src/picar_pro) by extensions ['ros']
[4.900s] Level 1:colcon.colcon_core.package_identification:_identify(src/picar_pro) by extension 'ros'
[4.916s] DEBUG:colcon.colcon_core.package_identification:Package 'src/picar_pro' with type 'ros.ament_python' and name 'picar_pro'
[4.916s] Level 1:colcon.colcon_core.package_identification:_identify(src/py_package) by extensions ['ignore', 'ignore_ament_install']
[4.917s] Level 1:colcon.colcon_core.package_identification:_identify(src/py_package) by extension 'ignore'
[4.917s] Level 1:colcon.colcon_core.package_identification:_identify(src/py_package) by extension 'ignore_ament_install'
[4.917s] Level 1:colcon.colcon_core.package_identification:_identify(src/py_package) by extensions ['colcon_pkg']
[4.917s] Level 1:colcon.colcon_core.package_identification:_identify(src/py_package) by extension 'colcon_pkg'
[4.918s] Level 1:colcon.colcon_core.package_identification:_identify(src/py_package) by extensions ['colcon_meta']
[4.918s] Level 1:colcon.colcon_core.package_identification:_identify(src/py_package) by extension 'colcon_meta'
[4.918s] Level 1:colcon.colcon_core.package_identification:_identify(src/py_package) by extensions ['ros']
[4.918s] Level 1:colcon.colcon_core.package_identification:_identify(src/py_package) by extension 'ros'
[4.921s] DEBUG:colcon.colcon_core.package_identification:Package 'src/py_package' with type 'ros.ament_python' and name 'py_package'
[4.922s] Level 1:colcon.colcon_core.package_identification:_identify(src/smart_arm) by extensions ['ignore', 'ignore_ament_install']
[4.923s] Level 1:colcon.colcon_core.package_identification:_identify(src/smart_arm) by extension 'ignore'
[4.923s] Level 1:colcon.colcon_core.package_identification:_identify(src/smart_arm) by extension 'ignore_ament_install'
[4.923s] Level 1:colcon.colcon_core.package_identification:_identify(src/smart_arm) by extensions ['colcon_pkg']
[4.923s] Level 1:colcon.colcon_core.package_identification:_identify(src/smart_arm) by extension 'colcon_pkg'
[4.923s] Level 1:colcon.colcon_core.package_identification:_identify(src/smart_arm) by extensions ['colcon_meta']
[4.924s] Level 1:colcon.colcon_core.package_identification:_identify(src/smart_arm) by extension 'colcon_meta'
[4.924s] Level 1:colcon.colcon_core.package_identification:_identify(src/smart_arm) by extensions ['ros']
[4.924s] Level 1:colcon.colcon_core.package_identification:_identify(src/smart_arm) by extension 'ros'
[4.927s] DEBUG:colcon.colcon_core.package_identification:Package 'src/smart_arm' with type 'ros.ament_python' and name 'smart_arm'
[4.927s] Level 1:colcon.colcon_core.package_discovery:discover_packages(recursive) using defaults
[4.927s] Level 1:colcon.colcon_core.package_discovery:discover_packages(ignore) discover
[4.927s] Level 1:colcon.colcon_core.package_discovery:discover_packages(ignore) using defaults
[4.928s] Level 1:colcon.colcon_core.package_discovery:discover_packages(path) discover
[4.928s] Level 1:colcon.colcon_core.package_discovery:discover_packages(path) using defaults
[5.351s] Level 1:colcon.colcon_core.package_discovery:discover_packages(prefix_path) check parameters
[5.351s] Level 1:colcon.colcon_core.package_discovery:discover_packages(prefix_path) discover
[5.483s] DEBUG:colcon.colcon_installed_package_information.package_discovery:Found 4 installed packages in /home/csd/CSD-Project/install
[5.545s] DEBUG:colcon.colcon_installed_package_information.package_discovery:Found 192 installed packages in /opt/ros/iron
[5.551s] Level 1:colcon.colcon_core.package_discovery:discover_packages(prefix_path) using defaults
[5.817s] Level 5:colcon.colcon_core.verb:set package 'picar_pro' build argument 'cmake_args' from command line to 'None'
[5.817s] Level 5:colcon.colcon_core.verb:set package 'picar_pro' build argument 'cmake_target' from command line to 'None'
[5.818s] Level 5:colcon.colcon_core.verb:set package 'picar_pro' build argument 'cmake_target_skip_unavailable' from command line to 'False'
[5.818s] Level 5:colcon.colcon_core.verb:set package 'picar_pro' build argument 'cmake_clean_cache' from command line to 'False'
[5.818s] Level 5:colcon.colcon_core.verb:set package 'picar_pro' build argument 'cmake_clean_first' from command line to 'False'
[5.818s] Level 5:colcon.colcon_core.verb:set package 'picar_pro' build argument 'cmake_force_configure' from command line to 'False'
[5.818s] Level 5:colcon.colcon_core.verb:set package 'picar_pro' build argument 'ament_cmake_args' from command line to 'None'
[5.818s] Level 5:colcon.colcon_core.verb:set package 'picar_pro' build argument 'catkin_cmake_args' from command line to 'None'
[5.818s] Level 5:colcon.colcon_core.verb:set package 'picar_pro' build argument 'catkin_skip_building_tests' from command line to 'False'
[5.819s] DEBUG:colcon.colcon_core.verb:Building package 'picar_pro' with the following arguments: {'ament_cmake_args': None, 'build_base': '/home/csd/CSD-Project/build/picar_pro', 'catkin_cmake_args': None, 'catkin_skip_building_tests': False, 'cmake_args': None, 'cmake_clean_cache': False, 'cmake_clean_first': False, 'cmake_force_configure': False, 'cmake_target': None, 'cmake_target_skip_unavailable': False, 'install_base': '/home/csd/CSD-Project/install/picar_pro', 'merge_install': False, 'path': '/home/csd/CSD-Project/src/picar_pro', 'symlink_install': False, 'test_result_base': None}
[5.873s] Level 5:colcon.colcon_core.verb:set package 'py_package' build argument 'cmake_args' from command line to 'None'
[5.874s] Level 5:colcon.colcon_core.verb:set package 'py_package' build argument 'cmake_target' from command line to 'None'
[5.874s] Level 5:colcon.colcon_core.verb:set package 'py_package' build argument 'cmake_target_skip_unavailable' from command line to 'False'
[5.874s] Level 5:colcon.colcon_core.verb:set package 'py_package' build argument 'cmake_clean_cache' from command line to 'False'
[5.874s] Level 5:colcon.colcon_core.verb:set package 'py_package' build argument 'cmake_clean_first' from command line to 'False'
[5.874s] Level 5:colcon.colcon_core.verb:set package 'py_package' build argument 'cmake_force_configure' from command line to 'False'
[5.874s] Level 5:colcon.colcon_core.verb:set package 'py_package' build argument 'ament_cmake_args' from command line to 'None'
[5.874s] Level 5:colcon.colcon_core.verb:set package 'py_package' build argument 'catkin_cmake_args' from command line to 'None'
[5.875s] Level 5:colcon.colcon_core.verb:set package 'py_package' build argument 'catkin_skip_building_tests' from command line to 'False'
[5.875s] DEBUG:colcon.colcon_core.verb:Building package 'py_package' with the following arguments: {'ament_cmake_args': None, 'build_base': '/home/csd/CSD-Project/build/py_package', 'catkin_cmake_args': None, 'catkin_skip_building_tests': False, 'cmake_args': None, 'cmake_clean_cache': False, 'cmake_clean_first': False, 'cmake_force_configure': False, 'cmake_target': None, 'cmake_target_skip_unavailable': False, 'install_base': '/home/csd/CSD-Project/install/py_package', 'merge_install': False, 'path': '/home/csd/CSD-Project/src/py_package', 'symlink_install': False, 'test_result_base': None}
[5.929s] Level 5:colcon.colcon_core.verb:set package 'smart_arm' build argument 'cmake_args' from command line to 'None'
[5.930s] Level 5:colcon.colcon_core.verb:set package 'smart_arm' build argument 'cmake_target' from command line to 'None'
[5.936s] Level 5:colcon.colcon_core.verb:set package 'smart_arm' build argument 'cmake_target_skip_unavailable' from command line to 'False'
[5.937s] Level 5:colcon.colcon_core.verb:set package 'smart_arm' build argument 'cmake_clean_cache' from command line to 'False'
[5.937s] Level 5:colcon.colcon_core.verb:set package 'smart_arm' build argument 'cmake_clean_first' from command line to 'False'
[5.937s] Level 5:colcon.colcon_core.verb:set package 'smart_arm' build argument 'cmake_force_configure' from command line to 'False'
[5.937s] Level 5:colcon.colcon_core.verb:set package 'smart_arm' build argument 'ament_cmake_args' from command line to 'None'
[5.937s] Level 5:colcon.colcon_core.verb:set package 'smart_arm' build argument 'catkin_cmake_args' from command line to 'None'
[5.937s] Level 5:colcon.colcon_core.verb:set package 'smart_arm' build argument 'catkin_skip_building_tests' from command line to 'False'
[5.937s] DEBUG:colcon.colcon_core.verb:Building package 'smart_arm' with the following arguments: {'ament_cmake_args': None, 'build_base': '/home/csd/CSD-Project/build/smart_arm', 'catkin_cmake_args': None, 'catkin_skip_building_tests': False, 'cmake_args': None, 'cmake_clean_cache': False, 'cmake_clean_first': False, 'cmake_force_configure': False, 'cmake_target': None, 'cmake_target_skip_unavailable': False, 'install_base': '/home/csd/CSD-Project/install/smart_arm', 'merge_install': False, 'path': '/home/csd/CSD-Project/src/smart_arm', 'symlink_install': False, 'test_result_base': None}
[5.996s] INFO:colcon.colcon_core.executor:Executing jobs using 'parallel' executor
[6.054s] DEBUG:colcon.colcon_parallel_executor.executor.parallel:run_until_complete
[6.055s] INFO:colcon.colcon_ros.task.ament_python.build:Building ROS package in '/home/csd/CSD-Project/src/picar_pro' with build type 'ament_python'
[6.055s] Level 1:colcon.colcon_core.shell:create_environment_hook('picar_pro', 'ament_prefix_path')
[6.134s] INFO:colcon.colcon_core.plugin_system:Skipping extension 'colcon_core.shell.bat': Not used on non-Windows systems
[6.135s] INFO:colcon.colcon_core.shell:Creating environment hook '/home/csd/CSD-Project/install/picar_pro/share/picar_pro/hook/ament_prefix_path.ps1'
[6.140s] INFO:colcon.colcon_core.shell:Creating environment descriptor '/home/csd/CSD-Project/install/picar_pro/share/picar_pro/hook/ament_prefix_path.dsv'
[6.143s] INFO:colcon.colcon_core.shell:Creating environment hook '/home/csd/CSD-Project/install/picar_pro/share/picar_pro/hook/ament_prefix_path.sh'
[6.204s] INFO:colcon.colcon_core.shell:Skip shell extension 'powershell' for command environment: Not usable outside of PowerShell
[6.204s] DEBUG:colcon.colcon_core.shell:Skip shell extension 'dsv' for command environment
[6.386s] INFO:colcon.colcon_ros.task.ament_python.build:Building ROS package in '/home/csd/CSD-Project/src/py_package' with build type 'ament_python'
[6.387s] Level 1:colcon.colcon_core.shell:create_environment_hook('py_package', 'ament_prefix_path')
[6.445s] INFO:colcon.colcon_core.shell:Creating environment hook '/home/csd/CSD-Project/install/py_package/share/py_package/hook/ament_prefix_path.ps1'
[6.447s] INFO:colcon.colcon_core.shell:Creating environment descriptor '/home/csd/CSD-Project/install/py_package/share/py_package/hook/ament_prefix_path.dsv'
[6.448s] INFO:colcon.colcon_core.shell:Creating environment hook '/home/csd/CSD-Project/install/py_package/share/py_package/hook/ament_prefix_path.sh'
[6.506s] INFO:colcon.colcon_core.shell:Skip shell extension 'powershell' for command environment: Not usable outside of PowerShell
[6.506s] DEBUG:colcon.colcon_core.shell:Skip shell extension 'dsv' for command environment
[6.683s] INFO:colcon.colcon_ros.task.ament_python.build:Building ROS package in '/home/csd/CSD-Project/src/smart_arm' with build type 'ament_python'
[6.683s] Level 1:colcon.colcon_core.shell:create_environment_hook('smart_arm', 'ament_prefix_path')
[6.741s] INFO:colcon.colcon_core.shell:Creating environment hook '/home/csd/CSD-Project/install/smart_arm/share/smart_arm/hook/ament_prefix_path.ps1'
[6.744s] INFO:colcon.colcon_core.shell:Creating environment descriptor '/home/csd/CSD-Project/install/smart_arm/share/smart_arm/hook/ament_prefix_path.dsv'
[6.746s] INFO:colcon.colcon_core.shell:Creating environment hook '/home/csd/CSD-Project/install/smart_arm/share/smart_arm/hook/ament_prefix_path.sh'
[6.803s] INFO:colcon.colcon_core.shell:Skip shell extension 'powershell' for command environment: Not usable outside of PowerShell
[6.803s] DEBUG:colcon.colcon_core.shell:Skip shell extension 'dsv' for command environment
[8.046s] INFO:colcon.colcon_core.task.python.build:Building Python package in '/home/csd/CSD-Project/src/picar_pro'
[8.103s] INFO:colcon.colcon_core.shell:Skip shell extension 'powershell' for command environment: Not usable outside of PowerShell
[8.103s] DEBUG:colcon.colcon_core.shell:Skip shell extension 'dsv' for command environment
[9.360s] INFO:colcon.colcon_core.task.python.build:Building Python package in '/home/csd/CSD-Project/src/py_package'
[9.420s] INFO:colcon.colcon_core.shell:Skip shell extension 'powershell' for command environment: Not usable outside of PowerShell
[9.420s] DEBUG:colcon.colcon_core.shell:Skip shell extension 'dsv' for command environment
[10.656s] INFO:colcon.colcon_core.task.python.build:Building Python package in '/home/csd/CSD-Project/src/smart_arm'
[10.715s] INFO:colcon.colcon_core.shell:Skip shell extension 'powershell' for command environment: Not usable outside of PowerShell
[10.715s] DEBUG:colcon.colcon_core.shell:Skip shell extension 'dsv' for command environment
[13.539s] DEBUG:colcon.colcon_core.event_handler.log_command:Invoking command in '/home/csd/CSD-Project/src/picar_pro': PYTHONPATH=/home/csd/CSD-Project/build/picar_pro/prefix_override:/home/csd/CSD-Project/install/picar_pro/lib/python3.10/site-packages:${PYTHONPATH} /usr/bin/python3 setup.py egg_info --egg-base ../../build/picar_pro build --build-base /home/csd/CSD-Project/build/picar_pro/build install --record /home/csd/CSD-Project/build/picar_pro/install.log --single-version-externally-managed
[13.553s] DEBUG:colcon.colcon_core.event_handler.log_command:Invoking command in '/home/csd/CSD-Project/src/smart_arm': PYTHONPATH=/home/csd/CSD-Project/build/smart_arm/prefix_override:/home/csd/CSD-Project/install/smart_arm/lib/python3.10/site-packages:${PYTHONPATH} /usr/bin/python3 setup.py egg_info --egg-base ../../build/smart_arm build --build-base /home/csd/CSD-Project/build/smart_arm/build install --record /home/csd/CSD-Project/build/smart_arm/install.log --single-version-externally-managed
[13.564s] DEBUG:colcon.colcon_core.event_handler.log_command:Invoking command in '/home/csd/CSD-Project/src/py_package': PYTHONPATH=/home/csd/CSD-Project/build/py_package/prefix_override:/home/csd/CSD-Project/install/py_package/lib/python3.10/site-packages:${PYTHONPATH} /usr/bin/python3 setup.py egg_info --egg-base ../../build/py_package build --build-base /home/csd/CSD-Project/build/py_package/build install --record /home/csd/CSD-Project/build/py_package/install.log --single-version-externally-managed
[15.256s] DEBUG:colcon.colcon_core.event_handler.log_command:Invoked command in '/home/csd/CSD-Project/src/smart_arm' returned '0': PYTHONPATH=/home/csd/CSD-Project/build/smart_arm/prefix_override:/home/csd/CSD-Project/install/smart_arm/lib/python3.10/site-packages:${PYTHONPATH} /usr/bin/python3 setup.py egg_info --egg-base ../../build/smart_arm build --build-base /home/csd/CSD-Project/build/smart_arm/build install --record /home/csd/CSD-Project/build/smart_arm/install.log --single-version-externally-managed
[15.354s] Level 1:colcon.colcon_core.environment:checking '/home/csd/CSD-Project/install/smart_arm' for CMake module files
[15.356s] Level 1:colcon.colcon_core.environment:checking '/home/csd/CSD-Project/install/smart_arm' for CMake config files
[15.361s] Level 1:colcon.colcon_core.environment:checking '/home/csd/CSD-Project/install/smart_arm/lib'
[15.362s] Level 1:colcon.colcon_core.environment:checking '/home/csd/CSD-Project/install/smart_arm/bin'
[15.363s] Level 1:colcon.colcon_core.environment:checking '/home/csd/CSD-Project/install/smart_arm/lib/pkgconfig/smart_arm.pc'
[15.364s] Level 1:colcon.colcon_core.environment:checking '/home/csd/CSD-Project/install/smart_arm/lib/python3.10/site-packages'
[15.364s] Level 1:colcon.colcon_core.shell:create_environment_hook('smart_arm', 'pythonpath')
[15.420s] INFO:colcon.colcon_core.shell:Creating environment hook '/home/csd/CSD-Project/install/smart_arm/share/smart_arm/hook/pythonpath.ps1'
[15.422s] INFO:colcon.colcon_core.shell:Creating environment descriptor '/home/csd/CSD-Project/install/smart_arm/share/smart_arm/hook/pythonpath.dsv'
[15.424s] INFO:colcon.colcon_core.shell:Creating environment hook '/home/csd/CSD-Project/install/smart_arm/share/smart_arm/hook/pythonpath.sh'
[15.426s] Level 1:colcon.colcon_core.environment:checking '/home/csd/CSD-Project/install/smart_arm/bin'
[15.427s] Level 1:colcon.colcon_core.environment:create_environment_scripts_only(smart_arm)
[15.482s] INFO:colcon.colcon_core.shell:Creating package script '/home/csd/CSD-Project/install/smart_arm/share/smart_arm/package.ps1'
[15.489s] INFO:colcon.colcon_core.shell:Creating package descriptor '/home/csd/CSD-Project/install/smart_arm/share/smart_arm/package.dsv'
[15.493s] INFO:colcon.colcon_core.shell:Creating package script '/home/csd/CSD-Project/install/smart_arm/share/smart_arm/package.sh'
[15.497s] INFO:colcon.colcon_core.shell:Creating package script '/home/csd/CSD-Project/install/smart_arm/share/smart_arm/package.bash'
[15.501s] INFO:colcon.colcon_core.shell:Creating package script '/home/csd/CSD-Project/install/smart_arm/share/smart_arm/package.zsh'
[15.506s] Level 1:colcon.colcon_core.environment:create_file_with_runtime_dependencies(/home/csd/CSD-Project/install/smart_arm/share/colcon-core/packages/smart_arm)
[15.517s] DEBUG:colcon.colcon_core.event_handler.log_command:Invoked command in '/home/csd/CSD-Project/src/picar_pro' returned '0': PYTHONPATH=/home/csd/CSD-Project/build/picar_pro/prefix_override:/home/csd/CSD-Project/install/picar_pro/lib/python3.10/site-packages:${PYTHONPATH} /usr/bin/python3 setup.py egg_info --egg-base ../../build/picar_pro build --build-base /home/csd/CSD-Project/build/picar_pro/build install --record /home/csd/CSD-Project/build/picar_pro/install.log --single-version-externally-managed
[15.572s] Level 1:colcon.colcon_core.environment:checking '/home/csd/CSD-Project/install/picar_pro' for CMake module files
[15.574s] Level 1:colcon.colcon_core.environment:checking '/home/csd/CSD-Project/install/picar_pro' for CMake config files
[15.577s] Level 1:colcon.colcon_core.environment:checking '/home/csd/CSD-Project/install/picar_pro/lib'
[15.578s] Level 1:colcon.colcon_core.environment:checking '/home/csd/CSD-Project/install/picar_pro/bin'
[15.578s] Level 1:colcon.colcon_core.environment:checking '/home/csd/CSD-Project/install/picar_pro/lib/pkgconfig/picar_pro.pc'
[15.579s] Level 1:colcon.colcon_core.environment:checking '/home/csd/CSD-Project/install/picar_pro/lib/python3.10/site-packages'
[15.579s] Level 1:colcon.colcon_core.shell:create_environment_hook('picar_pro', 'pythonpath')
[15.634s] INFO:colcon.colcon_core.shell:Creating environment hook '/home/csd/CSD-Project/install/picar_pro/share/picar_pro/hook/pythonpath.ps1'
[15.636s] INFO:colcon.colcon_core.shell:Creating environment descriptor '/home/csd/CSD-Project/install/picar_pro/share/picar_pro/hook/pythonpath.dsv'
[15.637s] INFO:colcon.colcon_core.shell:Creating environment hook '/home/csd/CSD-Project/install/picar_pro/share/picar_pro/hook/pythonpath.sh'
[15.640s] Level 1:colcon.colcon_core.environment:checking '/home/csd/CSD-Project/install/picar_pro/bin'
[15.640s] Level 1:colcon.colcon_core.environment:create_environment_scripts_only(picar_pro)
[15.696s] INFO:colcon.colcon_core.shell:Creating package script '/home/csd/CSD-Project/install/picar_pro/share/picar_pro/package.ps1'
[15.699s] INFO:colcon.colcon_core.shell:Creating package descriptor '/home/csd/CSD-Project/install/picar_pro/share/picar_pro/package.dsv'
[15.701s] INFO:colcon.colcon_core.shell:Creating package script '/home/csd/CSD-Project/install/picar_pro/share/picar_pro/package.sh'
[15.703s] INFO:colcon.colcon_core.shell:Creating package script '/home/csd/CSD-Project/install/picar_pro/share/picar_pro/package.bash'
[15.704s] INFO:colcon.colcon_core.shell:Creating package script '/home/csd/CSD-Project/install/picar_pro/share/picar_pro/package.zsh'
[15.706s] Level 1:colcon.colcon_core.environment:create_file_with_runtime_dependencies(/home/csd/CSD-Project/install/picar_pro/share/colcon-core/packages/picar_pro)
[15.716s] DEBUG:colcon.colcon_core.event_handler.log_command:Invoked command in '/home/csd/CSD-Project/src/py_package' returned '0': PYTHONPATH=/home/csd/CSD-Project/build/py_package/prefix_override:/home/csd/CSD-Project/install/py_package/lib/python3.10/site-packages:${PYTHONPATH} /usr/bin/python3 setup.py egg_info --egg-base ../../build/py_package build --build-base /home/csd/CSD-Project/build/py_package/build install --record /home/csd/CSD-Project/build/py_package/install.log --single-version-externally-managed
[15.767s] Level 1:colcon.colcon_core.environment:checking '/home/csd/CSD-Project/install/py_package' for CMake module files
[15.769s] Level 1:colcon.colcon_core.environment:checking '/home/csd/CSD-Project/install/py_package' for CMake config files
[15.772s] Level 1:colcon.colcon_core.environment:checking '/home/csd/CSD-Project/install/py_package/lib'
[15.773s] Level 1:colcon.colcon_core.environment:checking '/home/csd/CSD-Project/install/py_package/bin'
[15.773s] Level 1:colcon.colcon_core.environment:checking '/home/csd/CSD-Project/install/py_package/lib/pkgconfig/py_package.pc'
[15.774s] Level 1:colcon.colcon_core.environment:checking '/home/csd/CSD-Project/install/py_package/lib/python3.10/site-packages'
[15.774s] Level 1:colcon.colcon_core.shell:create_environment_hook('py_package', 'pythonpath')
[15.829s] INFO:colcon.colcon_core.shell:Creating environment hook '/home/csd/CSD-Project/install/py_package/share/py_package/hook/pythonpath.ps1'
[15.831s] INFO:colcon.colcon_core.shell:Creating environment descriptor '/home/csd/CSD-Project/install/py_package/share/py_package/hook/pythonpath.dsv'
[15.832s] INFO:colcon.colcon_core.shell:Creating environment hook '/home/csd/CSD-Project/install/py_package/share/py_package/hook/pythonpath.sh'
[15.835s] Level 1:colcon.colcon_core.environment:checking '/home/csd/CSD-Project/install/py_package/bin'
[15.835s] Level 1:colcon.colcon_core.environment:create_environment_scripts_only(py_package)
[15.891s] INFO:colcon.colcon_core.shell:Creating package script '/home/csd/CSD-Project/install/py_package/share/py_package/package.ps1'
[15.893s] INFO:colcon.colcon_core.shell:Creating package descriptor '/home/csd/CSD-Project/install/py_package/share/py_package/package.dsv'
[15.895s] INFO:colcon.colcon_core.shell:Creating package script '/home/csd/CSD-Project/install/py_package/share/py_package/package.sh'
[15.897s] INFO:colcon.colcon_core.shell:Creating package script '/home/csd/CSD-Project/install/py_package/share/py_package/package.bash'
[15.899s] INFO:colcon.colcon_core.shell:Creating package script '/home/csd/CSD-Project/install/py_package/share/py_package/package.zsh'
[15.900s] Level 1:colcon.colcon_core.environment:create_file_with_runtime_dependencies(/home/csd/CSD-Project/install/py_package/share/colcon-core/packages/py_package)
[15.901s] DEBUG:colcon.colcon_parallel_executor.executor.parallel:closing loop
[15.902s] DEBUG:colcon.colcon_parallel_executor.executor.parallel:loop closed
[15.903s] DEBUG:colcon.colcon_parallel_executor.executor.parallel:run_until_complete finished with '0'
[15.903s] DEBUG:colcon.colcon_core.event_reactor:joining thread
[16.034s] INFO:colcon.colcon_core.plugin_system:Skipping extension 'colcon_notification.desktop_notification.notify_send': Could not find 'notify-send'
[16.034s] INFO:colcon.colcon_core.plugin_system:Skipping extension 'colcon_notification.desktop_notification.terminal_notifier': Not used on non-Darwin systems
[16.035s] INFO:colcon.colcon_core.plugin_system:Skipping extension 'colcon_notification.desktop_notification.win32': Not used on non-Windows systems
[16.035s] INFO:colcon.colcon_notification.desktop_notification:Sending desktop notification using 'notify2'
[16.038s] DEBUG:colcon.colcon_notification.desktop_notification.notify2:Failed to initialize notify2: org.freedesktop.DBus.Error.ServiceUnknown: The name org.freedesktop.Notifications was not provided by any .service files
[16.038s] DEBUG:colcon.colcon_core.event_reactor:joined thread
[16.097s] INFO:colcon.colcon_core.shell:Creating prefix script '/home/csd/CSD-Project/install/local_setup.ps1'
[16.104s] INFO:colcon.colcon_core.shell:Creating prefix util module '/home/csd/CSD-Project/install/_local_setup_util_ps1.py'
[16.111s] INFO:colcon.colcon_core.shell:Creating prefix chain script '/home/csd/CSD-Project/install/setup.ps1'
[16.175s] INFO:colcon.colcon_core.shell:Creating prefix script '/home/csd/CSD-Project/install/local_setup.sh'
[16.178s] INFO:colcon.colcon_core.shell:Creating prefix util module '/home/csd/CSD-Project/install/_local_setup_util_sh.py'
[16.180s] INFO:colcon.colcon_core.shell:Creating prefix chain script '/home/csd/CSD-Project/install/setup.sh'
[16.246s] INFO:colcon.colcon_core.shell:Creating prefix script '/home/csd/CSD-Project/install/local_setup.bash'
[16.249s] INFO:colcon.colcon_core.shell:Creating prefix chain script '/home/csd/CSD-Project/install/setup.bash'
[16.313s] INFO:colcon.colcon_core.shell:Creating prefix script '/home/csd/CSD-Project/install/local_setup.zsh'
[16.316s] INFO:colcon.colcon_core.shell:Creating prefix chain script '/home/csd/CSD-Project/install/setup.zsh'
