[4.629s] Invoking command in '/home/csd/CSD-Project/src/smart_arm': PYTHONPATH=/home/csd/CSD-Project/build/smart_arm/prefix_override:/home/csd/CSD-Project/install/smart_arm/lib/python3.10/site-packages:${PYTHONPATH} /usr/bin/python3 setup.py egg_info --egg-base ../../build/smart_arm build --build-base /home/csd/CSD-Project/build/smart_arm/build install --record /home/csd/CSD-Project/build/smart_arm/install.log --single-version-externally-managed
[5.713s] running egg_info
[5.716s] writing ../../build/smart_arm/smart_arm.egg-info/PKG-INFO
[5.717s] writing dependency_links to ../../build/smart_arm/smart_arm.egg-info/dependency_links.txt
[5.719s] writing entry points to ../../build/smart_arm/smart_arm.egg-info/entry_points.txt
[5.719s] writing requirements to ../../build/smart_arm/smart_arm.egg-info/requires.txt
[5.720s] writing top-level names to ../../build/smart_arm/smart_arm.egg-info/top_level.txt
[5.730s] reading manifest file '../../build/smart_arm/smart_arm.egg-info/SOURCES.txt'
[5.732s] adding license file 'LICENSE'
[5.736s] writing manifest file '../../build/smart_arm/smart_arm.egg-info/SOURCES.txt'
[5.736s] running build
[5.736s] running build_py
[5.738s] running install
[5.739s] /usr/lib/python3/dist-packages/setuptools/command/install.py:34: SetuptoolsDeprecationWarning: setup.py install is deprecated. Use build and pip and other standards-based tools.
[5.740s]   warnings.warn(
[5.741s] running install_lib
[5.748s] running install_data
[5.751s] copying launch/smart_arm.py -> /home/csd/CSD-Project/install/smart_arm/share/smart_arm
[5.751s] running install_egg_info
[5.759s] removing '/home/csd/CSD-Project/install/smart_arm/lib/python3.10/site-packages/smart_arm-0.0.0-py3.10.egg-info' (and everything under it)
[5.761s] Copying ../../build/smart_arm/smart_arm.egg-info to /home/csd/CSD-Project/install/smart_arm/lib/python3.10/site-packages/smart_arm-0.0.0-py3.10.egg-info
[5.767s] running install_scripts
[5.860s] Installing car_arm_communication script to /home/csd/CSD-Project/install/smart_arm/lib/smart_arm
[5.862s] Installing claw_motor script to /home/csd/CSD-Project/install/smart_arm/lib/smart_arm
[5.865s] Installing servo_handler script to /home/csd/CSD-Project/install/smart_arm/lib/smart_arm
[5.868s] writing list of installed files to '/home/csd/CSD-Project/build/smart_arm/install.log'
[6.259s] Invoked command in '/home/csd/CSD-Project/src/smart_arm' returned '0': PYTHONPATH=/home/csd/CSD-Project/build/smart_arm/prefix_override:/home/csd/CSD-Project/install/smart_arm/lib/python3.10/site-packages:${PYTHONPATH} /usr/bin/python3 setup.py egg_info --egg-base ../../build/smart_arm build --build-base /home/csd/CSD-Project/build/smart_arm/build install --record /home/csd/CSD-Project/build/smart_arm/install.log --single-version-externally-managed
