[3.031s] Invoking command in '/home/csd/CSD-Project/src/picar_pro': PYTHONPATH=/home/csd/CSD-Project/build/picar_pro/prefix_override:/home/csd/CSD-Project/install/picar_pro/lib/python3.10/site-packages:${PYTHONPATH} /usr/bin/python3 setup.py egg_info --egg-base ../../build/picar_pro build --build-base /home/csd/CSD-Project/build/picar_pro/build install --record /home/csd/CSD-Project/build/picar_pro/install.log --single-version-externally-managed
[3.978s] running egg_info
[3.981s] writing ../../build/picar_pro/picar_pro.egg-info/PKG-INFO
[3.982s] writing dependency_links to ../../build/picar_pro/picar_pro.egg-info/dependency_links.txt
[3.983s] writing entry points to ../../build/picar_pro/picar_pro.egg-info/entry_points.txt
[3.983s] writing requirements to ../../build/picar_pro/picar_pro.egg-info/requires.txt
[3.984s] writing top-level names to ../../build/picar_pro/picar_pro.egg-info/top_level.txt
[3.992s] reading manifest file '../../build/picar_pro/picar_pro.egg-info/SOURCES.txt'
[3.994s] adding license file 'LICENSE'
[3.997s] writing manifest file '../../build/picar_pro/picar_pro.egg-info/SOURCES.txt'
[3.997s] running build
[3.997s] running build_py
[4.001s] running install
[4.001s] /usr/lib/python3/dist-packages/setuptools/command/install.py:34: SetuptoolsDeprecationWarning: setup.py install is deprecated. Use build and pip and other standards-based tools.
[4.002s]   warnings.warn(
[4.002s] running install_lib
[4.012s] running install_data
[4.015s] running install_egg_info
[4.021s] removing '/home/csd/CSD-Project/install/picar_pro/lib/python3.10/site-packages/picar_pro-0.0.0-py3.10.egg-info' (and everything under it)
[4.022s] Copying ../../build/picar_pro/picar_pro.egg-info to /home/csd/CSD-Project/install/picar_pro/lib/python3.10/site-packages/picar_pro-0.0.0-py3.10.egg-info
[4.028s] running install_scripts
[4.103s] Installing analysis_handler script to /home/csd/CSD-Project/install/picar_pro/lib/picar_pro
[4.104s] Installing comm_handler script to /home/csd/CSD-Project/install/picar_pro/lib/picar_pro
[4.105s] Installing picar_handler script to /home/csd/CSD-Project/install/picar_pro/lib/picar_pro
[4.106s] Installing servo_handler script to /home/csd/CSD-Project/install/picar_pro/lib/picar_pro
[4.106s] Installing wheels_handler script to /home/csd/CSD-Project/install/picar_pro/lib/picar_pro
[4.109s] writing list of installed files to '/home/csd/CSD-Project/build/picar_pro/install.log'
[4.222s] Invoked command in '/home/csd/CSD-Project/src/picar_pro' returned '0': PYTHONPATH=/home/csd/CSD-Project/build/picar_pro/prefix_override:/home/csd/CSD-Project/install/picar_pro/lib/python3.10/site-packages:${PYTHONPATH} /usr/bin/python3 setup.py egg_info --egg-base ../../build/picar_pro build --build-base /home/csd/CSD-Project/build/picar_pro/build install --record /home/csd/CSD-Project/build/picar_pro/install.log --single-version-externally-managed
