[4.350s] Invoking command in '/home/csd/CSD-Project/src/picar_pro': PYTHONPATH=/home/csd/CSD-Project/build/picar_pro/prefix_override:/home/csd/CSD-Project/install/picar_pro/lib/python3.10/site-packages:${PYTHONPATH} /usr/bin/python3 setup.py egg_info --egg-base ../../build/picar_pro build --build-base /home/csd/CSD-Project/build/picar_pro/build install --record /home/csd/CSD-Project/build/picar_pro/install.log --single-version-externally-managed
[5.569s] running egg_info
[5.572s] writing ../../build/picar_pro/picar_pro.egg-info/PKG-INFO
[5.573s] writing dependency_links to ../../build/picar_pro/picar_pro.egg-info/dependency_links.txt
[5.574s] writing entry points to ../../build/picar_pro/picar_pro.egg-info/entry_points.txt
[5.575s] writing requirements to ../../build/picar_pro/picar_pro.egg-info/requires.txt
[5.576s] writing top-level names to ../../build/picar_pro/picar_pro.egg-info/top_level.txt
[5.585s] reading manifest file '../../build/picar_pro/picar_pro.egg-info/SOURCES.txt'
[5.587s] adding license file 'LICENSE'
[5.590s] writing manifest file '../../build/picar_pro/picar_pro.egg-info/SOURCES.txt'
[5.591s] running build
[5.591s] running build_py
[5.594s] running install
[5.596s] /usr/lib/python3/dist-packages/setuptools/command/install.py:34: SetuptoolsDeprecationWarning: setup.py install is deprecated. Use build and pip and other standards-based tools.
[5.596s]   warnings.warn(
[5.597s] running install_lib
[5.605s] running install_data
[5.607s] copying package.xml -> /home/csd/CSD-Project/install/picar_pro/share/picar_pro
[5.608s] running install_egg_info
[5.615s] removing '/home/csd/CSD-Project/install/picar_pro/lib/python3.10/site-packages/picar_pro-0.0.0-py3.10.egg-info' (and everything under it)
[5.617s] Copying ../../build/picar_pro/picar_pro.egg-info to /home/csd/CSD-Project/install/picar_pro/lib/python3.10/site-packages/picar_pro-0.0.0-py3.10.egg-info
[5.628s] running install_scripts
[5.719s] Installing listener script to /home/csd/CSD-Project/install/picar_pro/lib/picar_pro
[5.720s] Installing movement script to /home/csd/CSD-Project/install/picar_pro/lib/picar_pro
[5.720s] Installing publisher_node script to /home/csd/CSD-Project/install/picar_pro/lib/picar_pro
[5.721s] Installing talker script to /home/csd/CSD-Project/install/picar_pro/lib/picar_pro
[5.724s] writing list of installed files to '/home/csd/CSD-Project/build/picar_pro/install.log'
[5.867s] Invoked command in '/home/csd/CSD-Project/src/picar_pro' returned '0': PYTHONPATH=/home/csd/CSD-Project/build/picar_pro/prefix_override:/home/csd/CSD-Project/install/picar_pro/lib/python3.10/site-packages:${PYTHONPATH} /usr/bin/python3 setup.py egg_info --egg-base ../../build/picar_pro build --build-base /home/csd/CSD-Project/build/picar_pro/build install --record /home/csd/CSD-Project/build/picar_pro/install.log --single-version-externally-managed
