[4.977s] DEBUG:colcon:Command line arguments: ['/usr/bin/colcon', 'build']
[4.977s] DEBUG:colcon:Parsed command line arguments: Namespace(log_base=None, log_level=None, verb_name='build', build_base='build', install_base='install', merge_install=False, symlink_install=False, test_result_base=None, continue_on_error=False, executor='parallel', parallel_workers=4, event_handlers=None, ignore_user_meta=False, metas=['./colcon.meta'], base_paths=['.'], packages_ignore=None, packages_ignore_regex=None, paths=None, packages_up_to=None, packages_up_to_regex=None, packages_above=None, packages_above_and_dependencies=None, packages_above_depth=None, packages_select_by_dep=None, packages_skip_by_dep=None, packages_skip_up_to=None, packages_select_build_failed=False, packages_skip_build_finished=False, packages_select_test_failures=False, packages_skip_test_passed=False, packages_select=None, packages_skip=None, packages_select_regex=None, packages_skip_regex=None, packages_start=None, packages_end=None, allow_overriding=[], cmake_args=None, cmake_target=None, cmake_target_skip_unavailable=False, cmake_clean_cache=False, cmake_clean_first=False, cmake_force_configure=False, ament_cmake_args=None, catkin_cmake_args=None, catkin_skip_building_tests=False, verb_parser=<colcon_defaults.argument_parser.defaults.DefaultArgumentsDecorator object at 0xffffb0f8b1c0>, verb_extension=<colcon_core.verb.build.BuildVerb object at 0xffffb0fa3c10>, main=<bound method BuildVerb.main of <colcon_core.verb.build.BuildVerb object at 0xffffb0fa3c10>>)
[5.271s] Level 1:colcon.colcon_core.package_discovery:discover_packages(colcon_meta) check parameters
[5.271s] Level 1:colcon.colcon_core.package_discovery:discover_packages(recursive) check parameters
[5.271s] Level 1:colcon.colcon_core.package_discovery:discover_packages(ignore) check parameters
[5.272s] Level 1:colcon.colcon_core.package_discovery:discover_packages(path) check parameters
[5.272s] Level 1:colcon.colcon_core.package_discovery:discover_packages(colcon_meta) discover
[5.272s] Level 1:colcon.colcon_core.package_discovery:discover_packages(recursive) discover
[5.272s] INFO:colcon.colcon_core.package_discovery:Crawling recursively for packages in '/home/csd/CSD-Project'
[5.272s] Level 1:colcon.colcon_core.package_identification:_identify(.) by extensions ['ignore', 'ignore_ament_install']
[5.273s] Level 1:colcon.colcon_core.package_identification:_identify(.) by extension 'ignore'
[5.273s] Level 1:colcon.colcon_core.package_identification:_identify(.) by extension 'ignore_ament_install'
[5.273s] Level 1:colcon.colcon_core.package_identification:_identify(.) by extensions ['colcon_pkg']
[5.273s] Level 1:colcon.colcon_core.package_identification:_identify(.) by extension 'colcon_pkg'
[5.274s] Level 1:colcon.colcon_core.package_identification:_identify(.) by extensions ['colcon_meta']
[5.274s] Level 1:colcon.colcon_core.package_identification:_identify(.) by extension 'colcon_meta'
[5.274s] Level 1:colcon.colcon_core.package_identification:_identify(.) by extensions ['ros']
[5.274s] Level 1:colcon.colcon_core.package_identification:_identify(.) by extension 'ros'
[5.357s] Level 1:colcon.colcon_core.package_identification:_identify(.) by extensions ['cmake', 'python']
[5.357s] Level 1:colcon.colcon_core.package_identification:_identify(.) by extension 'cmake'
[5.357s] Level 1:colcon.colcon_core.package_identification:_identify(.) by extension 'python'
[5.358s] Level 1:colcon.colcon_core.package_identification:_identify(.) by extensions ['python_setup_py']
[5.358s] Level 1:colcon.colcon_core.package_identification:_identify(.) by extension 'python_setup_py'
[5.358s] Level 1:colcon.colcon_core.package_identification:_identify(build) by extensions ['ignore', 'ignore_ament_install']
[5.359s] Level 1:colcon.colcon_core.package_identification:_identify(build) by extension 'ignore'
[5.359s] Level 1:colcon.colcon_core.package_identification:_identify(build) ignored
[5.359s] Level 1:colcon.colcon_core.package_identification:_identify(install) by extensions ['ignore', 'ignore_ament_install']
[5.360s] Level 1:colcon.colcon_core.package_identification:_identify(install) by extension 'ignore'
[5.360s] Level 1:colcon.colcon_core.package_identification:_identify(install) ignored
[5.362s] Level 1:colcon.colcon_core.package_identification:_identify(log) by extensions ['ignore', 'ignore_ament_install']
[5.362s] Level 1:colcon.colcon_core.package_identification:_identify(log) by extension 'ignore'
[5.362s] Level 1:colcon.colcon_core.package_identification:_identify(log) ignored
[5.363s] Level 1:colcon.colcon_core.package_identification:_identify(src) by extensions ['ignore', 'ignore_ament_install']
[5.363s] Level 1:colcon.colcon_core.package_identification:_identify(src) by extension 'ignore'
[5.363s] Level 1:colcon.colcon_core.package_identification:_identify(src) by extension 'ignore_ament_install'
[5.364s] Level 1:colcon.colcon_core.package_identification:_identify(src) by extensions ['colcon_pkg']
[5.364s] Level 1:colcon.colcon_core.package_identification:_identify(src) by extension 'colcon_pkg'
[5.364s] Level 1:colcon.colcon_core.package_identification:_identify(src) by extensions ['colcon_meta']
[5.364s] Level 1:colcon.colcon_core.package_identification:_identify(src) by extension 'colcon_meta'
[5.364s] Level 1:colcon.colcon_core.package_identification:_identify(src) by extensions ['ros']
[5.364s] Level 1:colcon.colcon_core.package_identification:_identify(src) by extension 'ros'
[5.365s] Level 1:colcon.colcon_core.package_identification:_identify(src) by extensions ['cmake', 'python']
[5.365s] Level 1:colcon.colcon_core.package_identification:_identify(src) by extension 'cmake'
[5.365s] Level 1:colcon.colcon_core.package_identification:_identify(src) by extension 'python'
[5.365s] Level 1:colcon.colcon_core.package_identification:_identify(src) by extensions ['python_setup_py']
[5.365s] Level 1:colcon.colcon_core.package_identification:_identify(src) by extension 'python_setup_py'
[5.366s] Level 1:colcon.colcon_core.package_identification:_identify(src/smart_arm) by extensions ['ignore', 'ignore_ament_install']
[5.366s] Level 1:colcon.colcon_core.package_identification:_identify(src/smart_arm) by extension 'ignore'
[5.366s] Level 1:colcon.colcon_core.package_identification:_identify(src/smart_arm) by extension 'ignore_ament_install'
[5.366s] Level 1:colcon.colcon_core.package_identification:_identify(src/smart_arm) by extensions ['colcon_pkg']
[5.366s] Level 1:colcon.colcon_core.package_identification:_identify(src/smart_arm) by extension 'colcon_pkg'
[5.367s] Level 1:colcon.colcon_core.package_identification:_identify(src/smart_arm) by extensions ['colcon_meta']
[5.367s] Level 1:colcon.colcon_core.package_identification:_identify(src/smart_arm) by extension 'colcon_meta'
[5.367s] Level 1:colcon.colcon_core.package_identification:_identify(src/smart_arm) by extensions ['ros']
[5.367s] Level 1:colcon.colcon_core.package_identification:_identify(src/smart_arm) by extension 'ros'
[5.382s] DEBUG:colcon.colcon_core.package_identification:Package 'src/smart_arm' with type 'ros.ament_python' and name 'smart_arm'
[5.383s] Level 1:colcon.colcon_core.package_discovery:discover_packages(recursive) using defaults
[5.383s] Level 1:colcon.colcon_core.package_discovery:discover_packages(ignore) discover
[5.383s] Level 1:colcon.colcon_core.package_discovery:discover_packages(ignore) using defaults
[5.383s] Level 1:colcon.colcon_core.package_discovery:discover_packages(path) discover
[5.383s] Level 1:colcon.colcon_core.package_discovery:discover_packages(path) using defaults
[5.807s] Level 1:colcon.colcon_core.package_discovery:discover_packages(prefix_path) check parameters
[5.807s] Level 1:colcon.colcon_core.package_discovery:discover_packages(prefix_path) discover
[5.875s] WARNING:colcon.colcon_ros.prefix_path.ament:The path '/home/csd/CSD-Project/install/picar_pro' in the environment variable AMENT_PREFIX_PATH doesn't exist
[5.939s] DEBUG:colcon.colcon_installed_package_information.package_discovery:Found 1 installed packages in /home/csd/CSD-Project/install
[6.003s] DEBUG:colcon.colcon_installed_package_information.package_discovery:Found 192 installed packages in /opt/ros/iron
[6.008s] Level 1:colcon.colcon_core.package_discovery:discover_packages(prefix_path) using defaults
[6.272s] Level 5:colcon.colcon_core.verb:set package 'smart_arm' build argument 'cmake_args' from command line to 'None'
[6.272s] Level 5:colcon.colcon_core.verb:set package 'smart_arm' build argument 'cmake_target' from command line to 'None'
[6.272s] Level 5:colcon.colcon_core.verb:set package 'smart_arm' build argument 'cmake_target_skip_unavailable' from command line to 'False'
[6.272s] Level 5:colcon.colcon_core.verb:set package 'smart_arm' build argument 'cmake_clean_cache' from command line to 'False'
[6.272s] Level 5:colcon.colcon_core.verb:set package 'smart_arm' build argument 'cmake_clean_first' from command line to 'False'
[6.272s] Level 5:colcon.colcon_core.verb:set package 'smart_arm' build argument 'cmake_force_configure' from command line to 'False'
[6.272s] Level 5:colcon.colcon_core.verb:set package 'smart_arm' build argument 'ament_cmake_args' from command line to 'None'
[6.273s] Level 5:colcon.colcon_core.verb:set package 'smart_arm' build argument 'catkin_cmake_args' from command line to 'None'
[6.273s] Level 5:colcon.colcon_core.verb:set package 'smart_arm' build argument 'catkin_skip_building_tests' from command line to 'False'
[6.273s] DEBUG:colcon.colcon_core.verb:Building package 'smart_arm' with the following arguments: {'ament_cmake_args': None, 'build_base': '/home/csd/CSD-Project/build/smart_arm', 'catkin_cmake_args': None, 'catkin_skip_building_tests': False, 'cmake_args': None, 'cmake_clean_cache': False, 'cmake_clean_first': False, 'cmake_force_configure': False, 'cmake_target': None, 'cmake_target_skip_unavailable': False, 'install_base': '/home/csd/CSD-Project/install/smart_arm', 'merge_install': False, 'path': '/home/csd/CSD-Project/src/smart_arm', 'symlink_install': False, 'test_result_base': None}
[6.327s] INFO:colcon.colcon_core.executor:Executing jobs using 'parallel' executor
[6.384s] DEBUG:colcon.colcon_parallel_executor.executor.parallel:run_until_complete
[6.385s] INFO:colcon.colcon_ros.task.ament_python.build:Building ROS package in '/home/csd/CSD-Project/src/smart_arm' with build type 'ament_python'
[6.385s] Level 1:colcon.colcon_core.shell:create_environment_hook('smart_arm', 'ament_prefix_path')
[6.465s] INFO:colcon.colcon_core.plugin_system:Skipping extension 'colcon_core.shell.bat': Not used on non-Windows systems
[6.466s] INFO:colcon.colcon_core.shell:Creating environment hook '/home/csd/CSD-Project/install/smart_arm/share/smart_arm/hook/ament_prefix_path.ps1'
[6.471s] INFO:colcon.colcon_core.shell:Creating environment descriptor '/home/csd/CSD-Project/install/smart_arm/share/smart_arm/hook/ament_prefix_path.dsv'
[6.475s] INFO:colcon.colcon_core.shell:Creating environment hook '/home/csd/CSD-Project/install/smart_arm/share/smart_arm/hook/ament_prefix_path.sh'
[6.539s] INFO:colcon.colcon_core.shell:Skip shell extension 'powershell' for command environment: Not usable outside of PowerShell
[6.539s] DEBUG:colcon.colcon_core.shell:Skip shell extension 'dsv' for command environment
[7.788s] INFO:colcon.colcon_core.task.python.build:Building Python package in '/home/csd/CSD-Project/src/smart_arm'
[7.847s] INFO:colcon.colcon_core.shell:Skip shell extension 'powershell' for command environment: Not usable outside of PowerShell
[7.847s] DEBUG:colcon.colcon_core.shell:Skip shell extension 'dsv' for command environment
[10.027s] DEBUG:colcon.colcon_core.event_handler.log_command:Invoking command in '/home/csd/CSD-Project/src/smart_arm': PYTHONPATH=/home/csd/CSD-Project/build/smart_arm/prefix_override:/home/csd/CSD-Project/install/smart_arm/lib/python3.10/site-packages:${PYTHONPATH} /usr/bin/python3 setup.py egg_info --egg-base ../../build/smart_arm build --build-base /home/csd/CSD-Project/build/smart_arm/build install --record /home/csd/CSD-Project/build/smart_arm/install.log --single-version-externally-managed
[11.237s] DEBUG:colcon.colcon_core.event_handler.log_command:Invoked command in '/home/csd/CSD-Project/src/smart_arm' returned '0': PYTHONPATH=/home/csd/CSD-Project/build/smart_arm/prefix_override:/home/csd/CSD-Project/install/smart_arm/lib/python3.10/site-packages:${PYTHONPATH} /usr/bin/python3 setup.py egg_info --egg-base ../../build/smart_arm build --build-base /home/csd/CSD-Project/build/smart_arm/build install --record /home/csd/CSD-Project/build/smart_arm/install.log --single-version-externally-managed
[11.327s] Level 1:colcon.colcon_core.environment:checking '/home/csd/CSD-Project/install/smart_arm' for CMake module files
[11.330s] Level 1:colcon.colcon_core.environment:checking '/home/csd/CSD-Project/install/smart_arm' for CMake config files
[11.336s] Level 1:colcon.colcon_core.environment:checking '/home/csd/CSD-Project/install/smart_arm/lib'
[11.336s] Level 1:colcon.colcon_core.environment:checking '/home/csd/CSD-Project/install/smart_arm/bin'
[11.337s] Level 1:colcon.colcon_core.environment:checking '/home/csd/CSD-Project/install/smart_arm/lib/pkgconfig/smart_arm.pc'
[11.338s] Level 1:colcon.colcon_core.environment:checking '/home/csd/CSD-Project/install/smart_arm/lib/python3.10/site-packages'
[11.338s] Level 1:colcon.colcon_core.shell:create_environment_hook('smart_arm', 'pythonpath')
[11.394s] INFO:colcon.colcon_core.shell:Creating environment hook '/home/csd/CSD-Project/install/smart_arm/share/smart_arm/hook/pythonpath.ps1'
[11.396s] INFO:colcon.colcon_core.shell:Creating environment descriptor '/home/csd/CSD-Project/install/smart_arm/share/smart_arm/hook/pythonpath.dsv'
[11.397s] INFO:colcon.colcon_core.shell:Creating environment hook '/home/csd/CSD-Project/install/smart_arm/share/smart_arm/hook/pythonpath.sh'
[11.399s] Level 1:colcon.colcon_core.environment:checking '/home/csd/CSD-Project/install/smart_arm/bin'
[11.400s] Level 1:colcon.colcon_core.environment:create_environment_scripts_only(smart_arm)
[11.456s] INFO:colcon.colcon_core.shell:Creating package script '/home/csd/CSD-Project/install/smart_arm/share/smart_arm/package.ps1'
[11.463s] INFO:colcon.colcon_core.shell:Creating package descriptor '/home/csd/CSD-Project/install/smart_arm/share/smart_arm/package.dsv'
[11.469s] INFO:colcon.colcon_core.shell:Creating package script '/home/csd/CSD-Project/install/smart_arm/share/smart_arm/package.sh'
[11.479s] INFO:colcon.colcon_core.shell:Creating package script '/home/csd/CSD-Project/install/smart_arm/share/smart_arm/package.bash'
[11.486s] INFO:colcon.colcon_core.shell:Creating package script '/home/csd/CSD-Project/install/smart_arm/share/smart_arm/package.zsh'
[11.492s] Level 1:colcon.colcon_core.environment:create_file_with_runtime_dependencies(/home/csd/CSD-Project/install/smart_arm/share/colcon-core/packages/smart_arm)
[11.493s] DEBUG:colcon.colcon_parallel_executor.executor.parallel:closing loop
[11.494s] DEBUG:colcon.colcon_parallel_executor.executor.parallel:loop closed
[11.495s] DEBUG:colcon.colcon_parallel_executor.executor.parallel:run_until_complete finished with '0'
[11.495s] DEBUG:colcon.colcon_core.event_reactor:joining thread
[11.586s] INFO:colcon.colcon_core.plugin_system:Skipping extension 'colcon_notification.desktop_notification.notify_send': Could not find 'notify-send'
[11.586s] INFO:colcon.colcon_core.plugin_system:Skipping extension 'colcon_notification.desktop_notification.terminal_notifier': Not used on non-Darwin systems
[11.586s] INFO:colcon.colcon_core.plugin_system:Skipping extension 'colcon_notification.desktop_notification.win32': Not used on non-Windows systems
[11.587s] INFO:colcon.colcon_notification.desktop_notification:Sending desktop notification using 'notify2'
[11.715s] DEBUG:colcon.colcon_notification.desktop_notification.notify2:Failed to initialize notify2: org.freedesktop.DBus.Error.ServiceUnknown: The name org.freedesktop.Notifications was not provided by any .service files
[11.715s] DEBUG:colcon.colcon_core.event_reactor:joined thread
[11.777s] INFO:colcon.colcon_core.shell:Creating prefix script '/home/csd/CSD-Project/install/local_setup.ps1'
[11.784s] INFO:colcon.colcon_core.shell:Creating prefix util module '/home/csd/CSD-Project/install/_local_setup_util_ps1.py'
[11.795s] INFO:colcon.colcon_core.shell:Creating prefix chain script '/home/csd/CSD-Project/install/setup.ps1'
[11.859s] INFO:colcon.colcon_core.shell:Creating prefix script '/home/csd/CSD-Project/install/local_setup.sh'
[11.865s] INFO:colcon.colcon_core.shell:Creating prefix util module '/home/csd/CSD-Project/install/_local_setup_util_sh.py'
[11.868s] INFO:colcon.colcon_core.shell:Creating prefix chain script '/home/csd/CSD-Project/install/setup.sh'
[11.932s] INFO:colcon.colcon_core.shell:Creating prefix script '/home/csd/CSD-Project/install/local_setup.bash'
[11.938s] INFO:colcon.colcon_core.shell:Creating prefix chain script '/home/csd/CSD-Project/install/setup.bash'
[12.004s] INFO:colcon.colcon_core.shell:Creating prefix script '/home/csd/CSD-Project/install/local_setup.zsh'
[12.009s] INFO:colcon.colcon_core.shell:Creating prefix chain script '/home/csd/CSD-Project/install/setup.zsh'
