[4.883s] Invoking command in '/home/csd/CSD-Project/src/picar_pro': PYTHONPATH=/home/csd/CSD-Project/build/picar_pro/prefix_override:/home/csd/CSD-Project/install/picar_pro/lib/python3.10/site-packages:${PYTHONPATH} /usr/bin/python3 setup.py egg_info --egg-base ../../build/picar_pro build --build-base /home/csd/CSD-Project/build/picar_pro/build install --record /home/csd/CSD-Project/build/picar_pro/install.log --single-version-externally-managed
[5.968s] running egg_info
[5.971s] writing ../../build/picar_pro/picar_pro.egg-info/PKG-INFO
[5.972s] writing dependency_links to ../../build/picar_pro/picar_pro.egg-info/dependency_links.txt
[5.973s] writing entry points to ../../build/picar_pro/picar_pro.egg-info/entry_points.txt
[5.974s] writing requirements to ../../build/picar_pro/picar_pro.egg-info/requires.txt
[5.975s] writing top-level names to ../../build/picar_pro/picar_pro.egg-info/top_level.txt
[5.984s] reading manifest file '../../build/picar_pro/picar_pro.egg-info/SOURCES.txt'
[5.985s] adding license file 'LICENSE'
[5.989s] writing manifest file '../../build/picar_pro/picar_pro.egg-info/SOURCES.txt'
[5.990s] running build
[5.991s] running build_py
[5.991s] copying picar_pro/Subscriber.py -> /home/csd/CSD-Project/build/picar_pro/build/lib/picar_pro
[5.993s] copying picar_pro/Publisher.py -> /home/csd/CSD-Project/build/picar_pro/build/lib/picar_pro
[5.994s] running install
[5.996s] /usr/lib/python3/dist-packages/setuptools/command/install.py:34: SetuptoolsDeprecationWarning: setup.py install is deprecated. Use build and pip and other standards-based tools.
[5.996s]   warnings.warn(
[5.997s] running install_lib
[6.001s] copying /home/csd/CSD-Project/build/picar_pro/build/lib/picar_pro/Subscriber.py -> /home/csd/CSD-Project/install/picar_pro/lib/python3.10/site-packages/picar_pro
[6.002s] copying /home/csd/CSD-Project/build/picar_pro/build/lib/picar_pro/Publisher.py -> /home/csd/CSD-Project/install/picar_pro/lib/python3.10/site-packages/picar_pro
[6.005s] byte-compiling /home/csd/CSD-Project/install/picar_pro/lib/python3.10/site-packages/picar_pro/Subscriber.py to Subscriber.cpython-310.pyc
[6.008s] byte-compiling /home/csd/CSD-Project/install/picar_pro/lib/python3.10/site-packages/picar_pro/Publisher.py to Publisher.cpython-310.pyc
[6.010s] running install_data
[6.013s] running install_egg_info
[6.021s] removing '/home/csd/CSD-Project/install/picar_pro/lib/python3.10/site-packages/picar_pro-0.0.0-py3.10.egg-info' (and everything under it)
[6.022s] Copying ../../build/picar_pro/picar_pro.egg-info to /home/csd/CSD-Project/install/picar_pro/lib/python3.10/site-packages/picar_pro-0.0.0-py3.10.egg-info
[6.029s] running install_scripts
[6.134s] Installing listener script to /home/csd/CSD-Project/install/picar_pro/lib/picar_pro
[6.136s] Installing movement script to /home/csd/CSD-Project/install/picar_pro/lib/picar_pro
[6.137s] Installing talker script to /home/csd/CSD-Project/install/picar_pro/lib/picar_pro
[6.141s] writing list of installed files to '/home/csd/CSD-Project/build/picar_pro/install.log'
[6.507s] Invoked command in '/home/csd/CSD-Project/src/picar_pro' returned '0': PYTHONPATH=/home/csd/CSD-Project/build/picar_pro/prefix_override:/home/csd/CSD-Project/install/picar_pro/lib/python3.10/site-packages:${PYTHONPATH} /usr/bin/python3 setup.py egg_info --egg-base ../../build/picar_pro build --build-base /home/csd/CSD-Project/build/picar_pro/build install --record /home/csd/CSD-Project/build/picar_pro/install.log --single-version-externally-managed
