[3.077s] Invoking command in '/home/csd/CSD-Project/src/smart_arm': PYTHONPATH=/home/csd/CSD-Project/build/smart_arm/prefix_override:/home/csd/CSD-Project/install/smart_arm/lib/python3.10/site-packages:${PYTHONPATH} /usr/bin/python3 setup.py egg_info --egg-base ../../build/smart_arm build --build-base /home/csd/CSD-Project/build/smart_arm/build install --record /home/csd/CSD-Project/build/smart_arm/install.log --single-version-externally-managed
[4.026s] running egg_info
[4.029s] writing ../../build/smart_arm/smart_arm.egg-info/PKG-INFO
[4.030s] writing dependency_links to ../../build/smart_arm/smart_arm.egg-info/dependency_links.txt
[4.031s] writing entry points to ../../build/smart_arm/smart_arm.egg-info/entry_points.txt
[4.031s] writing requirements to ../../build/smart_arm/smart_arm.egg-info/requires.txt
[4.032s] writing top-level names to ../../build/smart_arm/smart_arm.egg-info/top_level.txt
[4.040s] reading manifest file '../../build/smart_arm/smart_arm.egg-info/SOURCES.txt'
[4.043s] adding license file 'LICENSE'
[4.046s] writing manifest file '../../build/smart_arm/smart_arm.egg-info/SOURCES.txt'
[4.046s] running build
[4.047s] running build_py
[4.049s] running install
[4.050s] /usr/lib/python3/dist-packages/setuptools/command/install.py:34: SetuptoolsDeprecationWarning: setup.py install is deprecated. Use build and pip and other standards-based tools.
[4.050s]   warnings.warn(
[4.051s] running install_lib
[4.059s] running install_data
[4.061s] running install_egg_info
[4.067s] removing '/home/csd/CSD-Project/install/smart_arm/lib/python3.10/site-packages/smart_arm-0.0.0-py3.10.egg-info' (and everything under it)
[4.069s] Copying ../../build/smart_arm/smart_arm.egg-info to /home/csd/CSD-Project/install/smart_arm/lib/python3.10/site-packages/smart_arm-0.0.0-py3.10.egg-info
[4.074s] running install_scripts
[4.151s] Installing arm_handler script to /home/csd/CSD-Project/install/smart_arm/lib/smart_arm
[4.152s] Installing comm_handler script to /home/csd/CSD-Project/install/smart_arm/lib/smart_arm
[4.152s] Installing publisher_node script to /home/csd/CSD-Project/install/smart_arm/lib/smart_arm
[4.161s] Installing servo_handler script to /home/csd/CSD-Project/install/smart_arm/lib/smart_arm
[4.163s] writing list of installed files to '/home/csd/CSD-Project/build/smart_arm/install.log'
[4.279s] Invoked command in '/home/csd/CSD-Project/src/smart_arm' returned '0': PYTHONPATH=/home/csd/CSD-Project/build/smart_arm/prefix_override:/home/csd/CSD-Project/install/smart_arm/lib/python3.10/site-packages:${PYTHONPATH} /usr/bin/python3 setup.py egg_info --egg-base ../../build/smart_arm build --build-base /home/csd/CSD-Project/build/smart_arm/build install --record /home/csd/CSD-Project/build/smart_arm/install.log --single-version-externally-managed
