[6.731s] Invoking command in '/home/csd/CSD-Project/src/picar_pro': PYTHONPATH=/home/csd/CSD-Project/build/picar_pro/prefix_override:/home/csd/CSD-Project/install/picar_pro/lib/python3.10/site-packages:${PYTHONPATH} /usr/bin/python3 setup.py egg_info --egg-base ../../build/picar_pro build --build-base /home/csd/CSD-Project/build/picar_pro/build install --record /home/csd/CSD-Project/build/picar_pro/install.log --single-version-externally-managed
[8.006s] running egg_info
[8.009s] writing ../../build/picar_pro/picar_pro.egg-info/PKG-INFO
[8.010s] writing dependency_links to ../../build/picar_pro/picar_pro.egg-info/dependency_links.txt
[8.012s] writing entry points to ../../build/picar_pro/picar_pro.egg-info/entry_points.txt
[8.012s] writing requirements to ../../build/picar_pro/picar_pro.egg-info/requires.txt
[8.013s] writing top-level names to ../../build/picar_pro/picar_pro.egg-info/top_level.txt
[8.024s] reading manifest file '../../build/picar_pro/picar_pro.egg-info/SOURCES.txt'
[8.026s] adding license file 'LICENSE'
[8.030s] writing manifest file '../../build/picar_pro/picar_pro.egg-info/SOURCES.txt'
[8.031s] running build
[8.031s] running build_py
[8.034s] running install
[8.035s] /usr/lib/python3/dist-packages/setuptools/command/install.py:34: SetuptoolsDeprecationWarning: setup.py install is deprecated. Use build and pip and other standards-based tools.
[8.036s]   warnings.warn(
[8.037s] running install_lib
[8.044s] running install_data
[8.047s] running install_egg_info
[8.056s] removing '/home/csd/CSD-Project/install/picar_pro/lib/python3.10/site-packages/picar_pro-0.0.0-py3.10.egg-info' (and everything under it)
[8.059s] Copying ../../build/picar_pro/picar_pro.egg-info to /home/csd/CSD-Project/install/picar_pro/lib/python3.10/site-packages/picar_pro-0.0.0-py3.10.egg-info
[8.066s] running install_scripts
[8.172s] Installing listener script to /home/csd/CSD-Project/install/picar_pro/lib/picar_pro
[8.173s] Installing movement script to /home/csd/CSD-Project/install/picar_pro/lib/picar_pro
[8.174s] Installing talker script to /home/csd/CSD-Project/install/picar_pro/lib/picar_pro
[8.177s] writing list of installed files to '/home/csd/CSD-Project/build/picar_pro/install.log'
[8.422s] Invoked command in '/home/csd/CSD-Project/src/picar_pro' returned '0': PYTHONPATH=/home/csd/CSD-Project/build/picar_pro/prefix_override:/home/csd/CSD-Project/install/picar_pro/lib/python3.10/site-packages:${PYTHONPATH} /usr/bin/python3 setup.py egg_info --egg-base ../../build/picar_pro build --build-base /home/csd/CSD-Project/build/picar_pro/build install --record /home/csd/CSD-Project/build/picar_pro/install.log --single-version-externally-managed
