[3.591s] Invoking command in '/home/csd/CSD-Project/src/smart_arm': PYTHONPATH=/home/csd/CSD-Project/build/smart_arm/prefix_override:/home/csd/CSD-Project/install/smart_arm/lib/python3.10/site-packages:${PYTHONPATH} /usr/bin/python3 setup.py egg_info --egg-base ../../build/smart_arm build --build-base /home/csd/CSD-Project/build/smart_arm/build install --record /home/csd/CSD-Project/build/smart_arm/install.log --single-version-externally-managed
[4.537s] running egg_info
[4.539s] writing ../../build/smart_arm/smart_arm.egg-info/PKG-INFO
[4.540s] writing dependency_links to ../../build/smart_arm/smart_arm.egg-info/dependency_links.txt
[4.541s] writing entry points to ../../build/smart_arm/smart_arm.egg-info/entry_points.txt
[4.542s] writing requirements to ../../build/smart_arm/smart_arm.egg-info/requires.txt
[4.543s] writing top-level names to ../../build/smart_arm/smart_arm.egg-info/top_level.txt
[4.551s] reading manifest file '../../build/smart_arm/smart_arm.egg-info/SOURCES.txt'
[4.554s] adding license file 'LICENSE'
[4.557s] writing manifest file '../../build/smart_arm/smart_arm.egg-info/SOURCES.txt'
[4.557s] running build
[4.558s] running build_py
[4.558s] copying smart_arm/servo_handler.py -> /home/csd/CSD-Project/build/smart_arm/build/lib/smart_arm
[4.559s] copying smart_arm/ServoController.py -> /home/csd/CSD-Project/build/smart_arm/build/lib/smart_arm
[4.562s] running install
[4.563s] /usr/lib/python3/dist-packages/setuptools/command/install.py:34: SetuptoolsDeprecationWarning: setup.py install is deprecated. Use build and pip and other standards-based tools.
[4.563s]   warnings.warn(
[4.564s] running install_lib
[4.568s] copying /home/csd/CSD-Project/build/smart_arm/build/lib/smart_arm/servo_handler.py -> /home/csd/CSD-Project/install/smart_arm/lib/python3.10/site-packages/smart_arm
[4.569s] copying /home/csd/CSD-Project/build/smart_arm/build/lib/smart_arm/ServoController.py -> /home/csd/CSD-Project/install/smart_arm/lib/python3.10/site-packages/smart_arm
[4.572s] byte-compiling /home/csd/CSD-Project/install/smart_arm/lib/python3.10/site-packages/smart_arm/servo_handler.py to servo_handler.cpython-310.pyc
[4.576s] byte-compiling /home/csd/CSD-Project/install/smart_arm/lib/python3.10/site-packages/smart_arm/ServoController.py to ServoController.cpython-310.pyc
[4.578s] running install_data
[4.581s] running install_egg_info
[4.588s] removing '/home/csd/CSD-Project/install/smart_arm/lib/python3.10/site-packages/smart_arm-0.0.0-py3.10.egg-info' (and everything under it)
[4.589s] Copying ../../build/smart_arm/smart_arm.egg-info to /home/csd/CSD-Project/install/smart_arm/lib/python3.10/site-packages/smart_arm-0.0.0-py3.10.egg-info
[4.598s] running install_scripts
[4.676s] Installing arm_handler script to /home/csd/CSD-Project/install/smart_arm/lib/smart_arm
[4.677s] Installing comm_handler script to /home/csd/CSD-Project/install/smart_arm/lib/smart_arm
[4.677s] Installing publisher_node script to /home/csd/CSD-Project/install/smart_arm/lib/smart_arm
[4.678s] Installing servo_handler script to /home/csd/CSD-Project/install/smart_arm/lib/smart_arm
[4.680s] writing list of installed files to '/home/csd/CSD-Project/build/smart_arm/install.log'
[4.793s] Invoked command in '/home/csd/CSD-Project/src/smart_arm' returned '0': PYTHONPATH=/home/csd/CSD-Project/build/smart_arm/prefix_override:/home/csd/CSD-Project/install/smart_arm/lib/python3.10/site-packages:${PYTHONPATH} /usr/bin/python3 setup.py egg_info --egg-base ../../build/smart_arm build --build-base /home/csd/CSD-Project/build/smart_arm/build install --record /home/csd/CSD-Project/build/smart_arm/install.log --single-version-externally-managed
