[5.311s] Invoking command in '/home/csd/CSD-Project/src/picar_pro': PYTHONPATH=/home/csd/CSD-Project/build/picar_pro/prefix_override:/home/csd/CSD-Project/install/picar_pro/lib/python3.10/site-packages:${PYTHONPATH} /usr/bin/python3 setup.py egg_info --egg-base ../../build/picar_pro build --build-base /home/csd/CSD-Project/build/picar_pro/build install --record /home/csd/CSD-Project/build/picar_pro/install.log --single-version-externally-managed
[6.543s] running egg_info
[6.545s] writing ../../build/picar_pro/picar_pro.egg-info/PKG-INFO
[6.547s] writing dependency_links to ../../build/picar_pro/picar_pro.egg-info/dependency_links.txt
[6.549s] writing entry points to ../../build/picar_pro/picar_pro.egg-info/entry_points.txt
[6.550s] writing requirements to ../../build/picar_pro/picar_pro.egg-info/requires.txt
[6.551s] writing top-level names to ../../build/picar_pro/picar_pro.egg-info/top_level.txt
[6.559s] reading manifest file '../../build/picar_pro/picar_pro.egg-info/SOURCES.txt'
[6.561s] adding license file 'LICENSE'
[6.564s] writing manifest file '../../build/picar_pro/picar_pro.egg-info/SOURCES.txt'
[6.565s] running build
[6.565s] running build_py
[6.567s] copying picar_pro/Subscriber.py -> /home/csd/CSD-Project/build/picar_pro/build/lib/picar_pro
[6.570s] running install
[6.570s] /usr/lib/python3/dist-packages/setuptools/command/install.py:34: SetuptoolsDeprecationWarning: setup.py install is deprecated. Use build and pip and other standards-based tools.
[6.571s]   warnings.warn(
[6.571s] running install_lib
[6.576s] copying /home/csd/CSD-Project/build/picar_pro/build/lib/picar_pro/Subscriber.py -> /home/csd/CSD-Project/install/picar_pro/lib/python3.10/site-packages/picar_pro
[6.579s] byte-compiling /home/csd/CSD-Project/install/picar_pro/lib/python3.10/site-packages/picar_pro/Subscriber.py to Subscriber.cpython-310.pyc
[6.582s] running install_data
[6.585s] running install_egg_info
[6.593s] removing '/home/csd/CSD-Project/install/picar_pro/lib/python3.10/site-packages/picar_pro-0.0.0-py3.10.egg-info' (and everything under it)
[6.595s] Copying ../../build/picar_pro/picar_pro.egg-info to /home/csd/CSD-Project/install/picar_pro/lib/python3.10/site-packages/picar_pro-0.0.0-py3.10.egg-info
[6.602s] running install_scripts
[6.699s] Installing listener script to /home/csd/CSD-Project/install/picar_pro/lib/picar_pro
[6.701s] Installing movement script to /home/csd/CSD-Project/install/picar_pro/lib/picar_pro
[6.703s] Installing publisher_node script to /home/csd/CSD-Project/install/picar_pro/lib/picar_pro
[6.705s] Installing talker script to /home/csd/CSD-Project/install/picar_pro/lib/picar_pro
[6.709s] writing list of installed files to '/home/csd/CSD-Project/build/picar_pro/install.log'
[7.091s] Invoked command in '/home/csd/CSD-Project/src/picar_pro' returned '0': PYTHONPATH=/home/csd/CSD-Project/build/picar_pro/prefix_override:/home/csd/CSD-Project/install/picar_pro/lib/python3.10/site-packages:${PYTHONPATH} /usr/bin/python3 setup.py egg_info --egg-base ../../build/picar_pro build --build-base /home/csd/CSD-Project/build/picar_pro/build install --record /home/csd/CSD-Project/build/picar_pro/install.log --single-version-externally-managed
