running egg_info
writing ../../build/smart_arm/smart_arm.egg-info/PKG-INFO
writing dependency_links to ../../build/smart_arm/smart_arm.egg-info/dependency_links.txt
writing entry points to ../../build/smart_arm/smart_arm.egg-info/entry_points.txt
writing requirements to ../../build/smart_arm/smart_arm.egg-info/requires.txt
writing top-level names to ../../build/smart_arm/smart_arm.egg-info/top_level.txt
reading manifest file '../../build/smart_arm/smart_arm.egg-info/SOURCES.txt'
adding license file 'LICENSE'
writing manifest file '../../build/smart_arm/smart_arm.egg-info/SOURCES.txt'
running build
running build_py
copying smart_arm/talker.py -> /home/csd/CSD-Project/build/smart_arm/build/lib/smart_arm
running install
/usr/lib/python3/dist-packages/setuptools/command/install.py:34: SetuptoolsDeprecationWarning: setup.py install is deprecated. Use build and pip and other standards-based tools.
  warnings.warn(
running install_lib
copying /home/csd/CSD-Project/build/smart_arm/build/lib/smart_arm/talker.py -> /home/csd/CSD-Project/install/smart_arm/lib/python3.10/site-packages/smart_arm
byte-compiling /home/csd/CSD-Project/install/smart_arm/lib/python3.10/site-packages/smart_arm/talker.py to talker.cpython-310.pyc
running install_data
running install_egg_info
removing '/home/csd/CSD-Project/install/smart_arm/lib/python3.10/site-packages/smart_arm-0.0.0-py3.10.egg-info' (and everything under it)
Copying ../../build/smart_arm/smart_arm.egg-info to /home/csd/CSD-Project/install/smart_arm/lib/python3.10/site-packages/smart_arm-0.0.0-py3.10.egg-info
running install_scripts
Installing car_arm_communication script to /home/csd/CSD-Project/install/smart_arm/lib/smart_arm
Installing claw_motor script to /home/csd/CSD-Project/install/smart_arm/lib/smart_arm
Installing listener script to /home/csd/CSD-Project/install/smart_arm/lib/smart_arm
Installing movement script to /home/csd/CSD-Project/install/smart_arm/lib/smart_arm
Installing servo_handler script to /home/csd/CSD-Project/install/smart_arm/lib/smart_arm
Installing talker script to /home/csd/CSD-Project/install/smart_arm/lib/smart_arm
writing list of installed files to '/home/csd/CSD-Project/build/smart_arm/install.log'
