[4.672s] Invoking command in '/home/csd/CSD-Project/src/smart_arm': PYTHONPATH=/home/csd/CSD-Project/build/smart_arm/prefix_override:/home/csd/CSD-Project/install/smart_arm/lib/python3.10/site-packages:${PYTHONPATH} /usr/bin/python3 setup.py egg_info --egg-base ../../build/smart_arm build --build-base /home/csd/CSD-Project/build/smart_arm/build install --record /home/csd/CSD-Project/build/smart_arm/install.log --single-version-externally-managed
[5.788s] running egg_info
[5.790s] writing ../../build/smart_arm/smart_arm.egg-info/PKG-INFO
[5.791s] writing dependency_links to ../../build/smart_arm/smart_arm.egg-info/dependency_links.txt
[5.792s] writing entry points to ../../build/smart_arm/smart_arm.egg-info/entry_points.txt
[5.793s] writing requirements to ../../build/smart_arm/smart_arm.egg-info/requires.txt
[5.794s] writing top-level names to ../../build/smart_arm/smart_arm.egg-info/top_level.txt
[5.803s] reading manifest file '../../build/smart_arm/smart_arm.egg-info/SOURCES.txt'
[5.805s] adding license file 'LICENSE'
[5.808s] writing manifest file '../../build/smart_arm/smart_arm.egg-info/SOURCES.txt'
[5.809s] running build
[5.809s] running build_py
[5.812s] copying smart_arm/talker.py -> /home/csd/CSD-Project/build/smart_arm/build/lib/smart_arm
[5.813s] running install
[5.814s] /usr/lib/python3/dist-packages/setuptools/command/install.py:34: SetuptoolsDeprecationWarning: setup.py install is deprecated. Use build and pip and other standards-based tools.
[5.815s]   warnings.warn(
[5.816s] running install_lib
[5.821s] copying /home/csd/CSD-Project/build/smart_arm/build/lib/smart_arm/talker.py -> /home/csd/CSD-Project/install/smart_arm/lib/python3.10/site-packages/smart_arm
[5.825s] byte-compiling /home/csd/CSD-Project/install/smart_arm/lib/python3.10/site-packages/smart_arm/talker.py to talker.cpython-310.pyc
[5.828s] running install_data
[5.831s] running install_egg_info
[5.839s] removing '/home/csd/CSD-Project/install/smart_arm/lib/python3.10/site-packages/smart_arm-0.0.0-py3.10.egg-info' (and everything under it)
[5.840s] Copying ../../build/smart_arm/smart_arm.egg-info to /home/csd/CSD-Project/install/smart_arm/lib/python3.10/site-packages/smart_arm-0.0.0-py3.10.egg-info
[5.847s] running install_scripts
[5.962s] Installing car_arm_communication script to /home/csd/CSD-Project/install/smart_arm/lib/smart_arm
[5.964s] Installing claw_motor script to /home/csd/CSD-Project/install/smart_arm/lib/smart_arm
[5.965s] Installing listener script to /home/csd/CSD-Project/install/smart_arm/lib/smart_arm
[5.966s] Installing movement script to /home/csd/CSD-Project/install/smart_arm/lib/smart_arm
[5.968s] Installing servo_handler script to /home/csd/CSD-Project/install/smart_arm/lib/smart_arm
[5.970s] Installing talker script to /home/csd/CSD-Project/install/smart_arm/lib/smart_arm
[5.974s] writing list of installed files to '/home/csd/CSD-Project/build/smart_arm/install.log'
[6.316s] Invoked command in '/home/csd/CSD-Project/src/smart_arm' returned '0': PYTHONPATH=/home/csd/CSD-Project/build/smart_arm/prefix_override:/home/csd/CSD-Project/install/smart_arm/lib/python3.10/site-packages:${PYTHONPATH} /usr/bin/python3 setup.py egg_info --egg-base ../../build/smart_arm build --build-base /home/csd/CSD-Project/build/smart_arm/build install --record /home/csd/CSD-Project/build/smart_arm/install.log --single-version-externally-managed
