[6.469s] Invoking command in '/home/csd/CSD-Project/src/smart_arm': PYTHONPATH=/home/csd/CSD-Project/build/smart_arm/prefix_override:/home/csd/CSD-Project/install/smart_arm/lib/python3.10/site-packages:${PYTHONPATH} /usr/bin/python3 setup.py egg_info --egg-base ../../build/smart_arm build --build-base /home/csd/CSD-Project/build/smart_arm/build install --record /home/csd/CSD-Project/build/smart_arm/install.log --single-version-externally-managed
[7.710s] running egg_info
[7.714s] writing ../../build/smart_arm/smart_arm.egg-info/PKG-INFO
[7.719s] writing dependency_links to ../../build/smart_arm/smart_arm.egg-info/dependency_links.txt
[7.720s] writing entry points to ../../build/smart_arm/smart_arm.egg-info/entry_points.txt
[7.722s] writing requirements to ../../build/smart_arm/smart_arm.egg-info/requires.txt
[7.723s] writing top-level names to ../../build/smart_arm/smart_arm.egg-info/top_level.txt
[7.734s] reading manifest file '../../build/smart_arm/smart_arm.egg-info/SOURCES.txt'
[7.738s] adding license file 'LICENSE'
[7.741s] writing manifest file '../../build/smart_arm/smart_arm.egg-info/SOURCES.txt'
[7.742s] running build
[7.743s] running build_py
[7.747s] copying smart_arm/Movement.py -> /home/csd/CSD-Project/build/smart_arm/build/lib/smart_arm
[7.749s] running install
[7.753s] /usr/lib/python3/dist-packages/setuptools/command/install.py:34: SetuptoolsDeprecationWarning: setup.py install is deprecated. Use build and pip and other standards-based tools.
[7.754s]   warnings.warn(
[7.755s] running install_lib
[7.759s] copying /home/csd/CSD-Project/build/smart_arm/build/lib/smart_arm/Movement.py -> /home/csd/CSD-Project/install/smart_arm/lib/python3.10/site-packages/smart_arm
[7.766s] byte-compiling /home/csd/CSD-Project/install/smart_arm/lib/python3.10/site-packages/smart_arm/Movement.py to Movement.cpython-310.pyc
[7.767s] running install_data
[7.771s] running install_egg_info
[7.779s] removing '/home/csd/CSD-Project/install/smart_arm/lib/python3.10/site-packages/smart_arm-0.0.0-py3.10.egg-info' (and everything under it)
[7.782s] Copying ../../build/smart_arm/smart_arm.egg-info to /home/csd/CSD-Project/install/smart_arm/lib/python3.10/site-packages/smart_arm-0.0.0-py3.10.egg-info
[7.793s] running install_scripts
[7.896s] writing list of installed files to '/home/csd/CSD-Project/build/smart_arm/install.log'
[8.163s] Invoked command in '/home/csd/CSD-Project/src/smart_arm' returned '0': PYTHONPATH=/home/csd/CSD-Project/build/smart_arm/prefix_override:/home/csd/CSD-Project/install/smart_arm/lib/python3.10/site-packages:${PYTHONPATH} /usr/bin/python3 setup.py egg_info --egg-base ../../build/smart_arm build --build-base /home/csd/CSD-Project/build/smart_arm/build install --record /home/csd/CSD-Project/build/smart_arm/install.log --single-version-externally-managed
