[4.649s] Invoking command in '/home/csd/CSD-Project/src/smart_arm': PYTHONPATH=/home/csd/CSD-Project/build/smart_arm/prefix_override:/home/csd/CSD-Project/install/smart_arm/lib/python3.10/site-packages:${PYTHONPATH} /usr/bin/python3 setup.py egg_info --egg-base ../../build/smart_arm build --build-base /home/csd/CSD-Project/build/smart_arm/build install --record /home/csd/CSD-Project/build/smart_arm/install.log --single-version-externally-managed
[5.748s] running egg_info
[5.750s] writing ../../build/smart_arm/smart_arm.egg-info/PKG-INFO
[5.752s] writing dependency_links to ../../build/smart_arm/smart_arm.egg-info/dependency_links.txt
[5.753s] writing entry points to ../../build/smart_arm/smart_arm.egg-info/entry_points.txt
[5.754s] writing requirements to ../../build/smart_arm/smart_arm.egg-info/requires.txt
[5.755s] writing top-level names to ../../build/smart_arm/smart_arm.egg-info/top_level.txt
[5.765s] reading manifest file '../../build/smart_arm/smart_arm.egg-info/SOURCES.txt'
[5.767s] adding license file 'LICENSE'
[5.770s] writing manifest file '../../build/smart_arm/smart_arm.egg-info/SOURCES.txt'
[5.771s] running build
[5.772s] running build_py
[5.772s] copying smart_arm/servo_handler.py -> /home/csd/CSD-Project/build/smart_arm/build/lib/smart_arm
[5.773s] copying smart_arm/claw_motor.py -> /home/csd/CSD-Project/build/smart_arm/build/lib/smart_arm
[5.775s] running install
[5.776s] /usr/lib/python3/dist-packages/setuptools/command/install.py:34: SetuptoolsDeprecationWarning: setup.py install is deprecated. Use build and pip and other standards-based tools.
[5.777s]   warnings.warn(
[5.778s] running install_lib
[5.781s] copying /home/csd/CSD-Project/build/smart_arm/build/lib/smart_arm/servo_handler.py -> /home/csd/CSD-Project/install/smart_arm/lib/python3.10/site-packages/smart_arm
[5.783s] copying /home/csd/CSD-Project/build/smart_arm/build/lib/smart_arm/claw_motor.py -> /home/csd/CSD-Project/install/smart_arm/lib/python3.10/site-packages/smart_arm
[5.787s] byte-compiling /home/csd/CSD-Project/install/smart_arm/lib/python3.10/site-packages/smart_arm/servo_handler.py to servo_handler.cpython-310.pyc
[5.790s] byte-compiling /home/csd/CSD-Project/install/smart_arm/lib/python3.10/site-packages/smart_arm/claw_motor.py to claw_motor.cpython-310.pyc
[5.795s] running install_data
[5.797s] copying launch/smart_arm.py -> /home/csd/CSD-Project/install/smart_arm/share/smart_arm
[5.798s] running install_egg_info
[5.806s] removing '/home/csd/CSD-Project/install/smart_arm/lib/python3.10/site-packages/smart_arm-0.0.0-py3.10.egg-info' (and everything under it)
[5.808s] Copying ../../build/smart_arm/smart_arm.egg-info to /home/csd/CSD-Project/install/smart_arm/lib/python3.10/site-packages/smart_arm-0.0.0-py3.10.egg-info
[5.818s] running install_scripts
[5.932s] Installing car_arm_communication script to /home/csd/CSD-Project/install/smart_arm/lib/smart_arm
[5.934s] Installing claw_motor script to /home/csd/CSD-Project/install/smart_arm/lib/smart_arm
[5.935s] Installing movement script to /home/csd/CSD-Project/install/smart_arm/lib/smart_arm
[5.936s] Installing publisher_node script to /home/csd/CSD-Project/install/smart_arm/lib/smart_arm
[5.938s] Installing servo_handler script to /home/csd/CSD-Project/install/smart_arm/lib/smart_arm
[5.941s] writing list of installed files to '/home/csd/CSD-Project/build/smart_arm/install.log'
[6.283s] Invoked command in '/home/csd/CSD-Project/src/smart_arm' returned '0': PYTHONPATH=/home/csd/CSD-Project/build/smart_arm/prefix_override:/home/csd/CSD-Project/install/smart_arm/lib/python3.10/site-packages:${PYTHONPATH} /usr/bin/python3 setup.py egg_info --egg-base ../../build/smart_arm build --build-base /home/csd/CSD-Project/build/smart_arm/build install --record /home/csd/CSD-Project/build/smart_arm/install.log --single-version-externally-managed
