[5.253s] Invoking command in '/home/csd/CSD-Project/src/smart_arm': PYTHONPATH=/home/csd/CSD-Project/build/smart_arm/prefix_override:/home/csd/CSD-Project/install/smart_arm/lib/python3.10/site-packages:${PYTHONPATH} /usr/bin/python3 setup.py egg_info --egg-base ../../build/smart_arm build --build-base /home/csd/CSD-Project/build/smart_arm/build install --record /home/csd/CSD-Project/build/smart_arm/install.log --single-version-externally-managed
[6.347s] running egg_info
[6.350s] writing ../../build/smart_arm/smart_arm.egg-info/PKG-INFO
[6.355s] writing dependency_links to ../../build/smart_arm/smart_arm.egg-info/dependency_links.txt
[6.356s] writing entry points to ../../build/smart_arm/smart_arm.egg-info/entry_points.txt
[6.357s] writing requirements to ../../build/smart_arm/smart_arm.egg-info/requires.txt
[6.358s] writing top-level names to ../../build/smart_arm/smart_arm.egg-info/top_level.txt
[6.368s] reading manifest file '../../build/smart_arm/smart_arm.egg-info/SOURCES.txt'
[6.371s] adding license file 'LICENSE'
[6.374s] writing manifest file '../../build/smart_arm/smart_arm.egg-info/SOURCES.txt'
[6.375s] running build
[6.375s] running build_py
[6.378s] copying smart_arm/car_arm_communication.py -> /home/csd/CSD-Project/build/smart_arm/build/lib/smart_arm
[6.382s] running install
[6.384s] /usr/lib/python3/dist-packages/setuptools/command/install.py:34: SetuptoolsDeprecationWarning: setup.py install is deprecated. Use build and pip and other standards-based tools.
[6.384s]   warnings.warn(
[6.385s] running install_lib
[6.389s] copying /home/csd/CSD-Project/build/smart_arm/build/lib/smart_arm/car_arm_communication.py -> /home/csd/CSD-Project/install/smart_arm/lib/python3.10/site-packages/smart_arm
[6.394s] byte-compiling /home/csd/CSD-Project/install/smart_arm/lib/python3.10/site-packages/smart_arm/car_arm_communication.py to car_arm_communication.cpython-310.pyc
[6.398s] running install_data
[6.401s] running install_egg_info
[6.409s] removing '/home/csd/CSD-Project/install/smart_arm/lib/python3.10/site-packages/smart_arm-0.0.0-py3.10.egg-info' (and everything under it)
[6.411s] Copying ../../build/smart_arm/smart_arm.egg-info to /home/csd/CSD-Project/install/smart_arm/lib/python3.10/site-packages/smart_arm-0.0.0-py3.10.egg-info
[6.417s] running install_scripts
[6.506s] Installing car_arm_communication script to /home/csd/CSD-Project/install/smart_arm/lib/smart_arm
[6.509s] Installing claw_motor script to /home/csd/CSD-Project/install/smart_arm/lib/smart_arm
[6.510s] Installing movement script to /home/csd/CSD-Project/install/smart_arm/lib/smart_arm
[6.511s] Installing servo_handler script to /home/csd/CSD-Project/install/smart_arm/lib/smart_arm
[6.516s] writing list of installed files to '/home/csd/CSD-Project/build/smart_arm/install.log'
[6.943s] Invoked command in '/home/csd/CSD-Project/src/smart_arm' returned '0': PYTHONPATH=/home/csd/CSD-Project/build/smart_arm/prefix_override:/home/csd/CSD-Project/install/smart_arm/lib/python3.10/site-packages:${PYTHONPATH} /usr/bin/python3 setup.py egg_info --egg-base ../../build/smart_arm build --build-base /home/csd/CSD-Project/build/smart_arm/build install --record /home/csd/CSD-Project/build/smart_arm/install.log --single-version-externally-managed
