[4.190s] Invoking command in '/home/csd/CSD-Project/src/picar_pro': PYTHONPATH=/home/csd/CSD-Project/build/picar_pro/prefix_override:/home/csd/CSD-Project/install/picar_pro/lib/python3.10/site-packages:${PYTHONPATH} /usr/bin/python3 setup.py egg_info --egg-base ../../build/picar_pro build --build-base /home/csd/CSD-Project/build/picar_pro/build install --record /home/csd/CSD-Project/build/picar_pro/install.log --single-version-externally-managed
[5.128s] running egg_info
[5.130s] writing ../../build/picar_pro/picar_pro.egg-info/PKG-INFO
[5.135s] writing dependency_links to ../../build/picar_pro/picar_pro.egg-info/dependency_links.txt
[5.136s] writing entry points to ../../build/picar_pro/picar_pro.egg-info/entry_points.txt
[5.137s] writing requirements to ../../build/picar_pro/picar_pro.egg-info/requires.txt
[5.137s] writing top-level names to ../../build/picar_pro/picar_pro.egg-info/top_level.txt
[5.147s] reading manifest file '../../build/picar_pro/picar_pro.egg-info/SOURCES.txt'
[5.150s] adding license file 'LICENSE'
[5.153s] writing manifest file '../../build/picar_pro/picar_pro.egg-info/SOURCES.txt'
[5.153s] running build
[5.154s] running build_py
[5.162s] running install
[5.163s] /usr/lib/python3/dist-packages/setuptools/command/install.py:34: SetuptoolsDeprecationWarning: setup.py install is deprecated. Use build and pip and other standards-based tools.
[5.164s]   warnings.warn(
[5.164s] running install_lib
[5.182s] running install_data
[5.186s] running install_egg_info
[5.193s] removing '/home/csd/CSD-Project/install/picar_pro/lib/python3.10/site-packages/picar_pro-0.0.0-py3.10.egg-info' (and everything under it)
[5.198s] Copying ../../build/picar_pro/picar_pro.egg-info to /home/csd/CSD-Project/install/picar_pro/lib/python3.10/site-packages/picar_pro-0.0.0-py3.10.egg-info
[5.204s] running install_scripts
[5.282s] Installing analysis_handler script to /home/csd/CSD-Project/install/picar_pro/lib/picar_pro
[5.287s] Installing comm_handler script to /home/csd/CSD-Project/install/picar_pro/lib/picar_pro
[5.287s] Installing picar_handler script to /home/csd/CSD-Project/install/picar_pro/lib/picar_pro
[5.288s] Installing servo_handler script to /home/csd/CSD-Project/install/picar_pro/lib/picar_pro
[5.289s] Installing wheels_handler script to /home/csd/CSD-Project/install/picar_pro/lib/picar_pro
[5.291s] writing list of installed files to '/home/csd/CSD-Project/build/picar_pro/install.log'
[5.405s] Invoked command in '/home/csd/CSD-Project/src/picar_pro' returned '0': PYTHONPATH=/home/csd/CSD-Project/build/picar_pro/prefix_override:/home/csd/CSD-Project/install/picar_pro/lib/python3.10/site-packages:${PYTHONPATH} /usr/bin/python3 setup.py egg_info --egg-base ../../build/picar_pro build --build-base /home/csd/CSD-Project/build/picar_pro/build install --record /home/csd/CSD-Project/build/picar_pro/install.log --single-version-externally-managed
