/home/csd/CSD-Project/install/smart_arm/lib/python3.10/site-packages/smart_arm/servo_handler.py
/home/csd/CSD-Project/install/smart_arm/lib/python3.10/site-packages/smart_arm/publisher_node.py
/home/csd/CSD-Project/install/smart_arm/lib/python3.10/site-packages/smart_arm/ServoController.py
/home/csd/CSD-Project/install/smart_arm/lib/python3.10/site-packages/smart_arm/__init__.py
/home/csd/CSD-Project/install/smart_arm/lib/python3.10/site-packages/smart_arm/comm_handler.py
/home/csd/CSD-Project/install/smart_arm/lib/python3.10/site-packages/smart_arm/arm_handler.py
/home/csd/CSD-Project/install/smart_arm/lib/python3.10/site-packages/smart_arm/__pycache__/servo_handler.cpython-310.pyc
/home/csd/CSD-Project/install/smart_arm/lib/python3.10/site-packages/smart_arm/__pycache__/publisher_node.cpython-310.pyc
/home/csd/CSD-Project/install/smart_arm/lib/python3.10/site-packages/smart_arm/__pycache__/ServoController.cpython-310.pyc
/home/csd/CSD-Project/install/smart_arm/lib/python3.10/site-packages/smart_arm/__pycache__/__init__.cpython-310.pyc
/home/csd/CSD-Project/install/smart_arm/lib/python3.10/site-packages/smart_arm/__pycache__/comm_handler.cpython-310.pyc
/home/csd/CSD-Project/install/smart_arm/lib/python3.10/site-packages/smart_arm/__pycache__/arm_handler.cpython-310.pyc
/home/csd/CSD-Project/install/smart_arm/share/ament_index/resource_index/packages/smart_arm
/home/csd/CSD-Project/install/smart_arm/share/smart_arm/package.xml
/home/csd/CSD-Project/install/smart_arm/share/smart_arm/smart_arm.py
/home/csd/CSD-Project/install/smart_arm/lib/python3.10/site-packages/smart_arm-0.0.0-py3.10.egg-info/entry_points.txt
/home/csd/CSD-Project/install/smart_arm/lib/python3.10/site-packages/smart_arm-0.0.0-py3.10.egg-info/SOURCES.txt
/home/csd/CSD-Project/install/smart_arm/lib/python3.10/site-packages/smart_arm-0.0.0-py3.10.egg-info/dependency_links.txt
/home/csd/CSD-Project/install/smart_arm/lib/python3.10/site-packages/smart_arm-0.0.0-py3.10.egg-info/PKG-INFO
/home/csd/CSD-Project/install/smart_arm/lib/python3.10/site-packages/smart_arm-0.0.0-py3.10.egg-info/zip-safe
/home/csd/CSD-Project/install/smart_arm/lib/python3.10/site-packages/smart_arm-0.0.0-py3.10.egg-info/requires.txt
/home/csd/CSD-Project/install/smart_arm/lib/python3.10/site-packages/smart_arm-0.0.0-py3.10.egg-info/top_level.txt
/home/csd/CSD-Project/install/smart_arm/lib/smart_arm/arm_handler
/home/csd/CSD-Project/install/smart_arm/lib/smart_arm/comm_handler
/home/csd/CSD-Project/install/smart_arm/lib/smart_arm/publisher_node
/home/csd/CSD-Project/install/smart_arm/lib/smart_arm/servo_handler
