[2.878s] Invoking command in '/home/csd/CSD-Project/src/picar_pro': PYTHONPATH=/home/csd/CSD-Project/build/picar_pro/prefix_override:/home/csd/CSD-Project/install/picar_pro/lib/python3.10/site-packages:${PYTHONPATH} /usr/bin/python3 setup.py egg_info --egg-base ../../build/picar_pro build --build-base /home/csd/CSD-Project/build/picar_pro/build install --record /home/csd/CSD-Project/build/picar_pro/install.log --single-version-externally-managed
[3.805s] running egg_info
[3.807s] writing ../../build/picar_pro/picar_pro.egg-info/PKG-INFO
[3.808s] writing dependency_links to ../../build/picar_pro/picar_pro.egg-info/dependency_links.txt
[3.809s] writing entry points to ../../build/picar_pro/picar_pro.egg-info/entry_points.txt
[3.810s] writing requirements to ../../build/picar_pro/picar_pro.egg-info/requires.txt
[3.810s] writing top-level names to ../../build/picar_pro/picar_pro.egg-info/top_level.txt
[3.818s] reading manifest file '../../build/picar_pro/picar_pro.egg-info/SOURCES.txt'
[3.819s] adding license file 'LICENSE'
[3.823s] writing manifest file '../../build/picar_pro/picar_pro.egg-info/SOURCES.txt'
[3.824s] running build
[3.824s] running build_py
[3.826s] running install
[3.827s] /usr/lib/python3/dist-packages/setuptools/command/install.py:34: SetuptoolsDeprecationWarning: setup.py install is deprecated. Use build and pip and other standards-based tools.
[3.827s]   warnings.warn(
[3.828s] running install_lib
[3.834s] running install_data
[3.836s] running install_egg_info
[3.843s] removing '/home/csd/CSD-Project/install/picar_pro/lib/python3.10/site-packages/picar_pro-0.0.0-py3.10.egg-info' (and everything under it)
[3.844s] Copying ../../build/picar_pro/picar_pro.egg-info to /home/csd/CSD-Project/install/picar_pro/lib/python3.10/site-packages/picar_pro-0.0.0-py3.10.egg-info
[3.849s] running install_scripts
[3.925s] Installing listener script to /home/csd/CSD-Project/install/picar_pro/lib/picar_pro
[3.930s] Installing movement script to /home/csd/CSD-Project/install/picar_pro/lib/picar_pro
[3.931s] Installing talker script to /home/csd/CSD-Project/install/picar_pro/lib/picar_pro
[3.933s] writing list of installed files to '/home/csd/CSD-Project/build/picar_pro/install.log'
[4.050s] Invoked command in '/home/csd/CSD-Project/src/picar_pro' returned '0': PYTHONPATH=/home/csd/CSD-Project/build/picar_pro/prefix_override:/home/csd/CSD-Project/install/picar_pro/lib/python3.10/site-packages:${PYTHONPATH} /usr/bin/python3 setup.py egg_info --egg-base ../../build/picar_pro build --build-base /home/csd/CSD-Project/build/picar_pro/build install --record /home/csd/CSD-Project/build/picar_pro/install.log --single-version-externally-managed
