[5.603s] Invoking command in '/home/csd/CSD-Project/src/picar_pro': PYTHONPATH=/home/csd/CSD-Project/build/picar_pro/prefix_override:/home/csd/CSD-Project/install/picar_pro/lib/python3.10/site-packages:${PYTHONPATH} /usr/bin/python3 setup.py egg_info --egg-base ../../build/picar_pro build --build-base /home/csd/CSD-Project/build/picar_pro/build install --record /home/csd/CSD-Project/build/picar_pro/install.log --single-version-externally-managed
[6.685s] running egg_info
[6.687s] writing ../../build/picar_pro/picar_pro.egg-info/PKG-INFO
[6.690s] writing dependency_links to ../../build/picar_pro/picar_pro.egg-info/dependency_links.txt
[6.691s] writing entry points to ../../build/picar_pro/picar_pro.egg-info/entry_points.txt
[6.693s] writing requirements to ../../build/picar_pro/picar_pro.egg-info/requires.txt
[6.694s] writing top-level names to ../../build/picar_pro/picar_pro.egg-info/top_level.txt
[6.703s] reading manifest file '../../build/picar_pro/picar_pro.egg-info/SOURCES.txt'
[6.705s] adding license file 'LICENSE'
[6.708s] writing manifest file '../../build/picar_pro/picar_pro.egg-info/SOURCES.txt'
[6.709s] running build
[6.710s] running build_py
[6.715s] running install
[6.717s] /usr/lib/python3/dist-packages/setuptools/command/install.py:34: SetuptoolsDeprecationWarning: setup.py install is deprecated. Use build and pip and other standards-based tools.
[6.718s]   warnings.warn(
[6.719s] running install_lib
[6.728s] running install_data
[6.732s] running install_egg_info
[6.740s] removing '/home/csd/CSD-Project/install/picar_pro/lib/python3.10/site-packages/picar_pro-0.0.0-py3.10.egg-info' (and everything under it)
[6.742s] Copying ../../build/picar_pro/picar_pro.egg-info to /home/csd/CSD-Project/install/picar_pro/lib/python3.10/site-packages/picar_pro-0.0.0-py3.10.egg-info
[6.751s] running install_scripts
[6.841s] Installing listener script to /home/csd/CSD-Project/install/picar_pro/lib/picar_pro
[6.845s] Installing movement script to /home/csd/CSD-Project/install/picar_pro/lib/picar_pro
[6.846s] Installing talker script to /home/csd/CSD-Project/install/picar_pro/lib/picar_pro
[6.848s] writing list of installed files to '/home/csd/CSD-Project/build/picar_pro/install.log'
[7.029s] Invoked command in '/home/csd/CSD-Project/src/picar_pro' returned '0': PYTHONPATH=/home/csd/CSD-Project/build/picar_pro/prefix_override:/home/csd/CSD-Project/install/picar_pro/lib/python3.10/site-packages:${PYTHONPATH} /usr/bin/python3 setup.py egg_info --egg-base ../../build/picar_pro build --build-base /home/csd/CSD-Project/build/picar_pro/build install --record /home/csd/CSD-Project/build/picar_pro/install.log --single-version-externally-managed
