[0.599s] Invoking command in '/home/csd/CSD-Project/build/custom_messages': CMAKE_PREFIX_PATH=/home/csd/CSD-Project/install/smart_arm:/home/csd/CSD-Project/install/picar_pro:/opt/ros/iron /usr/bin/cmake /home/csd/CSD-Project/src/custom_messages -DCMAKE_INSTALL_PREFIX=/home/csd/CSD-Project/install/custom_messages
[0.910s] -- Found ament_cmake: 2.0.4 (/opt/ros/iron/share/ament_cmake/cmake)
[1.729s] -- Found rosidl_default_generators: 1.5.0 (/opt/ros/iron/share/rosidl_default_generators/cmake)
[1.753s] -- Using all available rosidl_typesupport_c: rosidl_typesupport_fastrtps_c;rosidl_typesupport_introspection_c
[2.005s] -- Using all available rosidl_typesupport_cpp: rosidl_typesupport_fastrtps_cpp;rosidl_typesupport_introspection_cpp
[2.197s] -- Found rosidl_adapter: 4.0.1 (/opt/ros/iron/share/rosidl_adapter/cmake)
[3.694s] -- Found ament_cmake_ros: 0.11.2 (/opt/ros/iron/share/ament_cmake_ros/cmake)
[4.680s] -- Using all available rosidl_typesupport_c: rosidl_typesupport_fastrtps_c;rosidl_typesupport_introspection_c
[5.814s] -- Using all available rosidl_typesupport_cpp: rosidl_typesupport_fastrtps_cpp;rosidl_typesupport_introspection_cpp
[5.934s] -- Found PythonInterp: /usr/bin/python3 (found suitable version "3.10.12", minimum required is "3.6") 
[5.956s] -- Found python_cmake_module: 0.10.2 (/opt/ros/iron/share/python_cmake_module/cmake)
[6.133s] -- Found PythonLibs: /usr/lib/aarch64-linux-gnu/libpython3.10.so (found suitable version "3.10.12", minimum required is "3.5") 
[6.136s] -- Using PYTHON_EXECUTABLE: /usr/bin/python3
[6.137s] -- Using PYTHON_INCLUDE_DIRS: /usr/include/python3.10
[6.138s] -- Using PYTHON_LIBRARIES: /usr/lib/aarch64-linux-gnu/libpython3.10.so
[6.237s] -- Found PythonExtra: .so  
[6.421s] -- Found ament_lint_auto: 0.14.3 (/opt/ros/iron/share/ament_lint_auto/cmake)
[6.647s] -- Added test 'lint_cmake' to check CMake code style
[6.658s] -- Added test 'xmllint' to check XML markup files
[6.678s] -- Configuring done
[6.872s] -- Generating done
[6.885s] -- Build files have been written to: /home/csd/CSD-Project/build/custom_messages
[6.912s] Invoked command in '/home/csd/CSD-Project/build/custom_messages' returned '0': CMAKE_PREFIX_PATH=/home/csd/CSD-Project/install/smart_arm:/home/csd/CSD-Project/install/picar_pro:/opt/ros/iron /usr/bin/cmake /home/csd/CSD-Project/src/custom_messages -DCMAKE_INSTALL_PREFIX=/home/csd/CSD-Project/install/custom_messages
[6.924s] Invoking command in '/home/csd/CSD-Project/build/custom_messages': CMAKE_PREFIX_PATH=/home/csd/CSD-Project/install/smart_arm:/home/csd/CSD-Project/install/picar_pro:/opt/ros/iron /usr/bin/cmake --build /home/csd/CSD-Project/build/custom_messages -- -j4 -l4
[7.123s] [  2%] [34m[1mGenerating type hashes for ROS interfaces[0m
[7.154s] [  2%] Built target ament_cmake_python_copy_custom_messages
[8.058s] [  2%] Built target custom_messages__rosidl_generator_type_description
[8.100s] [  5%] [34m[1mGenerating C code for ROS interfaces[0m
[8.139s] [  8%] [34m[1mGenerating C++ code for ROS interfaces[0m
[8.446s] running egg_info
[8.449s] creating custom_messages.egg-info
[8.450s] writing custom_messages.egg-info/PKG-INFO
[8.451s] writing dependency_links to custom_messages.egg-info/dependency_links.txt
[8.452s] writing top-level names to custom_messages.egg-info/top_level.txt
[8.454s] writing manifest file 'custom_messages.egg-info/SOURCES.txt'
[8.468s] reading manifest file 'custom_messages.egg-info/SOURCES.txt'
[8.471s] writing manifest file 'custom_messages.egg-info/SOURCES.txt'
[8.639s] [  8%] Built target ament_cmake_python_build_custom_messages_egg
[9.318s] [  8%] Built target custom_messages__cpp
[9.487s] [ 14%] [32mBuilding C object CMakeFiles/custom_messages__rosidl_generator_c.dir/rosidl_generator_c/custom_messages/msg/detail/custom_message__functions.c.o[0m
[9.489s] [ 14%] [32mBuilding C object CMakeFiles/custom_messages__rosidl_generator_c.dir/rosidl_generator_c/custom_messages/msg/detail/custom_message__description.c.o[0m
[9.490s] [ 17%] [32mBuilding C object CMakeFiles/custom_messages__rosidl_generator_c.dir/rosidl_generator_c/custom_messages/msg/detail/custom_message__type_support.c.o[0m
[10.276s] [ 20%] [32m[1mLinking C shared library libcustom_messages__rosidl_generator_c.so[0m
[10.513s] [ 20%] Built target custom_messages__rosidl_generator_c
[10.555s] [ 23%] [34m[1mGenerating C++ type support dispatch for ROS interfaces[0m
[10.557s] [ 26%] [34m[1mGenerating C type support for eProsima Fast-RTPS[0m
[10.561s] [ 29%] [34m[1mGenerating C introspection for ROS interfaces[0m
[10.568s] [ 32%] [34m[1mGenerating C type support dispatch for ROS interfaces[0m
[11.872s] [ 35%] [32mBuilding CXX object CMakeFiles/custom_messages__rosidl_typesupport_cpp.dir/rosidl_typesupport_cpp/custom_messages/msg/custom_message__type_support.cpp.o[0m
[11.997s] [ 38%] [32mBuilding C object CMakeFiles/custom_messages__rosidl_typesupport_introspection_c.dir/rosidl_typesupport_introspection_c/custom_messages/msg/detail/custom_message__type_support.c.o[0m
[12.008s] [ 41%] [32mBuilding CXX object CMakeFiles/custom_messages__rosidl_typesupport_fastrtps_c.dir/rosidl_typesupport_fastrtps_c/custom_messages/msg/detail/custom_message__type_support_c.cpp.o[0m
[12.033s] [ 44%] [32mBuilding CXX object CMakeFiles/custom_messages__rosidl_typesupport_c.dir/rosidl_typesupport_c/custom_messages/msg/custom_message__type_support.cpp.o[0m
[12.212s] [ 47%] [32m[1mLinking C shared library libcustom_messages__rosidl_typesupport_introspection_c.so[0m
[12.332s] [ 47%] Built target custom_messages__rosidl_typesupport_introspection_c
[12.372s] [ 50%] [34m[1mGenerating C++ type support for eProsima Fast-RTPS[0m
[12.648s] [ 52%] [32m[1mLinking CXX shared library libcustom_messages__rosidl_typesupport_c.so[0m
[12.843s] [ 52%] Built target custom_messages__rosidl_typesupport_c
[12.893s] [ 55%] [34m[1mGenerating C++ introspection for ROS interfaces[0m
[13.800s] [ 58%] [32mBuilding CXX object CMakeFiles/custom_messages__rosidl_typesupport_fastrtps_cpp.dir/rosidl_typesupport_fastrtps_cpp/custom_messages/msg/detail/dds_fastrtps/custom_message__type_support.cpp.o[0m
[14.392s] [ 61%] [32mBuilding CXX object CMakeFiles/custom_messages__rosidl_typesupport_introspection_cpp.dir/rosidl_typesupport_introspection_cpp/custom_messages/msg/detail/custom_message__type_support.cpp.o[0m
[14.726s] [ 64%] [32m[1mLinking CXX shared library libcustom_messages__rosidl_typesupport_fastrtps_c.so[0m
[14.853s] [ 67%] [32m[1mLinking CXX shared library libcustom_messages__rosidl_typesupport_cpp.so[0m
[15.086s] [ 67%] Built target custom_messages__rosidl_typesupport_cpp
[15.125s] [ 67%] Built target custom_messages__rosidl_typesupport_fastrtps_c
[16.423s] [ 70%] [32m[1mLinking CXX shared library libcustom_messages__rosidl_typesupport_introspection_cpp.so[0m
[16.698s] [ 73%] [32m[1mLinking CXX shared library libcustom_messages__rosidl_typesupport_fastrtps_cpp.so[0m
[16.713s] [ 73%] Built target custom_messages__rosidl_typesupport_introspection_cpp
[16.990s] [ 73%] Built target custom_messages__rosidl_typesupport_fastrtps_cpp
[17.038s] gmake[2]: *** No rule to make target '/home/csd/CSD-Project/src/custom_messages/msg/CustomMessage.msg', needed by 'CMakeFiles/custom_messages'.  Stop.
[17.038s] gmake[1]: *** [CMakeFiles/Makefile2:189: CMakeFiles/custom_messages.dir/all] Error 2
[17.039s] gmake: *** [Makefile:146: all] Error 2
[17.047s] Invoked command in '/home/csd/CSD-Project/build/custom_messages' returned '2': CMAKE_PREFIX_PATH=/home/csd/CSD-Project/install/smart_arm:/home/csd/CSD-Project/install/picar_pro:/opt/ros/iron /usr/bin/cmake --build /home/csd/CSD-Project/build/custom_messages -- -j4 -l4
