[3.041s] Invoking command in '/home/csd/CSD-Project/src/picar_pro': PYTHONPATH=/home/csd/CSD-Project/build/picar_pro/prefix_override:/home/csd/CSD-Project/install/picar_pro/lib/python3.10/site-packages:${PYTHONPATH} /usr/bin/python3 setup.py egg_info --egg-base ../../build/picar_pro build --build-base /home/csd/CSD-Project/build/picar_pro/build install --record /home/csd/CSD-Project/build/picar_pro/install.log --single-version-externally-managed
[3.989s] running egg_info
[3.992s] writing ../../build/picar_pro/picar_pro.egg-info/PKG-INFO
[3.993s] writing dependency_links to ../../build/picar_pro/picar_pro.egg-info/dependency_links.txt
[3.994s] writing entry points to ../../build/picar_pro/picar_pro.egg-info/entry_points.txt
[3.995s] writing requirements to ../../build/picar_pro/picar_pro.egg-info/requires.txt
[3.995s] writing top-level names to ../../build/picar_pro/picar_pro.egg-info/top_level.txt
[4.003s] reading manifest file '../../build/picar_pro/picar_pro.egg-info/SOURCES.txt'
[4.005s] adding license file 'LICENSE'
[4.008s] writing manifest file '../../build/picar_pro/picar_pro.egg-info/SOURCES.txt'
[4.008s] running build
[4.009s] running build_py
[4.010s] copying picar_pro/publisher.py -> /home/csd/CSD-Project/build/picar_pro/build/lib/picar_pro
[4.012s] running install
[4.012s] /usr/lib/python3/dist-packages/setuptools/command/install.py:34: SetuptoolsDeprecationWarning: setup.py install is deprecated. Use build and pip and other standards-based tools.
[4.013s]   warnings.warn(
[4.014s] running install_lib
[4.018s] copying /home/csd/CSD-Project/build/picar_pro/build/lib/picar_pro/publisher.py -> /home/csd/CSD-Project/install/picar_pro/lib/python3.10/site-packages/picar_pro
[4.021s] byte-compiling /home/csd/CSD-Project/install/picar_pro/lib/python3.10/site-packages/picar_pro/publisher.py to publisher.cpython-310.pyc
[4.024s] running install_data
[4.026s] running install_egg_info
[4.033s] removing '/home/csd/CSD-Project/install/picar_pro/lib/python3.10/site-packages/picar_pro-0.0.0-py3.10.egg-info' (and everything under it)
[4.034s] Copying ../../build/picar_pro/picar_pro.egg-info to /home/csd/CSD-Project/install/picar_pro/lib/python3.10/site-packages/picar_pro-0.0.0-py3.10.egg-info
[4.039s] running install_scripts
[4.116s] Installing car_arm_communication script to /home/csd/CSD-Project/install/picar_pro/lib/picar_pro
[4.117s] Installing claw_motor_car script to /home/csd/CSD-Project/install/picar_pro/lib/picar_pro
[4.118s] Installing publisher_node script to /home/csd/CSD-Project/install/picar_pro/lib/picar_pro
[4.118s] Installing servo_handler_car script to /home/csd/CSD-Project/install/picar_pro/lib/picar_pro
[4.119s] Installing wheels_motor script to /home/csd/CSD-Project/install/picar_pro/lib/picar_pro
[4.121s] writing list of installed files to '/home/csd/CSD-Project/build/picar_pro/install.log'
[4.238s] Invoked command in '/home/csd/CSD-Project/src/picar_pro' returned '0': PYTHONPATH=/home/csd/CSD-Project/build/picar_pro/prefix_override:/home/csd/CSD-Project/install/picar_pro/lib/python3.10/site-packages:${PYTHONPATH} /usr/bin/python3 setup.py egg_info --egg-base ../../build/picar_pro build --build-base /home/csd/CSD-Project/build/picar_pro/build install --record /home/csd/CSD-Project/build/picar_pro/install.log --single-version-externally-managed
