[4.866s] Invoking command in '/home/csd/CSD-Project/src/smart_arm': PYTHONPATH=/home/csd/CSD-Project/build/smart_arm/prefix_override:/home/csd/CSD-Project/install/smart_arm/lib/python3.10/site-packages:${PYTHONPATH} /usr/bin/python3 setup.py egg_info --egg-base ../../build/smart_arm build --build-base /home/csd/CSD-Project/build/smart_arm/build install --record /home/csd/CSD-Project/build/smart_arm/install.log --single-version-externally-managed
[6.071s] running egg_info
[6.075s] writing ../../build/smart_arm/smart_arm.egg-info/PKG-INFO
[6.076s] writing dependency_links to ../../build/smart_arm/smart_arm.egg-info/dependency_links.txt
[6.077s] writing entry points to ../../build/smart_arm/smart_arm.egg-info/entry_points.txt
[6.078s] writing requirements to ../../build/smart_arm/smart_arm.egg-info/requires.txt
[6.086s] writing top-level names to ../../build/smart_arm/smart_arm.egg-info/top_level.txt
[6.091s] reading manifest file '../../build/smart_arm/smart_arm.egg-info/SOURCES.txt'
[6.094s] adding license file 'LICENSE'
[6.097s] writing manifest file '../../build/smart_arm/smart_arm.egg-info/SOURCES.txt'
[6.098s] running build
[6.098s] running build_py
[6.118s] running install
[6.118s] /usr/lib/python3/dist-packages/setuptools/command/install.py:34: SetuptoolsDeprecationWarning: setup.py install is deprecated. Use build and pip and other standards-based tools.
[6.119s]   warnings.warn(
[6.119s] running install_lib
[6.129s] running install_data
[6.130s] copying launch/smart_arm.py -> /home/csd/CSD-Project/install/smart_arm/share/smart_arm
[6.131s] running install_egg_info
[6.132s] removing '/home/csd/CSD-Project/install/smart_arm/lib/python3.10/site-packages/smart_arm-0.0.0-py3.10.egg-info' (and everything under it)
[6.133s] Copying ../../build/smart_arm/smart_arm.egg-info to /home/csd/CSD-Project/install/smart_arm/lib/python3.10/site-packages/smart_arm-0.0.0-py3.10.egg-info
[6.142s] running install_scripts
[6.269s] Installing car_arm_communication script to /home/csd/CSD-Project/install/smart_arm/lib/smart_arm
[6.270s] Installing claw_motor script to /home/csd/CSD-Project/install/smart_arm/lib/smart_arm
[6.271s] Installing listener script to /home/csd/CSD-Project/install/smart_arm/lib/smart_arm
[6.273s] Installing movement script to /home/csd/CSD-Project/install/smart_arm/lib/smart_arm
[6.274s] Installing publisher_node script to /home/csd/CSD-Project/install/smart_arm/lib/smart_arm
[6.276s] Installing servo_handler script to /home/csd/CSD-Project/install/smart_arm/lib/smart_arm
[6.278s] Installing talker script to /home/csd/CSD-Project/install/smart_arm/lib/smart_arm
[6.282s] writing list of installed files to '/home/csd/CSD-Project/build/smart_arm/install.log'
[6.618s] Invoked command in '/home/csd/CSD-Project/src/smart_arm' returned '0': PYTHONPATH=/home/csd/CSD-Project/build/smart_arm/prefix_override:/home/csd/CSD-Project/install/smart_arm/lib/python3.10/site-packages:${PYTHONPATH} /usr/bin/python3 setup.py egg_info --egg-base ../../build/smart_arm build --build-base /home/csd/CSD-Project/build/smart_arm/build install --record /home/csd/CSD-Project/build/smart_arm/install.log --single-version-externally-managed
