[4.609s] Invoking command in '/home/csd/CSD-Project/src/smart_arm': PYTHONPATH=/home/csd/CSD-Project/build/smart_arm/prefix_override:/home/csd/CSD-Project/install/smart_arm/lib/python3.10/site-packages:${PYTHONPATH} /usr/bin/python3 setup.py egg_info --egg-base ../../build/smart_arm build --build-base /home/csd/CSD-Project/build/smart_arm/build install --record /home/csd/CSD-Project/build/smart_arm/install.log --single-version-externally-managed
[5.727s] running egg_info
[5.730s] writing ../../build/smart_arm/smart_arm.egg-info/PKG-INFO
[5.731s] writing dependency_links to ../../build/smart_arm/smart_arm.egg-info/dependency_links.txt
[5.733s] writing entry points to ../../build/smart_arm/smart_arm.egg-info/entry_points.txt
[5.733s] writing requirements to ../../build/smart_arm/smart_arm.egg-info/requires.txt
[5.734s] writing top-level names to ../../build/smart_arm/smart_arm.egg-info/top_level.txt
[5.744s] reading manifest file '../../build/smart_arm/smart_arm.egg-info/SOURCES.txt'
[5.746s] adding license file 'LICENSE'
[5.749s] writing manifest file '../../build/smart_arm/smart_arm.egg-info/SOURCES.txt'
[5.750s] running build
[5.750s] running build_py
[5.751s] copying smart_arm/servo_handler.py -> /home/csd/CSD-Project/build/smart_arm/build/lib/smart_arm
[5.754s] running install
[5.755s] /usr/lib/python3/dist-packages/setuptools/command/install.py:34: SetuptoolsDeprecationWarning: setup.py install is deprecated. Use build and pip and other standards-based tools.
[5.756s]   warnings.warn(
[5.756s] running install_lib
[5.760s] copying /home/csd/CSD-Project/build/smart_arm/build/lib/smart_arm/servo_handler.py -> /home/csd/CSD-Project/install/smart_arm/lib/python3.10/site-packages/smart_arm
[5.764s] byte-compiling /home/csd/CSD-Project/install/smart_arm/lib/python3.10/site-packages/smart_arm/servo_handler.py to servo_handler.cpython-310.pyc
[5.769s] running install_data
[5.771s] running install_egg_info
[5.779s] removing '/home/csd/CSD-Project/install/smart_arm/lib/python3.10/site-packages/smart_arm-0.0.0-py3.10.egg-info' (and everything under it)
[5.781s] Copying ../../build/smart_arm/smart_arm.egg-info to /home/csd/CSD-Project/install/smart_arm/lib/python3.10/site-packages/smart_arm-0.0.0-py3.10.egg-info
[5.786s] running install_scripts
[5.879s] Installing car_arm_communication script to /home/csd/CSD-Project/install/smart_arm/lib/smart_arm
[5.881s] Installing claw_motor script to /home/csd/CSD-Project/install/smart_arm/lib/smart_arm
[5.882s] Installing movement script to /home/csd/CSD-Project/install/smart_arm/lib/smart_arm
[5.884s] Installing publisher_node script to /home/csd/CSD-Project/install/smart_arm/lib/smart_arm
[5.886s] Installing servo_handler script to /home/csd/CSD-Project/install/smart_arm/lib/smart_arm
[5.889s] writing list of installed files to '/home/csd/CSD-Project/build/smart_arm/install.log'
[6.278s] Invoked command in '/home/csd/CSD-Project/src/smart_arm' returned '0': PYTHONPATH=/home/csd/CSD-Project/build/smart_arm/prefix_override:/home/csd/CSD-Project/install/smart_arm/lib/python3.10/site-packages:${PYTHONPATH} /usr/bin/python3 setup.py egg_info --egg-base ../../build/smart_arm build --build-base /home/csd/CSD-Project/build/smart_arm/build install --record /home/csd/CSD-Project/build/smart_arm/install.log --single-version-externally-managed
